05-09 13:43 INFO     Testing lr=0.001, optimizer=sgd, batch_size=32
05-09 13:43 INFO     Training network 0
05-09 13:43 INFO     n_training: 16
05-09 13:43 INFO     n_test: 313
05-09 13:43 INFO     Epoch: 0 Loss: 0.145060 Best Valid seen: 0.780500 Valid: 0.780500
05-09 13:43 INFO     Epoch: 1 Loss: 0.089932 Best Valid seen: 0.785800 Valid: 0.785800
05-09 13:43 INFO     Epoch: 2 Loss: 0.087607 Best Valid seen: 0.787800 Valid: 0.787800
05-09 13:44 INFO     Epoch: 3 Loss: 0.072974 Best Valid seen: 0.787800 Valid: 0.787100
05-09 13:44 INFO     Epoch: 4 Loss: 0.071310 Best Valid seen: 0.787800 Valid: 0.785600
05-09 13:44 INFO     Epoch: 5 Loss: 0.036641 Best Valid seen: 0.787800 Valid: 0.781400
05-09 13:44 INFO     Epoch: 6 Loss: 0.049271 Best Valid seen: 0.787800 Valid: 0.777700
05-09 13:44 INFO     Epoch: 7 Loss: 0.051740 Best Valid seen: 0.787800 Valid: 0.772700
05-09 13:45 INFO     Epoch: 8 Loss: 0.038962 Best Valid seen: 0.787800 Valid: 0.765000
05-09 13:45 INFO     Epoch: 9 Loss: 0.059759 Best Valid seen: 0.787800 Valid: 0.763700
05-09 13:45 INFO     Epoch: 10 Loss: 0.041675 Best Valid seen: 0.787800 Valid: 0.757000
05-09 13:45 INFO     Epoch: 11 Loss: 0.060158 Best Valid seen: 0.787800 Valid: 0.755200
05-09 13:45 INFO     Epoch: 12 Loss: 0.041809 Best Valid seen: 0.787800 Valid: 0.758500
05-09 13:45 INFO     Validation accuracy hasn't improved in 10 epochs. Stopping training.
05-09 13:45 INFO     New best score: 0.7878 found with params lr=0.001, optimizer=sgd, batch_size=64
05-09 13:45 INFO     Testing lr=0.001, optimizer=sgd, batch_size=64
05-09 13:45 INFO     Training network 0
05-09 13:45 INFO     n_training: 16
05-09 13:45 INFO     n_test: 313
05-09 13:46 INFO     Epoch: 0 Loss: 0.191850 Best Valid seen: 0.780800 Valid: 0.780800
05-09 13:46 INFO     Epoch: 1 Loss: 0.115612 Best Valid seen: 0.786100 Valid: 0.786100
05-09 13:46 INFO     Epoch: 2 Loss: 0.084200 Best Valid seen: 0.786100 Valid: 0.785400
05-09 13:46 INFO     Epoch: 3 Loss: 0.060644 Best Valid seen: 0.786100 Valid: 0.782600
05-09 13:46 INFO     Epoch: 4 Loss: 0.060534 Best Valid seen: 0.786100 Valid: 0.779200
05-09 13:47 INFO     Epoch: 5 Loss: 0.060706 Best Valid seen: 0.786100 Valid: 0.775700
05-09 13:47 INFO     Epoch: 6 Loss: 0.069567 Best Valid seen: 0.786100 Valid: 0.773600
05-09 13:47 INFO     Epoch: 7 Loss: 0.056212 Best Valid seen: 0.786100 Valid: 0.769900
05-09 13:47 INFO     Epoch: 8 Loss: 0.060374 Best Valid seen: 0.786100 Valid: 0.764100
05-09 13:47 INFO     Epoch: 9 Loss: 0.046848 Best Valid seen: 0.786100 Valid: 0.765200
05-09 13:48 INFO     Epoch: 10 Loss: 0.053548 Best Valid seen: 0.786100 Valid: 0.758900
05-09 13:48 INFO     Epoch: 11 Loss: 0.058929 Best Valid seen: 0.786100 Valid: 0.756200
05-09 13:48 INFO     Validation accuracy hasn't improved in 10 epochs. Stopping training.
05-09 13:48 INFO     Testing lr=0.01, optimizer=sgd, batch_size=32
05-09 13:48 INFO     Training network 0
05-09 13:48 INFO     n_training: 16
05-09 13:48 INFO     n_test: 313
05-09 13:48 INFO     Epoch: 0 Loss: 0.143804 Best Valid seen: 0.780000 Valid: 0.780000
05-09 13:48 INFO     Epoch: 1 Loss: 0.131050 Best Valid seen: 0.786300 Valid: 0.786300
05-09 13:48 INFO     Epoch: 2 Loss: 0.091290 Best Valid seen: 0.787400 Valid: 0.787400
05-09 13:49 INFO     Epoch: 3 Loss: 0.073843 Best Valid seen: 0.787400 Valid: 0.785900
05-09 13:49 INFO     Epoch: 4 Loss: 0.049651 Best Valid seen: 0.787400 Valid: 0.784100
05-09 13:49 INFO     Epoch: 5 Loss: 0.056726 Best Valid seen: 0.787400 Valid: 0.781300
05-09 13:49 INFO     Epoch: 6 Loss: 0.055291 Best Valid seen: 0.787400 Valid: 0.780200
05-09 13:50 INFO     Epoch: 7 Loss: 0.079270 Best Valid seen: 0.787400 Valid: 0.776000
05-09 13:50 INFO     Epoch: 8 Loss: 0.057794 Best Valid seen: 0.787400 Valid: 0.773000
05-09 13:50 INFO     Epoch: 9 Loss: 0.060167 Best Valid seen: 0.787400 Valid: 0.769100
05-09 13:50 INFO     Epoch: 10 Loss: 0.049694 Best Valid seen: 0.787400 Valid: 0.760900
05-09 13:50 INFO     Epoch: 11 Loss: 0.050510 Best Valid seen: 0.787400 Valid: 0.757100
05-09 13:51 INFO     Epoch: 12 Loss: 0.065352 Best Valid seen: 0.787400 Valid: 0.760300
05-09 13:51 INFO     Validation accuracy hasn't improved in 10 epochs. Stopping training.
05-09 13:51 INFO     Testing lr=0.01, optimizer=sgd, batch_size=64
05-09 13:51 INFO     Training network 0
05-09 13:51 INFO     n_training: 16
05-09 13:51 INFO     n_test: 313
05-09 13:51 INFO     Epoch: 0 Loss: 0.145474 Best Valid seen: 0.779800 Valid: 0.779800
05-09 13:51 INFO     Epoch: 1 Loss: 0.118787 Best Valid seen: 0.785900 Valid: 0.785900
05-09 13:51 INFO     Epoch: 2 Loss: 0.069196 Best Valid seen: 0.786500 Valid: 0.786500
05-09 13:51 INFO     Epoch: 3 Loss: 0.053299 Best Valid seen: 0.787500 Valid: 0.787500
05-09 13:52 INFO     Epoch: 4 Loss: 0.070637 Best Valid seen: 0.787500 Valid: 0.784900
05-09 13:52 INFO     Epoch: 5 Loss: 0.054591 Best Valid seen: 0.787500 Valid: 0.781400
05-09 13:52 INFO     Epoch: 6 Loss: 0.037164 Best Valid seen: 0.787500 Valid: 0.777300
05-09 13:52 INFO     Epoch: 7 Loss: 0.038056 Best Valid seen: 0.787500 Valid: 0.774600
05-09 13:52 INFO     Epoch: 8 Loss: 0.049314 Best Valid seen: 0.787500 Valid: 0.769100
05-09 13:53 INFO     Epoch: 9 Loss: 0.040853 Best Valid seen: 0.787500 Valid: 0.764200
05-09 13:53 INFO     Epoch: 10 Loss: 0.034790 Best Valid seen: 0.787500 Valid: 0.757700
05-09 13:53 INFO     Epoch: 11 Loss: 0.034438 Best Valid seen: 0.787500 Valid: 0.755100
05-09 13:53 INFO     Epoch: 12 Loss: 0.052176 Best Valid seen: 0.787500 Valid: 0.750500
05-09 13:53 INFO     Epoch: 13 Loss: 0.055984 Best Valid seen: 0.787500 Valid: 0.751500
05-09 13:53 INFO     Validation accuracy hasn't improved in 10 epochs. Stopping training.
05-09 13:53 INFO     Testing lr=0.1, optimizer=sgd, batch_size=32
05-09 13:53 INFO     Training network 0
05-09 13:53 INFO     n_training: 16
05-09 13:53 INFO     n_test: 313
05-09 13:54 INFO     Epoch: 0 Loss: 0.118825 Best Valid seen: 0.779000 Valid: 0.779000
05-09 13:54 INFO     Epoch: 1 Loss: 0.115439 Best Valid seen: 0.785400 Valid: 0.785400
05-09 13:54 INFO     Epoch: 2 Loss: 0.072214 Best Valid seen: 0.789100 Valid: 0.789100
05-09 13:54 INFO     Epoch: 3 Loss: 0.052529 Best Valid seen: 0.789100 Valid: 0.785400
05-09 13:54 INFO     Epoch: 4 Loss: 0.049881 Best Valid seen: 0.789100 Valid: 0.783600
05-09 13:55 INFO     Epoch: 5 Loss: 0.063518 Best Valid seen: 0.789100 Valid: 0.781500
05-09 13:55 INFO     Epoch: 6 Loss: 0.045700 Best Valid seen: 0.789100 Valid: 0.779200
05-09 13:55 INFO     Epoch: 7 Loss: 0.038721 Best Valid seen: 0.789100 Valid: 0.777400
05-09 13:55 INFO     Epoch: 8 Loss: 0.025068 Best Valid seen: 0.789100 Valid: 0.770000
05-09 13:55 INFO     Epoch: 9 Loss: 0.037151 Best Valid seen: 0.789100 Valid: 0.766800
05-09 13:56 INFO     Epoch: 10 Loss: 0.034036 Best Valid seen: 0.789100 Valid: 0.763300
05-09 13:56 INFO     Epoch: 11 Loss: 0.048906 Best Valid seen: 0.789100 Valid: 0.761600
05-09 13:56 INFO     Epoch: 12 Loss: 0.054567 Best Valid seen: 0.789100 Valid: 0.762800
05-09 13:56 INFO     Validation accuracy hasn't improved in 10 epochs. Stopping training.
05-09 13:56 INFO     New best score: 0.7891 found with params lr=0.001, optimizer=sgd, batch_size=64
05-09 13:56 INFO     Testing lr=0.1, optimizer=sgd, batch_size=64
05-09 13:56 INFO     Training network 0
05-09 13:56 INFO     n_training: 16
05-09 13:56 INFO     n_test: 313
05-09 13:56 INFO     Epoch: 0 Loss: 0.154326 Best Valid seen: 0.778500 Valid: 0.778500
05-09 13:57 INFO     Epoch: 1 Loss: 0.107682 Best Valid seen: 0.783700 Valid: 0.783700
05-09 13:57 INFO     Epoch: 2 Loss: 0.061544 Best Valid seen: 0.785900 Valid: 0.785900
05-09 13:57 INFO     Epoch: 3 Loss: 0.062970 Best Valid seen: 0.785900 Valid: 0.784200
05-09 13:57 INFO     Epoch: 4 Loss: 0.040678 Best Valid seen: 0.785900 Valid: 0.780200
05-09 13:57 INFO     Epoch: 5 Loss: 0.060230 Best Valid seen: 0.785900 Valid: 0.779200
05-09 13:58 INFO     Epoch: 6 Loss: 0.057777 Best Valid seen: 0.785900 Valid: 0.774700
05-09 13:58 INFO     Epoch: 7 Loss: 0.060728 Best Valid seen: 0.785900 Valid: 0.770900
05-09 13:58 INFO     Epoch: 8 Loss: 0.035469 Best Valid seen: 0.785900 Valid: 0.766200
05-09 13:58 INFO     Epoch: 9 Loss: 0.031810 Best Valid seen: 0.785900 Valid: 0.764500
05-09 13:58 INFO     Epoch: 10 Loss: 0.069708 Best Valid seen: 0.785900 Valid: 0.761800
05-09 13:59 INFO     Epoch: 11 Loss: 0.040699 Best Valid seen: 0.785900 Valid: 0.761900
05-09 13:59 INFO     Epoch: 12 Loss: 0.041812 Best Valid seen: 0.785900 Valid: 0.758500
05-09 13:59 INFO     Validation accuracy hasn't improved in 10 epochs. Stopping training.
05-09 13:59 INFO     Testing lr=0.001, optimizer=sgd, batch_size=32
05-09 13:59 INFO     Training network 1
05-09 13:59 INFO     n_training: 47
05-09 13:59 INFO     n_test: 313
05-09 13:59 INFO     Epoch: 0 Loss: 0.007555 Best Valid seen: 0.776800 Valid: 0.776800
05-09 13:59 INFO     Epoch: 1 Loss: 0.007150 Best Valid seen: 0.787300 Valid: 0.787300
05-09 14:00 INFO     Epoch: 2 Loss: 0.001605 Best Valid seen: 0.789700 Valid: 0.789700
05-09 14:00 INFO     Epoch: 3 Loss: 0.002852 Best Valid seen: 0.789700 Valid: 0.786600
05-09 14:00 INFO     Epoch: 4 Loss: 0.002462 Best Valid seen: 0.789700 Valid: 0.783700
05-09 14:00 INFO     Epoch: 5 Loss: 0.007403 Best Valid seen: 0.789700 Valid: 0.781300
05-09 14:01 INFO     Epoch: 6 Loss: 0.005722 Best Valid seen: 0.789700 Valid: 0.781200
05-09 14:01 INFO     Epoch: 7 Loss: 0.005628 Best Valid seen: 0.789700 Valid: 0.777400
05-09 14:01 INFO     Epoch: 8 Loss: 0.007951 Best Valid seen: 0.789700 Valid: 0.778300
05-09 14:02 INFO     Epoch: 9 Loss: 0.008197 Best Valid seen: 0.789700 Valid: 0.778400
05-09 14:02 INFO     Epoch: 10 Loss: 0.008505 Best Valid seen: 0.789700 Valid: 0.779700
05-09 14:02 INFO     Epoch: 11 Loss: 0.009167 Best Valid seen: 0.789700 Valid: 0.780500
05-09 14:02 INFO     Epoch: 12 Loss: 0.003283 Best Valid seen: 0.789700 Valid: 0.777400
05-09 14:02 INFO     Validation accuracy hasn't improved in 10 epochs. Stopping training.
05-09 14:02 INFO     New best score: 0.7897 found with params lr=0.001, optimizer=sgd, batch_size=64
05-09 14:02 INFO     Testing lr=0.001, optimizer=sgd, batch_size=64
05-09 14:02 INFO     Training network 1
05-09 14:02 INFO     n_training: 47
05-09 14:02 INFO     n_test: 313
05-09 14:03 INFO     Epoch: 0 Loss: 0.005056 Best Valid seen: 0.778700 Valid: 0.778700
05-09 14:03 INFO     Epoch: 1 Loss: 0.004493 Best Valid seen: 0.786600 Valid: 0.786600
05-09 14:03 INFO     Epoch: 2 Loss: 0.006052 Best Valid seen: 0.789200 Valid: 0.789200
05-09 14:04 INFO     Epoch: 3 Loss: 0.001925 Best Valid seen: 0.791500 Valid: 0.791500
05-09 14:04 INFO     Epoch: 4 Loss: 0.002967 Best Valid seen: 0.791500 Valid: 0.790900
05-09 14:04 INFO     Epoch: 5 Loss: 0.002810 Best Valid seen: 0.791500 Valid: 0.789300
05-09 14:04 INFO     Epoch: 6 Loss: 0.003990 Best Valid seen: 0.791500 Valid: 0.783600
05-09 14:05 INFO     Epoch: 7 Loss: 0.005351 Best Valid seen: 0.791500 Valid: 0.780100
05-09 14:05 INFO     Epoch: 8 Loss: 0.004017 Best Valid seen: 0.791500 Valid: 0.778800
05-09 14:05 INFO     Epoch: 9 Loss: 0.003406 Best Valid seen: 0.791500 Valid: 0.776100
05-09 14:06 INFO     Epoch: 10 Loss: 0.005519 Best Valid seen: 0.791500 Valid: 0.777400
05-09 14:06 INFO     Epoch: 11 Loss: 0.003617 Best Valid seen: 0.791500 Valid: 0.774900
05-09 14:06 INFO     Epoch: 12 Loss: 0.004502 Best Valid seen: 0.791500 Valid: 0.777100
05-09 14:06 INFO     Epoch: 13 Loss: 0.003617 Best Valid seen: 0.791500 Valid: 0.780200
05-09 14:06 INFO     Validation accuracy hasn't improved in 10 epochs. Stopping training.
05-09 14:06 INFO     New best score: 0.7915 found with params lr=0.001, optimizer=sgd, batch_size=64
05-09 14:06 INFO     Testing lr=0.01, optimizer=sgd, batch_size=32
05-09 14:06 INFO     Training network 1
05-09 14:06 INFO     n_training: 47
05-09 14:06 INFO     n_test: 313
05-09 14:07 INFO     Epoch: 0 Loss: 0.009461 Best Valid seen: 0.778800 Valid: 0.778800
05-09 14:07 INFO     Epoch: 1 Loss: 0.004143 Best Valid seen: 0.786500 Valid: 0.786500
05-09 14:07 INFO     Epoch: 2 Loss: 0.002493 Best Valid seen: 0.792300 Valid: 0.792300
05-09 14:07 INFO     Epoch: 3 Loss: 0.005051 Best Valid seen: 0.794300 Valid: 0.794300
05-09 14:08 INFO     Epoch: 4 Loss: 0.003749 Best Valid seen: 0.794300 Valid: 0.792800
05-09 14:08 INFO     Epoch: 5 Loss: 0.002799 Best Valid seen: 0.794300 Valid: 0.787800
05-09 14:08 INFO     Epoch: 6 Loss: 0.005108 Best Valid seen: 0.794300 Valid: 0.779800
05-09 14:09 INFO     Epoch: 7 Loss: 0.009252 Best Valid seen: 0.794300 Valid: 0.783200
05-09 14:09 INFO     Epoch: 8 Loss: 0.002860 Best Valid seen: 0.794300 Valid: 0.781400
05-09 14:09 INFO     Epoch: 9 Loss: 0.005135 Best Valid seen: 0.794300 Valid: 0.777600
05-09 14:09 INFO     Epoch: 10 Loss: 0.005267 Best Valid seen: 0.794300 Valid: 0.778200
05-09 14:10 INFO     Epoch: 11 Loss: 0.008647 Best Valid seen: 0.794300 Valid: 0.778400
05-09 14:10 INFO     Epoch: 12 Loss: 0.004932 Best Valid seen: 0.794300 Valid: 0.778300
05-09 14:10 INFO     Epoch: 13 Loss: 0.009000 Best Valid seen: 0.794300 Valid: 0.775900
05-09 14:10 INFO     Validation accuracy hasn't improved in 10 epochs. Stopping training.
05-09 14:10 INFO     New best score: 0.7943 found with params lr=0.001, optimizer=sgd, batch_size=64
05-09 14:10 INFO     Testing lr=0.01, optimizer=sgd, batch_size=64
05-09 14:10 INFO     Training network 1
05-09 14:10 INFO     n_training: 47
05-09 14:10 INFO     n_test: 313
05-09 14:11 INFO     Epoch: 0 Loss: 0.007605 Best Valid seen: 0.779800 Valid: 0.779800
05-09 14:11 INFO     Epoch: 1 Loss: 0.004354 Best Valid seen: 0.786100 Valid: 0.786100
05-09 14:11 INFO     Epoch: 2 Loss: 0.001854 Best Valid seen: 0.791100 Valid: 0.791100
05-09 14:11 INFO     Epoch: 3 Loss: 0.004286 Best Valid seen: 0.791900 Valid: 0.791900
05-09 14:12 INFO     Epoch: 4 Loss: 0.002948 Best Valid seen: 0.791900 Valid: 0.786600
05-09 14:12 INFO     Epoch: 5 Loss: 0.003458 Best Valid seen: 0.791900 Valid: 0.784400
05-09 14:12 INFO     Epoch: 6 Loss: 0.002812 Best Valid seen: 0.791900 Valid: 0.783900
05-09 14:12 INFO     Epoch: 7 Loss: 0.003805 Best Valid seen: 0.791900 Valid: 0.785100
05-09 14:13 INFO     Epoch: 8 Loss: 0.005376 Best Valid seen: 0.791900 Valid: 0.785900
05-09 14:13 INFO     Epoch: 9 Loss: 0.003285 Best Valid seen: 0.791900 Valid: 0.782300
05-09 14:13 INFO     Epoch: 10 Loss: 0.004357 Best Valid seen: 0.791900 Valid: 0.781500
05-09 14:14 INFO     Epoch: 11 Loss: 0.003549 Best Valid seen: 0.791900 Valid: 0.778200
05-09 14:14 INFO     Epoch: 12 Loss: 0.004530 Best Valid seen: 0.791900 Valid: 0.777200
05-09 14:14 INFO     Epoch: 13 Loss: 0.004962 Best Valid seen: 0.791900 Valid: 0.775200
05-09 14:14 INFO     Validation accuracy hasn't improved in 10 epochs. Stopping training.
05-09 14:14 INFO     Testing lr=0.1, optimizer=sgd, batch_size=32
05-09 14:14 INFO     Training network 1
05-09 14:14 INFO     n_training: 47
05-09 14:14 INFO     n_test: 313
05-09 14:14 INFO     Epoch: 0 Loss: 0.008712 Best Valid seen: 0.782300 Valid: 0.782300
05-09 14:15 INFO     Epoch: 1 Loss: 0.004847 Best Valid seen: 0.789600 Valid: 0.789600
05-09 14:15 INFO     Epoch: 2 Loss: 0.004799 Best Valid seen: 0.792500 Valid: 0.792500
05-09 14:15 INFO     Epoch: 3 Loss: 0.002022 Best Valid seen: 0.793800 Valid: 0.793800
05-09 14:16 INFO     Epoch: 4 Loss: 0.003349 Best Valid seen: 0.793800 Valid: 0.790300
05-09 14:16 INFO     Epoch: 5 Loss: 0.003796 Best Valid seen: 0.793800 Valid: 0.784900
05-09 14:16 INFO     Epoch: 6 Loss: 0.006684 Best Valid seen: 0.793800 Valid: 0.777400
05-09 14:16 INFO     Epoch: 7 Loss: 0.007714 Best Valid seen: 0.793800 Valid: 0.775700
05-09 14:17 INFO     Epoch: 8 Loss: 0.007640 Best Valid seen: 0.793800 Valid: 0.776000
05-09 14:17 INFO     Epoch: 9 Loss: 0.005708 Best Valid seen: 0.793800 Valid: 0.778900
05-09 14:17 INFO     Epoch: 10 Loss: 0.004454 Best Valid seen: 0.793800 Valid: 0.782800
05-09 14:18 INFO     Epoch: 11 Loss: 0.005914 Best Valid seen: 0.793800 Valid: 0.782700
05-09 14:18 INFO     Epoch: 12 Loss: 0.005912 Best Valid seen: 0.793800 Valid: 0.779800
05-09 14:18 INFO     Epoch: 13 Loss: 0.004966 Best Valid seen: 0.793800 Valid: 0.778100
05-09 14:18 INFO     Validation accuracy hasn't improved in 10 epochs. Stopping training.
05-09 14:18 INFO     Testing lr=0.1, optimizer=sgd, batch_size=64
05-09 14:18 INFO     Training network 1
05-09 14:18 INFO     n_training: 47
05-09 14:18 INFO     n_test: 313
05-09 14:18 INFO     Epoch: 0 Loss: 0.006139 Best Valid seen: 0.777200 Valid: 0.777200
05-09 14:19 INFO     Epoch: 1 Loss: 0.002963 Best Valid seen: 0.784700 Valid: 0.784700
05-09 14:19 INFO     Epoch: 2 Loss: 0.002324 Best Valid seen: 0.788400 Valid: 0.788400
05-09 14:19 INFO     Epoch: 3 Loss: 0.001476 Best Valid seen: 0.791500 Valid: 0.791500
05-09 14:19 INFO     Epoch: 4 Loss: 0.003301 Best Valid seen: 0.791900 Valid: 0.791900
05-09 14:20 INFO     Epoch: 5 Loss: 0.006982 Best Valid seen: 0.791900 Valid: 0.787700
05-09 14:20 INFO     Epoch: 6 Loss: 0.003625 Best Valid seen: 0.791900 Valid: 0.784000
05-09 14:20 INFO     Epoch: 7 Loss: 0.005522 Best Valid seen: 0.791900 Valid: 0.785200
05-09 14:21 INFO     Epoch: 8 Loss: 0.003226 Best Valid seen: 0.791900 Valid: 0.782800
05-09 14:21 INFO     Epoch: 9 Loss: 0.003450 Best Valid seen: 0.791900 Valid: 0.778700
05-09 14:21 INFO     Epoch: 10 Loss: 0.005578 Best Valid seen: 0.791900 Valid: 0.778800
05-09 14:21 INFO     Epoch: 11 Loss: 0.005141 Best Valid seen: 0.791900 Valid: 0.778100
05-09 14:22 INFO     Epoch: 12 Loss: 0.005767 Best Valid seen: 0.791900 Valid: 0.778200
05-09 14:22 INFO     Epoch: 13 Loss: 0.006853 Best Valid seen: 0.791900 Valid: 0.778700
05-09 14:22 INFO     Epoch: 14 Loss: 0.008734 Best Valid seen: 0.791900 Valid: 0.775300
05-09 14:22 INFO     Validation accuracy hasn't improved in 10 epochs. Stopping training.
