05-06 12:57 INFO     Testing lr=0.001, optimizer=sgd, batch_size=32
05-06 12:57 INFO     Training network 0
05-06 12:57 INFO     n_training: 16
05-06 12:57 INFO     n_test: 313
05-06 12:58 INFO     Epoch: 0 Loss: 0.117958 Best Valid seen: 0.800300 Valid: 0.800300
05-06 12:59 INFO     Epoch: 1 Loss: 0.090938 Best Valid seen: 0.800300 Valid: 0.799200
05-06 13:00 INFO     Epoch: 2 Loss: 0.069125 Best Valid seen: 0.800300 Valid: 0.796900
05-06 13:00 INFO     Epoch: 3 Loss: 0.038979 Best Valid seen: 0.800300 Valid: 0.792700
05-06 13:01 INFO     Epoch: 4 Loss: 0.031569 Best Valid seen: 0.800300 Valid: 0.790200
05-06 13:02 INFO     Epoch: 5 Loss: 0.026266 Best Valid seen: 0.800300 Valid: 0.783900
05-06 13:03 INFO     Epoch: 6 Loss: 0.040323 Best Valid seen: 0.800300 Valid: 0.781100
05-06 13:03 INFO     Epoch: 7 Loss: 0.034426 Best Valid seen: 0.800300 Valid: 0.780200
05-06 13:04 INFO     Epoch: 8 Loss: 0.030629 Best Valid seen: 0.800300 Valid: 0.777400
05-06 13:05 INFO     Epoch: 9 Loss: 0.032065 Best Valid seen: 0.800300 Valid: 0.778400
05-06 13:06 INFO     Epoch: 10 Loss: 0.028214 Best Valid seen: 0.800300 Valid: 0.769700
05-06 13:06 INFO     Validation accuracy hasn't improved in 10 epochs. Stopping training.
05-06 13:06 INFO     New best score: 0.8003 found with params lr=0.001, optimizer=sgd, batch_size=64
05-06 13:06 INFO     Testing lr=0.001, optimizer=sgd, batch_size=64
05-06 13:06 INFO     Training network 0
05-06 13:06 INFO     n_training: 16
05-06 13:06 INFO     n_test: 313
05-06 13:06 INFO     Epoch: 0 Loss: 0.104361 Best Valid seen: 0.802100 Valid: 0.802100
05-06 13:07 INFO     Epoch: 1 Loss: 0.065941 Best Valid seen: 0.802100 Valid: 0.800500
05-06 13:08 INFO     Epoch: 2 Loss: 0.056019 Best Valid seen: 0.802100 Valid: 0.798000
05-06 13:09 INFO     Epoch: 3 Loss: 0.049629 Best Valid seen: 0.802100 Valid: 0.797800
05-06 13:09 INFO     Epoch: 4 Loss: 0.032049 Best Valid seen: 0.802100 Valid: 0.792800
05-06 13:10 INFO     Epoch: 5 Loss: 0.022510 Best Valid seen: 0.802100 Valid: 0.789800
05-06 13:11 INFO     Epoch: 6 Loss: 0.024787 Best Valid seen: 0.802100 Valid: 0.786200
05-06 13:12 INFO     Epoch: 7 Loss: 0.027332 Best Valid seen: 0.802100 Valid: 0.783200
05-06 13:12 INFO     Epoch: 8 Loss: 0.027231 Best Valid seen: 0.802100 Valid: 0.779600
05-06 13:13 INFO     Epoch: 9 Loss: 0.017921 Best Valid seen: 0.802100 Valid: 0.776700
05-06 13:14 INFO     Epoch: 10 Loss: 0.044572 Best Valid seen: 0.802100 Valid: 0.775700
05-06 13:14 INFO     Validation accuracy hasn't improved in 10 epochs. Stopping training.
05-06 13:14 INFO     New best score: 0.8021 found with params lr=0.001, optimizer=sgd, batch_size=64
05-06 13:14 INFO     Testing lr=0.01, optimizer=sgd, batch_size=32
05-06 13:14 INFO     Training network 0
05-06 13:14 INFO     n_training: 16
05-06 13:14 INFO     n_test: 313
05-06 13:15 INFO     Epoch: 0 Loss: 0.088690 Best Valid seen: 0.800300 Valid: 0.800300
05-06 13:15 INFO     Epoch: 1 Loss: 0.073386 Best Valid seen: 0.800300 Valid: 0.798800
05-06 13:16 INFO     Epoch: 2 Loss: 0.054276 Best Valid seen: 0.800400 Valid: 0.800400
05-06 13:17 INFO     Epoch: 3 Loss: 0.038461 Best Valid seen: 0.800400 Valid: 0.795600
05-06 13:18 INFO     Epoch: 4 Loss: 0.036893 Best Valid seen: 0.800400 Valid: 0.793200
05-06 13:18 INFO     Epoch: 5 Loss: 0.031811 Best Valid seen: 0.800400 Valid: 0.788800
05-06 13:19 INFO     Epoch: 6 Loss: 0.040708 Best Valid seen: 0.800400 Valid: 0.786400
05-06 13:20 INFO     Epoch: 7 Loss: 0.030488 Best Valid seen: 0.800400 Valid: 0.783400
05-06 13:21 INFO     Epoch: 8 Loss: 0.027971 Best Valid seen: 0.800400 Valid: 0.780300
05-06 13:21 INFO     Epoch: 9 Loss: 0.029120 Best Valid seen: 0.800400 Valid: 0.777800
05-06 13:22 INFO     Epoch: 10 Loss: 0.052163 Best Valid seen: 0.800400 Valid: 0.775100
05-06 13:23 INFO     Epoch: 11 Loss: 0.021517 Best Valid seen: 0.800400 Valid: 0.773600
05-06 13:24 INFO     Epoch: 12 Loss: 0.033365 Best Valid seen: 0.800400 Valid: 0.772200
05-06 13:24 INFO     Validation accuracy hasn't improved in 10 epochs. Stopping training.
05-06 13:24 INFO     Testing lr=0.01, optimizer=sgd, batch_size=64
05-06 13:24 INFO     Training network 0
05-06 13:24 INFO     n_training: 16
05-06 13:24 INFO     n_test: 313
05-06 13:24 INFO     Epoch: 0 Loss: 0.107257 Best Valid seen: 0.799800 Valid: 0.799800
05-06 13:25 INFO     Epoch: 1 Loss: 0.068712 Best Valid seen: 0.799800 Valid: 0.797700
05-06 13:26 INFO     Epoch: 2 Loss: 0.042673 Best Valid seen: 0.799800 Valid: 0.796400
05-06 13:27 INFO     Epoch: 3 Loss: 0.021404 Best Valid seen: 0.799800 Valid: 0.794400
05-06 13:27 INFO     Epoch: 4 Loss: 0.029306 Best Valid seen: 0.799800 Valid: 0.790700
05-06 13:28 INFO     Epoch: 5 Loss: 0.022602 Best Valid seen: 0.799800 Valid: 0.787000
05-06 13:29 INFO     Epoch: 6 Loss: 0.037431 Best Valid seen: 0.799800 Valid: 0.783400
05-06 13:30 INFO     Epoch: 7 Loss: 0.026135 Best Valid seen: 0.799800 Valid: 0.781100
05-06 13:30 INFO     Epoch: 8 Loss: 0.032434 Best Valid seen: 0.799800 Valid: 0.780000
05-06 13:31 INFO     Epoch: 9 Loss: 0.015768 Best Valid seen: 0.799800 Valid: 0.779600
05-06 13:32 INFO     Epoch: 10 Loss: 0.022035 Best Valid seen: 0.799800 Valid: 0.777200
05-06 13:32 INFO     Validation accuracy hasn't improved in 10 epochs. Stopping training.
05-06 13:32 INFO     Testing lr=0.1, optimizer=sgd, batch_size=32
05-06 13:32 INFO     Training network 0
05-06 13:32 INFO     n_training: 16
05-06 13:32 INFO     n_test: 313
05-06 13:33 INFO     Epoch: 0 Loss: 0.099143 Best Valid seen: 0.799600 Valid: 0.799600
05-06 13:33 INFO     Epoch: 1 Loss: 0.084199 Best Valid seen: 0.800600 Valid: 0.800600
05-06 13:34 INFO     Epoch: 2 Loss: 0.041979 Best Valid seen: 0.800600 Valid: 0.797600
05-06 13:35 INFO     Epoch: 3 Loss: 0.040129 Best Valid seen: 0.800600 Valid: 0.798200
05-06 13:36 INFO     Epoch: 4 Loss: 0.030959 Best Valid seen: 0.800600 Valid: 0.794200
05-06 13:36 INFO     Epoch: 5 Loss: 0.031596 Best Valid seen: 0.800600 Valid: 0.792900
05-06 13:37 INFO     Epoch: 6 Loss: 0.020732 Best Valid seen: 0.800600 Valid: 0.790900
05-06 13:38 INFO     Epoch: 7 Loss: 0.021369 Best Valid seen: 0.800600 Valid: 0.788800
05-06 13:39 INFO     Epoch: 8 Loss: 0.024251 Best Valid seen: 0.800600 Valid: 0.785700
05-06 13:39 INFO     Epoch: 9 Loss: 0.023379 Best Valid seen: 0.800600 Valid: 0.783100
05-06 13:40 INFO     Epoch: 10 Loss: 0.032588 Best Valid seen: 0.800600 Valid: 0.780500
05-06 13:41 INFO     Epoch: 11 Loss: 0.033466 Best Valid seen: 0.800600 Valid: 0.779100
05-06 13:41 INFO     Validation accuracy hasn't improved in 10 epochs. Stopping training.
05-06 13:41 INFO     Testing lr=0.1, optimizer=sgd, batch_size=64
05-06 13:41 INFO     Training network 0
05-06 13:41 INFO     n_training: 16
05-06 13:41 INFO     n_test: 313
05-06 13:42 INFO     Epoch: 0 Loss: 0.079665 Best Valid seen: 0.799300 Valid: 0.799300
05-06 13:42 INFO     Epoch: 1 Loss: 0.078874 Best Valid seen: 0.799300 Valid: 0.798100
05-06 13:43 INFO     Epoch: 2 Loss: 0.050994 Best Valid seen: 0.799300 Valid: 0.798100
05-06 13:44 INFO     Epoch: 3 Loss: 0.032477 Best Valid seen: 0.799300 Valid: 0.794600
05-06 13:45 INFO     Epoch: 4 Loss: 0.018797 Best Valid seen: 0.799300 Valid: 0.791900
05-06 13:45 INFO     Epoch: 5 Loss: 0.029354 Best Valid seen: 0.799300 Valid: 0.788100
05-06 13:46 INFO     Epoch: 6 Loss: 0.020059 Best Valid seen: 0.799300 Valid: 0.786300
05-06 13:47 INFO     Epoch: 7 Loss: 0.028918 Best Valid seen: 0.799300 Valid: 0.781900
05-06 13:48 INFO     Epoch: 8 Loss: 0.026343 Best Valid seen: 0.799300 Valid: 0.778400
05-06 13:48 INFO     Epoch: 9 Loss: 0.033894 Best Valid seen: 0.799300 Valid: 0.776100
05-06 13:49 INFO     Epoch: 10 Loss: 0.028191 Best Valid seen: 0.799300 Valid: 0.776300
05-06 13:49 INFO     Validation accuracy hasn't improved in 10 epochs. Stopping training.
05-06 13:49 INFO     Testing lr=0.001, optimizer=sgd, batch_size=32
05-06 13:49 INFO     Training network 1
05-06 13:49 INFO     n_training: 47
05-06 13:49 INFO     n_test: 313
05-06 13:50 INFO     Epoch: 0 Loss: 0.001634 Best Valid seen: 0.800400 Valid: 0.800400
05-06 13:51 INFO     Epoch: 1 Loss: 0.001396 Best Valid seen: 0.801100 Valid: 0.801100
05-06 13:52 INFO     Epoch: 2 Loss: 0.001021 Best Valid seen: 0.801100 Valid: 0.800500
05-06 13:53 INFO     Epoch: 3 Loss: 0.000660 Best Valid seen: 0.801100 Valid: 0.799300
05-06 13:54 INFO     Epoch: 4 Loss: 0.001169 Best Valid seen: 0.801100 Valid: 0.799700
05-06 13:55 INFO     Epoch: 5 Loss: 0.000485 Best Valid seen: 0.801100 Valid: 0.799600
05-06 13:56 INFO     Epoch: 6 Loss: 0.000989 Best Valid seen: 0.801100 Valid: 0.800200
05-06 13:57 INFO     Epoch: 7 Loss: 0.001457 Best Valid seen: 0.801100 Valid: 0.799800
05-06 13:58 INFO     Epoch: 8 Loss: 0.000487 Best Valid seen: 0.801100 Valid: 0.799200
05-06 13:59 INFO     Epoch: 9 Loss: 0.001819 Best Valid seen: 0.801100 Valid: 0.800100
05-06 14:00 INFO     Epoch: 10 Loss: 0.000810 Best Valid seen: 0.801700 Valid: 0.801700
05-06 14:01 INFO     Epoch: 11 Loss: 0.000665 Best Valid seen: 0.803300 Valid: 0.803300
05-06 14:02 INFO     Epoch: 12 Loss: 0.001331 Best Valid seen: 0.803300 Valid: 0.800400
05-06 14:03 INFO     Epoch: 13 Loss: 0.001829 Best Valid seen: 0.803300 Valid: 0.799500
05-06 14:04 INFO     Epoch: 14 Loss: 0.002124 Best Valid seen: 0.803300 Valid: 0.802200
05-06 14:05 INFO     Epoch: 15 Loss: 0.001160 Best Valid seen: 0.803300 Valid: 0.801400
05-06 14:06 INFO     Epoch: 16 Loss: 0.001115 Best Valid seen: 0.803300 Valid: 0.799500
05-06 14:07 INFO     Epoch: 17 Loss: 0.001770 Best Valid seen: 0.803300 Valid: 0.798100
05-06 14:08 INFO     Epoch: 18 Loss: 0.000848 Best Valid seen: 0.803300 Valid: 0.798300
05-06 14:09 INFO     Epoch: 19 Loss: 0.001884 Best Valid seen: 0.803300 Valid: 0.793200
05-06 14:10 INFO     Epoch: 20 Loss: 0.001122 Best Valid seen: 0.803300 Valid: 0.791000
05-06 14:11 INFO     Epoch: 21 Loss: 0.003413 Best Valid seen: 0.803300 Valid: 0.793400
05-06 14:11 INFO     Validation accuracy hasn't improved in 10 epochs. Stopping training.
05-06 14:11 INFO     New best score: 0.8033 found with params lr=0.001, optimizer=sgd, batch_size=64
05-06 14:11 INFO     Testing lr=0.001, optimizer=sgd, batch_size=64
05-06 14:11 INFO     Training network 1
05-06 14:11 INFO     n_training: 47
05-06 14:11 INFO     n_test: 313
05-06 14:11 INFO     Epoch: 0 Loss: 0.000797 Best Valid seen: 0.801000 Valid: 0.801000
05-06 14:12 INFO     Epoch: 1 Loss: 0.001504 Best Valid seen: 0.801000 Valid: 0.799200
05-06 14:13 INFO     Epoch: 2 Loss: 0.001194 Best Valid seen: 0.801000 Valid: 0.799900
05-06 14:14 INFO     Epoch: 3 Loss: 0.001234 Best Valid seen: 0.801000 Valid: 0.800400
05-06 14:15 INFO     Epoch: 4 Loss: 0.000479 Best Valid seen: 0.801400 Valid: 0.801400
05-06 14:16 INFO     Epoch: 5 Loss: 0.001562 Best Valid seen: 0.801400 Valid: 0.799500
05-06 14:17 INFO     Epoch: 6 Loss: 0.000891 Best Valid seen: 0.801400 Valid: 0.797300
05-06 14:18 INFO     Epoch: 7 Loss: 0.002139 Best Valid seen: 0.801400 Valid: 0.797600
05-06 14:19 INFO     Epoch: 8 Loss: 0.002042 Best Valid seen: 0.801400 Valid: 0.797800
05-06 14:20 INFO     Epoch: 9 Loss: 0.000734 Best Valid seen: 0.801400 Valid: 0.798400
05-06 14:21 INFO     Epoch: 10 Loss: 0.001308 Best Valid seen: 0.801400 Valid: 0.797800
05-06 14:22 INFO     Epoch: 11 Loss: 0.000988 Best Valid seen: 0.801400 Valid: 0.797900
05-06 14:23 INFO     Epoch: 12 Loss: 0.001965 Best Valid seen: 0.801400 Valid: 0.795400
05-06 14:24 INFO     Epoch: 13 Loss: 0.001158 Best Valid seen: 0.801400 Valid: 0.794200
05-06 14:25 INFO     Epoch: 14 Loss: 0.002348 Best Valid seen: 0.801400 Valid: 0.795000
05-06 14:25 INFO     Validation accuracy hasn't improved in 10 epochs. Stopping training.
05-06 14:25 INFO     Testing lr=0.01, optimizer=sgd, batch_size=32
05-06 14:25 INFO     Training network 1
05-06 14:25 INFO     n_training: 47
05-06 14:25 INFO     n_test: 313
05-06 14:26 INFO     Epoch: 0 Loss: 0.001282 Best Valid seen: 0.800500 Valid: 0.800500
05-06 14:27 INFO     Epoch: 1 Loss: 0.001714 Best Valid seen: 0.800500 Valid: 0.800100
05-06 14:28 INFO     Epoch: 2 Loss: 0.001524 Best Valid seen: 0.803000 Valid: 0.803000
05-06 14:29 INFO     Epoch: 3 Loss: 0.000743 Best Valid seen: 0.803000 Valid: 0.802300
05-06 14:30 INFO     Epoch: 4 Loss: 0.000672 Best Valid seen: 0.803000 Valid: 0.799400
05-06 14:31 INFO     Epoch: 5 Loss: 0.001391 Best Valid seen: 0.803000 Valid: 0.800600
05-06 14:32 INFO     Epoch: 6 Loss: 0.001331 Best Valid seen: 0.803000 Valid: 0.798900
05-06 14:33 INFO     Epoch: 7 Loss: 0.001022 Best Valid seen: 0.803000 Valid: 0.799100
05-06 14:34 INFO     Epoch: 8 Loss: 0.000409 Best Valid seen: 0.803000 Valid: 0.798700
05-06 14:35 INFO     Epoch: 9 Loss: 0.003160 Best Valid seen: 0.803000 Valid: 0.798500
05-06 14:36 INFO     Epoch: 10 Loss: 0.003313 Best Valid seen: 0.803000 Valid: 0.799200
05-06 14:37 INFO     Epoch: 11 Loss: 0.001000 Best Valid seen: 0.803000 Valid: 0.800600
05-06 14:38 INFO     Epoch: 12 Loss: 0.001301 Best Valid seen: 0.803000 Valid: 0.801500
05-06 14:38 INFO     Validation accuracy hasn't improved in 10 epochs. Stopping training.
05-06 14:38 INFO     Testing lr=0.01, optimizer=sgd, batch_size=64
05-06 14:38 INFO     Training network 1
05-06 14:38 INFO     n_training: 47
05-06 14:38 INFO     n_test: 313
05-06 14:39 INFO     Epoch: 0 Loss: 0.001537 Best Valid seen: 0.800100 Valid: 0.800100
05-06 14:40 INFO     Epoch: 1 Loss: 0.000860 Best Valid seen: 0.800100 Valid: 0.798900
05-06 14:41 INFO     Epoch: 2 Loss: 0.000949 Best Valid seen: 0.800200 Valid: 0.800200
05-06 14:42 INFO     Epoch: 3 Loss: 0.000696 Best Valid seen: 0.801200 Valid: 0.801200
05-06 14:43 INFO     Epoch: 4 Loss: 0.000812 Best Valid seen: 0.801200 Valid: 0.797700
05-06 14:44 INFO     Epoch: 5 Loss: 0.001051 Best Valid seen: 0.801200 Valid: 0.796600
05-06 14:45 INFO     Epoch: 6 Loss: 0.000440 Best Valid seen: 0.801200 Valid: 0.796500
05-06 14:46 INFO     Epoch: 7 Loss: 0.000800 Best Valid seen: 0.801200 Valid: 0.793900
05-06 14:47 INFO     Epoch: 8 Loss: 0.001636 Best Valid seen: 0.801200 Valid: 0.794000
05-06 14:48 INFO     Epoch: 9 Loss: 0.003136 Best Valid seen: 0.801200 Valid: 0.794900
05-06 14:49 INFO     Epoch: 10 Loss: 0.002209 Best Valid seen: 0.801200 Valid: 0.794400
05-06 14:50 INFO     Epoch: 11 Loss: 0.001209 Best Valid seen: 0.801200 Valid: 0.794000
05-06 14:51 INFO     Epoch: 12 Loss: 0.001468 Best Valid seen: 0.801200 Valid: 0.791900
05-06 14:52 INFO     Epoch: 13 Loss: 0.001373 Best Valid seen: 0.801200 Valid: 0.789700
05-06 14:52 INFO     Validation accuracy hasn't improved in 10 epochs. Stopping training.
05-06 14:52 INFO     Testing lr=0.1, optimizer=sgd, batch_size=32
05-06 14:52 INFO     Training network 1
05-06 14:52 INFO     n_training: 47
05-06 14:52 INFO     n_test: 313
05-06 14:53 INFO     Epoch: 0 Loss: 0.001026 Best Valid seen: 0.801500 Valid: 0.801500
05-06 14:54 INFO     Epoch: 1 Loss: 0.001049 Best Valid seen: 0.801500 Valid: 0.800600
05-06 14:55 INFO     Epoch: 2 Loss: 0.001078 Best Valid seen: 0.802200 Valid: 0.802200
05-06 14:56 INFO     Epoch: 3 Loss: 0.000616 Best Valid seen: 0.802500 Valid: 0.802500
05-06 14:57 INFO     Epoch: 4 Loss: 0.000559 Best Valid seen: 0.802500 Valid: 0.801100
05-06 14:58 INFO     Epoch: 5 Loss: 0.000820 Best Valid seen: 0.802500 Valid: 0.801300
05-06 14:59 INFO     Epoch: 6 Loss: 0.000620 Best Valid seen: 0.802500 Valid: 0.800700
05-06 15:00 INFO     Epoch: 7 Loss: 0.000439 Best Valid seen: 0.802500 Valid: 0.800000
05-06 15:01 INFO     Epoch: 8 Loss: 0.001039 Best Valid seen: 0.802500 Valid: 0.800600
05-06 15:02 INFO     Epoch: 9 Loss: 0.000400 Best Valid seen: 0.802500 Valid: 0.800800
05-06 15:03 INFO     Epoch: 10 Loss: 0.000582 Best Valid seen: 0.802500 Valid: 0.797400
05-06 15:04 INFO     Epoch: 11 Loss: 0.000373 Best Valid seen: 0.802500 Valid: 0.800000
05-06 15:05 INFO     Epoch: 12 Loss: 0.002554 Best Valid seen: 0.802500 Valid: 0.798800
05-06 15:06 INFO     Epoch: 13 Loss: 0.000307 Best Valid seen: 0.802500 Valid: 0.799700
05-06 15:06 INFO     Validation accuracy hasn't improved in 10 epochs. Stopping training.
05-06 15:06 INFO     Testing lr=0.1, optimizer=sgd, batch_size=64
05-06 15:06 INFO     Training network 1
05-06 15:06 INFO     n_training: 47
05-06 15:06 INFO     n_test: 313
05-06 15:07 INFO     Epoch: 0 Loss: 0.001091 Best Valid seen: 0.799000 Valid: 0.799000
05-06 15:08 INFO     Epoch: 1 Loss: 0.001450 Best Valid seen: 0.801200 Valid: 0.801200
05-06 15:09 INFO     Epoch: 2 Loss: 0.001486 Best Valid seen: 0.801200 Valid: 0.799700
05-06 15:10 INFO     Epoch: 3 Loss: 0.000778 Best Valid seen: 0.801200 Valid: 0.800700
05-06 15:11 INFO     Epoch: 4 Loss: 0.000698 Best Valid seen: 0.801200 Valid: 0.800500
05-06 15:13 INFO     Epoch: 5 Loss: 0.001019 Best Valid seen: 0.801200 Valid: 0.798800
05-06 15:14 INFO     Epoch: 6 Loss: 0.000814 Best Valid seen: 0.801200 Valid: 0.799100
05-06 15:15 INFO     Epoch: 7 Loss: 0.000660 Best Valid seen: 0.801200 Valid: 0.791500
05-06 15:16 INFO     Epoch: 8 Loss: 0.001691 Best Valid seen: 0.801200 Valid: 0.792900
05-06 15:17 INFO     Epoch: 9 Loss: 0.001688 Best Valid seen: 0.801200 Valid: 0.789300
05-06 15:18 INFO     Epoch: 10 Loss: 0.001031 Best Valid seen: 0.801200 Valid: 0.788700
05-06 15:19 INFO     Epoch: 11 Loss: 0.004096 Best Valid seen: 0.801200 Valid: 0.791600
05-06 15:19 INFO     Validation accuracy hasn't improved in 10 epochs. Stopping training.
