05-02 16:19 INFO     Testing lr=0.001, optimizer=sgd, batch_size=32
05-02 16:19 INFO     Training network 0
05-02 16:19 INFO     n_training: 16
05-02 16:19 INFO     n_test: 313
05-02 16:19 INFO     Epoch: 0 Loss: 1.292441 Best Valid seen: 0.446600 Valid: 0.446600
05-02 16:19 INFO     Epoch: 1 Loss: 1.319854 Best Valid seen: 0.446600 Valid: 0.393100
05-02 16:20 INFO     Epoch: 2 Loss: 1.277149 Best Valid seen: 0.446600 Valid: 0.391000
05-02 16:20 INFO     Epoch: 3 Loss: 1.240305 Best Valid seen: 0.446600 Valid: 0.344700
05-02 16:20 INFO     Epoch: 4 Loss: 1.207417 Best Valid seen: 0.446600 Valid: 0.440500
05-02 16:20 INFO     Epoch: 5 Loss: 1.109758 Best Valid seen: 0.463200 Valid: 0.463200
05-02 16:20 INFO     Epoch: 6 Loss: 1.084064 Best Valid seen: 0.474900 Valid: 0.474900
05-02 16:21 INFO     Epoch: 7 Loss: 1.071305 Best Valid seen: 0.474900 Valid: 0.460900
05-02 16:21 INFO     Epoch: 8 Loss: 1.002867 Best Valid seen: 0.474900 Valid: 0.456800
05-02 16:22 INFO     Epoch: 9 Loss: 0.965676 Best Valid seen: 0.474900 Valid: 0.474200
05-02 16:23 INFO     Epoch: 10 Loss: 0.940832 Best Valid seen: 0.489900 Valid: 0.489900
05-02 16:23 INFO     Epoch: 11 Loss: 0.863090 Best Valid seen: 0.489900 Valid: 0.484100
05-02 16:24 INFO     Epoch: 12 Loss: 0.837245 Best Valid seen: 0.489900 Valid: 0.489300
05-02 16:24 INFO     Epoch: 13 Loss: 0.923264 Best Valid seen: 0.489900 Valid: 0.484500
05-02 16:24 INFO     Epoch: 14 Loss: 0.840946 Best Valid seen: 0.500100 Valid: 0.500100
05-02 16:25 INFO     Epoch: 15 Loss: 0.783363 Best Valid seen: 0.502900 Valid: 0.502900
05-02 16:26 INFO     Epoch: 16 Loss: 0.747693 Best Valid seen: 0.502900 Valid: 0.496000
05-02 16:26 INFO     Epoch: 17 Loss: 0.768365 Best Valid seen: 0.502900 Valid: 0.493400
05-02 16:27 INFO     Epoch: 18 Loss: 0.744657 Best Valid seen: 0.509900 Valid: 0.509900
05-02 16:28 INFO     Epoch: 19 Loss: 0.717641 Best Valid seen: 0.521900 Valid: 0.521900
05-02 16:28 INFO     Epoch: 20 Loss: 0.691193 Best Valid seen: 0.521900 Valid: 0.507400
05-02 16:29 INFO     Epoch: 21 Loss: 0.739893 Best Valid seen: 0.521900 Valid: 0.511800
05-02 16:29 INFO     Epoch: 22 Loss: 0.650779 Best Valid seen: 0.521900 Valid: 0.509800
05-02 16:30 INFO     Epoch: 23 Loss: 0.681468 Best Valid seen: 0.521900 Valid: 0.513000
05-02 16:31 INFO     Epoch: 24 Loss: 0.643821 Best Valid seen: 0.521900 Valid: 0.513900
05-02 16:32 INFO     Epoch: 25 Loss: 0.608913 Best Valid seen: 0.521900 Valid: 0.508900
05-02 16:32 INFO     Epoch: 26 Loss: 0.596850 Best Valid seen: 0.521900 Valid: 0.511700
05-02 16:33 INFO     Epoch: 27 Loss: 0.609979 Best Valid seen: 0.521900 Valid: 0.515500
05-02 16:33 INFO     Epoch: 28 Loss: 0.615718 Best Valid seen: 0.521900 Valid: 0.509200
05-02 16:34 INFO     Epoch: 29 Loss: 0.533497 Best Valid seen: 0.521900 Valid: 0.516300
05-02 16:34 INFO     Validation accuracy hasn't improved in 10 epochs. Stopping training.
05-02 16:34 INFO     New best score: 0.5219 found with params lr=0.001, optimizer=sgd, batch_size=64
05-02 16:34 INFO     Testing lr=0.001, optimizer=sgd, batch_size=64
05-02 16:34 INFO     Training network 0
05-02 16:34 INFO     n_training: 16
05-02 16:34 INFO     n_test: 313
05-02 16:35 INFO     Epoch: 0 Loss: 1.317465 Best Valid seen: 0.488500 Valid: 0.488500
05-02 16:35 INFO     Epoch: 1 Loss: 1.347748 Best Valid seen: 0.488500 Valid: 0.256600
05-02 16:38 INFO     Epoch: 2 Loss: 1.396167 Best Valid seen: 0.488500 Valid: 0.257000
05-02 16:41 INFO     Epoch: 3 Loss: 1.277686 Best Valid seen: 0.488500 Valid: 0.412000
05-02 16:53 INFO     Epoch: 4 Loss: 1.198899 Best Valid seen: 0.488500 Valid: 0.413300
05-02 16:55 INFO     Epoch: 5 Loss: 1.146423 Best Valid seen: 0.488500 Valid: 0.405200
05-02 17:13 INFO     Epoch: 6 Loss: 1.078613 Best Valid seen: 0.488500 Valid: 0.423400
05-02 17:33 INFO     Epoch: 7 Loss: 1.073486 Best Valid seen: 0.488500 Valid: 0.476100
05-02 17:39 INFO     Epoch: 8 Loss: 1.045980 Best Valid seen: 0.488500 Valid: 0.464900
05-02 17:45 INFO     Epoch: 9 Loss: 1.011961 Best Valid seen: 0.488500 Valid: 0.478000
05-02 17:56 INFO     Epoch: 10 Loss: 1.010769 Best Valid seen: 0.488500 Valid: 0.472200
05-02 17:56 INFO     Validation accuracy hasn't improved in 10 epochs. Stopping training.
05-02 17:56 INFO     Testing lr=0.01, optimizer=sgd, batch_size=32
05-02 17:56 INFO     Training network 0
05-02 17:56 INFO     n_training: 16
05-02 17:56 INFO     n_test: 313
05-02 18:03 INFO     Epoch: 0 Loss: 1.333864 Best Valid seen: 0.369400 Valid: 0.369400
05-02 18:16 INFO     Epoch: 1 Loss: 1.332099 Best Valid seen: 0.369400 Valid: 0.352700
05-02 18:34 INFO     Epoch: 2 Loss: 1.313790 Best Valid seen: 0.396500 Valid: 0.396500
05-02 18:52 INFO     Epoch: 3 Loss: 1.250002 Best Valid seen: 0.396500 Valid: 0.329700
05-02 19:10 INFO     Epoch: 4 Loss: 1.161206 Best Valid seen: 0.449200 Valid: 0.449200
05-02 19:22 INFO     Epoch: 5 Loss: 1.143933 Best Valid seen: 0.449200 Valid: 0.436100
05-02 19:28 INFO     Epoch: 6 Loss: 1.155576 Best Valid seen: 0.449200 Valid: 0.426900
05-02 19:45 INFO     Epoch: 7 Loss: 1.075649 Best Valid seen: 0.449200 Valid: 0.406900
05-02 19:55 INFO     Epoch: 8 Loss: 1.045240 Best Valid seen: 0.449200 Valid: 0.444900
05-02 20:18 INFO     Epoch: 9 Loss: 1.013124 Best Valid seen: 0.478400 Valid: 0.478400
05-02 20:41 INFO     Epoch: 10 Loss: 0.972103 Best Valid seen: 0.487200 Valid: 0.487200
05-02 21:00 INFO     Epoch: 11 Loss: 0.903379 Best Valid seen: 0.511100 Valid: 0.511100
05-02 21:17 INFO     Epoch: 12 Loss: 0.916365 Best Valid seen: 0.511100 Valid: 0.501300
05-02 21:20 INFO     Epoch: 13 Loss: 0.881576 Best Valid seen: 0.511100 Valid: 0.495100
05-02 21:38 INFO     Epoch: 14 Loss: 0.861492 Best Valid seen: 0.511100 Valid: 0.489000
05-02 21:52 INFO     Epoch: 15 Loss: 0.847002 Best Valid seen: 0.511100 Valid: 0.507900
05-02 22:15 INFO     Epoch: 16 Loss: 0.794206 Best Valid seen: 0.511100 Valid: 0.508300
05-02 22:37 INFO     Epoch: 17 Loss: 0.807134 Best Valid seen: 0.511100 Valid: 0.507900
05-02 23:01 INFO     Epoch: 18 Loss: 0.740909 Best Valid seen: 0.518500 Valid: 0.518500
05-02 23:08 INFO     Epoch: 19 Loss: 0.707414 Best Valid seen: 0.518500 Valid: 0.518400
05-02 23:27 INFO     Epoch: 20 Loss: 0.761832 Best Valid seen: 0.518500 Valid: 0.511400
05-02 23:42 INFO     Epoch: 21 Loss: 0.695822 Best Valid seen: 0.518500 Valid: 0.513200
05-03 00:06 INFO     Epoch: 22 Loss: 0.708182 Best Valid seen: 0.518500 Valid: 0.513600
05-03 00:27 INFO     Epoch: 23 Loss: 0.667945 Best Valid seen: 0.518500 Valid: 0.509700
05-03 00:51 INFO     Epoch: 24 Loss: 0.663134 Best Valid seen: 0.518500 Valid: 0.510600
05-03 00:58 INFO     Epoch: 25 Loss: 0.654915 Best Valid seen: 0.518500 Valid: 0.511500
05-03 01:10 INFO     Epoch: 26 Loss: 0.657890 Best Valid seen: 0.518500 Valid: 0.515800
05-03 01:23 INFO     Epoch: 27 Loss: 0.644445 Best Valid seen: 0.518500 Valid: 0.515200
05-03 01:45 INFO     Epoch: 28 Loss: 0.607744 Best Valid seen: 0.518500 Valid: 0.510700
05-03 01:45 INFO     Validation accuracy hasn't improved in 10 epochs. Stopping training.
05-03 01:45 INFO     Testing lr=0.01, optimizer=sgd, batch_size=64
05-03 01:45 INFO     Training network 0
05-03 01:45 INFO     n_training: 16
05-03 01:45 INFO     n_test: 313
05-03 02:08 INFO     Epoch: 0 Loss: 1.295130 Best Valid seen: 0.396400 Valid: 0.396400
05-03 02:27 INFO     Epoch: 1 Loss: 1.346845 Best Valid seen: 0.396400 Valid: 0.350500
05-03 02:42 INFO     Epoch: 2 Loss: 1.313823 Best Valid seen: 0.396400 Valid: 0.358300
05-03 02:50 INFO     Epoch: 3 Loss: 1.245856 Best Valid seen: 0.433700 Valid: 0.433700
05-03 03:09 INFO     Epoch: 4 Loss: 1.153097 Best Valid seen: 0.433700 Valid: 0.381300
05-03 03:23 INFO     Epoch: 5 Loss: 1.129740 Best Valid seen: 0.433700 Valid: 0.385400
05-03 03:45 INFO     Epoch: 6 Loss: 1.110919 Best Valid seen: 0.464000 Valid: 0.464000
05-03 04:06 INFO     Epoch: 7 Loss: 1.043454 Best Valid seen: 0.464000 Valid: 0.458400
05-03 04:31 INFO     Epoch: 8 Loss: 0.980954 Best Valid seen: 0.464000 Valid: 0.463700
05-03 04:37 INFO     Epoch: 9 Loss: 0.995528 Best Valid seen: 0.464000 Valid: 0.454400
05-03 04:40 INFO     Epoch: 10 Loss: 0.992279 Best Valid seen: 0.487300 Valid: 0.487300
05-03 04:59 INFO     Epoch: 11 Loss: 0.888809 Best Valid seen: 0.487400 Valid: 0.487400
05-03 05:15 INFO     Epoch: 12 Loss: 0.888695 Best Valid seen: 0.492900 Valid: 0.492900
05-03 05:38 INFO     Epoch: 13 Loss: 0.859362 Best Valid seen: 0.498600 Valid: 0.498600
05-03 05:57 INFO     Epoch: 14 Loss: 0.824112 Best Valid seen: 0.502900 Valid: 0.502900
05-03 06:21 INFO     Epoch: 15 Loss: 0.802200 Best Valid seen: 0.502900 Valid: 0.485500
05-03 06:28 INFO     Epoch: 16 Loss: 0.804755 Best Valid seen: 0.508800 Valid: 0.508800
05-03 06:44 INFO     Epoch: 17 Loss: 0.769170 Best Valid seen: 0.508800 Valid: 0.506400
05-03 06:53 INFO     Epoch: 18 Loss: 0.761275 Best Valid seen: 0.508800 Valid: 0.505100
05-03 07:16 INFO     Epoch: 19 Loss: 0.739616 Best Valid seen: 0.508800 Valid: 0.500600
05-03 07:39 INFO     Epoch: 20 Loss: 0.741692 Best Valid seen: 0.508800 Valid: 0.506400
05-03 08:01 INFO     Epoch: 21 Loss: 0.719702 Best Valid seen: 0.518900 Valid: 0.518900
05-03 08:15 INFO     Epoch: 22 Loss: 0.697125 Best Valid seen: 0.518900 Valid: 0.517900
05-03 08:20 INFO     Epoch: 23 Loss: 0.692162 Best Valid seen: 0.518900 Valid: 0.518000
05-03 08:39 INFO     Epoch: 24 Loss: 0.673596 Best Valid seen: 0.519100 Valid: 0.519100
05-03 08:51 INFO     Epoch: 25 Loss: 0.640662 Best Valid seen: 0.519100 Valid: 0.513700
05-03 09:14 INFO     Epoch: 26 Loss: 0.604609 Best Valid seen: 0.519100 Valid: 0.513600
05-03 09:34 INFO     Epoch: 27 Loss: 0.644855 Best Valid seen: 0.519100 Valid: 0.518800
05-03 09:59 INFO     Epoch: 28 Loss: 0.594163 Best Valid seen: 0.519100 Valid: 0.513600
05-03 10:01 INFO     Epoch: 29 Loss: 0.610405 Best Valid seen: 0.519100 Valid: 0.519000
05-03 10:14 INFO     Epoch: 30 Loss: 0.593507 Best Valid seen: 0.519100 Valid: 0.512600
05-03 10:29 INFO     Epoch: 31 Loss: 0.571377 Best Valid seen: 0.519100 Valid: 0.518900
05-03 10:46 INFO     Epoch: 32 Loss: 0.561316 Best Valid seen: 0.520200 Valid: 0.520200
05-03 11:09 INFO     Epoch: 33 Loss: 0.546574 Best Valid seen: 0.521300 Valid: 0.521300
05-03 11:31 INFO     Epoch: 34 Loss: 0.529447 Best Valid seen: 0.528400 Valid: 0.528400
05-03 11:49 INFO     Epoch: 35 Loss: 0.523528 Best Valid seen: 0.528400 Valid: 0.521500
05-03 11:56 INFO     Epoch: 36 Loss: 0.472212 Best Valid seen: 0.528400 Valid: 0.516300
05-03 12:05 INFO     Epoch: 37 Loss: 0.509739 Best Valid seen: 0.528400 Valid: 0.517300
05-03 12:17 INFO     Epoch: 38 Loss: 0.482380 Best Valid seen: 0.528400 Valid: 0.517300
05-03 12:35 INFO     Epoch: 39 Loss: 0.457238 Best Valid seen: 0.528400 Valid: 0.518800
05-03 12:58 INFO     Epoch: 40 Loss: 0.465652 Best Valid seen: 0.528400 Valid: 0.518900
05-03 13:18 INFO     Epoch: 41 Loss: 0.450008 Best Valid seen: 0.528400 Valid: 0.513800
05-03 13:38 INFO     Epoch: 42 Loss: 0.465344 Best Valid seen: 0.528400 Valid: 0.517800
05-03 13:45 INFO     Epoch: 43 Loss: 0.451003 Best Valid seen: 0.528400 Valid: 0.522100
05-03 14:04 INFO     Epoch: 44 Loss: 0.439645 Best Valid seen: 0.528400 Valid: 0.520100
05-03 14:04 INFO     Validation accuracy hasn't improved in 10 epochs. Stopping training.
05-03 14:04 INFO     New best score: 0.5284 found with params lr=0.001, optimizer=sgd, batch_size=64
05-03 14:04 INFO     Testing lr=0.1, optimizer=sgd, batch_size=32
05-03 14:04 INFO     Training network 0
05-03 14:04 INFO     n_training: 16
05-03 14:04 INFO     n_test: 313
05-03 14:15 INFO     Epoch: 0 Loss: 1.340619 Best Valid seen: 0.453700 Valid: 0.453700
05-03 14:37 INFO     Epoch: 1 Loss: 1.333779 Best Valid seen: 0.453700 Valid: 0.325500
05-03 14:59 INFO     Epoch: 2 Loss: 1.370162 Best Valid seen: 0.453700 Valid: 0.364600
05-03 15:22 INFO     Epoch: 3 Loss: 1.256396 Best Valid seen: 0.458600 Valid: 0.458600
05-03 15:27 INFO     Epoch: 4 Loss: 1.128094 Best Valid seen: 0.458600 Valid: 0.437000
05-03 15:39 INFO     Epoch: 5 Loss: 1.108939 Best Valid seen: 0.458600 Valid: 0.393300
05-03 15:54 INFO     Epoch: 6 Loss: 1.078799 Best Valid seen: 0.458600 Valid: 0.424700
05-03 16:10 INFO     Epoch: 7 Loss: 1.014407 Best Valid seen: 0.460000 Valid: 0.460000
05-03 16:32 INFO     Epoch: 8 Loss: 0.975022 Best Valid seen: 0.491900 Valid: 0.491900
05-03 16:53 INFO     Epoch: 9 Loss: 0.930670 Best Valid seen: 0.491900 Valid: 0.484000
05-03 17:15 INFO     Epoch: 10 Loss: 0.943368 Best Valid seen: 0.491900 Valid: 0.491400
05-03 17:22 INFO     Epoch: 11 Loss: 0.898369 Best Valid seen: 0.491900 Valid: 0.490300
05-03 17:36 INFO     Epoch: 12 Loss: 0.890226 Best Valid seen: 0.491900 Valid: 0.490300
05-03 18:01 INFO     Epoch: 13 Loss: 0.861441 Best Valid seen: 0.491900 Valid: 0.487500
05-03 18:27 INFO     Epoch: 14 Loss: 0.848635 Best Valid seen: 0.493800 Valid: 0.493800
05-03 18:48 INFO     Epoch: 15 Loss: 0.820303 Best Valid seen: 0.500000 Valid: 0.500000
05-03 19:14 INFO     Epoch: 16 Loss: 0.766467 Best Valid seen: 0.504400 Valid: 0.504400
05-03 19:29 INFO     Epoch: 17 Loss: 0.767723 Best Valid seen: 0.504400 Valid: 0.495000
05-03 19:45 INFO     Epoch: 18 Loss: 0.756845 Best Valid seen: 0.504400 Valid: 0.494100
05-03 20:15 INFO     Epoch: 19 Loss: 0.696190 Best Valid seen: 0.507000 Valid: 0.507000
05-03 20:54 INFO     Epoch: 20 Loss: 0.718604 Best Valid seen: 0.509000 Valid: 0.509000
05-03 21:33 INFO     Epoch: 21 Loss: 0.670771 Best Valid seen: 0.509000 Valid: 0.507400
05-03 22:10 INFO     Epoch: 22 Loss: 0.607599 Best Valid seen: 0.509000 Valid: 0.506200
05-03 22:48 INFO     Epoch: 23 Loss: 0.655888 Best Valid seen: 0.509000 Valid: 0.504200
05-03 23:26 INFO     Epoch: 24 Loss: 0.660201 Best Valid seen: 0.509700 Valid: 0.509700
05-04 00:05 INFO     Epoch: 25 Loss: 0.595277 Best Valid seen: 0.511700 Valid: 0.511700
05-04 00:43 INFO     Epoch: 26 Loss: 0.565026 Best Valid seen: 0.518500 Valid: 0.518500
05-04 01:21 INFO     Epoch: 27 Loss: 0.610283 Best Valid seen: 0.518500 Valid: 0.517400
05-04 01:59 INFO     Epoch: 28 Loss: 0.609182 Best Valid seen: 0.518500 Valid: 0.516700
05-04 02:38 INFO     Epoch: 29 Loss: 0.548634 Best Valid seen: 0.518500 Valid: 0.517500
05-04 03:15 INFO     Epoch: 30 Loss: 0.525749 Best Valid seen: 0.518500 Valid: 0.517800
05-04 03:54 INFO     Epoch: 31 Loss: 0.499632 Best Valid seen: 0.518600 Valid: 0.518600
05-04 04:31 INFO     Epoch: 32 Loss: 0.523803 Best Valid seen: 0.521600 Valid: 0.521600
05-04 05:10 INFO     Epoch: 33 Loss: 0.480084 Best Valid seen: 0.521600 Valid: 0.519100
05-04 05:49 INFO     Epoch: 34 Loss: 0.505548 Best Valid seen: 0.521600 Valid: 0.514500
05-04 06:26 INFO     Epoch: 35 Loss: 0.503691 Best Valid seen: 0.521600 Valid: 0.517400
05-04 07:05 INFO     Epoch: 36 Loss: 0.464002 Best Valid seen: 0.521600 Valid: 0.517100
05-04 07:43 INFO     Epoch: 37 Loss: 0.448050 Best Valid seen: 0.521600 Valid: 0.520100
05-04 08:21 INFO     Epoch: 38 Loss: 0.447909 Best Valid seen: 0.522600 Valid: 0.522600
05-04 08:59 INFO     Epoch: 39 Loss: 0.482061 Best Valid seen: 0.523100 Valid: 0.523100
05-04 09:37 INFO     Epoch: 40 Loss: 0.389951 Best Valid seen: 0.523100 Valid: 0.522000
05-04 10:15 INFO     Epoch: 41 Loss: 0.400810 Best Valid seen: 0.523100 Valid: 0.519300
05-04 10:54 INFO     Epoch: 42 Loss: 0.443759 Best Valid seen: 0.523100 Valid: 0.517600
05-04 11:31 INFO     Epoch: 43 Loss: 0.416647 Best Valid seen: 0.523100 Valid: 0.514400
