05-30 03:33 INFO     Testing lr=0.001, optimizer=sgd, batch_size=32
05-30 03:33 INFO     Training network 0
05-30 03:33 INFO     n_training: 43
05-30 03:33 INFO     n_test: 313
05-30 03:34 INFO     Epoch: 0 Loss: 0.004988 Best Valid seen: 0.811300 Valid: 0.811300
05-30 03:35 INFO     Epoch: 1 Loss: 0.004984 Best Valid seen: 0.813500 Valid: 0.813500
05-30 03:36 INFO     Epoch: 2 Loss: 0.001492 Best Valid seen: 0.813500 Valid: 0.812900
05-30 03:37 INFO     Epoch: 3 Loss: 0.005344 Best Valid seen: 0.813500 Valid: 0.812900
05-30 03:38 INFO     Epoch: 4 Loss: 0.002138 Best Valid seen: 0.813500 Valid: 0.808700
05-30 03:39 INFO     Epoch: 5 Loss: 0.001610 Best Valid seen: 0.813500 Valid: 0.806400
05-30 03:40 INFO     Epoch: 6 Loss: 0.004757 Best Valid seen: 0.813500 Valid: 0.801900
05-30 03:41 INFO     Epoch: 7 Loss: 0.015410 Best Valid seen: 0.813500 Valid: 0.802400
05-30 03:41 INFO     Epoch: 8 Loss: 0.003473 Best Valid seen: 0.813500 Valid: 0.798700
05-30 03:42 INFO     Epoch: 9 Loss: 0.005072 Best Valid seen: 0.813500 Valid: 0.793400
05-30 03:43 INFO     Epoch: 10 Loss: 0.008676 Best Valid seen: 0.813500 Valid: 0.790100
05-30 03:44 INFO     Epoch: 11 Loss: 0.014035 Best Valid seen: 0.813500 Valid: 0.790200
05-30 03:44 INFO     Validation accuracy hasn't improved in 10 epochs. Stopping training.
05-30 03:44 INFO     New best score: 0.8135 found with params lr=0.001, optimizer=sgd, batch_size=64
05-30 03:44 INFO     Testing lr=0.001, optimizer=sgd, batch_size=64
05-30 03:44 INFO     Training network 0
05-30 03:44 INFO     n_training: 43
05-30 03:44 INFO     n_test: 313
05-30 03:45 INFO     Epoch: 0 Loss: 0.004112 Best Valid seen: 0.814000 Valid: 0.814000
05-30 03:46 INFO     Epoch: 1 Loss: 0.003220 Best Valid seen: 0.814000 Valid: 0.813700
05-30 03:47 INFO     Epoch: 2 Loss: 0.002027 Best Valid seen: 0.815800 Valid: 0.815800
05-30 03:48 INFO     Epoch: 3 Loss: 0.003798 Best Valid seen: 0.816000 Valid: 0.816000
05-30 03:49 INFO     Epoch: 4 Loss: 0.001239 Best Valid seen: 0.816000 Valid: 0.815700
05-30 03:50 INFO     Epoch: 5 Loss: 0.003795 Best Valid seen: 0.816000 Valid: 0.813200
05-30 03:50 INFO     Epoch: 6 Loss: 0.001031 Best Valid seen: 0.816000 Valid: 0.812900
05-30 03:51 INFO     Epoch: 7 Loss: 0.005608 Best Valid seen: 0.816000 Valid: 0.803800
05-30 03:52 INFO     Epoch: 8 Loss: 0.002708 Best Valid seen: 0.816000 Valid: 0.807600
05-30 03:53 INFO     Epoch: 9 Loss: 0.002816 Best Valid seen: 0.816000 Valid: 0.803400
05-30 03:54 INFO     Epoch: 10 Loss: 0.002289 Best Valid seen: 0.816000 Valid: 0.800800
05-30 03:55 INFO     Epoch: 11 Loss: 0.006495 Best Valid seen: 0.816000 Valid: 0.799600
05-30 03:56 INFO     Epoch: 12 Loss: 0.003997 Best Valid seen: 0.816000 Valid: 0.799100
05-30 03:57 INFO     Epoch: 13 Loss: 0.007177 Best Valid seen: 0.816000 Valid: 0.794200
05-30 03:57 INFO     Validation accuracy hasn't improved in 10 epochs. Stopping training.
05-30 03:57 INFO     New best score: 0.816 found with params lr=0.001, optimizer=sgd, batch_size=64
05-30 03:57 INFO     Testing lr=0.01, optimizer=sgd, batch_size=32
05-30 03:57 INFO     Training network 0
05-30 03:57 INFO     n_training: 43
05-30 03:57 INFO     n_test: 313
05-30 03:58 INFO     Epoch: 0 Loss: 0.003289 Best Valid seen: 0.813800 Valid: 0.813800
05-30 03:58 INFO     Epoch: 1 Loss: 0.003015 Best Valid seen: 0.814100 Valid: 0.814100
05-30 03:59 INFO     Epoch: 2 Loss: 0.003140 Best Valid seen: 0.814100 Valid: 0.814100
05-30 04:00 INFO     Epoch: 3 Loss: 0.002372 Best Valid seen: 0.814100 Valid: 0.812900
05-30 04:01 INFO     Epoch: 4 Loss: 0.003161 Best Valid seen: 0.814100 Valid: 0.813000
05-30 04:02 INFO     Epoch: 5 Loss: 0.000936 Best Valid seen: 0.814300 Valid: 0.814300
05-30 04:03 INFO     Epoch: 6 Loss: 0.003262 Best Valid seen: 0.814300 Valid: 0.809000
05-30 04:04 INFO     Epoch: 7 Loss: 0.001189 Best Valid seen: 0.814300 Valid: 0.806700
05-30 04:05 INFO     Epoch: 8 Loss: 0.001891 Best Valid seen: 0.814300 Valid: 0.803600
05-30 04:06 INFO     Epoch: 9 Loss: 0.004318 Best Valid seen: 0.814300 Valid: 0.802300
05-30 04:07 INFO     Epoch: 10 Loss: 0.001199 Best Valid seen: 0.814300 Valid: 0.798700
05-30 04:07 INFO     Epoch: 11 Loss: 0.002601 Best Valid seen: 0.814300 Valid: 0.794400
05-30 04:08 INFO     Epoch: 12 Loss: 0.003332 Best Valid seen: 0.814300 Valid: 0.794400
05-30 04:09 INFO     Epoch: 13 Loss: 0.004535 Best Valid seen: 0.814300 Valid: 0.794200
05-30 04:10 INFO     Epoch: 14 Loss: 0.002864 Best Valid seen: 0.814300 Valid: 0.794000
05-30 04:11 INFO     Epoch: 15 Loss: 0.003617 Best Valid seen: 0.814300 Valid: 0.792900
05-30 04:11 INFO     Validation accuracy hasn't improved in 10 epochs. Stopping training.
05-30 04:11 INFO     Testing lr=0.01, optimizer=sgd, batch_size=64
05-30 04:11 INFO     Training network 0
05-30 04:11 INFO     n_training: 43
05-30 04:11 INFO     n_test: 313
05-30 04:12 INFO     Epoch: 0 Loss: 0.004209 Best Valid seen: 0.814000 Valid: 0.814000
05-30 04:13 INFO     Epoch: 1 Loss: 0.002854 Best Valid seen: 0.814000 Valid: 0.812900
05-30 04:14 INFO     Epoch: 2 Loss: 0.003460 Best Valid seen: 0.814000 Valid: 0.812800
05-30 04:15 INFO     Epoch: 3 Loss: 0.001970 Best Valid seen: 0.818100 Valid: 0.818100
05-30 04:16 INFO     Epoch: 4 Loss: 0.002730 Best Valid seen: 0.818100 Valid: 0.814900
05-30 04:16 INFO     Epoch: 5 Loss: 0.004366 Best Valid seen: 0.818100 Valid: 0.814700
05-30 04:17 INFO     Epoch: 6 Loss: 0.016354 Best Valid seen: 0.818100 Valid: 0.813500
05-30 04:18 INFO     Epoch: 7 Loss: 0.002831 Best Valid seen: 0.818100 Valid: 0.808400
05-30 04:19 INFO     Epoch: 8 Loss: 0.003243 Best Valid seen: 0.818100 Valid: 0.799300
05-30 04:20 INFO     Epoch: 9 Loss: 0.006481 Best Valid seen: 0.818100 Valid: 0.792700
05-30 04:21 INFO     Epoch: 10 Loss: 0.011751 Best Valid seen: 0.818100 Valid: 0.793600
05-30 04:22 INFO     Epoch: 11 Loss: 0.006090 Best Valid seen: 0.818100 Valid: 0.794500
05-30 04:23 INFO     Epoch: 12 Loss: 0.006057 Best Valid seen: 0.818100 Valid: 0.797400
05-30 04:24 INFO     Epoch: 13 Loss: 0.007392 Best Valid seen: 0.818100 Valid: 0.790400
05-30 04:24 INFO     Validation accuracy hasn't improved in 10 epochs. Stopping training.
05-30 04:24 INFO     New best score: 0.8181 found with params lr=0.001, optimizer=sgd, batch_size=64
05-30 04:24 INFO     Testing lr=0.1, optimizer=sgd, batch_size=32
05-30 04:24 INFO     Training network 0
05-30 04:24 INFO     n_training: 43
05-30 04:24 INFO     n_test: 313
05-30 04:25 INFO     Epoch: 0 Loss: 0.002792 Best Valid seen: 0.813300 Valid: 0.813300
05-30 04:25 INFO     Epoch: 1 Loss: 0.004826 Best Valid seen: 0.813300 Valid: 0.812200
05-30 04:26 INFO     Epoch: 2 Loss: 0.003147 Best Valid seen: 0.815600 Valid: 0.815600
05-30 04:27 INFO     Epoch: 3 Loss: 0.002648 Best Valid seen: 0.815600 Valid: 0.813900
05-30 04:28 INFO     Epoch: 4 Loss: 0.002480 Best Valid seen: 0.815600 Valid: 0.812000
05-30 04:29 INFO     Epoch: 5 Loss: 0.002452 Best Valid seen: 0.815600 Valid: 0.810900
05-30 04:30 INFO     Epoch: 6 Loss: 0.006062 Best Valid seen: 0.815600 Valid: 0.808500
05-30 04:31 INFO     Epoch: 7 Loss: 0.001284 Best Valid seen: 0.815600 Valid: 0.803800
05-30 04:32 INFO     Epoch: 8 Loss: 0.004207 Best Valid seen: 0.815600 Valid: 0.802700
05-30 04:33 INFO     Epoch: 9 Loss: 0.008127 Best Valid seen: 0.815600 Valid: 0.799800
05-30 04:34 INFO     Epoch: 10 Loss: 0.004205 Best Valid seen: 0.815600 Valid: 0.797400
05-30 04:34 INFO     Epoch: 11 Loss: 0.005775 Best Valid seen: 0.815600 Valid: 0.800100
05-30 04:35 INFO     Epoch: 12 Loss: 0.005794 Best Valid seen: 0.815600 Valid: 0.800000
05-30 04:35 INFO     Validation accuracy hasn't improved in 10 epochs. Stopping training.
05-30 04:35 INFO     Testing lr=0.1, optimizer=sgd, batch_size=64
05-30 04:35 INFO     Training network 0
05-30 04:35 INFO     n_training: 43
05-30 04:35 INFO     n_test: 313
05-30 04:36 INFO     Epoch: 0 Loss: 0.004079 Best Valid seen: 0.812200 Valid: 0.812200
05-30 04:37 INFO     Epoch: 1 Loss: 0.002876 Best Valid seen: 0.816100 Valid: 0.816100
05-30 04:38 INFO     Epoch: 2 Loss: 0.002489 Best Valid seen: 0.816500 Valid: 0.816500
05-30 04:39 INFO     Epoch: 3 Loss: 0.003665 Best Valid seen: 0.816500 Valid: 0.816300
05-30 04:40 INFO     Epoch: 4 Loss: 0.001409 Best Valid seen: 0.817200 Valid: 0.817200
05-30 04:41 INFO     Epoch: 5 Loss: 0.001957 Best Valid seen: 0.817200 Valid: 0.811900
05-30 04:42 INFO     Epoch: 6 Loss: 0.001977 Best Valid seen: 0.817200 Valid: 0.814000
05-30 04:43 INFO     Epoch: 7 Loss: 0.001347 Best Valid seen: 0.817200 Valid: 0.808600
05-30 04:43 INFO     Epoch: 8 Loss: 0.002442 Best Valid seen: 0.817200 Valid: 0.806700
05-30 04:44 INFO     Epoch: 9 Loss: 0.001682 Best Valid seen: 0.817200 Valid: 0.806300
05-30 04:45 INFO     Epoch: 10 Loss: 0.002367 Best Valid seen: 0.817200 Valid: 0.806100
05-30 04:46 INFO     Epoch: 11 Loss: 0.006451 Best Valid seen: 0.817200 Valid: 0.804800
05-30 04:47 INFO     Epoch: 12 Loss: 0.001652 Best Valid seen: 0.817200 Valid: 0.804400
05-30 04:48 INFO     Epoch: 13 Loss: 0.001388 Best Valid seen: 0.817200 Valid: 0.802600
05-30 04:49 INFO     Epoch: 14 Loss: 0.001932 Best Valid seen: 0.817200 Valid: 0.803300
05-30 04:49 INFO     Validation accuracy hasn't improved in 10 epochs. Stopping training.
05-30 04:49 INFO     Testing lr=0.001, optimizer=sgd, batch_size=32
05-30 04:49 INFO     Training network 1
05-30 04:49 INFO     n_training: 29
05-30 04:49 INFO     n_test: 313
05-30 04:50 INFO     Epoch: 0 Loss: 0.030471 Best Valid seen: 0.814300 Valid: 0.814300
05-30 04:50 INFO     Epoch: 1 Loss: 0.039590 Best Valid seen: 0.814300 Valid: 0.810200
05-30 04:51 INFO     Epoch: 2 Loss: 0.011906 Best Valid seen: 0.814300 Valid: 0.796900
05-30 04:52 INFO     Epoch: 3 Loss: 0.069174 Best Valid seen: 0.814300 Valid: 0.792800
05-30 04:53 INFO     Epoch: 4 Loss: 0.015024 Best Valid seen: 0.814300 Valid: 0.792500
05-30 04:53 INFO     Epoch: 5 Loss: 0.031846 Best Valid seen: 0.814300 Valid: 0.781700
05-30 04:54 INFO     Epoch: 6 Loss: 0.070217 Best Valid seen: 0.814300 Valid: 0.775600
05-30 04:55 INFO     Epoch: 7 Loss: 0.048790 Best Valid seen: 0.814300 Valid: 0.783700
05-30 04:56 INFO     Epoch: 8 Loss: 0.034527 Best Valid seen: 0.814300 Valid: 0.781400
05-30 04:57 INFO     Epoch: 9 Loss: 0.040505 Best Valid seen: 0.814300 Valid: 0.779000
05-30 04:57 INFO     Epoch: 10 Loss: 0.048298 Best Valid seen: 0.814300 Valid: 0.776200
05-30 04:57 INFO     Validation accuracy hasn't improved in 10 epochs. Stopping training.
05-30 04:57 INFO     New best score: 0.8143 found with params lr=0.001, optimizer=sgd, batch_size=64
05-30 04:57 INFO     Testing lr=0.001, optimizer=sgd, batch_size=64
05-30 04:57 INFO     Training network 1
05-30 04:57 INFO     n_training: 29
05-30 04:57 INFO     n_test: 313
05-30 04:58 INFO     Epoch: 0 Loss: 0.038499 Best Valid seen: 0.815400 Valid: 0.815400
05-30 04:59 INFO     Epoch: 1 Loss: 0.027646 Best Valid seen: 0.815400 Valid: 0.810100
05-30 05:00 INFO     Epoch: 2 Loss: 0.023598 Best Valid seen: 0.815400 Valid: 0.806200
05-30 05:01 INFO     Epoch: 3 Loss: 0.008725 Best Valid seen: 0.815400 Valid: 0.801500
05-30 05:01 INFO     Epoch: 4 Loss: 0.017848 Best Valid seen: 0.815400 Valid: 0.797500
05-30 05:02 INFO     Epoch: 5 Loss: 0.017640 Best Valid seen: 0.815400 Valid: 0.792600
05-30 05:03 INFO     Epoch: 6 Loss: 0.043089 Best Valid seen: 0.815400 Valid: 0.778400
05-30 05:04 INFO     Epoch: 7 Loss: 0.063489 Best Valid seen: 0.815400 Valid: 0.775400
05-30 05:05 INFO     Epoch: 8 Loss: 0.031395 Best Valid seen: 0.815400 Valid: 0.770600
05-30 05:05 INFO     Epoch: 9 Loss: 0.058819 Best Valid seen: 0.815400 Valid: 0.768700
05-30 05:06 INFO     Epoch: 10 Loss: 0.117666 Best Valid seen: 0.815400 Valid: 0.759900
05-30 05:06 INFO     Validation accuracy hasn't improved in 10 epochs. Stopping training.
05-30 05:06 INFO     New best score: 0.8154 found with params lr=0.001, optimizer=sgd, batch_size=64
05-30 05:06 INFO     Testing lr=0.01, optimizer=sgd, batch_size=32
05-30 05:06 INFO     Training network 1
05-30 05:06 INFO     n_training: 29
05-30 05:06 INFO     n_test: 313
05-30 05:07 INFO     Epoch: 0 Loss: 0.040056 Best Valid seen: 0.817400 Valid: 0.817400
05-30 05:08 INFO     Epoch: 1 Loss: 0.020411 Best Valid seen: 0.817400 Valid: 0.812500
05-30 05:09 INFO     Epoch: 2 Loss: 0.013719 Best Valid seen: 0.817400 Valid: 0.813000
05-30 05:09 INFO     Epoch: 3 Loss: 0.017483 Best Valid seen: 0.817400 Valid: 0.803600
05-30 05:10 INFO     Epoch: 4 Loss: 0.009672 Best Valid seen: 0.817400 Valid: 0.801300
05-30 05:11 INFO     Epoch: 5 Loss: 0.009580 Best Valid seen: 0.817400 Valid: 0.797600
05-30 05:12 INFO     Epoch: 6 Loss: 0.013737 Best Valid seen: 0.817400 Valid: 0.795900
05-30 05:13 INFO     Epoch: 7 Loss: 0.016482 Best Valid seen: 0.817400 Valid: 0.794000
05-30 05:13 INFO     Epoch: 8 Loss: 0.026123 Best Valid seen: 0.817400 Valid: 0.788600
05-30 05:14 INFO     Epoch: 9 Loss: 0.019480 Best Valid seen: 0.817400 Valid: 0.787300
05-30 05:15 INFO     Epoch: 10 Loss: 0.029012 Best Valid seen: 0.817400 Valid: 0.782900
05-30 05:15 INFO     Validation accuracy hasn't improved in 10 epochs. Stopping training.
05-30 05:15 INFO     New best score: 0.8174 found with params lr=0.001, optimizer=sgd, batch_size=64
05-30 05:15 INFO     Testing lr=0.01, optimizer=sgd, batch_size=64
05-30 05:15 INFO     Training network 1
05-30 05:15 INFO     n_training: 29
05-30 05:15 INFO     n_test: 313
05-30 05:16 INFO     Epoch: 0 Loss: 0.043585 Best Valid seen: 0.814600 Valid: 0.814600
05-30 05:17 INFO     Epoch: 1 Loss: 0.020885 Best Valid seen: 0.814600 Valid: 0.814000
05-30 05:17 INFO     Epoch: 2 Loss: 0.022384 Best Valid seen: 0.814600 Valid: 0.808200
05-30 05:18 INFO     Epoch: 3 Loss: 0.019644 Best Valid seen: 0.814600 Valid: 0.802800
05-30 05:19 INFO     Epoch: 4 Loss: 0.021841 Best Valid seen: 0.814600 Valid: 0.799200
05-30 05:20 INFO     Epoch: 5 Loss: 0.014887 Best Valid seen: 0.814600 Valid: 0.796400
05-30 05:21 INFO     Epoch: 6 Loss: 0.016491 Best Valid seen: 0.814600 Valid: 0.785900
05-30 05:21 INFO     Epoch: 7 Loss: 0.032322 Best Valid seen: 0.814600 Valid: 0.783300
05-30 05:22 INFO     Epoch: 8 Loss: 0.027654 Best Valid seen: 0.814600 Valid: 0.784700
05-30 05:23 INFO     Epoch: 9 Loss: 0.027181 Best Valid seen: 0.814600 Valid: 0.786700
05-30 05:24 INFO     Epoch: 10 Loss: 0.029403 Best Valid seen: 0.814600 Valid: 0.777300
05-30 05:24 INFO     Validation accuracy hasn't improved in 10 epochs. Stopping training.
05-30 05:24 INFO     Testing lr=0.1, optimizer=sgd, batch_size=32
05-30 05:24 INFO     Training network 1
05-30 05:24 INFO     n_training: 29
05-30 05:24 INFO     n_test: 313
05-30 05:25 INFO     Epoch: 0 Loss: 0.060499 Best Valid seen: 0.815900 Valid: 0.815900
05-30 05:25 INFO     Epoch: 1 Loss: 0.020172 Best Valid seen: 0.815900 Valid: 0.807400
05-30 05:26 INFO     Epoch: 2 Loss: 0.014525 Best Valid seen: 0.815900 Valid: 0.804700
05-30 05:27 INFO     Epoch: 3 Loss: 0.021217 Best Valid seen: 0.815900 Valid: 0.790200
05-30 05:28 INFO     Epoch: 4 Loss: 0.033234 Best Valid seen: 0.815900 Valid: 0.787500
05-30 05:29 INFO     Epoch: 5 Loss: 0.030700 Best Valid seen: 0.815900 Valid: 0.786400
05-30 05:29 INFO     Epoch: 6 Loss: 0.061294 Best Valid seen: 0.815900 Valid: 0.784300
05-30 05:30 INFO     Epoch: 7 Loss: 0.042454 Best Valid seen: 0.815900 Valid: 0.778000
05-30 05:31 INFO     Epoch: 8 Loss: 0.067976 Best Valid seen: 0.815900 Valid: 0.769000
05-30 05:32 INFO     Epoch: 9 Loss: 0.045153 Best Valid seen: 0.815900 Valid: 0.766300
05-30 05:33 INFO     Epoch: 10 Loss: 0.091818 Best Valid seen: 0.815900 Valid: 0.760000
05-30 05:33 INFO     Validation accuracy hasn't improved in 10 epochs. Stopping training.
05-30 05:33 INFO     Testing lr=0.1, optimizer=sgd, batch_size=64
05-30 05:33 INFO     Training network 1
05-30 05:33 INFO     n_training: 29
05-30 05:33 INFO     n_test: 313
05-30 05:33 INFO     Epoch: 0 Loss: 0.030347 Best Valid seen: 0.815100 Valid: 0.815100
05-30 05:34 INFO     Epoch: 1 Loss: 0.028298 Best Valid seen: 0.815100 Valid: 0.814900
05-30 05:35 INFO     Epoch: 2 Loss: 0.017846 Best Valid seen: 0.815100 Valid: 0.807700
05-30 05:36 INFO     Epoch: 3 Loss: 0.011209 Best Valid seen: 0.815100 Valid: 0.805200
05-30 05:37 INFO     Epoch: 4 Loss: 0.021806 Best Valid seen: 0.815100 Valid: 0.799300
05-30 05:37 INFO     Epoch: 5 Loss: 0.015633 Best Valid seen: 0.815100 Valid: 0.792400
05-30 05:38 INFO     Epoch: 6 Loss: 0.014699 Best Valid seen: 0.815100 Valid: 0.781900
05-30 05:39 INFO     Epoch: 7 Loss: 0.046814 Best Valid seen: 0.815100 Valid: 0.783600
05-30 05:40 INFO     Epoch: 8 Loss: 0.028883 Best Valid seen: 0.815100 Valid: 0.784300
05-30 05:41 INFO     Epoch: 9 Loss: 0.019896 Best Valid seen: 0.815100 Valid: 0.785300
05-30 05:41 INFO     Epoch: 10 Loss: 0.045597 Best Valid seen: 0.815100 Valid: 0.782400
05-30 05:41 INFO     Validation accuracy hasn't improved in 10 epochs. Stopping training.
