04-13 10:30 INFO     Testing lr=0.001, optimizer=sgd, batch_size=32
04-13 10:30 INFO     Training network 0
04-13 10:30 INFO     n_training: 55
04-13 10:30 INFO     n_test: 313
04-13 10:31 INFO     Epoch: 0 Loss: 0.003123 Best Valid seen: 0.841800 Valid: 0.841800
04-13 10:32 INFO     Epoch: 1 Loss: 0.002704 Best Valid seen: 0.841800 Valid: 0.839900
04-13 10:33 INFO     Epoch: 2 Loss: 0.001405 Best Valid seen: 0.841800 Valid: 0.840900
04-13 10:34 INFO     Epoch: 3 Loss: 0.001700 Best Valid seen: 0.841800 Valid: 0.839700
04-13 10:35 INFO     Epoch: 4 Loss: 0.002545 Best Valid seen: 0.841800 Valid: 0.837800
04-13 10:35 INFO     Epoch: 5 Loss: 0.003439 Best Valid seen: 0.841800 Valid: 0.833100
04-13 10:36 INFO     Epoch: 6 Loss: 0.001914 Best Valid seen: 0.841800 Valid: 0.830500
04-13 10:37 INFO     Epoch: 7 Loss: 0.002573 Best Valid seen: 0.841800 Valid: 0.826900
04-13 10:38 INFO     Epoch: 8 Loss: 0.005078 Best Valid seen: 0.841800 Valid: 0.821400
04-13 10:39 INFO     Epoch: 9 Loss: 0.003176 Best Valid seen: 0.841800 Valid: 0.823900
04-13 10:40 INFO     Epoch: 10 Loss: 0.002962 Best Valid seen: 0.841800 Valid: 0.821800
04-13 10:40 INFO     Validation accuracy hasn't improved in 10 epochs. Stopping training.
04-13 10:40 INFO     New best score: 0.8418 found with params lr=0.001, optimizer=sgd, batch_size=64
04-13 10:40 INFO     Testing lr=0.001, optimizer=sgd, batch_size=64
04-13 10:40 INFO     Training network 0
04-13 10:40 INFO     n_training: 55
04-13 10:40 INFO     n_test: 313
04-13 10:41 INFO     Epoch: 0 Loss: 0.004633 Best Valid seen: 0.842300 Valid: 0.842300
04-13 10:42 INFO     Epoch: 1 Loss: 0.002638 Best Valid seen: 0.842300 Valid: 0.841600
04-13 10:43 INFO     Epoch: 2 Loss: 0.002159 Best Valid seen: 0.842300 Valid: 0.840500
04-13 10:44 INFO     Epoch: 3 Loss: 0.002258 Best Valid seen: 0.842300 Valid: 0.835600
04-13 10:45 INFO     Epoch: 4 Loss: 0.003289 Best Valid seen: 0.842300 Valid: 0.834100
04-13 10:46 INFO     Epoch: 5 Loss: 0.001974 Best Valid seen: 0.842300 Valid: 0.831900
04-13 10:47 INFO     Epoch: 6 Loss: 0.004284 Best Valid seen: 0.842300 Valid: 0.826500
04-13 10:48 INFO     Epoch: 7 Loss: 0.003944 Best Valid seen: 0.842300 Valid: 0.825200
04-13 10:48 INFO     Epoch: 8 Loss: 0.004553 Best Valid seen: 0.842300 Valid: 0.817100
04-13 10:49 INFO     Epoch: 9 Loss: 0.006552 Best Valid seen: 0.842300 Valid: 0.818800
04-13 10:50 INFO     Epoch: 10 Loss: 0.006219 Best Valid seen: 0.842300 Valid: 0.818600
04-13 10:50 INFO     Validation accuracy hasn't improved in 10 epochs. Stopping training.
04-13 10:50 INFO     New best score: 0.8423 found with params lr=0.001, optimizer=sgd, batch_size=64
04-13 10:50 INFO     Testing lr=0.01, optimizer=sgd, batch_size=32
04-13 10:50 INFO     Training network 0
04-13 10:50 INFO     n_training: 55
04-13 10:50 INFO     n_test: 313
04-13 10:51 INFO     Epoch: 0 Loss: 0.003381 Best Valid seen: 0.842700 Valid: 0.842700
04-13 10:52 INFO     Epoch: 1 Loss: 0.003487 Best Valid seen: 0.842700 Valid: 0.842500
04-13 10:53 INFO     Epoch: 2 Loss: 0.001973 Best Valid seen: 0.842700 Valid: 0.839800
04-13 10:54 INFO     Epoch: 3 Loss: 0.003132 Best Valid seen: 0.842700 Valid: 0.836900
04-13 10:55 INFO     Epoch: 4 Loss: 0.002018 Best Valid seen: 0.842700 Valid: 0.834800
04-13 10:56 INFO     Epoch: 5 Loss: 0.002096 Best Valid seen: 0.842700 Valid: 0.831600
04-13 10:57 INFO     Epoch: 6 Loss: 0.002458 Best Valid seen: 0.842700 Valid: 0.831100
04-13 10:58 INFO     Epoch: 7 Loss: 0.002265 Best Valid seen: 0.842700 Valid: 0.826700
04-13 10:59 INFO     Epoch: 8 Loss: 0.002844 Best Valid seen: 0.842700 Valid: 0.823300
04-13 10:59 INFO     Epoch: 9 Loss: 0.004463 Best Valid seen: 0.842700 Valid: 0.818600
04-13 11:00 INFO     Epoch: 10 Loss: 0.003047 Best Valid seen: 0.842700 Valid: 0.815500
04-13 11:00 INFO     Validation accuracy hasn't improved in 10 epochs. Stopping training.
04-13 11:00 INFO     New best score: 0.8427 found with params lr=0.001, optimizer=sgd, batch_size=64
04-13 11:00 INFO     Testing lr=0.01, optimizer=sgd, batch_size=64
04-13 11:00 INFO     Training network 0
04-13 11:00 INFO     n_training: 55
04-13 11:00 INFO     n_test: 313
04-13 11:01 INFO     Epoch: 0 Loss: 0.003874 Best Valid seen: 0.841500 Valid: 0.841500
04-13 11:02 INFO     Epoch: 1 Loss: 0.003808 Best Valid seen: 0.841500 Valid: 0.839300
04-13 11:03 INFO     Epoch: 2 Loss: 0.003183 Best Valid seen: 0.841500 Valid: 0.841400
04-13 11:04 INFO     Epoch: 3 Loss: 0.001591 Best Valid seen: 0.841500 Valid: 0.840500
04-13 11:05 INFO     Epoch: 4 Loss: 0.001754 Best Valid seen: 0.841500 Valid: 0.836400
04-13 11:06 INFO     Epoch: 5 Loss: 0.004281 Best Valid seen: 0.841500 Valid: 0.831800
04-13 11:07 INFO     Epoch: 6 Loss: 0.003566 Best Valid seen: 0.841500 Valid: 0.829800
04-13 11:08 INFO     Epoch: 7 Loss: 0.004553 Best Valid seen: 0.841500 Valid: 0.827300
04-13 11:09 INFO     Epoch: 8 Loss: 0.004156 Best Valid seen: 0.841500 Valid: 0.824900
04-13 11:10 INFO     Epoch: 9 Loss: 0.005174 Best Valid seen: 0.841500 Valid: 0.817000
04-13 11:11 INFO     Epoch: 10 Loss: 0.007107 Best Valid seen: 0.841500 Valid: 0.814500
04-13 11:11 INFO     Validation accuracy hasn't improved in 10 epochs. Stopping training.
04-13 11:11 INFO     Testing lr=0.1, optimizer=sgd, batch_size=32
04-13 11:11 INFO     Training network 0
04-13 11:11 INFO     n_training: 55
04-13 11:11 INFO     n_test: 313
04-13 11:12 INFO     Epoch: 0 Loss: 0.003228 Best Valid seen: 0.842200 Valid: 0.842200
04-13 11:12 INFO     Epoch: 1 Loss: 0.003844 Best Valid seen: 0.842200 Valid: 0.842000
04-13 11:13 INFO     Epoch: 2 Loss: 0.001588 Best Valid seen: 0.842200 Valid: 0.841800
04-13 11:14 INFO     Epoch: 3 Loss: 0.001545 Best Valid seen: 0.842200 Valid: 0.840100
04-13 11:15 INFO     Epoch: 4 Loss: 0.002741 Best Valid seen: 0.842200 Valid: 0.839400
04-13 11:16 INFO     Epoch: 5 Loss: 0.002829 Best Valid seen: 0.842200 Valid: 0.834200
04-13 11:17 INFO     Epoch: 6 Loss: 0.002592 Best Valid seen: 0.842200 Valid: 0.830400
04-13 11:18 INFO     Epoch: 7 Loss: 0.002589 Best Valid seen: 0.842200 Valid: 0.828500
04-13 11:19 INFO     Epoch: 8 Loss: 0.002596 Best Valid seen: 0.842200 Valid: 0.829000
04-13 11:20 INFO     Epoch: 9 Loss: 0.004062 Best Valid seen: 0.842200 Valid: 0.824000
04-13 11:21 INFO     Epoch: 10 Loss: 0.004863 Best Valid seen: 0.842200 Valid: 0.813900
04-13 11:21 INFO     Validation accuracy hasn't improved in 10 epochs. Stopping training.
04-13 11:21 INFO     Testing lr=0.1, optimizer=sgd, batch_size=64
04-13 11:21 INFO     Training network 0
04-13 11:21 INFO     n_training: 55
04-13 11:21 INFO     n_test: 313
04-13 11:22 INFO     Epoch: 0 Loss: 0.004839 Best Valid seen: 0.842700 Valid: 0.842700
04-13 11:23 INFO     Epoch: 1 Loss: 0.003165 Best Valid seen: 0.844000 Valid: 0.844000
04-13 11:24 INFO     Epoch: 2 Loss: 0.002558 Best Valid seen: 0.844000 Valid: 0.841400
04-13 11:25 INFO     Epoch: 3 Loss: 0.002250 Best Valid seen: 0.844000 Valid: 0.839700
04-13 11:26 INFO     Epoch: 4 Loss: 0.004793 Best Valid seen: 0.844000 Valid: 0.835700
04-13 11:27 INFO     Epoch: 5 Loss: 0.003933 Best Valid seen: 0.844000 Valid: 0.833800
04-13 11:28 INFO     Epoch: 6 Loss: 0.005071 Best Valid seen: 0.844000 Valid: 0.836200
04-13 11:29 INFO     Epoch: 7 Loss: 0.007494 Best Valid seen: 0.844000 Valid: 0.834800
04-13 11:30 INFO     Epoch: 8 Loss: 0.003752 Best Valid seen: 0.844000 Valid: 0.829700
04-13 11:31 INFO     Epoch: 9 Loss: 0.005368 Best Valid seen: 0.844000 Valid: 0.821200
04-13 11:31 INFO     Epoch: 10 Loss: 0.008968 Best Valid seen: 0.844000 Valid: 0.815200
04-13 11:32 INFO     Epoch: 11 Loss: 0.007255 Best Valid seen: 0.844000 Valid: 0.811000
04-13 11:32 INFO     Validation accuracy hasn't improved in 10 epochs. Stopping training.
04-13 11:32 INFO     New best score: 0.844 found with params lr=0.001, optimizer=sgd, batch_size=64
04-13 11:32 INFO     Testing lr=0.001, optimizer=sgd, batch_size=32
04-13 11:32 INFO     Training network 1
04-13 11:32 INFO     n_training: 48
04-13 11:32 INFO     n_test: 313
04-13 11:33 INFO     Epoch: 0 Loss: 0.011842 Best Valid seen: 0.845200 Valid: 0.845200
04-13 11:34 INFO     Epoch: 1 Loss: 0.007593 Best Valid seen: 0.845300 Valid: 0.845300
04-13 11:35 INFO     Epoch: 2 Loss: 0.011196 Best Valid seen: 0.845300 Valid: 0.841600
04-13 11:36 INFO     Epoch: 3 Loss: 0.005731 Best Valid seen: 0.845300 Valid: 0.834700
04-13 11:37 INFO     Epoch: 4 Loss: 0.010952 Best Valid seen: 0.845300 Valid: 0.825900
04-13 11:38 INFO     Epoch: 5 Loss: 0.010679 Best Valid seen: 0.845300 Valid: 0.821300
04-13 11:39 INFO     Epoch: 6 Loss: 0.009351 Best Valid seen: 0.845300 Valid: 0.819900
04-13 11:40 INFO     Epoch: 7 Loss: 0.009717 Best Valid seen: 0.845300 Valid: 0.817500
04-13 11:41 INFO     Epoch: 8 Loss: 0.016401 Best Valid seen: 0.845300 Valid: 0.810300
04-13 11:42 INFO     Epoch: 9 Loss: 0.017041 Best Valid seen: 0.845300 Valid: 0.808400
04-13 11:43 INFO     Epoch: 10 Loss: 0.016497 Best Valid seen: 0.845300 Valid: 0.812100
04-13 11:44 INFO     Epoch: 11 Loss: 0.018195 Best Valid seen: 0.845300 Valid: 0.805200
04-13 11:44 INFO     Validation accuracy hasn't improved in 10 epochs. Stopping training.
04-13 11:44 INFO     New best score: 0.8453 found with params lr=0.001, optimizer=sgd, batch_size=64
04-13 11:44 INFO     Testing lr=0.001, optimizer=sgd, batch_size=64
04-13 11:44 INFO     Training network 1
04-13 11:44 INFO     n_training: 48
04-13 11:44 INFO     n_test: 313
04-13 11:45 INFO     Epoch: 0 Loss: 0.014331 Best Valid seen: 0.844900 Valid: 0.844900
04-13 11:46 INFO     Epoch: 1 Loss: 0.008553 Best Valid seen: 0.844900 Valid: 0.836400
04-13 11:47 INFO     Epoch: 2 Loss: 0.005383 Best Valid seen: 0.844900 Valid: 0.827400
04-13 11:48 INFO     Epoch: 3 Loss: 0.009620 Best Valid seen: 0.844900 Valid: 0.828200
04-13 11:49 INFO     Epoch: 4 Loss: 0.015198 Best Valid seen: 0.844900 Valid: 0.822300
04-13 11:50 INFO     Epoch: 5 Loss: 0.009818 Best Valid seen: 0.844900 Valid: 0.820800
04-13 11:51 INFO     Epoch: 6 Loss: 0.013115 Best Valid seen: 0.844900 Valid: 0.819000
04-13 11:52 INFO     Epoch: 7 Loss: 0.022488 Best Valid seen: 0.844900 Valid: 0.814800
04-13 11:53 INFO     Epoch: 8 Loss: 0.017330 Best Valid seen: 0.844900 Valid: 0.814600
04-13 11:54 INFO     Epoch: 9 Loss: 0.016442 Best Valid seen: 0.844900 Valid: 0.812400
04-13 11:55 INFO     Epoch: 10 Loss: 0.022246 Best Valid seen: 0.844900 Valid: 0.810600
04-13 11:55 INFO     Validation accuracy hasn't improved in 10 epochs. Stopping training.
04-13 11:55 INFO     Testing lr=0.01, optimizer=sgd, batch_size=32
04-13 11:55 INFO     Training network 1
04-13 11:55 INFO     n_training: 48
04-13 11:55 INFO     n_test: 313
04-13 11:56 INFO     Epoch: 0 Loss: 0.011104 Best Valid seen: 0.845200 Valid: 0.845200
04-13 11:56 INFO     Epoch: 1 Loss: 0.009284 Best Valid seen: 0.845200 Valid: 0.843200
04-13 11:57 INFO     Epoch: 2 Loss: 0.004433 Best Valid seen: 0.845200 Valid: 0.835000
04-13 11:58 INFO     Epoch: 3 Loss: 0.007405 Best Valid seen: 0.845200 Valid: 0.826100
04-13 11:59 INFO     Epoch: 4 Loss: 0.014488 Best Valid seen: 0.845200 Valid: 0.826600
04-13 12:00 INFO     Epoch: 5 Loss: 0.006210 Best Valid seen: 0.845200 Valid: 0.825100
04-13 12:01 INFO     Epoch: 6 Loss: 0.006603 Best Valid seen: 0.845200 Valid: 0.820100
04-13 12:02 INFO     Epoch: 7 Loss: 0.013181 Best Valid seen: 0.845200 Valid: 0.814600
04-13 12:03 INFO     Epoch: 8 Loss: 0.013008 Best Valid seen: 0.845200 Valid: 0.818000
04-13 12:04 INFO     Epoch: 9 Loss: 0.010182 Best Valid seen: 0.845200 Valid: 0.814600
04-13 12:05 INFO     Epoch: 10 Loss: 0.016398 Best Valid seen: 0.845200 Valid: 0.804000
04-13 12:05 INFO     Validation accuracy hasn't improved in 10 epochs. Stopping training.
04-13 12:05 INFO     Testing lr=0.01, optimizer=sgd, batch_size=64
04-13 12:05 INFO     Training network 1
04-13 12:05 INFO     n_training: 48
04-13 12:05 INFO     n_test: 313
04-13 12:06 INFO     Epoch: 0 Loss: 0.015034 Best Valid seen: 0.843800 Valid: 0.843800
04-13 12:07 INFO     Epoch: 1 Loss: 0.007411 Best Valid seen: 0.843800 Valid: 0.840600
04-13 12:08 INFO     Epoch: 2 Loss: 0.006886 Best Valid seen: 0.843800 Valid: 0.836900
04-13 12:09 INFO     Epoch: 3 Loss: 0.004380 Best Valid seen: 0.843800 Valid: 0.828400
04-13 12:10 INFO     Epoch: 4 Loss: 0.008319 Best Valid seen: 0.843800 Valid: 0.822200
04-13 12:11 INFO     Epoch: 5 Loss: 0.006012 Best Valid seen: 0.843800 Valid: 0.818000
04-13 12:12 INFO     Epoch: 6 Loss: 0.014654 Best Valid seen: 0.843800 Valid: 0.814600
04-13 12:13 INFO     Epoch: 7 Loss: 0.018331 Best Valid seen: 0.843800 Valid: 0.818200
04-13 12:14 INFO     Epoch: 8 Loss: 0.012118 Best Valid seen: 0.843800 Valid: 0.813500
04-13 12:15 INFO     Epoch: 9 Loss: 0.017314 Best Valid seen: 0.843800 Valid: 0.810200
04-13 12:16 INFO     Epoch: 10 Loss: 0.015429 Best Valid seen: 0.843800 Valid: 0.807500
04-13 12:16 INFO     Validation accuracy hasn't improved in 10 epochs. Stopping training.
04-13 12:16 INFO     Testing lr=0.1, optimizer=sgd, batch_size=32
04-13 12:16 INFO     Training network 1
04-13 12:16 INFO     n_training: 48
04-13 12:16 INFO     n_test: 313
04-13 12:17 INFO     Epoch: 0 Loss: 0.012867 Best Valid seen: 0.842300 Valid: 0.842300
04-13 12:18 INFO     Epoch: 1 Loss: 0.006833 Best Valid seen: 0.842600 Valid: 0.842600
04-13 12:19 INFO     Epoch: 2 Loss: 0.003720 Best Valid seen: 0.842600 Valid: 0.838400
04-13 12:20 INFO     Epoch: 3 Loss: 0.004573 Best Valid seen: 0.842600 Valid: 0.830300
04-13 12:21 INFO     Epoch: 4 Loss: 0.007159 Best Valid seen: 0.842600 Valid: 0.821600
04-13 12:22 INFO     Epoch: 5 Loss: 0.006550 Best Valid seen: 0.842600 Valid: 0.819200
04-13 12:23 INFO     Epoch: 6 Loss: 0.007416 Best Valid seen: 0.842600 Valid: 0.818200
04-13 12:24 INFO     Epoch: 7 Loss: 0.008107 Best Valid seen: 0.842600 Valid: 0.815500
04-13 12:25 INFO     Epoch: 8 Loss: 0.008899 Best Valid seen: 0.842600 Valid: 0.814900
04-13 12:26 INFO     Epoch: 9 Loss: 0.013676 Best Valid seen: 0.842600 Valid: 0.814600
04-13 12:27 INFO     Epoch: 10 Loss: 0.016515 Best Valid seen: 0.842600 Valid: 0.820700
04-13 12:28 INFO     Epoch: 11 Loss: 0.012311 Best Valid seen: 0.842600 Valid: 0.815000
04-13 12:28 INFO     Validation accuracy hasn't improved in 10 epochs. Stopping training.
04-13 12:28 INFO     Testing lr=0.1, optimizer=sgd, batch_size=64
04-13 12:28 INFO     Training network 1
04-13 12:28 INFO     n_training: 48
04-13 12:28 INFO     n_test: 313
04-13 12:29 INFO     Epoch: 0 Loss: 0.008847 Best Valid seen: 0.842300 Valid: 0.842300
04-13 12:30 INFO     Epoch: 1 Loss: 0.005269 Best Valid seen: 0.844300 Valid: 0.844300
04-13 12:31 INFO     Epoch: 2 Loss: 0.004699 Best Valid seen: 0.844300 Valid: 0.843400
04-13 12:32 INFO     Epoch: 3 Loss: 0.007659 Best Valid seen: 0.844300 Valid: 0.837600
04-13 12:33 INFO     Epoch: 4 Loss: 0.007046 Best Valid seen: 0.844300 Valid: 0.831500
04-13 12:34 INFO     Epoch: 5 Loss: 0.009594 Best Valid seen: 0.844300 Valid: 0.830600
04-13 12:35 INFO     Epoch: 6 Loss: 0.004059 Best Valid seen: 0.844300 Valid: 0.824500
04-13 12:35 INFO     Epoch: 7 Loss: 0.010586 Best Valid seen: 0.844300 Valid: 0.817400
04-13 12:36 INFO     Epoch: 8 Loss: 0.005407 Best Valid seen: 0.844300 Valid: 0.812900
04-13 12:37 INFO     Epoch: 9 Loss: 0.014469 Best Valid seen: 0.844300 Valid: 0.810700
04-13 12:38 INFO     Epoch: 10 Loss: 0.013994 Best Valid seen: 0.844300 Valid: 0.810900
04-13 12:39 INFO     Epoch: 11 Loss: 0.022315 Best Valid seen: 0.844300 Valid: 0.806700
04-13 12:39 INFO     Validation accuracy hasn't improved in 10 epochs. Stopping training.
