04-15 06:25 INFO     Testing lr=0.001, optimizer=sgd, batch_size=32
04-15 06:25 INFO     Training network 0
04-15 06:25 INFO     n_training: 16
04-15 06:25 INFO     n_test: 313
04-15 06:26 INFO     Epoch: 0 Loss: 0.236038 Best Valid seen: 0.879200 Valid: 0.879200
04-15 06:27 INFO     Epoch: 1 Loss: 0.210606 Best Valid seen: 0.879200 Valid: 0.877000
04-15 06:27 INFO     Epoch: 2 Loss: 0.202135 Best Valid seen: 0.879200 Valid: 0.871100
04-15 06:28 INFO     Epoch: 3 Loss: 0.106726 Best Valid seen: 0.879200 Valid: 0.862600
04-15 06:29 INFO     Epoch: 4 Loss: 0.072607 Best Valid seen: 0.879200 Valid: 0.854500
04-15 06:29 INFO     Epoch: 5 Loss: 0.077721 Best Valid seen: 0.879200 Valid: 0.850400
04-15 06:30 INFO     Epoch: 6 Loss: 0.086765 Best Valid seen: 0.879200 Valid: 0.840300
04-15 06:31 INFO     Epoch: 7 Loss: 0.085097 Best Valid seen: 0.879200 Valid: 0.832300
04-15 06:31 INFO     Epoch: 8 Loss: 0.078402 Best Valid seen: 0.879200 Valid: 0.830300
04-15 06:32 INFO     Epoch: 9 Loss: 0.098123 Best Valid seen: 0.879200 Valid: 0.832600
04-15 06:33 INFO     Epoch: 10 Loss: 0.066740 Best Valid seen: 0.879200 Valid: 0.833000
04-15 06:33 INFO     Validation accuracy hasn't improved in 10 epochs. Stopping training.
04-15 06:33 INFO     New best score: 0.8792 found with params lr=0.001, optimizer=sgd, batch_size=64
04-15 06:33 INFO     Testing lr=0.001, optimizer=sgd, batch_size=64
04-15 06:33 INFO     Training network 0
04-15 06:33 INFO     n_training: 16
04-15 06:33 INFO     n_test: 313
04-15 06:33 INFO     Epoch: 0 Loss: 0.266406 Best Valid seen: 0.880200 Valid: 0.880200
04-15 06:34 INFO     Epoch: 1 Loss: 0.226706 Best Valid seen: 0.880200 Valid: 0.877400
04-15 06:34 INFO     Epoch: 2 Loss: 0.143851 Best Valid seen: 0.880200 Valid: 0.871800
04-15 06:35 INFO     Epoch: 3 Loss: 0.125365 Best Valid seen: 0.880200 Valid: 0.863100
04-15 06:36 INFO     Epoch: 4 Loss: 0.067764 Best Valid seen: 0.880200 Valid: 0.850900
04-15 06:36 INFO     Epoch: 5 Loss: 0.081914 Best Valid seen: 0.880200 Valid: 0.839700
04-15 06:37 INFO     Epoch: 6 Loss: 0.056469 Best Valid seen: 0.880200 Valid: 0.828300
04-15 06:38 INFO     Epoch: 7 Loss: 0.090312 Best Valid seen: 0.880200 Valid: 0.828100
04-15 06:38 INFO     Epoch: 8 Loss: 0.066799 Best Valid seen: 0.880200 Valid: 0.830200
04-15 06:39 INFO     Epoch: 9 Loss: 0.065904 Best Valid seen: 0.880200 Valid: 0.826400
04-15 06:40 INFO     Epoch: 10 Loss: 0.096318 Best Valid seen: 0.880200 Valid: 0.822400
04-15 06:40 INFO     Validation accuracy hasn't improved in 10 epochs. Stopping training.
04-15 06:40 INFO     New best score: 0.8802 found with params lr=0.001, optimizer=sgd, batch_size=64
04-15 06:40 INFO     Testing lr=0.01, optimizer=sgd, batch_size=32
04-15 06:40 INFO     Training network 0
04-15 06:40 INFO     n_training: 16
04-15 06:40 INFO     n_test: 313
04-15 06:40 INFO     Epoch: 0 Loss: 0.296823 Best Valid seen: 0.879500 Valid: 0.879500
04-15 06:41 INFO     Epoch: 1 Loss: 0.233039 Best Valid seen: 0.879500 Valid: 0.873900
04-15 06:41 INFO     Epoch: 2 Loss: 0.165506 Best Valid seen: 0.879500 Valid: 0.863600
04-15 06:42 INFO     Epoch: 3 Loss: 0.121643 Best Valid seen: 0.879500 Valid: 0.851700
04-15 06:43 INFO     Epoch: 4 Loss: 0.085807 Best Valid seen: 0.879500 Valid: 0.843800
04-15 06:43 INFO     Epoch: 5 Loss: 0.086602 Best Valid seen: 0.879500 Valid: 0.840600
04-15 06:44 INFO     Epoch: 6 Loss: 0.103679 Best Valid seen: 0.879500 Valid: 0.838700
04-15 06:45 INFO     Epoch: 7 Loss: 0.116961 Best Valid seen: 0.879500 Valid: 0.837400
04-15 06:45 INFO     Epoch: 8 Loss: 0.096668 Best Valid seen: 0.879500 Valid: 0.829100
04-15 06:46 INFO     Epoch: 9 Loss: 0.088096 Best Valid seen: 0.879500 Valid: 0.818700
04-15 06:47 INFO     Epoch: 10 Loss: 0.115809 Best Valid seen: 0.879500 Valid: 0.808000
04-15 06:47 INFO     Validation accuracy hasn't improved in 10 epochs. Stopping training.
04-15 06:47 INFO     Testing lr=0.01, optimizer=sgd, batch_size=64
04-15 06:47 INFO     Training network 0
04-15 06:47 INFO     n_training: 16
04-15 06:47 INFO     n_test: 313
04-15 06:47 INFO     Epoch: 0 Loss: 0.296908 Best Valid seen: 0.880200 Valid: 0.880200
04-15 06:48 INFO     Epoch: 1 Loss: 0.235192 Best Valid seen: 0.880200 Valid: 0.877700
04-15 06:49 INFO     Epoch: 2 Loss: 0.127411 Best Valid seen: 0.880200 Valid: 0.870100
04-15 06:49 INFO     Epoch: 3 Loss: 0.096998 Best Valid seen: 0.880200 Valid: 0.862100
04-15 06:50 INFO     Epoch: 4 Loss: 0.105691 Best Valid seen: 0.880200 Valid: 0.854400
04-15 06:50 INFO     Epoch: 5 Loss: 0.086384 Best Valid seen: 0.880200 Valid: 0.848600
04-15 06:51 INFO     Epoch: 6 Loss: 0.076981 Best Valid seen: 0.880200 Valid: 0.842800
04-15 06:52 INFO     Epoch: 7 Loss: 0.076308 Best Valid seen: 0.880200 Valid: 0.833800
04-15 06:52 INFO     Epoch: 8 Loss: 0.073457 Best Valid seen: 0.880200 Valid: 0.830100
04-15 06:53 INFO     Epoch: 9 Loss: 0.072384 Best Valid seen: 0.880200 Valid: 0.827500
04-15 06:54 INFO     Epoch: 10 Loss: 0.088190 Best Valid seen: 0.880200 Valid: 0.825200
04-15 06:54 INFO     Validation accuracy hasn't improved in 10 epochs. Stopping training.
04-15 06:54 INFO     Testing lr=0.1, optimizer=sgd, batch_size=32
04-15 06:54 INFO     Training network 0
04-15 06:54 INFO     n_training: 16
04-15 06:54 INFO     n_test: 313
04-15 06:54 INFO     Epoch: 0 Loss: 0.241604 Best Valid seen: 0.880000 Valid: 0.880000
04-15 06:55 INFO     Epoch: 1 Loss: 0.233710 Best Valid seen: 0.880000 Valid: 0.879300
04-15 06:56 INFO     Epoch: 2 Loss: 0.166386 Best Valid seen: 0.880000 Valid: 0.870800
04-15 06:56 INFO     Epoch: 3 Loss: 0.118118 Best Valid seen: 0.880000 Valid: 0.860100
04-15 06:57 INFO     Epoch: 4 Loss: 0.124668 Best Valid seen: 0.880000 Valid: 0.847100
04-15 06:57 INFO     Epoch: 5 Loss: 0.087907 Best Valid seen: 0.880000 Valid: 0.836400
04-15 06:58 INFO     Epoch: 6 Loss: 0.082168 Best Valid seen: 0.880000 Valid: 0.833600
04-15 06:59 INFO     Epoch: 7 Loss: 0.079668 Best Valid seen: 0.880000 Valid: 0.829400
04-15 06:59 INFO     Epoch: 8 Loss: 0.064544 Best Valid seen: 0.880000 Valid: 0.830100
04-15 07:00 INFO     Epoch: 9 Loss: 0.078071 Best Valid seen: 0.880000 Valid: 0.830200
04-15 07:01 INFO     Epoch: 10 Loss: 0.090879 Best Valid seen: 0.880000 Valid: 0.827900
04-15 07:01 INFO     Validation accuracy hasn't improved in 10 epochs. Stopping training.
04-15 07:01 INFO     Testing lr=0.1, optimizer=sgd, batch_size=64
04-15 07:01 INFO     Training network 0
04-15 07:01 INFO     n_training: 16
04-15 07:01 INFO     n_test: 313
04-15 07:01 INFO     Epoch: 0 Loss: 0.252632 Best Valid seen: 0.880300 Valid: 0.880300
04-15 07:02 INFO     Epoch: 1 Loss: 0.204589 Best Valid seen: 0.880300 Valid: 0.877100
04-15 07:03 INFO     Epoch: 2 Loss: 0.144996 Best Valid seen: 0.880300 Valid: 0.871900
04-15 07:03 INFO     Epoch: 3 Loss: 0.125807 Best Valid seen: 0.880300 Valid: 0.857400
04-15 07:04 INFO     Epoch: 4 Loss: 0.075760 Best Valid seen: 0.880300 Valid: 0.844900
04-15 07:05 INFO     Epoch: 5 Loss: 0.093584 Best Valid seen: 0.880300 Valid: 0.837400
04-15 07:05 INFO     Epoch: 6 Loss: 0.099494 Best Valid seen: 0.880300 Valid: 0.832000
04-15 07:06 INFO     Epoch: 7 Loss: 0.077118 Best Valid seen: 0.880300 Valid: 0.832500
04-15 07:06 INFO     Epoch: 8 Loss: 0.073153 Best Valid seen: 0.880300 Valid: 0.832800
04-15 07:07 INFO     Epoch: 9 Loss: 0.087549 Best Valid seen: 0.880300 Valid: 0.834900
04-15 07:08 INFO     Epoch: 10 Loss: 0.102553 Best Valid seen: 0.880300 Valid: 0.830600
04-15 07:08 INFO     Validation accuracy hasn't improved in 10 epochs. Stopping training.
04-15 07:08 INFO     New best score: 0.8803 found with params lr=0.001, optimizer=sgd, batch_size=64
04-15 07:08 INFO     Testing lr=0.001, optimizer=sgd, batch_size=32
04-15 07:08 INFO     Training network 1
04-15 07:08 INFO     n_training: 47
04-15 07:08 INFO     n_test: 313
04-15 07:09 INFO     Epoch: 0 Loss: 0.065860 Best Valid seen: 0.881000 Valid: 0.881000
04-15 07:09 INFO     Epoch: 1 Loss: 0.049413 Best Valid seen: 0.881000 Valid: 0.870100
04-15 07:10 INFO     Epoch: 2 Loss: 0.036647 Best Valid seen: 0.881000 Valid: 0.859200
04-15 07:11 INFO     Epoch: 3 Loss: 0.049003 Best Valid seen: 0.881000 Valid: 0.850900
04-15 07:12 INFO     Epoch: 4 Loss: 0.064627 Best Valid seen: 0.881000 Valid: 0.854100
04-15 07:13 INFO     Epoch: 5 Loss: 0.051600 Best Valid seen: 0.881000 Valid: 0.842000
04-15 07:14 INFO     Epoch: 6 Loss: 0.065117 Best Valid seen: 0.881000 Valid: 0.843400
04-15 07:14 INFO     Epoch: 7 Loss: 0.080397 Best Valid seen: 0.881000 Valid: 0.842800
04-15 07:15 INFO     Epoch: 8 Loss: 0.071798 Best Valid seen: 0.881000 Valid: 0.834600
04-15 07:16 INFO     Epoch: 9 Loss: 0.091292 Best Valid seen: 0.881000 Valid: 0.837000
04-15 07:17 INFO     Epoch: 10 Loss: 0.098350 Best Valid seen: 0.881000 Valid: 0.834600
04-15 07:17 INFO     Validation accuracy hasn't improved in 10 epochs. Stopping training.
04-15 07:17 INFO     New best score: 0.881 found with params lr=0.001, optimizer=sgd, batch_size=64
04-15 07:17 INFO     Testing lr=0.001, optimizer=sgd, batch_size=64
04-15 07:17 INFO     Training network 1
04-15 07:17 INFO     n_training: 47
04-15 07:17 INFO     n_test: 313
04-15 07:18 INFO     Epoch: 0 Loss: 0.067045 Best Valid seen: 0.882100 Valid: 0.882100
04-15 07:19 INFO     Epoch: 1 Loss: 0.038891 Best Valid seen: 0.882100 Valid: 0.869800
04-15 07:20 INFO     Epoch: 2 Loss: 0.052641 Best Valid seen: 0.882100 Valid: 0.860900
04-15 07:20 INFO     Epoch: 3 Loss: 0.062258 Best Valid seen: 0.882100 Valid: 0.854000
04-15 07:21 INFO     Epoch: 4 Loss: 0.056185 Best Valid seen: 0.882100 Valid: 0.846500
04-15 07:22 INFO     Epoch: 5 Loss: 0.063401 Best Valid seen: 0.882100 Valid: 0.840400
04-15 07:23 INFO     Epoch: 6 Loss: 0.076648 Best Valid seen: 0.882100 Valid: 0.839200
04-15 07:24 INFO     Epoch: 7 Loss: 0.081972 Best Valid seen: 0.882100 Valid: 0.843500
04-15 07:25 INFO     Epoch: 8 Loss: 0.091765 Best Valid seen: 0.882100 Valid: 0.831300
04-15 07:25 INFO     Epoch: 9 Loss: 0.103012 Best Valid seen: 0.882100 Valid: 0.819400
04-15 07:26 INFO     Epoch: 10 Loss: 0.111129 Best Valid seen: 0.882100 Valid: 0.829200
04-15 07:26 INFO     Validation accuracy hasn't improved in 10 epochs. Stopping training.
04-15 07:26 INFO     New best score: 0.8821 found with params lr=0.001, optimizer=sgd, batch_size=64
04-15 07:26 INFO     Testing lr=0.01, optimizer=sgd, batch_size=32
04-15 07:26 INFO     Training network 1
04-15 07:26 INFO     n_training: 47
04-15 07:26 INFO     n_test: 313
04-15 07:27 INFO     Epoch: 0 Loss: 0.056333 Best Valid seen: 0.879900 Valid: 0.879900
04-15 07:28 INFO     Epoch: 1 Loss: 0.054231 Best Valid seen: 0.879900 Valid: 0.873100
04-15 07:29 INFO     Epoch: 2 Loss: 0.040100 Best Valid seen: 0.879900 Valid: 0.862600
04-15 07:30 INFO     Epoch: 3 Loss: 0.058390 Best Valid seen: 0.879900 Valid: 0.856800
04-15 07:30 INFO     Epoch: 4 Loss: 0.068348 Best Valid seen: 0.879900 Valid: 0.851800
04-15 07:31 INFO     Epoch: 5 Loss: 0.069762 Best Valid seen: 0.879900 Valid: 0.841800
04-15 07:32 INFO     Epoch: 6 Loss: 0.074279 Best Valid seen: 0.879900 Valid: 0.833400
04-15 07:33 INFO     Epoch: 7 Loss: 0.083730 Best Valid seen: 0.879900 Valid: 0.831500
04-15 07:34 INFO     Epoch: 8 Loss: 0.085654 Best Valid seen: 0.879900 Valid: 0.842800
04-15 07:35 INFO     Epoch: 9 Loss: 0.103184 Best Valid seen: 0.879900 Valid: 0.833600
04-15 07:36 INFO     Epoch: 10 Loss: 0.108493 Best Valid seen: 0.879900 Valid: 0.820600
04-15 07:36 INFO     Validation accuracy hasn't improved in 10 epochs. Stopping training.
04-15 07:36 INFO     Testing lr=0.01, optimizer=sgd, batch_size=64
04-15 07:36 INFO     Training network 1
04-15 07:36 INFO     n_training: 47
04-15 07:36 INFO     n_test: 313
04-15 07:36 INFO     Epoch: 0 Loss: 0.063953 Best Valid seen: 0.879000 Valid: 0.879000
04-15 07:37 INFO     Epoch: 1 Loss: 0.047264 Best Valid seen: 0.879000 Valid: 0.869900
04-15 07:38 INFO     Epoch: 2 Loss: 0.046451 Best Valid seen: 0.879000 Valid: 0.864000
04-15 07:39 INFO     Epoch: 3 Loss: 0.049469 Best Valid seen: 0.879000 Valid: 0.857500
04-15 07:40 INFO     Epoch: 4 Loss: 0.051265 Best Valid seen: 0.879000 Valid: 0.843300
04-15 07:41 INFO     Epoch: 5 Loss: 0.064210 Best Valid seen: 0.879000 Valid: 0.851200
04-15 07:41 INFO     Epoch: 6 Loss: 0.067445 Best Valid seen: 0.879000 Valid: 0.840100
04-15 07:42 INFO     Epoch: 7 Loss: 0.079620 Best Valid seen: 0.879000 Valid: 0.837000
04-15 07:43 INFO     Epoch: 8 Loss: 0.094461 Best Valid seen: 0.879000 Valid: 0.838600
04-15 07:44 INFO     Epoch: 9 Loss: 0.093209 Best Valid seen: 0.879000 Valid: 0.829100
04-15 07:45 INFO     Epoch: 10 Loss: 0.088232 Best Valid seen: 0.879000 Valid: 0.826700
04-15 07:45 INFO     Validation accuracy hasn't improved in 10 epochs. Stopping training.
04-15 07:45 INFO     Testing lr=0.1, optimizer=sgd, batch_size=32
04-15 07:45 INFO     Training network 1
04-15 07:45 INFO     n_training: 47
04-15 07:45 INFO     n_test: 313
04-15 07:46 INFO     Epoch: 0 Loss: 0.065716 Best Valid seen: 0.878400 Valid: 0.878400
04-15 07:46 INFO     Epoch: 1 Loss: 0.043386 Best Valid seen: 0.878400 Valid: 0.868700
04-15 07:47 INFO     Epoch: 2 Loss: 0.047939 Best Valid seen: 0.878400 Valid: 0.863100
04-15 07:48 INFO     Epoch: 3 Loss: 0.049705 Best Valid seen: 0.878400 Valid: 0.855800
04-15 07:49 INFO     Epoch: 4 Loss: 0.066037 Best Valid seen: 0.878400 Valid: 0.845900
04-15 07:50 INFO     Epoch: 5 Loss: 0.080093 Best Valid seen: 0.878400 Valid: 0.840300
04-15 07:51 INFO     Epoch: 6 Loss: 0.064996 Best Valid seen: 0.878400 Valid: 0.836100
04-15 07:52 INFO     Epoch: 7 Loss: 0.074871 Best Valid seen: 0.878400 Valid: 0.834500
04-15 07:52 INFO     Epoch: 8 Loss: 0.093040 Best Valid seen: 0.878400 Valid: 0.834000
04-15 07:53 INFO     Epoch: 9 Loss: 0.099596 Best Valid seen: 0.878400 Valid: 0.830000
04-15 07:54 INFO     Epoch: 10 Loss: 0.107442 Best Valid seen: 0.878400 Valid: 0.821100
04-15 07:54 INFO     Validation accuracy hasn't improved in 10 epochs. Stopping training.
04-15 07:54 INFO     Testing lr=0.1, optimizer=sgd, batch_size=64
04-15 07:54 INFO     Training network 1
04-15 07:54 INFO     n_training: 47
04-15 07:54 INFO     n_test: 313
04-15 07:55 INFO     Epoch: 0 Loss: 0.062056 Best Valid seen: 0.879800 Valid: 0.879800
04-15 07:56 INFO     Epoch: 1 Loss: 0.048954 Best Valid seen: 0.879800 Valid: 0.869400
04-15 07:57 INFO     Epoch: 2 Loss: 0.044329 Best Valid seen: 0.879800 Valid: 0.857200
04-15 07:57 INFO     Epoch: 3 Loss: 0.050581 Best Valid seen: 0.879800 Valid: 0.852400
04-15 07:58 INFO     Epoch: 4 Loss: 0.049976 Best Valid seen: 0.879800 Valid: 0.844400
04-15 07:59 INFO     Epoch: 5 Loss: 0.063806 Best Valid seen: 0.879800 Valid: 0.849000
04-15 08:00 INFO     Epoch: 6 Loss: 0.082433 Best Valid seen: 0.879800 Valid: 0.837900
04-15 08:01 INFO     Epoch: 7 Loss: 0.090906 Best Valid seen: 0.879800 Valid: 0.836900
04-15 08:02 INFO     Epoch: 8 Loss: 0.094285 Best Valid seen: 0.879800 Valid: 0.825800
04-15 08:03 INFO     Epoch: 9 Loss: 0.118271 Best Valid seen: 0.879800 Valid: 0.829800
04-15 08:03 INFO     Epoch: 10 Loss: 0.128404 Best Valid seen: 0.879800 Valid: 0.823600
04-15 08:03 INFO     Validation accuracy hasn't improved in 10 epochs. Stopping training.
04-15 08:03 INFO     Testing lr=0.001, optimizer=sgd, batch_size=32
04-15 08:03 INFO     Training network 2
04-15 08:03 INFO     n_training: 125
04-15 08:03 INFO     n_test: 313
04-15 08:05 INFO     Epoch: 0 Loss: 0.001439 Best Valid seen: 0.881500 Valid: 0.881500
04-15 08:06 INFO     Epoch: 1 Loss: 0.001172 Best Valid seen: 0.881500 Valid: 0.877800
04-15 08:08 INFO     Epoch: 2 Loss: 0.001258 Best Valid seen: 0.881500 Valid: 0.873500
04-15 08:09 INFO     Epoch: 3 Loss: 0.001471 Best Valid seen: 0.881500 Valid: 0.864700
04-15 08:10 INFO     Epoch: 4 Loss: 0.002258 Best Valid seen: 0.881500 Valid: 0.871000
04-15 08:12 INFO     Epoch: 5 Loss: 0.002947 Best Valid seen: 0.881500 Valid: 0.864500
04-15 08:13 INFO     Epoch: 6 Loss: 0.009417 Best Valid seen: 0.881500 Valid: 0.851900
04-15 08:14 INFO     Epoch: 7 Loss: 0.011895 Best Valid seen: 0.881500 Valid: 0.852900
04-15 08:16 INFO     Epoch: 8 Loss: 0.026576 Best Valid seen: 0.881500 Valid: 0.845800
04-15 08:17 INFO     Epoch: 9 Loss: 0.043512 Best Valid seen: 0.881500 Valid: 0.844500
04-15 08:19 INFO     Epoch: 10 Loss: 0.059540 Best Valid seen: 0.881500 Valid: 0.836200
04-15 08:19 INFO     Validation accuracy hasn't improved in 10 epochs. Stopping training.
04-15 08:19 INFO     New best score: 0.8815 found with params lr=0.001, optimizer=sgd, batch_size=64
04-15 08:19 INFO     Testing lr=0.001, optimizer=sgd, batch_size=64
04-15 08:19 INFO     Training network 2
04-15 08:19 INFO     n_training: 125
04-15 08:19 INFO     n_test: 313
04-15 08:20 INFO     Epoch: 0 Loss: 0.001241 Best Valid seen: 0.880200 Valid: 0.880200
04-15 08:21 INFO     Epoch: 1 Loss: 0.001328 Best Valid seen: 0.880200 Valid: 0.873900
04-15 08:23 INFO     Epoch: 2 Loss: 0.002034 Best Valid seen: 0.880200 Valid: 0.874900
04-15 08:24 INFO     Epoch: 3 Loss: 0.001970 Best Valid seen: 0.880200 Valid: 0.873400
04-15 08:25 INFO     Epoch: 4 Loss: 0.003102 Best Valid seen: 0.880200 Valid: 0.871400
04-15 08:27 INFO     Epoch: 5 Loss: 0.004839 Best Valid seen: 0.880200 Valid: 0.864900
04-15 08:28 INFO     Epoch: 6 Loss: 0.006751 Best Valid seen: 0.880200 Valid: 0.863100
04-15 08:30 INFO     Epoch: 7 Loss: 0.009947 Best Valid seen: 0.880200 Valid: 0.849800
04-15 08:31 INFO     Epoch: 8 Loss: 0.027477 Best Valid seen: 0.880200 Valid: 0.848300
04-15 08:32 INFO     Epoch: 9 Loss: 0.035058 Best Valid seen: 0.880200 Valid: 0.828600
04-15 08:34 INFO     Epoch: 10 Loss: 0.062534 Best Valid seen: 0.880200 Valid: 0.835500
04-15 08:34 INFO     Validation accuracy hasn't improved in 10 epochs. Stopping training.
04-15 08:34 INFO     Testing lr=0.01, optimizer=sgd, batch_size=32
04-15 08:34 INFO     Training network 2
04-15 08:34 INFO     n_training: 125
04-15 08:34 INFO     n_test: 313
04-15 08:35 INFO     Epoch: 0 Loss: 0.001482 Best Valid seen: 0.879800 Valid: 0.879800
04-15 08:37 INFO     Epoch: 1 Loss: 0.001412 Best Valid seen: 0.879800 Valid: 0.879700
04-15 08:38 INFO     Epoch: 2 Loss: 0.001424 Best Valid seen: 0.879800 Valid: 0.874300
04-15 08:39 INFO     Epoch: 3 Loss: 0.003140 Best Valid seen: 0.879800 Valid: 0.874100
04-15 08:41 INFO     Epoch: 4 Loss: 0.004559 Best Valid seen: 0.879800 Valid: 0.863900
04-15 08:42 INFO     Epoch: 5 Loss: 0.008046 Best Valid seen: 0.879800 Valid: 0.858500
04-15 08:44 INFO     Epoch: 6 Loss: 0.013318 Best Valid seen: 0.879800 Valid: 0.847600
04-15 08:45 INFO     Epoch: 7 Loss: 0.016729 Best Valid seen: 0.879800 Valid: 0.845200
04-15 08:46 INFO     Epoch: 8 Loss: 0.030471 Best Valid seen: 0.879800 Valid: 0.840500
04-15 08:48 INFO     Epoch: 9 Loss: 0.046901 Best Valid seen: 0.879800 Valid: 0.843200
04-15 08:49 INFO     Epoch: 10 Loss: 0.063151 Best Valid seen: 0.879800 Valid: 0.824900
04-15 08:49 INFO     Validation accuracy hasn't improved in 10 epochs. Stopping training.
04-15 08:49 INFO     Testing lr=0.01, optimizer=sgd, batch_size=64
04-15 08:49 INFO     Training network 2
04-15 08:49 INFO     n_training: 125
04-15 08:49 INFO     n_test: 313
04-15 08:51 INFO     Epoch: 0 Loss: 0.001331 Best Valid seen: 0.881700 Valid: 0.881700
04-15 08:52 INFO     Epoch: 1 Loss: 0.001292 Best Valid seen: 0.881700 Valid: 0.877200
04-15 08:53 INFO     Epoch: 2 Loss: 0.001577 Best Valid seen: 0.881700 Valid: 0.874700
04-15 08:55 INFO     Epoch: 3 Loss: 0.002285 Best Valid seen: 0.881700 Valid: 0.871700
04-15 08:56 INFO     Epoch: 4 Loss: 0.002825 Best Valid seen: 0.881700 Valid: 0.867300
04-15 08:57 INFO     Epoch: 5 Loss: 0.005226 Best Valid seen: 0.881700 Valid: 0.864400
04-15 08:59 INFO     Epoch: 6 Loss: 0.008190 Best Valid seen: 0.881700 Valid: 0.856900
04-15 09:00 INFO     Epoch: 7 Loss: 0.014674 Best Valid seen: 0.881700 Valid: 0.854700
04-15 09:02 INFO     Epoch: 8 Loss: 0.022477 Best Valid seen: 0.881700 Valid: 0.846500
04-15 09:03 INFO     Epoch: 9 Loss: 0.035871 Best Valid seen: 0.881700 Valid: 0.837600
04-15 09:04 INFO     Epoch: 10 Loss: 0.065834 Best Valid seen: 0.881700 Valid: 0.821100
04-15 09:04 INFO     Validation accuracy hasn't improved in 10 epochs. Stopping training.
04-15 09:04 INFO     New best score: 0.8817 found with params lr=0.001, optimizer=sgd, batch_size=64
04-15 09:04 INFO     Testing lr=0.1, optimizer=sgd, batch_size=32
04-15 09:04 INFO     Training network 2
04-15 09:04 INFO     n_training: 125
04-15 09:04 INFO     n_test: 313
04-15 09:06 INFO     Epoch: 0 Loss: 0.001984 Best Valid seen: 0.879100 Valid: 0.879100
04-15 09:07 INFO     Epoch: 1 Loss: 0.001613 Best Valid seen: 0.879100 Valid: 0.875500
04-15 09:09 INFO     Epoch: 2 Loss: 0.002257 Best Valid seen: 0.879100 Valid: 0.873400
04-15 09:10 INFO     Epoch: 3 Loss: 0.002895 Best Valid seen: 0.879100 Valid: 0.870800
04-15 09:11 INFO     Epoch: 4 Loss: 0.004291 Best Valid seen: 0.879100 Valid: 0.867800
04-15 09:13 INFO     Epoch: 5 Loss: 0.007341 Best Valid seen: 0.879100 Valid: 0.852600
04-15 09:14 INFO     Epoch: 6 Loss: 0.010620 Best Valid seen: 0.879100 Valid: 0.860100
04-15 09:16 INFO     Epoch: 7 Loss: 0.019192 Best Valid seen: 0.879100 Valid: 0.853200
04-15 09:17 INFO     Epoch: 8 Loss: 0.032956 Best Valid seen: 0.879100 Valid: 0.846400
04-15 09:18 INFO     Epoch: 9 Loss: 0.056579 Best Valid seen: 0.879100 Valid: 0.829400
04-15 09:20 INFO     Epoch: 10 Loss: 0.073287 Best Valid seen: 0.879100 Valid: 0.831900
04-15 09:20 INFO     Validation accuracy hasn't improved in 10 epochs. Stopping training.
04-15 09:20 INFO     Testing lr=0.1, optimizer=sgd, batch_size=64
04-15 09:20 INFO     Training network 2
04-15 09:20 INFO     n_training: 125
04-15 09:20 INFO     n_test: 313
04-15 09:21 INFO     Epoch: 0 Loss: 0.001263 Best Valid seen: 0.880000 Valid: 0.880000
04-15 09:23 INFO     Epoch: 1 Loss: 0.000941 Best Valid seen: 0.880500 Valid: 0.880500
04-15 09:24 INFO     Epoch: 2 Loss: 0.001320 Best Valid seen: 0.880500 Valid: 0.873900
04-15 09:25 INFO     Epoch: 3 Loss: 0.002067 Best Valid seen: 0.880500 Valid: 0.871600
04-15 09:27 INFO     Epoch: 4 Loss: 0.001187 Best Valid seen: 0.880500 Valid: 0.871400
04-15 09:28 INFO     Epoch: 5 Loss: 0.003052 Best Valid seen: 0.880500 Valid: 0.861300
04-15 09:30 INFO     Epoch: 6 Loss: 0.006291 Best Valid seen: 0.880500 Valid: 0.853700
04-15 09:31 INFO     Epoch: 7 Loss: 0.010432 Best Valid seen: 0.880500 Valid: 0.852900
04-15 09:32 INFO     Epoch: 8 Loss: 0.018747 Best Valid seen: 0.880500 Valid: 0.843600
04-15 09:34 INFO     Epoch: 9 Loss: 0.044332 Best Valid seen: 0.880500 Valid: 0.840200
04-15 09:35 INFO     Epoch: 10 Loss: 0.076650 Best Valid seen: 0.880500 Valid: 0.840900
04-15 09:37 INFO     Epoch: 11 Loss: 0.087772 Best Valid seen: 0.880500 Valid: 0.832200
04-15 09:37 INFO     Validation accuracy hasn't improved in 10 epochs. Stopping training.
