05-08 01:49 INFO     Testing lr=0.001, optimizer=sgd, batch_size=32
05-08 01:49 INFO     Training network 0
05-08 01:49 INFO     n_training: 16
05-08 01:49 INFO     n_test: 313
05-08 01:50 INFO     Epoch: 0 Loss: 0.098076 Best Valid seen: 0.830500 Valid: 0.830500
05-08 01:50 INFO     Epoch: 1 Loss: 0.049193 Best Valid seen: 0.832000 Valid: 0.832000
05-08 01:51 INFO     Epoch: 2 Loss: 0.046725 Best Valid seen: 0.832000 Valid: 0.831200
05-08 01:52 INFO     Epoch: 3 Loss: 0.039042 Best Valid seen: 0.832000 Valid: 0.829400
05-08 01:53 INFO     Epoch: 4 Loss: 0.023569 Best Valid seen: 0.832000 Valid: 0.828100
05-08 01:53 INFO     Epoch: 5 Loss: 0.027917 Best Valid seen: 0.832000 Valid: 0.824600
05-08 01:54 INFO     Epoch: 6 Loss: 0.027795 Best Valid seen: 0.832000 Valid: 0.822000
05-08 01:55 INFO     Epoch: 7 Loss: 0.022565 Best Valid seen: 0.832000 Valid: 0.819000
05-08 01:55 INFO     Epoch: 8 Loss: 0.029293 Best Valid seen: 0.832000 Valid: 0.815900
05-08 01:56 INFO     Epoch: 9 Loss: 0.029685 Best Valid seen: 0.832000 Valid: 0.813500
05-08 01:57 INFO     Epoch: 10 Loss: 0.025003 Best Valid seen: 0.832000 Valid: 0.811700
05-08 01:58 INFO     Epoch: 11 Loss: 0.019954 Best Valid seen: 0.832000 Valid: 0.811700
05-08 01:58 INFO     Validation accuracy hasn't improved in 10 epochs. Stopping training.
05-08 01:58 INFO     New best score: 0.832 found with params lr=0.001, optimizer=sgd, batch_size=64
05-08 01:58 INFO     Testing lr=0.001, optimizer=sgd, batch_size=64
05-08 01:58 INFO     Training network 0
05-08 01:58 INFO     n_training: 16
05-08 01:58 INFO     n_test: 313
05-08 01:58 INFO     Epoch: 0 Loss: 0.075774 Best Valid seen: 0.833100 Valid: 0.833100
05-08 01:59 INFO     Epoch: 1 Loss: 0.053615 Best Valid seen: 0.833800 Valid: 0.833800
05-08 02:00 INFO     Epoch: 2 Loss: 0.039907 Best Valid seen: 0.833800 Valid: 0.833000
05-08 02:01 INFO     Epoch: 3 Loss: 0.029108 Best Valid seen: 0.833800 Valid: 0.829800
05-08 02:01 INFO     Epoch: 4 Loss: 0.017341 Best Valid seen: 0.833800 Valid: 0.826500
05-08 02:02 INFO     Epoch: 5 Loss: 0.014817 Best Valid seen: 0.833800 Valid: 0.823000
05-08 02:03 INFO     Epoch: 6 Loss: 0.017411 Best Valid seen: 0.833800 Valid: 0.821500
05-08 02:04 INFO     Epoch: 7 Loss: 0.032420 Best Valid seen: 0.833800 Valid: 0.817800
05-08 02:04 INFO     Epoch: 8 Loss: 0.019945 Best Valid seen: 0.833800 Valid: 0.815000
05-08 02:05 INFO     Epoch: 9 Loss: 0.027997 Best Valid seen: 0.833800 Valid: 0.813000
05-08 02:06 INFO     Epoch: 10 Loss: 0.022109 Best Valid seen: 0.833800 Valid: 0.810900
05-08 02:06 INFO     Epoch: 11 Loss: 0.028586 Best Valid seen: 0.833800 Valid: 0.807400
05-08 02:06 INFO     Validation accuracy hasn't improved in 10 epochs. Stopping training.
05-08 02:06 INFO     New best score: 0.8338 found with params lr=0.001, optimizer=sgd, batch_size=64
05-08 02:06 INFO     Testing lr=0.01, optimizer=sgd, batch_size=32
05-08 02:06 INFO     Training network 0
05-08 02:06 INFO     n_training: 16
05-08 02:06 INFO     n_test: 313
05-08 02:07 INFO     Epoch: 0 Loss: 0.066300 Best Valid seen: 0.831900 Valid: 0.831900
05-08 02:08 INFO     Epoch: 1 Loss: 0.048696 Best Valid seen: 0.832500 Valid: 0.832500
05-08 02:09 INFO     Epoch: 2 Loss: 0.052034 Best Valid seen: 0.832500 Valid: 0.831800
05-08 02:09 INFO     Epoch: 3 Loss: 0.033966 Best Valid seen: 0.832500 Valid: 0.831800
05-08 02:10 INFO     Epoch: 4 Loss: 0.029886 Best Valid seen: 0.832500 Valid: 0.827300
05-08 02:11 INFO     Epoch: 5 Loss: 0.031977 Best Valid seen: 0.832500 Valid: 0.822100
05-08 02:12 INFO     Epoch: 6 Loss: 0.022641 Best Valid seen: 0.832500 Valid: 0.819600
05-08 02:12 INFO     Epoch: 7 Loss: 0.017851 Best Valid seen: 0.832500 Valid: 0.816200
05-08 02:13 INFO     Epoch: 8 Loss: 0.029767 Best Valid seen: 0.832500 Valid: 0.813700
05-08 02:14 INFO     Epoch: 9 Loss: 0.033359 Best Valid seen: 0.832500 Valid: 0.809700
05-08 02:15 INFO     Epoch: 10 Loss: 0.030819 Best Valid seen: 0.832500 Valid: 0.807200
05-08 02:15 INFO     Epoch: 11 Loss: 0.024291 Best Valid seen: 0.832500 Valid: 0.808000
05-08 02:15 INFO     Validation accuracy hasn't improved in 10 epochs. Stopping training.
05-08 02:15 INFO     Testing lr=0.01, optimizer=sgd, batch_size=64
05-08 02:15 INFO     Training network 0
05-08 02:15 INFO     n_training: 16
05-08 02:15 INFO     n_test: 313
05-08 02:16 INFO     Epoch: 0 Loss: 0.056021 Best Valid seen: 0.832500 Valid: 0.832500
05-08 02:17 INFO     Epoch: 1 Loss: 0.044244 Best Valid seen: 0.833800 Valid: 0.833800
05-08 02:18 INFO     Epoch: 2 Loss: 0.031567 Best Valid seen: 0.834400 Valid: 0.834400
05-08 02:18 INFO     Epoch: 3 Loss: 0.041518 Best Valid seen: 0.834400 Valid: 0.831200
05-08 02:19 INFO     Epoch: 4 Loss: 0.017584 Best Valid seen: 0.834400 Valid: 0.826200
05-08 02:20 INFO     Epoch: 5 Loss: 0.017910 Best Valid seen: 0.834400 Valid: 0.822700
05-08 02:20 INFO     Epoch: 6 Loss: 0.019137 Best Valid seen: 0.834400 Valid: 0.820300
05-08 02:21 INFO     Epoch: 7 Loss: 0.025572 Best Valid seen: 0.834400 Valid: 0.817600
05-08 02:22 INFO     Epoch: 8 Loss: 0.026431 Best Valid seen: 0.834400 Valid: 0.814600
05-08 02:23 INFO     Epoch: 9 Loss: 0.020439 Best Valid seen: 0.834400 Valid: 0.812900
05-08 02:23 INFO     Epoch: 10 Loss: 0.023334 Best Valid seen: 0.834400 Valid: 0.810700
05-08 02:24 INFO     Epoch: 11 Loss: 0.021439 Best Valid seen: 0.834400 Valid: 0.808800
05-08 02:25 INFO     Epoch: 12 Loss: 0.014569 Best Valid seen: 0.834400 Valid: 0.806200
05-08 02:25 INFO     Validation accuracy hasn't improved in 10 epochs. Stopping training.
05-08 02:25 INFO     New best score: 0.8344 found with params lr=0.001, optimizer=sgd, batch_size=64
05-08 02:25 INFO     Testing lr=0.1, optimizer=sgd, batch_size=32
05-08 02:25 INFO     Training network 0
05-08 02:25 INFO     n_training: 16
05-08 02:25 INFO     n_test: 313
05-08 02:26 INFO     Epoch: 0 Loss: 0.070923 Best Valid seen: 0.833100 Valid: 0.833100
05-08 02:26 INFO     Epoch: 1 Loss: 0.046264 Best Valid seen: 0.833100 Valid: 0.832100
05-08 02:27 INFO     Epoch: 2 Loss: 0.059627 Best Valid seen: 0.833100 Valid: 0.829300
05-08 02:28 INFO     Epoch: 3 Loss: 0.017890 Best Valid seen: 0.833100 Valid: 0.828700
05-08 02:28 INFO     Epoch: 4 Loss: 0.014499 Best Valid seen: 0.833100 Valid: 0.826700
05-08 02:29 INFO     Epoch: 5 Loss: 0.020926 Best Valid seen: 0.833100 Valid: 0.823500
05-08 02:30 INFO     Epoch: 6 Loss: 0.022853 Best Valid seen: 0.833100 Valid: 0.817900
05-08 02:31 INFO     Epoch: 7 Loss: 0.025282 Best Valid seen: 0.833100 Valid: 0.812800
05-08 02:31 INFO     Epoch: 8 Loss: 0.027734 Best Valid seen: 0.833100 Valid: 0.813300
05-08 02:32 INFO     Epoch: 9 Loss: 0.047253 Best Valid seen: 0.833100 Valid: 0.811400
05-08 02:33 INFO     Epoch: 10 Loss: 0.022573 Best Valid seen: 0.833100 Valid: 0.812300
05-08 02:33 INFO     Validation accuracy hasn't improved in 10 epochs. Stopping training.
05-08 02:33 INFO     Testing lr=0.1, optimizer=sgd, batch_size=64
05-08 02:33 INFO     Training network 0
05-08 02:33 INFO     n_training: 16
05-08 02:33 INFO     n_test: 313
05-08 02:34 INFO     Epoch: 0 Loss: 0.077380 Best Valid seen: 0.832400 Valid: 0.832400
05-08 02:34 INFO     Epoch: 1 Loss: 0.066113 Best Valid seen: 0.833300 Valid: 0.833300
05-08 02:35 INFO     Epoch: 2 Loss: 0.036722 Best Valid seen: 0.833700 Valid: 0.833700
05-08 02:36 INFO     Epoch: 3 Loss: 0.027823 Best Valid seen: 0.833700 Valid: 0.829700
05-08 02:36 INFO     Epoch: 4 Loss: 0.022139 Best Valid seen: 0.833700 Valid: 0.826900
05-08 02:37 INFO     Epoch: 5 Loss: 0.028687 Best Valid seen: 0.833700 Valid: 0.821700
05-08 02:38 INFO     Epoch: 6 Loss: 0.030146 Best Valid seen: 0.833700 Valid: 0.819900
05-08 02:39 INFO     Epoch: 7 Loss: 0.032373 Best Valid seen: 0.833700 Valid: 0.818000
05-08 02:39 INFO     Epoch: 8 Loss: 0.030089 Best Valid seen: 0.833700 Valid: 0.817400
05-08 02:40 INFO     Epoch: 9 Loss: 0.013216 Best Valid seen: 0.833700 Valid: 0.815800
05-08 02:41 INFO     Epoch: 10 Loss: 0.024714 Best Valid seen: 0.833700 Valid: 0.814400
05-08 02:42 INFO     Epoch: 11 Loss: 0.014788 Best Valid seen: 0.833700 Valid: 0.812300
05-08 02:42 INFO     Epoch: 12 Loss: 0.029206 Best Valid seen: 0.833700 Valid: 0.810700
05-08 02:42 INFO     Validation accuracy hasn't improved in 10 epochs. Stopping training.
05-08 02:42 INFO     Testing lr=0.001, optimizer=sgd, batch_size=32
05-08 02:42 INFO     Training network 1
05-08 02:42 INFO     n_training: 47
05-08 02:42 INFO     n_test: 313
05-08 02:43 INFO     Epoch: 0 Loss: 0.001313 Best Valid seen: 0.832000 Valid: 0.832000
05-08 02:44 INFO     Epoch: 1 Loss: 0.002075 Best Valid seen: 0.834100 Valid: 0.834100
05-08 02:45 INFO     Epoch: 2 Loss: 0.000963 Best Valid seen: 0.834100 Valid: 0.833800
05-08 02:46 INFO     Epoch: 3 Loss: 0.001691 Best Valid seen: 0.834200 Valid: 0.834200
05-08 02:47 INFO     Epoch: 4 Loss: 0.000896 Best Valid seen: 0.834900 Valid: 0.834900
05-08 02:48 INFO     Epoch: 5 Loss: 0.000716 Best Valid seen: 0.836000 Valid: 0.836000
05-08 02:49 INFO     Epoch: 6 Loss: 0.000648 Best Valid seen: 0.836000 Valid: 0.834200
05-08 02:50 INFO     Epoch: 7 Loss: 0.001254 Best Valid seen: 0.836000 Valid: 0.834600
05-08 02:51 INFO     Epoch: 8 Loss: 0.001106 Best Valid seen: 0.836000 Valid: 0.833100
05-08 02:52 INFO     Epoch: 9 Loss: 0.000697 Best Valid seen: 0.836000 Valid: 0.831500
05-08 02:53 INFO     Epoch: 10 Loss: 0.001295 Best Valid seen: 0.836000 Valid: 0.828600
05-08 02:54 INFO     Epoch: 11 Loss: 0.001383 Best Valid seen: 0.836000 Valid: 0.824800
05-08 02:55 INFO     Epoch: 12 Loss: 0.001477 Best Valid seen: 0.836000 Valid: 0.824900
05-08 02:56 INFO     Epoch: 13 Loss: 0.002245 Best Valid seen: 0.836000 Valid: 0.823500
05-08 02:56 INFO     Epoch: 14 Loss: 0.001074 Best Valid seen: 0.836000 Valid: 0.820900
05-08 02:57 INFO     Epoch: 15 Loss: 0.002929 Best Valid seen: 0.836000 Valid: 0.820300
05-08 02:57 INFO     Validation accuracy hasn't improved in 10 epochs. Stopping training.
05-08 02:57 INFO     New best score: 0.836 found with params lr=0.001, optimizer=sgd, batch_size=64
05-08 02:57 INFO     Testing lr=0.001, optimizer=sgd, batch_size=64
05-08 02:57 INFO     Training network 1
05-08 02:57 INFO     n_training: 47
05-08 02:57 INFO     n_test: 313
05-08 02:58 INFO     Epoch: 0 Loss: 0.001517 Best Valid seen: 0.833300 Valid: 0.833300
05-08 02:59 INFO     Epoch: 1 Loss: 0.001328 Best Valid seen: 0.833300 Valid: 0.831700
05-08 03:00 INFO     Epoch: 2 Loss: 0.000781 Best Valid seen: 0.835500 Valid: 0.835500
05-08 03:01 INFO     Epoch: 3 Loss: 0.001116 Best Valid seen: 0.835500 Valid: 0.835400
05-08 03:02 INFO     Epoch: 4 Loss: 0.000681 Best Valid seen: 0.835500 Valid: 0.835000
05-08 03:03 INFO     Epoch: 5 Loss: 0.000630 Best Valid seen: 0.835900 Valid: 0.835900
05-08 03:04 INFO     Epoch: 6 Loss: 0.001309 Best Valid seen: 0.835900 Valid: 0.833700
05-08 03:05 INFO     Epoch: 7 Loss: 0.000717 Best Valid seen: 0.835900 Valid: 0.832100
05-08 03:06 INFO     Epoch: 8 Loss: 0.000917 Best Valid seen: 0.835900 Valid: 0.832500
05-08 03:07 INFO     Epoch: 9 Loss: 0.002189 Best Valid seen: 0.835900 Valid: 0.828700
05-08 03:08 INFO     Epoch: 10 Loss: 0.000718 Best Valid seen: 0.835900 Valid: 0.828500
05-08 03:09 INFO     Epoch: 11 Loss: 0.000829 Best Valid seen: 0.835900 Valid: 0.828200
05-08 03:10 INFO     Epoch: 12 Loss: 0.001407 Best Valid seen: 0.835900 Valid: 0.826500
05-08 03:11 INFO     Epoch: 13 Loss: 0.002772 Best Valid seen: 0.835900 Valid: 0.825500
05-08 03:12 INFO     Epoch: 14 Loss: 0.001258 Best Valid seen: 0.835900 Valid: 0.823300
05-08 03:13 INFO     Epoch: 15 Loss: 0.001599 Best Valid seen: 0.835900 Valid: 0.823000
05-08 03:13 INFO     Validation accuracy hasn't improved in 10 epochs. Stopping training.
05-08 03:13 INFO     Testing lr=0.01, optimizer=sgd, batch_size=32
05-08 03:13 INFO     Training network 1
05-08 03:13 INFO     n_training: 47
05-08 03:13 INFO     n_test: 313
05-08 03:13 INFO     Epoch: 0 Loss: 0.002689 Best Valid seen: 0.832600 Valid: 0.832600
05-08 03:14 INFO     Epoch: 1 Loss: 0.002082 Best Valid seen: 0.832700 Valid: 0.832700
05-08 03:15 INFO     Epoch: 2 Loss: 0.001020 Best Valid seen: 0.833500 Valid: 0.833500
05-08 03:16 INFO     Epoch: 3 Loss: 0.002637 Best Valid seen: 0.835100 Valid: 0.835100
05-08 03:17 INFO     Epoch: 4 Loss: 0.001516 Best Valid seen: 0.835100 Valid: 0.834100
05-08 03:18 INFO     Epoch: 5 Loss: 0.000811 Best Valid seen: 0.835100 Valid: 0.832600
05-08 03:19 INFO     Epoch: 6 Loss: 0.001171 Best Valid seen: 0.835100 Valid: 0.831000
05-08 03:20 INFO     Epoch: 7 Loss: 0.002811 Best Valid seen: 0.835100 Valid: 0.828800
05-08 03:21 INFO     Epoch: 8 Loss: 0.002286 Best Valid seen: 0.835100 Valid: 0.827000
05-08 03:22 INFO     Epoch: 9 Loss: 0.001712 Best Valid seen: 0.835100 Valid: 0.825400
05-08 03:23 INFO     Epoch: 10 Loss: 0.001768 Best Valid seen: 0.835100 Valid: 0.824900
05-08 03:24 INFO     Epoch: 11 Loss: 0.003873 Best Valid seen: 0.835100 Valid: 0.822900
05-08 03:25 INFO     Epoch: 12 Loss: 0.004826 Best Valid seen: 0.835100 Valid: 0.820300
05-08 03:26 INFO     Epoch: 13 Loss: 0.002315 Best Valid seen: 0.835100 Valid: 0.823800
05-08 03:26 INFO     Validation accuracy hasn't improved in 10 epochs. Stopping training.
05-08 03:26 INFO     Testing lr=0.01, optimizer=sgd, batch_size=64
05-08 03:26 INFO     Training network 1
05-08 03:26 INFO     n_training: 47
05-08 03:26 INFO     n_test: 313
05-08 03:27 INFO     Epoch: 0 Loss: 0.001357 Best Valid seen: 0.833300 Valid: 0.833300
05-08 03:28 INFO     Epoch: 1 Loss: 0.000976 Best Valid seen: 0.833500 Valid: 0.833500
05-08 03:29 INFO     Epoch: 2 Loss: 0.000750 Best Valid seen: 0.833500 Valid: 0.833400
05-08 03:30 INFO     Epoch: 3 Loss: 0.000660 Best Valid seen: 0.836100 Valid: 0.836100
05-08 03:31 INFO     Epoch: 4 Loss: 0.000675 Best Valid seen: 0.836100 Valid: 0.835600
05-08 03:32 INFO     Epoch: 5 Loss: 0.000839 Best Valid seen: 0.836100 Valid: 0.835600
05-08 03:32 INFO     Epoch: 6 Loss: 0.000591 Best Valid seen: 0.837200 Valid: 0.837200
05-08 03:33 INFO     Epoch: 7 Loss: 0.000758 Best Valid seen: 0.837200 Valid: 0.835900
05-08 03:34 INFO     Epoch: 8 Loss: 0.000833 Best Valid seen: 0.837200 Valid: 0.834100
05-08 03:35 INFO     Epoch: 9 Loss: 0.000608 Best Valid seen: 0.837200 Valid: 0.832200
05-08 03:36 INFO     Epoch: 10 Loss: 0.000634 Best Valid seen: 0.837200 Valid: 0.831200
05-08 03:37 INFO     Epoch: 11 Loss: 0.001817 Best Valid seen: 0.837200 Valid: 0.829400
05-08 03:38 INFO     Epoch: 12 Loss: 0.000638 Best Valid seen: 0.837200 Valid: 0.829200
05-08 03:39 INFO     Epoch: 13 Loss: 0.000572 Best Valid seen: 0.837200 Valid: 0.828500
05-08 03:40 INFO     Epoch: 14 Loss: 0.001319 Best Valid seen: 0.837200 Valid: 0.827100
05-08 03:41 INFO     Epoch: 15 Loss: 0.001241 Best Valid seen: 0.837200 Valid: 0.827200
05-08 03:42 INFO     Epoch: 16 Loss: 0.001613 Best Valid seen: 0.837200 Valid: 0.828100
05-08 03:42 INFO     Validation accuracy hasn't improved in 10 epochs. Stopping training.
05-08 03:42 INFO     New best score: 0.8372 found with params lr=0.001, optimizer=sgd, batch_size=64
05-08 03:42 INFO     Testing lr=0.1, optimizer=sgd, batch_size=32
05-08 03:42 INFO     Training network 1
05-08 03:42 INFO     n_training: 47
05-08 03:42 INFO     n_test: 313
05-08 03:43 INFO     Epoch: 0 Loss: 0.000918 Best Valid seen: 0.833000 Valid: 0.833000
05-08 03:44 INFO     Epoch: 1 Loss: 0.001132 Best Valid seen: 0.833500 Valid: 0.833500
05-08 03:45 INFO     Epoch: 2 Loss: 0.001154 Best Valid seen: 0.834300 Valid: 0.834300
05-08 03:46 INFO     Epoch: 3 Loss: 0.001952 Best Valid seen: 0.834600 Valid: 0.834600
05-08 03:47 INFO     Epoch: 4 Loss: 0.001342 Best Valid seen: 0.836700 Valid: 0.836700
05-08 03:48 INFO     Epoch: 5 Loss: 0.000826 Best Valid seen: 0.836800 Valid: 0.836800
05-08 03:49 INFO     Epoch: 6 Loss: 0.000687 Best Valid seen: 0.836800 Valid: 0.836300
05-08 03:50 INFO     Epoch: 7 Loss: 0.000922 Best Valid seen: 0.836800 Valid: 0.835200
05-08 03:51 INFO     Epoch: 8 Loss: 0.000761 Best Valid seen: 0.836800 Valid: 0.834600
05-08 03:52 INFO     Epoch: 9 Loss: 0.000856 Best Valid seen: 0.836800 Valid: 0.832200
05-08 03:53 INFO     Epoch: 10 Loss: 0.001022 Best Valid seen: 0.836800 Valid: 0.835100
05-08 03:54 INFO     Epoch: 11 Loss: 0.001036 Best Valid seen: 0.836800 Valid: 0.833900
05-08 03:54 INFO     Epoch: 12 Loss: 0.000537 Best Valid seen: 0.836800 Valid: 0.831600
05-08 03:55 INFO     Epoch: 13 Loss: 0.000554 Best Valid seen: 0.836800 Valid: 0.828800
05-08 03:56 INFO     Epoch: 14 Loss: 0.001677 Best Valid seen: 0.836800 Valid: 0.828500
05-08 03:57 INFO     Epoch: 15 Loss: 0.001333 Best Valid seen: 0.836800 Valid: 0.828400
05-08 03:57 INFO     Validation accuracy hasn't improved in 10 epochs. Stopping training.
05-08 03:57 INFO     Testing lr=0.1, optimizer=sgd, batch_size=64
05-08 03:57 INFO     Training network 1
05-08 03:57 INFO     n_training: 47
05-08 03:57 INFO     n_test: 313
05-08 03:58 INFO     Epoch: 0 Loss: 0.001965 Best Valid seen: 0.832400 Valid: 0.832400
05-08 03:59 INFO     Epoch: 1 Loss: 0.001168 Best Valid seen: 0.832900 Valid: 0.832900
05-08 04:00 INFO     Epoch: 2 Loss: 0.001287 Best Valid seen: 0.833500 Valid: 0.833500
05-08 04:01 INFO     Epoch: 3 Loss: 0.000856 Best Valid seen: 0.833600 Valid: 0.833600
05-08 04:02 INFO     Epoch: 4 Loss: 0.000872 Best Valid seen: 0.834800 Valid: 0.834800
05-08 04:03 INFO     Epoch: 5 Loss: 0.001902 Best Valid seen: 0.835100 Valid: 0.835100
05-08 04:04 INFO     Epoch: 6 Loss: 0.001031 Best Valid seen: 0.835100 Valid: 0.833600
05-08 04:05 INFO     Epoch: 7 Loss: 0.001285 Best Valid seen: 0.836100 Valid: 0.836100
05-08 04:06 INFO     Epoch: 8 Loss: 0.001117 Best Valid seen: 0.836100 Valid: 0.832900
05-08 04:07 INFO     Epoch: 9 Loss: 0.001724 Best Valid seen: 0.836100 Valid: 0.832700
05-08 04:07 INFO     Epoch: 10 Loss: 0.000758 Best Valid seen: 0.836100 Valid: 0.830000
05-08 04:08 INFO     Epoch: 11 Loss: 0.000972 Best Valid seen: 0.836100 Valid: 0.826700
05-08 04:09 INFO     Epoch: 12 Loss: 0.000808 Best Valid seen: 0.836100 Valid: 0.824500
05-08 04:10 INFO     Epoch: 13 Loss: 0.001537 Best Valid seen: 0.836100 Valid: 0.818900
05-08 04:11 INFO     Epoch: 14 Loss: 0.002338 Best Valid seen: 0.836100 Valid: 0.821800
05-08 04:12 INFO     Epoch: 15 Loss: 0.004541 Best Valid seen: 0.836100 Valid: 0.821200
05-08 04:13 INFO     Epoch: 16 Loss: 0.002600 Best Valid seen: 0.836100 Valid: 0.821700
05-08 04:14 INFO     Epoch: 17 Loss: 0.001634 Best Valid seen: 0.836100 Valid: 0.818300
05-08 04:14 INFO     Validation accuracy hasn't improved in 10 epochs. Stopping training.
05-08 04:14 INFO     Testing lr=0.001, optimizer=sgd, batch_size=32
05-08 04:14 INFO     Training network 2
05-08 04:14 INFO     n_training: 32
05-08 04:14 INFO     n_test: 313
05-08 04:15 INFO     Epoch: 0 Loss: 0.012567 Best Valid seen: 0.834000 Valid: 0.834000
05-08 04:16 INFO     Epoch: 1 Loss: 0.008664 Best Valid seen: 0.834000 Valid: 0.833300
05-08 04:16 INFO     Epoch: 2 Loss: 0.009041 Best Valid seen: 0.834000 Valid: 0.832600
05-08 04:17 INFO     Epoch: 3 Loss: 0.011429 Best Valid seen: 0.834000 Valid: 0.828800
05-08 04:18 INFO     Epoch: 4 Loss: 0.008068 Best Valid seen: 0.834000 Valid: 0.830400
05-08 04:19 INFO     Epoch: 5 Loss: 0.004887 Best Valid seen: 0.834000 Valid: 0.827300
05-08 04:20 INFO     Epoch: 6 Loss: 0.008018 Best Valid seen: 0.834000 Valid: 0.821100
05-08 04:21 INFO     Epoch: 7 Loss: 0.010481 Best Valid seen: 0.834000 Valid: 0.816000
05-08 04:21 INFO     Epoch: 8 Loss: 0.016036 Best Valid seen: 0.834000 Valid: 0.812600
05-08 04:22 INFO     Epoch: 9 Loss: 0.016087 Best Valid seen: 0.834000 Valid: 0.808200
05-08 04:23 INFO     Epoch: 10 Loss: 0.018255 Best Valid seen: 0.834000 Valid: 0.799600
05-08 04:23 INFO     Validation accuracy hasn't improved in 10 epochs. Stopping training.
05-08 04:23 INFO     New best score: 0.834 found with params lr=0.001, optimizer=sgd, batch_size=64
05-08 04:23 INFO     Testing lr=0.001, optimizer=sgd, batch_size=64
05-08 04:23 INFO     Training network 2
05-08 04:23 INFO     n_training: 32
05-08 04:23 INFO     n_test: 313
05-08 04:24 INFO     Epoch: 0 Loss: 0.007874 Best Valid seen: 0.830800 Valid: 0.830800
05-08 04:25 INFO     Epoch: 1 Loss: 0.021686 Best Valid seen: 0.833000 Valid: 0.833000
05-08 04:25 INFO     Epoch: 2 Loss: 0.006074 Best Valid seen: 0.833000 Valid: 0.831400
05-08 04:26 INFO     Epoch: 3 Loss: 0.003827 Best Valid seen: 0.833000 Valid: 0.824800
05-08 04:27 INFO     Epoch: 4 Loss: 0.028145 Best Valid seen: 0.833000 Valid: 0.816900
05-08 04:28 INFO     Epoch: 5 Loss: 0.007266 Best Valid seen: 0.833000 Valid: 0.813800
05-08 04:29 INFO     Epoch: 6 Loss: 0.011472 Best Valid seen: 0.833000 Valid: 0.801500
05-08 04:30 INFO     Epoch: 7 Loss: 0.032871 Best Valid seen: 0.833000 Valid: 0.799300
05-08 04:30 INFO     Epoch: 8 Loss: 0.018324 Best Valid seen: 0.833000 Valid: 0.802200
05-08 04:31 INFO     Epoch: 9 Loss: 0.012853 Best Valid seen: 0.833000 Valid: 0.803800
05-08 04:32 INFO     Epoch: 10 Loss: 0.022283 Best Valid seen: 0.833000 Valid: 0.798400
05-08 04:33 INFO     Epoch: 11 Loss: 0.023574 Best Valid seen: 0.833000 Valid: 0.799000
05-08 04:33 INFO     Validation accuracy hasn't improved in 10 epochs. Stopping training.
05-08 04:33 INFO     Testing lr=0.01, optimizer=sgd, batch_size=32
05-08 04:33 INFO     Training network 2
05-08 04:33 INFO     n_training: 32
05-08 04:33 INFO     n_test: 313
05-08 04:34 INFO     Epoch: 0 Loss: 0.009726 Best Valid seen: 0.831900 Valid: 0.831900
05-08 04:35 INFO     Epoch: 1 Loss: 0.016323 Best Valid seen: 0.831900 Valid: 0.831500
05-08 04:35 INFO     Epoch: 2 Loss: 0.006879 Best Valid seen: 0.831900 Valid: 0.828500
05-08 04:36 INFO     Epoch: 3 Loss: 0.006006 Best Valid seen: 0.831900 Valid: 0.824000
05-08 04:37 INFO     Epoch: 4 Loss: 0.004810 Best Valid seen: 0.831900 Valid: 0.819700
05-08 04:38 INFO     Epoch: 5 Loss: 0.006959 Best Valid seen: 0.831900 Valid: 0.815100
05-08 04:39 INFO     Epoch: 6 Loss: 0.014984 Best Valid seen: 0.831900 Valid: 0.812900
05-08 04:40 INFO     Epoch: 7 Loss: 0.008197 Best Valid seen: 0.831900 Valid: 0.811300
05-08 04:40 INFO     Epoch: 8 Loss: 0.006550 Best Valid seen: 0.831900 Valid: 0.808900
05-08 04:41 INFO     Epoch: 9 Loss: 0.031712 Best Valid seen: 0.831900 Valid: 0.806800
05-08 04:42 INFO     Epoch: 10 Loss: 0.006039 Best Valid seen: 0.831900 Valid: 0.804000
05-08 04:42 INFO     Validation accuracy hasn't improved in 10 epochs. Stopping training.
05-08 04:42 INFO     Testing lr=0.01, optimizer=sgd, batch_size=64
05-08 04:42 INFO     Training network 2
05-08 04:42 INFO     n_training: 32
05-08 04:42 INFO     n_test: 313
05-08 04:43 INFO     Epoch: 0 Loss: 0.010105 Best Valid seen: 0.833000 Valid: 0.833000
05-08 04:44 INFO     Epoch: 1 Loss: 0.007343 Best Valid seen: 0.833000 Valid: 0.833000
05-08 04:45 INFO     Epoch: 2 Loss: 0.004598 Best Valid seen: 0.833000 Valid: 0.832900
05-08 04:45 INFO     Epoch: 3 Loss: 0.012238 Best Valid seen: 0.833000 Valid: 0.830000
05-08 04:46 INFO     Epoch: 4 Loss: 0.002050 Best Valid seen: 0.833000 Valid: 0.824900
05-08 04:47 INFO     Epoch: 5 Loss: 0.005406 Best Valid seen: 0.833000 Valid: 0.823900
05-08 04:48 INFO     Epoch: 6 Loss: 0.009805 Best Valid seen: 0.833000 Valid: 0.817700
05-08 04:49 INFO     Epoch: 7 Loss: 0.005394 Best Valid seen: 0.833000 Valid: 0.811700
05-08 04:49 INFO     Epoch: 8 Loss: 0.008158 Best Valid seen: 0.833000 Valid: 0.805500
05-08 04:50 INFO     Epoch: 9 Loss: 0.013077 Best Valid seen: 0.833000 Valid: 0.796600
05-08 04:51 INFO     Epoch: 10 Loss: 0.016283 Best Valid seen: 0.833000 Valid: 0.800500
05-08 04:51 INFO     Validation accuracy hasn't improved in 10 epochs. Stopping training.
05-08 04:51 INFO     Testing lr=0.1, optimizer=sgd, batch_size=32
05-08 04:51 INFO     Training network 2
05-08 04:51 INFO     n_training: 32
05-08 04:51 INFO     n_test: 313
05-08 04:52 INFO     Epoch: 0 Loss: 0.007316 Best Valid seen: 0.833200 Valid: 0.833200
05-08 04:53 INFO     Epoch: 1 Loss: 0.006421 Best Valid seen: 0.833200 Valid: 0.832100
05-08 04:54 INFO     Epoch: 2 Loss: 0.008210 Best Valid seen: 0.833200 Valid: 0.832000
05-08 04:54 INFO     Epoch: 3 Loss: 0.003774 Best Valid seen: 0.833200 Valid: 0.830800
05-08 04:55 INFO     Epoch: 4 Loss: 0.003572 Best Valid seen: 0.833200 Valid: 0.828100
05-08 04:56 INFO     Epoch: 5 Loss: 0.004630 Best Valid seen: 0.833200 Valid: 0.825600
05-08 04:57 INFO     Epoch: 6 Loss: 0.006468 Best Valid seen: 0.833200 Valid: 0.824600
05-08 04:58 INFO     Epoch: 7 Loss: 0.004130 Best Valid seen: 0.833200 Valid: 0.822100
05-08 04:59 INFO     Epoch: 8 Loss: 0.004150 Best Valid seen: 0.833200 Valid: 0.822500
05-08 04:59 INFO     Epoch: 9 Loss: 0.008940 Best Valid seen: 0.833200 Valid: 0.817400
05-08 05:00 INFO     Epoch: 10 Loss: 0.007740 Best Valid seen: 0.833200 Valid: 0.819500
05-08 05:00 INFO     Validation accuracy hasn't improved in 10 epochs. Stopping training.
05-08 05:00 INFO     Testing lr=0.1, optimizer=sgd, batch_size=64
05-08 05:00 INFO     Training network 2
05-08 05:00 INFO     n_training: 32
05-08 05:00 INFO     n_test: 313
05-08 05:01 INFO     Epoch: 0 Loss: 0.011372 Best Valid seen: 0.834100 Valid: 0.834100
05-08 05:02 INFO     Epoch: 1 Loss: 0.016156 Best Valid seen: 0.834100 Valid: 0.833100
05-08 05:03 INFO     Epoch: 2 Loss: 0.003382 Best Valid seen: 0.834100 Valid: 0.831600
05-08 05:03 INFO     Epoch: 3 Loss: 0.002736 Best Valid seen: 0.834100 Valid: 0.828400
05-08 05:04 INFO     Epoch: 4 Loss: 0.008087 Best Valid seen: 0.834100 Valid: 0.824400
05-08 05:05 INFO     Epoch: 5 Loss: 0.003067 Best Valid seen: 0.834100 Valid: 0.820100
05-08 05:06 INFO     Epoch: 6 Loss: 0.010636 Best Valid seen: 0.834100 Valid: 0.816900
05-08 05:07 INFO     Epoch: 7 Loss: 0.010237 Best Valid seen: 0.834100 Valid: 0.816000
05-08 05:08 INFO     Epoch: 8 Loss: 0.003344 Best Valid seen: 0.834100 Valid: 0.811700
05-08 05:08 INFO     Epoch: 9 Loss: 0.004487 Best Valid seen: 0.834100 Valid: 0.810000
05-08 05:09 INFO     Epoch: 10 Loss: 0.005200 Best Valid seen: 0.834100 Valid: 0.809000
05-08 05:09 INFO     Validation accuracy hasn't improved in 10 epochs. Stopping training.
05-08 05:09 INFO     New best score: 0.8341 found with params lr=0.001, optimizer=sgd, batch_size=64
