04-28 18:21 INFO     Testing lr=0.001, optimizer=sgd, batch_size=32
04-28 18:21 INFO     Training network 0
04-28 18:21 INFO     n_training: 16
04-28 18:21 INFO     n_test: 313
04-28 18:22 INFO     Epoch: 0 Loss: 0.105167 Best Valid seen: 0.834000 Valid: 0.834000
04-28 18:23 INFO     Epoch: 1 Loss: 0.072822 Best Valid seen: 0.835400 Valid: 0.835400
04-28 18:24 INFO     Epoch: 2 Loss: 0.048879 Best Valid seen: 0.835900 Valid: 0.835900
04-28 18:24 INFO     Epoch: 3 Loss: 0.040543 Best Valid seen: 0.835900 Valid: 0.834100
04-28 18:25 INFO     Epoch: 4 Loss: 0.019766 Best Valid seen: 0.835900 Valid: 0.829600
04-28 18:26 INFO     Epoch: 5 Loss: 0.024305 Best Valid seen: 0.835900 Valid: 0.825600
04-28 18:26 INFO     Epoch: 6 Loss: 0.036301 Best Valid seen: 0.835900 Valid: 0.822400
04-28 18:27 INFO     Epoch: 7 Loss: 0.025902 Best Valid seen: 0.835900 Valid: 0.820500
04-28 18:28 INFO     Epoch: 8 Loss: 0.023673 Best Valid seen: 0.835900 Valid: 0.815300
04-28 18:29 INFO     Epoch: 9 Loss: 0.018970 Best Valid seen: 0.835900 Valid: 0.813300
04-28 18:29 INFO     Epoch: 10 Loss: 0.024942 Best Valid seen: 0.835900 Valid: 0.809200
04-28 18:30 INFO     Epoch: 11 Loss: 0.030210 Best Valid seen: 0.835900 Valid: 0.807700
04-28 18:31 INFO     Epoch: 12 Loss: 0.020140 Best Valid seen: 0.835900 Valid: 0.802500
04-28 18:31 INFO     Validation accuracy hasn't improved in 10 epochs. Stopping training.
04-28 18:31 INFO     New best score: 0.8359 found with params lr=0.001, optimizer=sgd, batch_size=64
04-28 18:31 INFO     Testing lr=0.001, optimizer=sgd, batch_size=64
04-28 18:31 INFO     Training network 0
04-28 18:31 INFO     n_training: 16
04-28 18:31 INFO     n_test: 313
04-28 18:32 INFO     Epoch: 0 Loss: 0.099574 Best Valid seen: 0.833900 Valid: 0.833900
04-28 18:32 INFO     Epoch: 1 Loss: 0.065891 Best Valid seen: 0.837700 Valid: 0.837700
04-28 18:33 INFO     Epoch: 2 Loss: 0.050980 Best Valid seen: 0.837700 Valid: 0.836500
04-28 18:34 INFO     Epoch: 3 Loss: 0.030746 Best Valid seen: 0.837700 Valid: 0.832900
04-28 18:34 INFO     Epoch: 4 Loss: 0.031087 Best Valid seen: 0.837700 Valid: 0.825200
04-28 18:35 INFO     Epoch: 5 Loss: 0.033867 Best Valid seen: 0.837700 Valid: 0.817900
04-28 18:36 INFO     Epoch: 6 Loss: 0.030850 Best Valid seen: 0.837700 Valid: 0.814900
04-28 18:37 INFO     Epoch: 7 Loss: 0.030502 Best Valid seen: 0.837700 Valid: 0.812500
04-28 18:37 INFO     Epoch: 8 Loss: 0.031537 Best Valid seen: 0.837700 Valid: 0.813700
04-28 18:38 INFO     Epoch: 9 Loss: 0.030021 Best Valid seen: 0.837700 Valid: 0.812400
04-28 18:39 INFO     Epoch: 10 Loss: 0.022188 Best Valid seen: 0.837700 Valid: 0.810200
04-28 18:39 INFO     Epoch: 11 Loss: 0.025297 Best Valid seen: 0.837700 Valid: 0.808300
04-28 18:39 INFO     Validation accuracy hasn't improved in 10 epochs. Stopping training.
04-28 18:39 INFO     New best score: 0.8377 found with params lr=0.001, optimizer=sgd, batch_size=64
04-28 18:39 INFO     Testing lr=0.01, optimizer=sgd, batch_size=32
04-28 18:39 INFO     Training network 0
04-28 18:39 INFO     n_training: 16
04-28 18:39 INFO     n_test: 313
04-28 18:40 INFO     Epoch: 0 Loss: 0.099750 Best Valid seen: 0.835500 Valid: 0.835500
04-28 18:41 INFO     Epoch: 1 Loss: 0.070505 Best Valid seen: 0.838100 Valid: 0.838100
04-28 18:42 INFO     Epoch: 2 Loss: 0.055005 Best Valid seen: 0.838100 Valid: 0.838000
04-28 18:42 INFO     Epoch: 3 Loss: 0.042764 Best Valid seen: 0.838100 Valid: 0.832100
04-28 18:43 INFO     Epoch: 4 Loss: 0.022751 Best Valid seen: 0.838100 Valid: 0.828300
04-28 18:44 INFO     Epoch: 5 Loss: 0.026477 Best Valid seen: 0.838100 Valid: 0.822300
04-28 18:45 INFO     Epoch: 6 Loss: 0.015517 Best Valid seen: 0.838100 Valid: 0.818900
04-28 18:45 INFO     Epoch: 7 Loss: 0.032248 Best Valid seen: 0.838100 Valid: 0.812200
04-28 18:46 INFO     Epoch: 8 Loss: 0.021280 Best Valid seen: 0.838100 Valid: 0.806700
04-28 18:47 INFO     Epoch: 9 Loss: 0.038393 Best Valid seen: 0.838100 Valid: 0.803500
04-28 18:47 INFO     Epoch: 10 Loss: 0.020566 Best Valid seen: 0.838100 Valid: 0.806000
04-28 18:48 INFO     Epoch: 11 Loss: 0.023434 Best Valid seen: 0.838100 Valid: 0.807100
04-28 18:48 INFO     Validation accuracy hasn't improved in 10 epochs. Stopping training.
04-28 18:48 INFO     New best score: 0.8381 found with params lr=0.001, optimizer=sgd, batch_size=64
04-28 18:48 INFO     Testing lr=0.01, optimizer=sgd, batch_size=64
04-28 18:48 INFO     Training network 0
04-28 18:48 INFO     n_training: 16
04-28 18:48 INFO     n_test: 313
04-28 18:49 INFO     Epoch: 0 Loss: 0.068157 Best Valid seen: 0.834200 Valid: 0.834200
04-28 18:50 INFO     Epoch: 1 Loss: 0.072174 Best Valid seen: 0.836400 Valid: 0.836400
04-28 18:50 INFO     Epoch: 2 Loss: 0.060936 Best Valid seen: 0.836400 Valid: 0.836300
04-28 18:51 INFO     Epoch: 3 Loss: 0.027307 Best Valid seen: 0.836400 Valid: 0.832600
04-28 18:52 INFO     Epoch: 4 Loss: 0.020932 Best Valid seen: 0.836400 Valid: 0.827000
04-28 18:53 INFO     Epoch: 5 Loss: 0.021928 Best Valid seen: 0.836400 Valid: 0.822600
04-28 18:53 INFO     Epoch: 6 Loss: 0.044787 Best Valid seen: 0.836400 Valid: 0.816800
04-28 18:54 INFO     Epoch: 7 Loss: 0.033424 Best Valid seen: 0.836400 Valid: 0.814100
04-28 18:55 INFO     Epoch: 8 Loss: 0.014255 Best Valid seen: 0.836400 Valid: 0.813000
04-28 18:55 INFO     Epoch: 9 Loss: 0.031578 Best Valid seen: 0.836400 Valid: 0.812200
04-28 18:56 INFO     Epoch: 10 Loss: 0.028852 Best Valid seen: 0.836400 Valid: 0.813800
04-28 18:57 INFO     Epoch: 11 Loss: 0.023696 Best Valid seen: 0.836400 Valid: 0.810600
04-28 18:57 INFO     Validation accuracy hasn't improved in 10 epochs. Stopping training.
04-28 18:57 INFO     Testing lr=0.1, optimizer=sgd, batch_size=32
04-28 18:57 INFO     Training network 0
04-28 18:57 INFO     n_training: 16
04-28 18:57 INFO     n_test: 313
04-28 18:58 INFO     Epoch: 0 Loss: 0.090655 Best Valid seen: 0.835300 Valid: 0.835300
04-28 18:58 INFO     Epoch: 1 Loss: 0.053248 Best Valid seen: 0.836200 Valid: 0.836200
04-28 18:59 INFO     Epoch: 2 Loss: 0.090916 Best Valid seen: 0.836200 Valid: 0.833400
04-28 19:00 INFO     Epoch: 3 Loss: 0.027572 Best Valid seen: 0.836200 Valid: 0.832200
04-28 19:00 INFO     Epoch: 4 Loss: 0.029120 Best Valid seen: 0.836200 Valid: 0.828400
04-28 19:01 INFO     Epoch: 5 Loss: 0.029882 Best Valid seen: 0.836200 Valid: 0.824200
04-28 19:02 INFO     Epoch: 6 Loss: 0.039678 Best Valid seen: 0.836200 Valid: 0.820500
04-28 19:03 INFO     Epoch: 7 Loss: 0.034199 Best Valid seen: 0.836200 Valid: 0.818200
04-28 19:03 INFO     Epoch: 8 Loss: 0.035535 Best Valid seen: 0.836200 Valid: 0.816500
04-28 19:04 INFO     Epoch: 9 Loss: 0.024257 Best Valid seen: 0.836200 Valid: 0.812500
04-28 19:05 INFO     Epoch: 10 Loss: 0.027558 Best Valid seen: 0.836200 Valid: 0.811000
04-28 19:06 INFO     Epoch: 11 Loss: 0.021592 Best Valid seen: 0.836200 Valid: 0.806300
04-28 19:06 INFO     Validation accuracy hasn't improved in 10 epochs. Stopping training.
04-28 19:06 INFO     Testing lr=0.1, optimizer=sgd, batch_size=64
04-28 19:06 INFO     Training network 0
04-28 19:06 INFO     n_training: 16
04-28 19:06 INFO     n_test: 313
04-28 19:06 INFO     Epoch: 0 Loss: 0.089403 Best Valid seen: 0.836300 Valid: 0.836300
04-28 19:07 INFO     Epoch: 1 Loss: 0.051689 Best Valid seen: 0.837000 Valid: 0.837000
04-28 19:08 INFO     Epoch: 2 Loss: 0.054204 Best Valid seen: 0.837000 Valid: 0.835800
04-28 19:08 INFO     Epoch: 3 Loss: 0.019555 Best Valid seen: 0.837000 Valid: 0.831700
04-28 19:09 INFO     Epoch: 4 Loss: 0.023863 Best Valid seen: 0.837000 Valid: 0.826800
04-28 19:10 INFO     Epoch: 5 Loss: 0.023654 Best Valid seen: 0.837000 Valid: 0.822300
04-28 19:11 INFO     Epoch: 6 Loss: 0.023286 Best Valid seen: 0.837000 Valid: 0.821200
04-28 19:11 INFO     Epoch: 7 Loss: 0.015455 Best Valid seen: 0.837000 Valid: 0.815400
04-28 19:12 INFO     Epoch: 8 Loss: 0.032529 Best Valid seen: 0.837000 Valid: 0.812800
04-28 19:13 INFO     Epoch: 9 Loss: 0.022710 Best Valid seen: 0.837000 Valid: 0.810400
04-28 19:13 INFO     Epoch: 10 Loss: 0.018204 Best Valid seen: 0.837000 Valid: 0.809300
04-28 19:14 INFO     Epoch: 11 Loss: 0.024256 Best Valid seen: 0.837000 Valid: 0.808700
04-28 19:14 INFO     Validation accuracy hasn't improved in 10 epochs. Stopping training.
04-28 19:14 INFO     Testing lr=0.001, optimizer=sgd, batch_size=32
04-28 19:14 INFO     Training network 1
04-28 19:14 INFO     n_training: 47
04-28 19:14 INFO     n_test: 313
04-28 19:15 INFO     Epoch: 0 Loss: 0.003315 Best Valid seen: 0.835200 Valid: 0.835200
04-28 19:16 INFO     Epoch: 1 Loss: 0.001408 Best Valid seen: 0.837200 Valid: 0.837200
04-28 19:17 INFO     Epoch: 2 Loss: 0.001858 Best Valid seen: 0.837200 Valid: 0.834500
04-28 19:18 INFO     Epoch: 3 Loss: 0.001571 Best Valid seen: 0.837200 Valid: 0.835500
04-28 19:19 INFO     Epoch: 4 Loss: 0.001317 Best Valid seen: 0.837200 Valid: 0.836500
04-28 19:20 INFO     Epoch: 5 Loss: 0.001037 Best Valid seen: 0.837200 Valid: 0.833200
04-28 19:21 INFO     Epoch: 6 Loss: 0.000842 Best Valid seen: 0.837200 Valid: 0.830300
04-28 19:22 INFO     Epoch: 7 Loss: 0.001056 Best Valid seen: 0.837200 Valid: 0.826700
04-28 19:23 INFO     Epoch: 8 Loss: 0.002066 Best Valid seen: 0.837200 Valid: 0.827800
04-28 19:23 INFO     Epoch: 9 Loss: 0.001964 Best Valid seen: 0.837200 Valid: 0.827100
04-28 19:24 INFO     Epoch: 10 Loss: 0.001454 Best Valid seen: 0.837200 Valid: 0.825100
04-28 19:25 INFO     Epoch: 11 Loss: 0.002234 Best Valid seen: 0.837200 Valid: 0.823100
04-28 19:25 INFO     Validation accuracy hasn't improved in 10 epochs. Stopping training.
04-28 19:25 INFO     New best score: 0.8372 found with params lr=0.001, optimizer=sgd, batch_size=64
04-28 19:25 INFO     Testing lr=0.001, optimizer=sgd, batch_size=64
04-28 19:25 INFO     Training network 1
04-28 19:25 INFO     n_training: 47
04-28 19:25 INFO     n_test: 313
04-28 19:26 INFO     Epoch: 0 Loss: 0.002565 Best Valid seen: 0.836100 Valid: 0.836100
04-28 19:27 INFO     Epoch: 1 Loss: 0.002582 Best Valid seen: 0.838000 Valid: 0.838000
04-28 19:28 INFO     Epoch: 2 Loss: 0.001046 Best Valid seen: 0.838000 Valid: 0.835500
04-28 19:29 INFO     Epoch: 3 Loss: 0.001683 Best Valid seen: 0.838000 Valid: 0.834400
04-28 19:30 INFO     Epoch: 4 Loss: 0.002140 Best Valid seen: 0.838000 Valid: 0.835100
04-28 19:31 INFO     Epoch: 5 Loss: 0.000951 Best Valid seen: 0.838000 Valid: 0.832700
04-28 19:32 INFO     Epoch: 6 Loss: 0.000945 Best Valid seen: 0.838000 Valid: 0.834400
04-28 19:33 INFO     Epoch: 7 Loss: 0.001684 Best Valid seen: 0.838000 Valid: 0.833200
04-28 19:34 INFO     Epoch: 8 Loss: 0.001356 Best Valid seen: 0.838000 Valid: 0.832100
04-28 19:35 INFO     Epoch: 9 Loss: 0.001772 Best Valid seen: 0.838000 Valid: 0.827800
04-28 19:36 INFO     Epoch: 10 Loss: 0.003596 Best Valid seen: 0.838000 Valid: 0.822900
04-28 19:37 INFO     Epoch: 11 Loss: 0.002980 Best Valid seen: 0.838000 Valid: 0.822200
04-28 19:37 INFO     Validation accuracy hasn't improved in 10 epochs. Stopping training.
04-28 19:37 INFO     New best score: 0.838 found with params lr=0.001, optimizer=sgd, batch_size=64
04-28 19:37 INFO     Testing lr=0.01, optimizer=sgd, batch_size=32
04-28 19:37 INFO     Training network 1
04-28 19:37 INFO     n_training: 47
04-28 19:37 INFO     n_test: 313
04-28 19:38 INFO     Epoch: 0 Loss: 0.001514 Best Valid seen: 0.836100 Valid: 0.836100
04-28 19:39 INFO     Epoch: 1 Loss: 0.002352 Best Valid seen: 0.836100 Valid: 0.835200
04-28 19:40 INFO     Epoch: 2 Loss: 0.001525 Best Valid seen: 0.838400 Valid: 0.838400
04-28 19:40 INFO     Epoch: 3 Loss: 0.000985 Best Valid seen: 0.838900 Valid: 0.838900
04-28 19:41 INFO     Epoch: 4 Loss: 0.000719 Best Valid seen: 0.840900 Valid: 0.840900
04-28 19:42 INFO     Epoch: 5 Loss: 0.001034 Best Valid seen: 0.840900 Valid: 0.839200
04-28 19:43 INFO     Epoch: 6 Loss: 0.001019 Best Valid seen: 0.840900 Valid: 0.838300
04-28 19:44 INFO     Epoch: 7 Loss: 0.001306 Best Valid seen: 0.840900 Valid: 0.838500
04-28 19:45 INFO     Epoch: 8 Loss: 0.001709 Best Valid seen: 0.840900 Valid: 0.837100
04-28 19:46 INFO     Epoch: 9 Loss: 0.000513 Best Valid seen: 0.840900 Valid: 0.833900
04-28 19:47 INFO     Epoch: 10 Loss: 0.000762 Best Valid seen: 0.840900 Valid: 0.832100
04-28 19:48 INFO     Epoch: 11 Loss: 0.001487 Best Valid seen: 0.840900 Valid: 0.830100
04-28 19:49 INFO     Epoch: 12 Loss: 0.000633 Best Valid seen: 0.840900 Valid: 0.826100
04-28 19:50 INFO     Epoch: 13 Loss: 0.001482 Best Valid seen: 0.840900 Valid: 0.826300
04-28 19:51 INFO     Epoch: 14 Loss: 0.000986 Best Valid seen: 0.840900 Valid: 0.825100
04-28 19:51 INFO     Validation accuracy hasn't improved in 10 epochs. Stopping training.
04-28 19:51 INFO     New best score: 0.8409 found with params lr=0.001, optimizer=sgd, batch_size=64
04-28 19:51 INFO     Testing lr=0.01, optimizer=sgd, batch_size=64
04-28 19:51 INFO     Training network 1
04-28 19:51 INFO     n_training: 47
04-28 19:51 INFO     n_test: 313
04-28 19:52 INFO     Epoch: 0 Loss: 0.001575 Best Valid seen: 0.833400 Valid: 0.833400
04-28 19:53 INFO     Epoch: 1 Loss: 0.003466 Best Valid seen: 0.834800 Valid: 0.834800
04-28 19:54 INFO     Epoch: 2 Loss: 0.000906 Best Valid seen: 0.835400 Valid: 0.835400
04-28 19:55 INFO     Epoch: 3 Loss: 0.001260 Best Valid seen: 0.837100 Valid: 0.837100
04-28 19:56 INFO     Epoch: 4 Loss: 0.001687 Best Valid seen: 0.837100 Valid: 0.834600
04-28 19:57 INFO     Epoch: 5 Loss: 0.001207 Best Valid seen: 0.837100 Valid: 0.834500
04-28 19:57 INFO     Epoch: 6 Loss: 0.001256 Best Valid seen: 0.837100 Valid: 0.834000
04-28 19:58 INFO     Epoch: 7 Loss: 0.001912 Best Valid seen: 0.837100 Valid: 0.832000
04-28 19:59 INFO     Epoch: 8 Loss: 0.001350 Best Valid seen: 0.837100 Valid: 0.833000
04-28 20:00 INFO     Epoch: 9 Loss: 0.001657 Best Valid seen: 0.837100 Valid: 0.828400
04-28 20:01 INFO     Epoch: 10 Loss: 0.001858 Best Valid seen: 0.837100 Valid: 0.828600
04-28 20:02 INFO     Epoch: 11 Loss: 0.001507 Best Valid seen: 0.837100 Valid: 0.824300
04-28 20:03 INFO     Epoch: 12 Loss: 0.001943 Best Valid seen: 0.837100 Valid: 0.820400
04-28 20:04 INFO     Epoch: 13 Loss: 0.001824 Best Valid seen: 0.837100 Valid: 0.816200
04-28 20:04 INFO     Validation accuracy hasn't improved in 10 epochs. Stopping training.
04-28 20:04 INFO     Testing lr=0.1, optimizer=sgd, batch_size=32
04-28 20:04 INFO     Training network 1
04-28 20:04 INFO     n_training: 47
04-28 20:04 INFO     n_test: 313
04-28 20:05 INFO     Epoch: 0 Loss: 0.002056 Best Valid seen: 0.834400 Valid: 0.834400
04-28 20:06 INFO     Epoch: 1 Loss: 0.001329 Best Valid seen: 0.838200 Valid: 0.838200
04-28 20:07 INFO     Epoch: 2 Loss: 0.000968 Best Valid seen: 0.839600 Valid: 0.839600
04-28 20:08 INFO     Epoch: 3 Loss: 0.002157 Best Valid seen: 0.839800 Valid: 0.839800
04-28 20:09 INFO     Epoch: 4 Loss: 0.000858 Best Valid seen: 0.840600 Valid: 0.840600
04-28 20:10 INFO     Epoch: 5 Loss: 0.001069 Best Valid seen: 0.840600 Valid: 0.838700
04-28 20:11 INFO     Epoch: 6 Loss: 0.002204 Best Valid seen: 0.840600 Valid: 0.836300
04-28 20:12 INFO     Epoch: 7 Loss: 0.001216 Best Valid seen: 0.840600 Valid: 0.830700
04-28 20:13 INFO     Epoch: 8 Loss: 0.002265 Best Valid seen: 0.840600 Valid: 0.829500
04-28 20:14 INFO     Epoch: 9 Loss: 0.001768 Best Valid seen: 0.840600 Valid: 0.828100
04-28 20:14 INFO     Epoch: 10 Loss: 0.001058 Best Valid seen: 0.840600 Valid: 0.826200
04-28 20:15 INFO     Epoch: 11 Loss: 0.003919 Best Valid seen: 0.840600 Valid: 0.823400
04-28 20:16 INFO     Epoch: 12 Loss: 0.001392 Best Valid seen: 0.840600 Valid: 0.825200
04-28 20:17 INFO     Epoch: 13 Loss: 0.001564 Best Valid seen: 0.840600 Valid: 0.820200
04-28 20:18 INFO     Epoch: 14 Loss: 0.002627 Best Valid seen: 0.840600 Valid: 0.818400
04-28 20:18 INFO     Validation accuracy hasn't improved in 10 epochs. Stopping training.
04-28 20:18 INFO     Testing lr=0.1, optimizer=sgd, batch_size=64
04-28 20:18 INFO     Training network 1
04-28 20:18 INFO     n_training: 47
04-28 20:18 INFO     n_test: 313
04-28 20:19 INFO     Epoch: 0 Loss: 0.002128 Best Valid seen: 0.834700 Valid: 0.834700
04-28 20:20 INFO     Epoch: 1 Loss: 0.000891 Best Valid seen: 0.838100 Valid: 0.838100
04-28 20:21 INFO     Epoch: 2 Loss: 0.000866 Best Valid seen: 0.839600 Valid: 0.839600
04-28 20:22 INFO     Epoch: 3 Loss: 0.000859 Best Valid seen: 0.839900 Valid: 0.839900
04-28 20:23 INFO     Epoch: 4 Loss: 0.001072 Best Valid seen: 0.839900 Valid: 0.839900
04-28 20:24 INFO     Epoch: 5 Loss: 0.000761 Best Valid seen: 0.841700 Valid: 0.841700
04-28 20:25 INFO     Epoch: 6 Loss: 0.000888 Best Valid seen: 0.841700 Valid: 0.838800
04-28 20:26 INFO     Epoch: 7 Loss: 0.000466 Best Valid seen: 0.841700 Valid: 0.837900
04-28 20:27 INFO     Epoch: 8 Loss: 0.000740 Best Valid seen: 0.841700 Valid: 0.833500
04-28 20:28 INFO     Epoch: 9 Loss: 0.001562 Best Valid seen: 0.841700 Valid: 0.833800
04-28 20:29 INFO     Epoch: 10 Loss: 0.001117 Best Valid seen: 0.841700 Valid: 0.832200
04-28 20:30 INFO     Epoch: 11 Loss: 0.002390 Best Valid seen: 0.841700 Valid: 0.828900
04-28 20:31 INFO     Epoch: 12 Loss: 0.000595 Best Valid seen: 0.841700 Valid: 0.827500
04-28 20:32 INFO     Epoch: 13 Loss: 0.002478 Best Valid seen: 0.841700 Valid: 0.830500
04-28 20:33 INFO     Epoch: 14 Loss: 0.002023 Best Valid seen: 0.841700 Valid: 0.829300
04-28 20:34 INFO     Epoch: 15 Loss: 0.001514 Best Valid seen: 0.841700 Valid: 0.827100
04-28 20:34 INFO     Validation accuracy hasn't improved in 10 epochs. Stopping training.
04-28 20:34 INFO     New best score: 0.8417 found with params lr=0.001, optimizer=sgd, batch_size=64
04-28 20:34 INFO     Testing lr=0.001, optimizer=sgd, batch_size=32
04-28 20:34 INFO     Training network 2
04-28 20:34 INFO     n_training: 32
04-28 20:34 INFO     n_test: 313
04-28 20:34 INFO     Epoch: 0 Loss: 0.013724 Best Valid seen: 0.835600 Valid: 0.835600
04-28 20:35 INFO     Epoch: 1 Loss: 0.010066 Best Valid seen: 0.835600 Valid: 0.833800
04-28 20:36 INFO     Epoch: 2 Loss: 0.007089 Best Valid seen: 0.835600 Valid: 0.832800
04-28 20:37 INFO     Epoch: 3 Loss: 0.006213 Best Valid seen: 0.835600 Valid: 0.831400
04-28 20:38 INFO     Epoch: 4 Loss: 0.006916 Best Valid seen: 0.835600 Valid: 0.825500
04-28 20:39 INFO     Epoch: 5 Loss: 0.009470 Best Valid seen: 0.835600 Valid: 0.819400
04-28 20:39 INFO     Epoch: 6 Loss: 0.012875 Best Valid seen: 0.835600 Valid: 0.813800
04-28 20:40 INFO     Epoch: 7 Loss: 0.013221 Best Valid seen: 0.835600 Valid: 0.811900
04-28 20:41 INFO     Epoch: 8 Loss: 0.005800 Best Valid seen: 0.835600 Valid: 0.808900
04-28 20:42 INFO     Epoch: 9 Loss: 0.017240 Best Valid seen: 0.835600 Valid: 0.804900
04-28 20:43 INFO     Epoch: 10 Loss: 0.013238 Best Valid seen: 0.835600 Valid: 0.803800
04-28 20:43 INFO     Validation accuracy hasn't improved in 10 epochs. Stopping training.
04-28 20:43 INFO     New best score: 0.8356 found with params lr=0.001, optimizer=sgd, batch_size=64
04-28 20:43 INFO     Testing lr=0.001, optimizer=sgd, batch_size=64
04-28 20:43 INFO     Training network 2
04-28 20:43 INFO     n_training: 32
04-28 20:43 INFO     n_test: 313
04-28 20:44 INFO     Epoch: 0 Loss: 0.015420 Best Valid seen: 0.834300 Valid: 0.834300
04-28 20:44 INFO     Epoch: 1 Loss: 0.010181 Best Valid seen: 0.834300 Valid: 0.832600
04-28 20:45 INFO     Epoch: 2 Loss: 0.005606 Best Valid seen: 0.834300 Valid: 0.832000
04-28 20:46 INFO     Epoch: 3 Loss: 0.007526 Best Valid seen: 0.834300 Valid: 0.828400
04-28 20:47 INFO     Epoch: 4 Loss: 0.004333 Best Valid seen: 0.834300 Valid: 0.825100
04-28 20:48 INFO     Epoch: 5 Loss: 0.014114 Best Valid seen: 0.834300 Valid: 0.824000
04-28 20:49 INFO     Epoch: 6 Loss: 0.007646 Best Valid seen: 0.834300 Valid: 0.822100
04-28 20:50 INFO     Epoch: 7 Loss: 0.003416 Best Valid seen: 0.834300 Valid: 0.819400
04-28 20:50 INFO     Epoch: 8 Loss: 0.007491 Best Valid seen: 0.834300 Valid: 0.815600
04-28 20:51 INFO     Epoch: 9 Loss: 0.009658 Best Valid seen: 0.834300 Valid: 0.815300
04-28 20:52 INFO     Epoch: 10 Loss: 0.012353 Best Valid seen: 0.834300 Valid: 0.812500
04-28 20:52 INFO     Validation accuracy hasn't improved in 10 epochs. Stopping training.
04-28 20:52 INFO     Testing lr=0.01, optimizer=sgd, batch_size=32
04-28 20:52 INFO     Training network 2
04-28 20:52 INFO     n_training: 32
04-28 20:52 INFO     n_test: 313
04-28 20:53 INFO     Epoch: 0 Loss: 0.008433 Best Valid seen: 0.832900 Valid: 0.832900
04-28 20:54 INFO     Epoch: 1 Loss: 0.007931 Best Valid seen: 0.833300 Valid: 0.833300
04-28 20:55 INFO     Epoch: 2 Loss: 0.008898 Best Valid seen: 0.833400 Valid: 0.833400
04-28 20:55 INFO     Epoch: 3 Loss: 0.004726 Best Valid seen: 0.833400 Valid: 0.832300
04-28 20:56 INFO     Epoch: 4 Loss: 0.005064 Best Valid seen: 0.833400 Valid: 0.831500
04-28 20:57 INFO     Epoch: 5 Loss: 0.003791 Best Valid seen: 0.833400 Valid: 0.822500
04-28 20:58 INFO     Epoch: 6 Loss: 0.005181 Best Valid seen: 0.833400 Valid: 0.824400
04-28 20:59 INFO     Epoch: 7 Loss: 0.006541 Best Valid seen: 0.833400 Valid: 0.821500
04-28 21:00 INFO     Epoch: 8 Loss: 0.005799 Best Valid seen: 0.833400 Valid: 0.818600
04-28 21:01 INFO     Epoch: 9 Loss: 0.007086 Best Valid seen: 0.833400 Valid: 0.817200
04-28 21:01 INFO     Epoch: 10 Loss: 0.002915 Best Valid seen: 0.833400 Valid: 0.815400
04-28 21:02 INFO     Epoch: 11 Loss: 0.003362 Best Valid seen: 0.833400 Valid: 0.812400
04-28 21:03 INFO     Epoch: 12 Loss: 0.010868 Best Valid seen: 0.833400 Valid: 0.807000
04-28 21:03 INFO     Validation accuracy hasn't improved in 10 epochs. Stopping training.
04-28 21:03 INFO     Testing lr=0.01, optimizer=sgd, batch_size=64
04-28 21:03 INFO     Training network 2
04-28 21:03 INFO     n_training: 32
04-28 21:03 INFO     n_test: 313
04-28 21:04 INFO     Epoch: 0 Loss: 0.012353 Best Valid seen: 0.835300 Valid: 0.835300
04-28 21:05 INFO     Epoch: 1 Loss: 0.006212 Best Valid seen: 0.835300 Valid: 0.835000
04-28 21:06 INFO     Epoch: 2 Loss: 0.006080 Best Valid seen: 0.835300 Valid: 0.833800
04-28 21:06 INFO     Epoch: 3 Loss: 0.005474 Best Valid seen: 0.835300 Valid: 0.828800
04-28 21:07 INFO     Epoch: 4 Loss: 0.007998 Best Valid seen: 0.835300 Valid: 0.832400
04-28 21:08 INFO     Epoch: 5 Loss: 0.002288 Best Valid seen: 0.835300 Valid: 0.829200
04-28 21:09 INFO     Epoch: 6 Loss: 0.007902 Best Valid seen: 0.835300 Valid: 0.825600
04-28 21:10 INFO     Epoch: 7 Loss: 0.005766 Best Valid seen: 0.835300 Valid: 0.815900
04-28 21:11 INFO     Epoch: 8 Loss: 0.003174 Best Valid seen: 0.835300 Valid: 0.814100
04-28 21:12 INFO     Epoch: 9 Loss: 0.026584 Best Valid seen: 0.835300 Valid: 0.805700
04-28 21:12 INFO     Epoch: 10 Loss: 0.011185 Best Valid seen: 0.835300 Valid: 0.807400
04-28 21:12 INFO     Validation accuracy hasn't improved in 10 epochs. Stopping training.
04-28 21:12 INFO     Testing lr=0.1, optimizer=sgd, batch_size=32
04-28 21:12 INFO     Training network 2
04-28 21:12 INFO     n_training: 32
04-28 21:12 INFO     n_test: 313
04-28 21:13 INFO     Epoch: 0 Loss: 0.011611 Best Valid seen: 0.836000 Valid: 0.836000
04-28 21:14 INFO     Epoch: 1 Loss: 0.012012 Best Valid seen: 0.836000 Valid: 0.834600
04-28 21:15 INFO     Epoch: 2 Loss: 0.003980 Best Valid seen: 0.836000 Valid: 0.830800
04-28 21:16 INFO     Epoch: 3 Loss: 0.008433 Best Valid seen: 0.836000 Valid: 0.831100
04-28 21:17 INFO     Epoch: 4 Loss: 0.008362 Best Valid seen: 0.836000 Valid: 0.826900
04-28 21:17 INFO     Epoch: 5 Loss: 0.004596 Best Valid seen: 0.836000 Valid: 0.824500
04-28 21:18 INFO     Epoch: 6 Loss: 0.009598 Best Valid seen: 0.836000 Valid: 0.819100
04-28 21:19 INFO     Epoch: 7 Loss: 0.011280 Best Valid seen: 0.836000 Valid: 0.819000
04-28 21:20 INFO     Epoch: 8 Loss: 0.005248 Best Valid seen: 0.836000 Valid: 0.816200
04-28 21:21 INFO     Epoch: 9 Loss: 0.005661 Best Valid seen: 0.836000 Valid: 0.813900
04-28 21:22 INFO     Epoch: 10 Loss: 0.008116 Best Valid seen: 0.836000 Valid: 0.810000
04-28 21:22 INFO     Validation accuracy hasn't improved in 10 epochs. Stopping training.
04-28 21:22 INFO     New best score: 0.836 found with params lr=0.001, optimizer=sgd, batch_size=64
04-28 21:22 INFO     Testing lr=0.1, optimizer=sgd, batch_size=64
04-28 21:22 INFO     Training network 2
04-28 21:22 INFO     n_training: 32
04-28 21:22 INFO     n_test: 313
04-28 21:22 INFO     Epoch: 0 Loss: 0.022086 Best Valid seen: 0.834700 Valid: 0.834700
04-28 21:23 INFO     Epoch: 1 Loss: 0.007755 Best Valid seen: 0.834700 Valid: 0.834300
04-28 21:24 INFO     Epoch: 2 Loss: 0.015083 Best Valid seen: 0.834700 Valid: 0.826500
04-28 21:25 INFO     Epoch: 3 Loss: 0.014314 Best Valid seen: 0.834700 Valid: 0.822700
04-28 21:26 INFO     Epoch: 4 Loss: 0.007530 Best Valid seen: 0.834700 Valid: 0.818500
04-28 21:27 INFO     Epoch: 5 Loss: 0.009956 Best Valid seen: 0.834700 Valid: 0.812500
04-28 21:28 INFO     Epoch: 6 Loss: 0.021572 Best Valid seen: 0.834700 Valid: 0.807200
04-28 21:28 INFO     Epoch: 7 Loss: 0.031268 Best Valid seen: 0.834700 Valid: 0.807000
04-28 21:29 INFO     Epoch: 8 Loss: 0.010187 Best Valid seen: 0.834700 Valid: 0.799900
04-28 21:30 INFO     Epoch: 9 Loss: 0.025047 Best Valid seen: 0.834700 Valid: 0.789400
04-28 21:31 INFO     Epoch: 10 Loss: 0.044185 Best Valid seen: 0.834700 Valid: 0.788000
04-28 21:31 INFO     Validation accuracy hasn't improved in 10 epochs. Stopping training.
