05-04 01:09 INFO     Testing lr=0.001, optimizer=sgd, batch_size=32
05-04 01:09 INFO     Training network 0
05-04 01:09 INFO     n_training: 16
05-04 01:09 INFO     n_test: 313
05-04 01:09 INFO     Epoch: 0 Loss: 0.083184 Best Valid seen: 0.835500 Valid: 0.835500
05-04 01:10 INFO     Epoch: 1 Loss: 0.070906 Best Valid seen: 0.835700 Valid: 0.835700
05-04 01:11 INFO     Epoch: 2 Loss: 0.060014 Best Valid seen: 0.836200 Valid: 0.836200
05-04 01:12 INFO     Epoch: 3 Loss: 0.032155 Best Valid seen: 0.836200 Valid: 0.833900
05-04 01:12 INFO     Epoch: 4 Loss: 0.032472 Best Valid seen: 0.836200 Valid: 0.829700
05-04 01:13 INFO     Epoch: 5 Loss: 0.010759 Best Valid seen: 0.836200 Valid: 0.827600
05-04 01:14 INFO     Epoch: 6 Loss: 0.036657 Best Valid seen: 0.836200 Valid: 0.821700
05-04 01:15 INFO     Epoch: 7 Loss: 0.019966 Best Valid seen: 0.836200 Valid: 0.814200
05-04 01:15 INFO     Epoch: 8 Loss: 0.025915 Best Valid seen: 0.836200 Valid: 0.812800
05-04 01:16 INFO     Epoch: 9 Loss: 0.021689 Best Valid seen: 0.836200 Valid: 0.809600
05-04 01:17 INFO     Epoch: 10 Loss: 0.026174 Best Valid seen: 0.836200 Valid: 0.808900
05-04 01:17 INFO     Epoch: 11 Loss: 0.026333 Best Valid seen: 0.836200 Valid: 0.806000
05-04 01:18 INFO     Epoch: 12 Loss: 0.034559 Best Valid seen: 0.836200 Valid: 0.802800
05-04 01:18 INFO     Validation accuracy hasn't improved in 10 epochs. Stopping training.
05-04 01:18 INFO     New best score: 0.8362 found with params lr=0.001, optimizer=sgd, batch_size=64
05-04 01:18 INFO     Testing lr=0.001, optimizer=sgd, batch_size=64
05-04 01:18 INFO     Training network 0
05-04 01:18 INFO     n_training: 16
05-04 01:18 INFO     n_test: 313
05-04 01:19 INFO     Epoch: 0 Loss: 0.091500 Best Valid seen: 0.835300 Valid: 0.835300
05-04 01:20 INFO     Epoch: 1 Loss: 0.056462 Best Valid seen: 0.836100 Valid: 0.836100
05-04 01:20 INFO     Epoch: 2 Loss: 0.049548 Best Valid seen: 0.836300 Valid: 0.836300
05-04 01:21 INFO     Epoch: 3 Loss: 0.045646 Best Valid seen: 0.837200 Valid: 0.837200
05-04 01:22 INFO     Epoch: 4 Loss: 0.034180 Best Valid seen: 0.837200 Valid: 0.836700
05-04 01:23 INFO     Epoch: 5 Loss: 0.020659 Best Valid seen: 0.837200 Valid: 0.833800
05-04 01:23 INFO     Epoch: 6 Loss: 0.027969 Best Valid seen: 0.837200 Valid: 0.824800
05-04 01:24 INFO     Epoch: 7 Loss: 0.026637 Best Valid seen: 0.837200 Valid: 0.820000
05-04 01:25 INFO     Epoch: 8 Loss: 0.023332 Best Valid seen: 0.837200 Valid: 0.812500
05-04 01:26 INFO     Epoch: 9 Loss: 0.029749 Best Valid seen: 0.837200 Valid: 0.810200
05-04 01:26 INFO     Epoch: 10 Loss: 0.034511 Best Valid seen: 0.837200 Valid: 0.807300
05-04 01:27 INFO     Epoch: 11 Loss: 0.021464 Best Valid seen: 0.837200 Valid: 0.803400
05-04 01:28 INFO     Epoch: 12 Loss: 0.018994 Best Valid seen: 0.837200 Valid: 0.801300
05-04 01:29 INFO     Epoch: 13 Loss: 0.036747 Best Valid seen: 0.837200 Valid: 0.800100
05-04 01:29 INFO     Validation accuracy hasn't improved in 10 epochs. Stopping training.
05-04 01:29 INFO     New best score: 0.8372 found with params lr=0.001, optimizer=sgd, batch_size=64
05-04 01:29 INFO     Testing lr=0.01, optimizer=sgd, batch_size=32
05-04 01:29 INFO     Training network 0
05-04 01:29 INFO     n_training: 16
05-04 01:29 INFO     n_test: 313
05-04 01:29 INFO     Epoch: 0 Loss: 0.076882 Best Valid seen: 0.835200 Valid: 0.835200
05-04 01:30 INFO     Epoch: 1 Loss: 0.065312 Best Valid seen: 0.835800 Valid: 0.835800
05-04 01:31 INFO     Epoch: 2 Loss: 0.034261 Best Valid seen: 0.837400 Valid: 0.837400
05-04 01:31 INFO     Epoch: 3 Loss: 0.036971 Best Valid seen: 0.837400 Valid: 0.836900
05-04 01:32 INFO     Epoch: 4 Loss: 0.027783 Best Valid seen: 0.837400 Valid: 0.832500
05-04 01:33 INFO     Epoch: 5 Loss: 0.026460 Best Valid seen: 0.837400 Valid: 0.827800
05-04 01:34 INFO     Epoch: 6 Loss: 0.016887 Best Valid seen: 0.837400 Valid: 0.821800
05-04 01:34 INFO     Epoch: 7 Loss: 0.025157 Best Valid seen: 0.837400 Valid: 0.814800
05-04 01:35 INFO     Epoch: 8 Loss: 0.021860 Best Valid seen: 0.837400 Valid: 0.809100
05-04 01:36 INFO     Epoch: 9 Loss: 0.029262 Best Valid seen: 0.837400 Valid: 0.804000
05-04 01:37 INFO     Epoch: 10 Loss: 0.048709 Best Valid seen: 0.837400 Valid: 0.803600
05-04 01:37 INFO     Epoch: 11 Loss: 0.031157 Best Valid seen: 0.837400 Valid: 0.807500
05-04 01:38 INFO     Epoch: 12 Loss: 0.025027 Best Valid seen: 0.837400 Valid: 0.806200
05-04 01:38 INFO     Validation accuracy hasn't improved in 10 epochs. Stopping training.
05-04 01:38 INFO     New best score: 0.8374 found with params lr=0.001, optimizer=sgd, batch_size=64
05-04 01:38 INFO     Testing lr=0.01, optimizer=sgd, batch_size=64
05-04 01:38 INFO     Training network 0
05-04 01:38 INFO     n_training: 16
05-04 01:38 INFO     n_test: 313
05-04 01:39 INFO     Epoch: 0 Loss: 0.093208 Best Valid seen: 0.833500 Valid: 0.833500
05-04 01:40 INFO     Epoch: 1 Loss: 0.068446 Best Valid seen: 0.837300 Valid: 0.837300
05-04 01:40 INFO     Epoch: 2 Loss: 0.050958 Best Valid seen: 0.837500 Valid: 0.837500
05-04 01:41 INFO     Epoch: 3 Loss: 0.041295 Best Valid seen: 0.838000 Valid: 0.838000
05-04 01:42 INFO     Epoch: 4 Loss: 0.021877 Best Valid seen: 0.838000 Valid: 0.837400
05-04 01:43 INFO     Epoch: 5 Loss: 0.019926 Best Valid seen: 0.838000 Valid: 0.830000
05-04 01:43 INFO     Epoch: 6 Loss: 0.020338 Best Valid seen: 0.838000 Valid: 0.822900
05-04 01:44 INFO     Epoch: 7 Loss: 0.031528 Best Valid seen: 0.838000 Valid: 0.820600
05-04 01:45 INFO     Epoch: 8 Loss: 0.017037 Best Valid seen: 0.838000 Valid: 0.814800
05-04 01:46 INFO     Epoch: 9 Loss: 0.028350 Best Valid seen: 0.838000 Valid: 0.808100
05-04 01:46 INFO     Epoch: 10 Loss: 0.043305 Best Valid seen: 0.838000 Valid: 0.803900
05-04 01:47 INFO     Epoch: 11 Loss: 0.040662 Best Valid seen: 0.838000 Valid: 0.801400
05-04 01:48 INFO     Epoch: 12 Loss: 0.022339 Best Valid seen: 0.838000 Valid: 0.800000
05-04 01:48 INFO     Epoch: 13 Loss: 0.029114 Best Valid seen: 0.838000 Valid: 0.798300
05-04 01:48 INFO     Validation accuracy hasn't improved in 10 epochs. Stopping training.
05-04 01:48 INFO     New best score: 0.838 found with params lr=0.001, optimizer=sgd, batch_size=64
05-04 01:48 INFO     Testing lr=0.1, optimizer=sgd, batch_size=32
05-04 01:48 INFO     Training network 0
05-04 01:48 INFO     n_training: 16
05-04 01:48 INFO     n_test: 313
05-04 01:49 INFO     Epoch: 0 Loss: 0.055729 Best Valid seen: 0.836900 Valid: 0.836900
05-04 01:50 INFO     Epoch: 1 Loss: 0.092670 Best Valid seen: 0.836900 Valid: 0.835800
05-04 01:51 INFO     Epoch: 2 Loss: 0.049125 Best Valid seen: 0.836900 Valid: 0.836800
05-04 01:51 INFO     Epoch: 3 Loss: 0.034964 Best Valid seen: 0.836900 Valid: 0.835700
05-04 01:52 INFO     Epoch: 4 Loss: 0.031907 Best Valid seen: 0.836900 Valid: 0.834600
05-04 01:53 INFO     Epoch: 5 Loss: 0.020827 Best Valid seen: 0.836900 Valid: 0.830600
05-04 01:54 INFO     Epoch: 6 Loss: 0.034960 Best Valid seen: 0.836900 Valid: 0.827800
05-04 01:54 INFO     Epoch: 7 Loss: 0.020362 Best Valid seen: 0.836900 Valid: 0.825000
05-04 01:55 INFO     Epoch: 8 Loss: 0.013587 Best Valid seen: 0.836900 Valid: 0.820600
05-04 01:56 INFO     Epoch: 9 Loss: 0.016074 Best Valid seen: 0.836900 Valid: 0.816100
05-04 01:57 INFO     Epoch: 10 Loss: 0.017642 Best Valid seen: 0.836900 Valid: 0.810900
05-04 01:57 INFO     Validation accuracy hasn't improved in 10 epochs. Stopping training.
05-04 01:57 INFO     Testing lr=0.1, optimizer=sgd, batch_size=64
05-04 01:57 INFO     Training network 0
05-04 01:57 INFO     n_training: 16
05-04 01:57 INFO     n_test: 313
05-04 01:57 INFO     Epoch: 0 Loss: 0.101825 Best Valid seen: 0.834900 Valid: 0.834900
05-04 01:58 INFO     Epoch: 1 Loss: 0.057678 Best Valid seen: 0.836400 Valid: 0.836400
05-04 01:59 INFO     Epoch: 2 Loss: 0.035591 Best Valid seen: 0.837300 Valid: 0.837300
05-04 02:00 INFO     Epoch: 3 Loss: 0.039704 Best Valid seen: 0.837300 Valid: 0.836400
05-04 02:00 INFO     Epoch: 4 Loss: 0.043690 Best Valid seen: 0.837300 Valid: 0.834300
05-04 02:01 INFO     Epoch: 5 Loss: 0.024368 Best Valid seen: 0.837300 Valid: 0.830600
05-04 02:02 INFO     Epoch: 6 Loss: 0.022162 Best Valid seen: 0.837300 Valid: 0.826700
05-04 02:03 INFO     Epoch: 7 Loss: 0.037014 Best Valid seen: 0.837300 Valid: 0.821900
05-04 02:03 INFO     Epoch: 8 Loss: 0.033308 Best Valid seen: 0.837300 Valid: 0.816400
05-04 02:04 INFO     Epoch: 9 Loss: 0.022889 Best Valid seen: 0.837300 Valid: 0.814300
05-04 02:05 INFO     Epoch: 10 Loss: 0.030082 Best Valid seen: 0.837300 Valid: 0.810700
05-04 02:05 INFO     Epoch: 11 Loss: 0.024416 Best Valid seen: 0.837300 Valid: 0.808300
05-04 02:06 INFO     Epoch: 12 Loss: 0.027460 Best Valid seen: 0.837300 Valid: 0.804700
05-04 02:06 INFO     Validation accuracy hasn't improved in 10 epochs. Stopping training.
05-04 02:06 INFO     Testing lr=0.001, optimizer=sgd, batch_size=32
05-04 02:06 INFO     Training network 1
05-04 02:06 INFO     n_training: 47
05-04 02:06 INFO     n_test: 313
05-04 02:07 INFO     Epoch: 0 Loss: 0.004533 Best Valid seen: 0.835300 Valid: 0.835300
05-04 02:08 INFO     Epoch: 1 Loss: 0.001328 Best Valid seen: 0.837500 Valid: 0.837500
05-04 02:09 INFO     Epoch: 2 Loss: 0.002359 Best Valid seen: 0.838200 Valid: 0.838200
05-04 02:10 INFO     Epoch: 3 Loss: 0.001444 Best Valid seen: 0.838200 Valid: 0.836300
05-04 02:11 INFO     Epoch: 4 Loss: 0.002137 Best Valid seen: 0.838200 Valid: 0.836900
05-04 02:12 INFO     Epoch: 5 Loss: 0.002029 Best Valid seen: 0.838200 Valid: 0.833400
05-04 02:13 INFO     Epoch: 6 Loss: 0.001878 Best Valid seen: 0.838200 Valid: 0.833000
05-04 02:14 INFO     Epoch: 7 Loss: 0.001683 Best Valid seen: 0.838200 Valid: 0.829700
05-04 02:15 INFO     Epoch: 8 Loss: 0.001613 Best Valid seen: 0.838200 Valid: 0.831500
05-04 02:16 INFO     Epoch: 9 Loss: 0.001465 Best Valid seen: 0.838200 Valid: 0.828700
05-04 02:17 INFO     Epoch: 10 Loss: 0.001245 Best Valid seen: 0.838200 Valid: 0.824700
05-04 02:18 INFO     Epoch: 11 Loss: 0.002389 Best Valid seen: 0.838200 Valid: 0.823100
05-04 02:19 INFO     Epoch: 12 Loss: 0.002515 Best Valid seen: 0.838200 Valid: 0.819500
05-04 02:19 INFO     Validation accuracy hasn't improved in 10 epochs. Stopping training.
05-04 02:19 INFO     New best score: 0.8382 found with params lr=0.001, optimizer=sgd, batch_size=64
05-04 02:19 INFO     Testing lr=0.001, optimizer=sgd, batch_size=64
05-04 02:19 INFO     Training network 1
05-04 02:19 INFO     n_training: 47
05-04 02:19 INFO     n_test: 313
05-04 02:20 INFO     Epoch: 0 Loss: 0.001826 Best Valid seen: 0.836500 Valid: 0.836500
05-04 02:21 INFO     Epoch: 1 Loss: 0.002154 Best Valid seen: 0.836800 Valid: 0.836800
05-04 02:22 INFO     Epoch: 2 Loss: 0.001600 Best Valid seen: 0.836800 Valid: 0.835300
05-04 02:23 INFO     Epoch: 3 Loss: 0.002049 Best Valid seen: 0.836800 Valid: 0.834300
05-04 02:24 INFO     Epoch: 4 Loss: 0.000848 Best Valid seen: 0.836800 Valid: 0.834100
05-04 02:25 INFO     Epoch: 5 Loss: 0.001707 Best Valid seen: 0.836800 Valid: 0.833900
05-04 02:26 INFO     Epoch: 6 Loss: 0.002465 Best Valid seen: 0.836800 Valid: 0.833400
05-04 02:27 INFO     Epoch: 7 Loss: 0.001071 Best Valid seen: 0.836800 Valid: 0.832800
05-04 02:27 INFO     Epoch: 8 Loss: 0.002091 Best Valid seen: 0.836800 Valid: 0.832300
05-04 02:28 INFO     Epoch: 9 Loss: 0.001936 Best Valid seen: 0.836800 Valid: 0.831200
05-04 02:29 INFO     Epoch: 10 Loss: 0.003293 Best Valid seen: 0.836800 Valid: 0.829600
05-04 02:30 INFO     Epoch: 11 Loss: 0.001261 Best Valid seen: 0.836800 Valid: 0.827800
05-04 02:30 INFO     Validation accuracy hasn't improved in 10 epochs. Stopping training.
05-04 02:30 INFO     Testing lr=0.01, optimizer=sgd, batch_size=32
05-04 02:30 INFO     Training network 1
05-04 02:30 INFO     n_training: 47
05-04 02:30 INFO     n_test: 313
05-04 02:31 INFO     Epoch: 0 Loss: 0.001829 Best Valid seen: 0.834900 Valid: 0.834900
05-04 02:32 INFO     Epoch: 1 Loss: 0.000941 Best Valid seen: 0.835200 Valid: 0.835200
05-04 02:33 INFO     Epoch: 2 Loss: 0.003147 Best Valid seen: 0.835900 Valid: 0.835900
05-04 02:34 INFO     Epoch: 3 Loss: 0.000955 Best Valid seen: 0.838700 Valid: 0.838700
05-04 02:35 INFO     Epoch: 4 Loss: 0.001660 Best Valid seen: 0.839400 Valid: 0.839400
05-04 02:36 INFO     Epoch: 5 Loss: 0.000932 Best Valid seen: 0.839600 Valid: 0.839600
05-04 02:37 INFO     Epoch: 6 Loss: 0.001031 Best Valid seen: 0.839600 Valid: 0.837200
05-04 02:38 INFO     Epoch: 7 Loss: 0.002636 Best Valid seen: 0.839600 Valid: 0.834700
05-04 02:39 INFO     Epoch: 8 Loss: 0.001377 Best Valid seen: 0.839600 Valid: 0.832200
05-04 02:40 INFO     Epoch: 9 Loss: 0.001461 Best Valid seen: 0.839600 Valid: 0.832900
05-04 02:41 INFO     Epoch: 10 Loss: 0.001824 Best Valid seen: 0.839600 Valid: 0.832200
05-04 02:42 INFO     Epoch: 11 Loss: 0.000887 Best Valid seen: 0.839600 Valid: 0.828800
05-04 02:43 INFO     Epoch: 12 Loss: 0.003293 Best Valid seen: 0.839600 Valid: 0.828900
05-04 02:44 INFO     Epoch: 13 Loss: 0.002005 Best Valid seen: 0.839600 Valid: 0.826100
05-04 02:45 INFO     Epoch: 14 Loss: 0.001524 Best Valid seen: 0.839600 Valid: 0.825600
05-04 02:46 INFO     Epoch: 15 Loss: 0.001830 Best Valid seen: 0.839600 Valid: 0.823300
05-04 02:46 INFO     Validation accuracy hasn't improved in 10 epochs. Stopping training.
05-04 02:46 INFO     New best score: 0.8396 found with params lr=0.001, optimizer=sgd, batch_size=64
05-04 02:46 INFO     Testing lr=0.01, optimizer=sgd, batch_size=64
05-04 02:46 INFO     Training network 1
05-04 02:46 INFO     n_training: 47
05-04 02:46 INFO     n_test: 313
05-04 02:47 INFO     Epoch: 0 Loss: 0.002592 Best Valid seen: 0.835000 Valid: 0.835000
05-04 02:48 INFO     Epoch: 1 Loss: 0.001671 Best Valid seen: 0.836300 Valid: 0.836300
05-04 02:49 INFO     Epoch: 2 Loss: 0.001175 Best Valid seen: 0.836300 Valid: 0.835100
05-04 02:50 INFO     Epoch: 3 Loss: 0.001573 Best Valid seen: 0.836300 Valid: 0.836000
05-04 02:51 INFO     Epoch: 4 Loss: 0.001115 Best Valid seen: 0.837200 Valid: 0.837200
05-04 02:52 INFO     Epoch: 5 Loss: 0.001099 Best Valid seen: 0.837200 Valid: 0.833800
05-04 02:53 INFO     Epoch: 6 Loss: 0.001289 Best Valid seen: 0.837200 Valid: 0.834500
05-04 02:54 INFO     Epoch: 7 Loss: 0.002823 Best Valid seen: 0.837200 Valid: 0.832100
05-04 02:55 INFO     Epoch: 8 Loss: 0.002821 Best Valid seen: 0.837200 Valid: 0.835400
05-04 02:56 INFO     Epoch: 9 Loss: 0.002697 Best Valid seen: 0.837200 Valid: 0.834500
05-04 02:57 INFO     Epoch: 10 Loss: 0.001237 Best Valid seen: 0.837200 Valid: 0.834700
05-04 02:57 INFO     Epoch: 11 Loss: 0.001201 Best Valid seen: 0.837200 Valid: 0.830700
05-04 02:58 INFO     Epoch: 12 Loss: 0.003479 Best Valid seen: 0.837200 Valid: 0.828400
05-04 02:59 INFO     Epoch: 13 Loss: 0.003356 Best Valid seen: 0.837200 Valid: 0.826600
05-04 03:00 INFO     Epoch: 14 Loss: 0.003604 Best Valid seen: 0.837200 Valid: 0.822400
05-04 03:00 INFO     Validation accuracy hasn't improved in 10 epochs. Stopping training.
05-04 03:00 INFO     Testing lr=0.1, optimizer=sgd, batch_size=32
05-04 03:00 INFO     Training network 1
05-04 03:00 INFO     n_training: 47
05-04 03:00 INFO     n_test: 313
05-04 03:01 INFO     Epoch: 0 Loss: 0.001944 Best Valid seen: 0.835300 Valid: 0.835300
05-04 03:02 INFO     Epoch: 1 Loss: 0.002102 Best Valid seen: 0.836600 Valid: 0.836600
05-04 03:03 INFO     Epoch: 2 Loss: 0.001064 Best Valid seen: 0.838300 Valid: 0.838300
05-04 03:04 INFO     Epoch: 3 Loss: 0.001125 Best Valid seen: 0.839300 Valid: 0.839300
05-04 03:05 INFO     Epoch: 4 Loss: 0.000897 Best Valid seen: 0.840100 Valid: 0.840100
05-04 03:06 INFO     Epoch: 5 Loss: 0.001007 Best Valid seen: 0.840100 Valid: 0.839700
05-04 03:07 INFO     Epoch: 6 Loss: 0.001467 Best Valid seen: 0.840100 Valid: 0.838900
05-04 03:08 INFO     Epoch: 7 Loss: 0.000704 Best Valid seen: 0.840100 Valid: 0.835600
05-04 03:09 INFO     Epoch: 8 Loss: 0.001322 Best Valid seen: 0.840100 Valid: 0.835200
05-04 03:10 INFO     Epoch: 9 Loss: 0.001276 Best Valid seen: 0.840100 Valid: 0.829100
05-04 03:11 INFO     Epoch: 10 Loss: 0.001177 Best Valid seen: 0.840100 Valid: 0.828700
05-04 03:12 INFO     Epoch: 11 Loss: 0.002459 Best Valid seen: 0.840100 Valid: 0.828200
05-04 03:13 INFO     Epoch: 12 Loss: 0.002060 Best Valid seen: 0.840100 Valid: 0.825100
05-04 03:14 INFO     Epoch: 13 Loss: 0.001447 Best Valid seen: 0.840100 Valid: 0.826000
05-04 03:15 INFO     Epoch: 14 Loss: 0.001143 Best Valid seen: 0.840100 Valid: 0.824300
05-04 03:15 INFO     Validation accuracy hasn't improved in 10 epochs. Stopping training.
05-04 03:15 INFO     New best score: 0.8401 found with params lr=0.001, optimizer=sgd, batch_size=64
05-04 03:15 INFO     Testing lr=0.1, optimizer=sgd, batch_size=64
05-04 03:15 INFO     Training network 1
05-04 03:15 INFO     n_training: 47
05-04 03:15 INFO     n_test: 313
05-04 03:16 INFO     Epoch: 0 Loss: 0.002026 Best Valid seen: 0.835700 Valid: 0.835700
05-04 03:17 INFO     Epoch: 1 Loss: 0.002149 Best Valid seen: 0.838100 Valid: 0.838100
05-04 03:18 INFO     Epoch: 2 Loss: 0.001252 Best Valid seen: 0.838100 Valid: 0.837400
05-04 03:19 INFO     Epoch: 3 Loss: 0.002881 Best Valid seen: 0.838100 Valid: 0.835900
05-04 03:20 INFO     Epoch: 4 Loss: 0.001156 Best Valid seen: 0.838100 Valid: 0.834600
05-04 03:21 INFO     Epoch: 5 Loss: 0.001127 Best Valid seen: 0.838100 Valid: 0.833400
05-04 03:22 INFO     Epoch: 6 Loss: 0.001352 Best Valid seen: 0.838100 Valid: 0.833500
05-04 03:23 INFO     Epoch: 7 Loss: 0.001168 Best Valid seen: 0.838100 Valid: 0.832500
05-04 03:24 INFO     Epoch: 8 Loss: 0.001054 Best Valid seen: 0.838100 Valid: 0.831500
05-04 03:25 INFO     Epoch: 9 Loss: 0.001820 Best Valid seen: 0.838100 Valid: 0.828000
05-04 03:25 INFO     Epoch: 10 Loss: 0.001544 Best Valid seen: 0.838100 Valid: 0.827000
05-04 03:26 INFO     Epoch: 11 Loss: 0.002743 Best Valid seen: 0.838100 Valid: 0.825600
05-04 03:26 INFO     Validation accuracy hasn't improved in 10 epochs. Stopping training.
05-04 03:26 INFO     Testing lr=0.001, optimizer=sgd, batch_size=32
