04-20 15:26 INFO     Testing lr=0.001, optimizer=sgd, batch_size=32
04-20 15:26 INFO     Training network 0
04-20 15:26 INFO     n_training: 55
04-20 15:26 INFO     n_test: 313
04-20 15:27 INFO     Epoch: 0 Loss: 0.003226 Best Valid seen: 0.865900 Valid: 0.865900
04-20 15:28 INFO     Epoch: 1 Loss: 0.003369 Best Valid seen: 0.868700 Valid: 0.868700
04-20 15:29 INFO     Epoch: 2 Loss: 0.001526 Best Valid seen: 0.868700 Valid: 0.868300
04-20 15:30 INFO     Epoch: 3 Loss: 0.001820 Best Valid seen: 0.868700 Valid: 0.864400
04-20 15:31 INFO     Epoch: 4 Loss: 0.002396 Best Valid seen: 0.868700 Valid: 0.860200
04-20 15:32 INFO     Epoch: 5 Loss: 0.003773 Best Valid seen: 0.868700 Valid: 0.854200
04-20 15:33 INFO     Epoch: 6 Loss: 0.003028 Best Valid seen: 0.868700 Valid: 0.851500
04-20 15:34 INFO     Epoch: 7 Loss: 0.005299 Best Valid seen: 0.868700 Valid: 0.850600
04-20 15:35 INFO     Epoch: 8 Loss: 0.003112 Best Valid seen: 0.868700 Valid: 0.847900
04-20 15:36 INFO     Epoch: 9 Loss: 0.004708 Best Valid seen: 0.868700 Valid: 0.845700
04-20 15:37 INFO     Epoch: 10 Loss: 0.006020 Best Valid seen: 0.868700 Valid: 0.840100
04-20 15:38 INFO     Epoch: 11 Loss: 0.004657 Best Valid seen: 0.868700 Valid: 0.832600
04-20 15:38 INFO     Validation accuracy hasn't improved in 10 epochs. Stopping training.
04-20 15:38 INFO     New best score: 0.8687 found with params lr=0.001, optimizer=sgd, batch_size=64
04-20 15:38 INFO     Testing lr=0.001, optimizer=sgd, batch_size=64
04-20 15:38 INFO     Training network 0
04-20 15:38 INFO     n_training: 55
04-20 15:38 INFO     n_test: 313
04-20 15:39 INFO     Epoch: 0 Loss: 0.004406 Best Valid seen: 0.866800 Valid: 0.866800
04-20 15:40 INFO     Epoch: 1 Loss: 0.002084 Best Valid seen: 0.867500 Valid: 0.867500
04-20 15:41 INFO     Epoch: 2 Loss: 0.002473 Best Valid seen: 0.867500 Valid: 0.867300
04-20 15:42 INFO     Epoch: 3 Loss: 0.001246 Best Valid seen: 0.867500 Valid: 0.862800
04-20 15:43 INFO     Epoch: 4 Loss: 0.001331 Best Valid seen: 0.867500 Valid: 0.860000
04-20 15:44 INFO     Epoch: 5 Loss: 0.003210 Best Valid seen: 0.867500 Valid: 0.857000
04-20 15:45 INFO     Epoch: 6 Loss: 0.001744 Best Valid seen: 0.867500 Valid: 0.859200
04-20 15:46 INFO     Epoch: 7 Loss: 0.002585 Best Valid seen: 0.867500 Valid: 0.855100
04-20 15:47 INFO     Epoch: 8 Loss: 0.003546 Best Valid seen: 0.867500 Valid: 0.848900
04-20 15:48 INFO     Epoch: 9 Loss: 0.002755 Best Valid seen: 0.867500 Valid: 0.844100
04-20 15:49 INFO     Epoch: 10 Loss: 0.003131 Best Valid seen: 0.867500 Valid: 0.840400
04-20 15:50 INFO     Epoch: 11 Loss: 0.004503 Best Valid seen: 0.867500 Valid: 0.840200
04-20 15:50 INFO     Validation accuracy hasn't improved in 10 epochs. Stopping training.
04-20 15:50 INFO     Testing lr=0.01, optimizer=sgd, batch_size=32
04-20 15:50 INFO     Training network 0
04-20 15:50 INFO     n_training: 55
04-20 15:50 INFO     n_test: 313
04-20 15:51 INFO     Epoch: 0 Loss: 0.002360 Best Valid seen: 0.865500 Valid: 0.865500
04-20 15:52 INFO     Epoch: 1 Loss: 0.002873 Best Valid seen: 0.865500 Valid: 0.863400
04-20 15:53 INFO     Epoch: 2 Loss: 0.001632 Best Valid seen: 0.865500 Valid: 0.865300
04-20 15:54 INFO     Epoch: 3 Loss: 0.001784 Best Valid seen: 0.865500 Valid: 0.863800
04-20 15:55 INFO     Epoch: 4 Loss: 0.002412 Best Valid seen: 0.865500 Valid: 0.860500
04-20 15:56 INFO     Epoch: 5 Loss: 0.002068 Best Valid seen: 0.865500 Valid: 0.857300
04-20 15:57 INFO     Epoch: 6 Loss: 0.002257 Best Valid seen: 0.865500 Valid: 0.853800
04-20 15:58 INFO     Epoch: 7 Loss: 0.000953 Best Valid seen: 0.865500 Valid: 0.849000
04-20 15:59 INFO     Epoch: 8 Loss: 0.001539 Best Valid seen: 0.865500 Valid: 0.846100
04-20 16:00 INFO     Epoch: 9 Loss: 0.001850 Best Valid seen: 0.865500 Valid: 0.843500
04-20 16:00 INFO     Epoch: 10 Loss: 0.002646 Best Valid seen: 0.865500 Valid: 0.840200
04-20 16:00 INFO     Validation accuracy hasn't improved in 10 epochs. Stopping training.
04-20 16:00 INFO     Testing lr=0.01, optimizer=sgd, batch_size=64
04-20 16:00 INFO     Training network 0
04-20 16:00 INFO     n_training: 55
04-20 16:00 INFO     n_test: 313
04-20 16:01 INFO     Epoch: 0 Loss: 0.001655 Best Valid seen: 0.865600 Valid: 0.865600
04-20 16:02 INFO     Epoch: 1 Loss: 0.001616 Best Valid seen: 0.866600 Valid: 0.866600
04-20 16:03 INFO     Epoch: 2 Loss: 0.001243 Best Valid seen: 0.868000 Valid: 0.868000
04-20 16:04 INFO     Epoch: 3 Loss: 0.001328 Best Valid seen: 0.868000 Valid: 0.866000
04-20 16:05 INFO     Epoch: 4 Loss: 0.000821 Best Valid seen: 0.868000 Valid: 0.864500
04-20 16:06 INFO     Epoch: 5 Loss: 0.002219 Best Valid seen: 0.868000 Valid: 0.863500
04-20 16:07 INFO     Epoch: 6 Loss: 0.001772 Best Valid seen: 0.868000 Valid: 0.862600
04-20 16:08 INFO     Epoch: 7 Loss: 0.003023 Best Valid seen: 0.868000 Valid: 0.861900
04-20 16:09 INFO     Epoch: 8 Loss: 0.000938 Best Valid seen: 0.868000 Valid: 0.855500
04-20 16:10 INFO     Epoch: 9 Loss: 0.004496 Best Valid seen: 0.868000 Valid: 0.854000
04-20 16:11 INFO     Epoch: 10 Loss: 0.003937 Best Valid seen: 0.868000 Valid: 0.851600
04-20 16:12 INFO     Epoch: 11 Loss: 0.002282 Best Valid seen: 0.868000 Valid: 0.839900
04-20 16:13 INFO     Epoch: 12 Loss: 0.006927 Best Valid seen: 0.868000 Valid: 0.841100
04-20 16:13 INFO     Validation accuracy hasn't improved in 10 epochs. Stopping training.
04-20 16:13 INFO     Testing lr=0.1, optimizer=sgd, batch_size=32
04-20 16:13 INFO     Training network 0
04-20 16:13 INFO     n_training: 55
04-20 16:13 INFO     n_test: 313
04-20 16:14 INFO     Epoch: 0 Loss: 0.002433 Best Valid seen: 0.865300 Valid: 0.865300
04-20 16:15 INFO     Epoch: 1 Loss: 0.002702 Best Valid seen: 0.866100 Valid: 0.866100
04-20 16:16 INFO     Epoch: 2 Loss: 0.002601 Best Valid seen: 0.866100 Valid: 0.865400
04-20 16:17 INFO     Epoch: 3 Loss: 0.001270 Best Valid seen: 0.866100 Valid: 0.863600
04-20 16:18 INFO     Epoch: 4 Loss: 0.000889 Best Valid seen: 0.866100 Valid: 0.862500
04-20 16:19 INFO     Epoch: 5 Loss: 0.001386 Best Valid seen: 0.866100 Valid: 0.858400
04-20 16:20 INFO     Epoch: 6 Loss: 0.002568 Best Valid seen: 0.866100 Valid: 0.856600
04-20 16:21 INFO     Epoch: 7 Loss: 0.001991 Best Valid seen: 0.866100 Valid: 0.854700
04-20 16:22 INFO     Epoch: 8 Loss: 0.001930 Best Valid seen: 0.866100 Valid: 0.852800
04-20 16:23 INFO     Epoch: 9 Loss: 0.002898 Best Valid seen: 0.866100 Valid: 0.848300
04-20 16:24 INFO     Epoch: 10 Loss: 0.001704 Best Valid seen: 0.866100 Valid: 0.844100
04-20 16:25 INFO     Epoch: 11 Loss: 0.002495 Best Valid seen: 0.866100 Valid: 0.840600
04-20 16:25 INFO     Validation accuracy hasn't improved in 10 epochs. Stopping training.
04-20 16:25 INFO     Testing lr=0.1, optimizer=sgd, batch_size=64
04-20 16:25 INFO     Training network 0
04-20 16:25 INFO     n_training: 55
04-20 16:25 INFO     n_test: 313
04-20 16:26 INFO     Epoch: 0 Loss: 0.002946 Best Valid seen: 0.865900 Valid: 0.865900
04-20 16:27 INFO     Epoch: 1 Loss: 0.002558 Best Valid seen: 0.866200 Valid: 0.866200
04-20 16:28 INFO     Epoch: 2 Loss: 0.001003 Best Valid seen: 0.866200 Valid: 0.865900
04-20 16:29 INFO     Epoch: 3 Loss: 0.000677 Best Valid seen: 0.866200 Valid: 0.863900
04-20 16:30 INFO     Epoch: 4 Loss: 0.000759 Best Valid seen: 0.866200 Valid: 0.862000
04-20 16:31 INFO     Epoch: 5 Loss: 0.003011 Best Valid seen: 0.866200 Valid: 0.859500
04-20 16:32 INFO     Epoch: 6 Loss: 0.002229 Best Valid seen: 0.866200 Valid: 0.856100
04-20 16:33 INFO     Epoch: 7 Loss: 0.002790 Best Valid seen: 0.866200 Valid: 0.855300
04-20 16:34 INFO     Epoch: 8 Loss: 0.002307 Best Valid seen: 0.866200 Valid: 0.852100
04-20 16:35 INFO     Epoch: 9 Loss: 0.002660 Best Valid seen: 0.866200 Valid: 0.849500
04-20 16:36 INFO     Epoch: 10 Loss: 0.001919 Best Valid seen: 0.866200 Valid: 0.845700
04-20 16:37 INFO     Epoch: 11 Loss: 0.002511 Best Valid seen: 0.866200 Valid: 0.840400
04-20 16:37 INFO     Validation accuracy hasn't improved in 10 epochs. Stopping training.
04-20 16:37 INFO     Testing lr=0.001, optimizer=sgd, batch_size=32
04-20 16:37 INFO     Training network 1
04-20 16:37 INFO     n_training: 48
04-20 16:37 INFO     n_test: 313
04-20 16:37 INFO     Epoch: 0 Loss: 0.006152 Best Valid seen: 0.866600 Valid: 0.866600
04-20 16:38 INFO     Epoch: 1 Loss: 0.002681 Best Valid seen: 0.867500 Valid: 0.867500
04-20 16:39 INFO     Epoch: 2 Loss: 0.002162 Best Valid seen: 0.868100 Valid: 0.868100
04-20 16:40 INFO     Epoch: 3 Loss: 0.003196 Best Valid seen: 0.868100 Valid: 0.861900
04-20 16:41 INFO     Epoch: 4 Loss: 0.003872 Best Valid seen: 0.868100 Valid: 0.856400
04-20 16:42 INFO     Epoch: 5 Loss: 0.004842 Best Valid seen: 0.868100 Valid: 0.853200
04-20 16:43 INFO     Epoch: 6 Loss: 0.003991 Best Valid seen: 0.868100 Valid: 0.848100
04-20 16:44 INFO     Epoch: 7 Loss: 0.005802 Best Valid seen: 0.868100 Valid: 0.845000
04-20 16:45 INFO     Epoch: 8 Loss: 0.006298 Best Valid seen: 0.868100 Valid: 0.844300
04-20 16:46 INFO     Epoch: 9 Loss: 0.009302 Best Valid seen: 0.868100 Valid: 0.846800
04-20 16:47 INFO     Epoch: 10 Loss: 0.009603 Best Valid seen: 0.868100 Valid: 0.836000
04-20 16:48 INFO     Epoch: 11 Loss: 0.015720 Best Valid seen: 0.868100 Valid: 0.832500
04-20 16:49 INFO     Epoch: 12 Loss: 0.013420 Best Valid seen: 0.868100 Valid: 0.841100
04-20 16:49 INFO     Validation accuracy hasn't improved in 10 epochs. Stopping training.
04-20 16:49 INFO     New best score: 0.8681 found with params lr=0.001, optimizer=sgd, batch_size=64
04-20 16:49 INFO     Testing lr=0.001, optimizer=sgd, batch_size=64
04-20 16:49 INFO     Training network 1
04-20 16:49 INFO     n_training: 48
04-20 16:49 INFO     n_test: 313
04-20 16:50 INFO     Epoch: 0 Loss: 0.003877 Best Valid seen: 0.868400 Valid: 0.868400
04-20 16:50 INFO     Epoch: 1 Loss: 0.004064 Best Valid seen: 0.868400 Valid: 0.866000
04-20 16:51 INFO     Epoch: 2 Loss: 0.001721 Best Valid seen: 0.868400 Valid: 0.862900
04-20 16:52 INFO     Epoch: 3 Loss: 0.002994 Best Valid seen: 0.868400 Valid: 0.862200
04-20 16:53 INFO     Epoch: 4 Loss: 0.004562 Best Valid seen: 0.868400 Valid: 0.852900
04-20 16:54 INFO     Epoch: 5 Loss: 0.008550 Best Valid seen: 0.868400 Valid: 0.853800
04-20 16:55 INFO     Epoch: 6 Loss: 0.003344 Best Valid seen: 0.868400 Valid: 0.841600
04-20 16:56 INFO     Epoch: 7 Loss: 0.004774 Best Valid seen: 0.868400 Valid: 0.843900
04-20 16:57 INFO     Epoch: 8 Loss: 0.006320 Best Valid seen: 0.868400 Valid: 0.846100
04-20 16:58 INFO     Epoch: 9 Loss: 0.004514 Best Valid seen: 0.868400 Valid: 0.848000
04-20 16:59 INFO     Epoch: 10 Loss: 0.012810 Best Valid seen: 0.868400 Valid: 0.845300
04-20 16:59 INFO     Validation accuracy hasn't improved in 10 epochs. Stopping training.
04-20 16:59 INFO     New best score: 0.8684 found with params lr=0.001, optimizer=sgd, batch_size=64
04-20 16:59 INFO     Testing lr=0.01, optimizer=sgd, batch_size=32
04-20 16:59 INFO     Training network 1
04-20 16:59 INFO     n_training: 48
04-20 16:59 INFO     n_test: 313
04-20 17:00 INFO     Epoch: 0 Loss: 0.007271 Best Valid seen: 0.865900 Valid: 0.865900
04-20 17:01 INFO     Epoch: 1 Loss: 0.003209 Best Valid seen: 0.868800 Valid: 0.868800
04-20 17:02 INFO     Epoch: 2 Loss: 0.002082 Best Valid seen: 0.868800 Valid: 0.865900
04-20 17:03 INFO     Epoch: 3 Loss: 0.002525 Best Valid seen: 0.868800 Valid: 0.857700
04-20 17:03 INFO     Epoch: 4 Loss: 0.007119 Best Valid seen: 0.868800 Valid: 0.853500
04-20 17:04 INFO     Epoch: 5 Loss: 0.003819 Best Valid seen: 0.868800 Valid: 0.857700
04-20 17:05 INFO     Epoch: 6 Loss: 0.003327 Best Valid seen: 0.868800 Valid: 0.860600
04-20 17:06 INFO     Epoch: 7 Loss: 0.004418 Best Valid seen: 0.868800 Valid: 0.855600
04-20 17:07 INFO     Epoch: 8 Loss: 0.002251 Best Valid seen: 0.868800 Valid: 0.848200
04-20 17:08 INFO     Epoch: 9 Loss: 0.010570 Best Valid seen: 0.868800 Valid: 0.844200
04-20 17:09 INFO     Epoch: 10 Loss: 0.006258 Best Valid seen: 0.868800 Valid: 0.841100
04-20 17:10 INFO     Epoch: 11 Loss: 0.005386 Best Valid seen: 0.868800 Valid: 0.834900
04-20 17:10 INFO     Validation accuracy hasn't improved in 10 epochs. Stopping training.
04-20 17:10 INFO     New best score: 0.8688 found with params lr=0.001, optimizer=sgd, batch_size=64
04-20 17:10 INFO     Testing lr=0.01, optimizer=sgd, batch_size=64
04-20 17:10 INFO     Training network 1
04-20 17:10 INFO     n_training: 48
04-20 17:10 INFO     n_test: 313
04-20 17:11 INFO     Epoch: 0 Loss: 0.005434 Best Valid seen: 0.866300 Valid: 0.866300
04-20 17:12 INFO     Epoch: 1 Loss: 0.004759 Best Valid seen: 0.866300 Valid: 0.865300
04-20 17:13 INFO     Epoch: 2 Loss: 0.001500 Best Valid seen: 0.866300 Valid: 0.861500
04-20 17:14 INFO     Epoch: 3 Loss: 0.002242 Best Valid seen: 0.866300 Valid: 0.858600
04-20 17:15 INFO     Epoch: 4 Loss: 0.003551 Best Valid seen: 0.866300 Valid: 0.857200
04-20 17:16 INFO     Epoch: 5 Loss: 0.002884 Best Valid seen: 0.866300 Valid: 0.855800
04-20 17:17 INFO     Epoch: 6 Loss: 0.004449 Best Valid seen: 0.866300 Valid: 0.854400
04-20 17:18 INFO     Epoch: 7 Loss: 0.004947 Best Valid seen: 0.866300 Valid: 0.850500
04-20 17:19 INFO     Epoch: 8 Loss: 0.003825 Best Valid seen: 0.866300 Valid: 0.847700
04-20 17:20 INFO     Epoch: 9 Loss: 0.005426 Best Valid seen: 0.866300 Valid: 0.843800
04-20 17:21 INFO     Epoch: 10 Loss: 0.005147 Best Valid seen: 0.866300 Valid: 0.838600
04-20 17:21 INFO     Validation accuracy hasn't improved in 10 epochs. Stopping training.
04-20 17:21 INFO     Testing lr=0.1, optimizer=sgd, batch_size=32
04-20 17:21 INFO     Training network 1
04-20 17:21 INFO     n_training: 48
04-20 17:21 INFO     n_test: 313
04-20 17:22 INFO     Epoch: 0 Loss: 0.004210 Best Valid seen: 0.865300 Valid: 0.865300
04-20 17:23 INFO     Epoch: 1 Loss: 0.005720 Best Valid seen: 0.865900 Valid: 0.865900
04-20 17:24 INFO     Epoch: 2 Loss: 0.002339 Best Valid seen: 0.866700 Valid: 0.866700
04-20 17:25 INFO     Epoch: 3 Loss: 0.001351 Best Valid seen: 0.866700 Valid: 0.862100
04-20 17:26 INFO     Epoch: 4 Loss: 0.002078 Best Valid seen: 0.866700 Valid: 0.857500
04-20 17:27 INFO     Epoch: 5 Loss: 0.004357 Best Valid seen: 0.866700 Valid: 0.853200
04-20 17:28 INFO     Epoch: 6 Loss: 0.003047 Best Valid seen: 0.866700 Valid: 0.845700
04-20 17:29 INFO     Epoch: 7 Loss: 0.004486 Best Valid seen: 0.866700 Valid: 0.849600
04-20 17:30 INFO     Epoch: 8 Loss: 0.006209 Best Valid seen: 0.866700 Valid: 0.847400
04-20 17:31 INFO     Epoch: 9 Loss: 0.003463 Best Valid seen: 0.866700 Valid: 0.843500
04-20 17:32 INFO     Epoch: 10 Loss: 0.007373 Best Valid seen: 0.866700 Valid: 0.843000
04-20 17:33 INFO     Epoch: 11 Loss: 0.012122 Best Valid seen: 0.866700 Valid: 0.842800
04-20 17:34 INFO     Epoch: 12 Loss: 0.006774 Best Valid seen: 0.866700 Valid: 0.840200
04-20 17:34 INFO     Validation accuracy hasn't improved in 10 epochs. Stopping training.
04-20 17:34 INFO     Testing lr=0.1, optimizer=sgd, batch_size=64
04-20 17:34 INFO     Training network 1
04-20 17:34 INFO     n_training: 48
04-20 17:34 INFO     n_test: 313
04-20 17:35 INFO     Epoch: 0 Loss: 0.005106 Best Valid seen: 0.866500 Valid: 0.866500
04-20 17:36 INFO     Epoch: 1 Loss: 0.003244 Best Valid seen: 0.866500 Valid: 0.866100
04-20 17:37 INFO     Epoch: 2 Loss: 0.002003 Best Valid seen: 0.866500 Valid: 0.865400
04-20 17:38 INFO     Epoch: 3 Loss: 0.003275 Best Valid seen: 0.866500 Valid: 0.864500
04-20 17:39 INFO     Epoch: 4 Loss: 0.001446 Best Valid seen: 0.866500 Valid: 0.863900
04-20 17:40 INFO     Epoch: 5 Loss: 0.004700 Best Valid seen: 0.866500 Valid: 0.859400
04-20 17:41 INFO     Epoch: 6 Loss: 0.002955 Best Valid seen: 0.866500 Valid: 0.860000
04-20 17:42 INFO     Epoch: 7 Loss: 0.001900 Best Valid seen: 0.866500 Valid: 0.855100
04-20 17:43 INFO     Epoch: 8 Loss: 0.004538 Best Valid seen: 0.866500 Valid: 0.852100
04-20 17:44 INFO     Epoch: 9 Loss: 0.004055 Best Valid seen: 0.866500 Valid: 0.849000
04-20 17:45 INFO     Epoch: 10 Loss: 0.018400 Best Valid seen: 0.866500 Valid: 0.845600
04-20 17:45 INFO     Validation accuracy hasn't improved in 10 epochs. Stopping training.
04-20 17:45 INFO     Testing lr=0.001, optimizer=sgd, batch_size=32
04-20 17:45 INFO     Training network 2
04-20 17:45 INFO     n_training: 39
04-20 17:45 INFO     n_test: 313
04-20 17:46 INFO     Epoch: 0 Loss: 0.015532 Best Valid seen: 0.867000 Valid: 0.867000
04-20 17:47 INFO     Epoch: 1 Loss: 0.007567 Best Valid seen: 0.867000 Valid: 0.866600
04-20 17:48 INFO     Epoch: 2 Loss: 0.006675 Best Valid seen: 0.867000 Valid: 0.865100
04-20 17:49 INFO     Epoch: 3 Loss: 0.005957 Best Valid seen: 0.867000 Valid: 0.859300
04-20 17:50 INFO     Epoch: 4 Loss: 0.008274 Best Valid seen: 0.867000 Valid: 0.857200
04-20 17:51 INFO     Epoch: 5 Loss: 0.005323 Best Valid seen: 0.867000 Valid: 0.851200
04-20 17:52 INFO     Epoch: 6 Loss: 0.007529 Best Valid seen: 0.867000 Valid: 0.845600
04-20 17:53 INFO     Epoch: 7 Loss: 0.011092 Best Valid seen: 0.867000 Valid: 0.840800
04-20 17:54 INFO     Epoch: 8 Loss: 0.011265 Best Valid seen: 0.867000 Valid: 0.839100
04-20 17:55 INFO     Epoch: 9 Loss: 0.008238 Best Valid seen: 0.867000 Valid: 0.836800
04-20 17:56 INFO     Epoch: 10 Loss: 0.014374 Best Valid seen: 0.867000 Valid: 0.840000
04-20 17:56 INFO     Validation accuracy hasn't improved in 10 epochs. Stopping training.
04-20 17:56 INFO     New best score: 0.867 found with params lr=0.001, optimizer=sgd, batch_size=64
04-20 17:56 INFO     Testing lr=0.001, optimizer=sgd, batch_size=64
04-20 17:56 INFO     Training network 2
04-20 17:56 INFO     n_training: 39
04-20 17:56 INFO     n_test: 313
04-20 17:57 INFO     Epoch: 0 Loss: 0.009077 Best Valid seen: 0.865400 Valid: 0.865400
04-20 17:57 INFO     Epoch: 1 Loss: 0.008735 Best Valid seen: 0.866900 Valid: 0.866900
04-20 17:58 INFO     Epoch: 2 Loss: 0.003425 Best Valid seen: 0.866900 Valid: 0.866900
04-20 17:59 INFO     Epoch: 3 Loss: 0.004882 Best Valid seen: 0.866900 Valid: 0.866800
04-20 18:00 INFO     Epoch: 4 Loss: 0.004605 Best Valid seen: 0.866900 Valid: 0.863800
04-20 18:01 INFO     Epoch: 5 Loss: 0.006298 Best Valid seen: 0.866900 Valid: 0.855800
04-20 18:02 INFO     Epoch: 6 Loss: 0.005138 Best Valid seen: 0.866900 Valid: 0.850800
04-20 18:03 INFO     Epoch: 7 Loss: 0.004403 Best Valid seen: 0.866900 Valid: 0.844300
04-20 18:04 INFO     Epoch: 8 Loss: 0.008315 Best Valid seen: 0.866900 Valid: 0.842200
04-20 18:05 INFO     Epoch: 9 Loss: 0.008777 Best Valid seen: 0.866900 Valid: 0.838600
04-20 18:06 INFO     Epoch: 10 Loss: 0.005911 Best Valid seen: 0.866900 Valid: 0.834600
04-20 18:07 INFO     Epoch: 11 Loss: 0.007625 Best Valid seen: 0.866900 Valid: 0.831300
04-20 18:07 INFO     Validation accuracy hasn't improved in 10 epochs. Stopping training.
04-20 18:07 INFO     Testing lr=0.01, optimizer=sgd, batch_size=32
04-20 18:07 INFO     Training network 2
04-20 18:07 INFO     n_training: 39
04-20 18:07 INFO     n_test: 313
04-20 18:07 INFO     Epoch: 0 Loss: 0.009217 Best Valid seen: 0.864700 Valid: 0.864700
04-20 18:08 INFO     Epoch: 1 Loss: 0.011720 Best Valid seen: 0.864700 Valid: 0.864500
04-20 18:09 INFO     Epoch: 2 Loss: 0.004308 Best Valid seen: 0.864700 Valid: 0.862500
04-20 18:10 INFO     Epoch: 3 Loss: 0.004003 Best Valid seen: 0.864700 Valid: 0.856900
04-20 18:11 INFO     Epoch: 4 Loss: 0.005020 Best Valid seen: 0.864700 Valid: 0.853200
04-20 18:12 INFO     Epoch: 5 Loss: 0.004890 Best Valid seen: 0.864700 Valid: 0.848900
04-20 18:13 INFO     Epoch: 6 Loss: 0.003208 Best Valid seen: 0.864700 Valid: 0.843000
04-20 18:14 INFO     Epoch: 7 Loss: 0.004720 Best Valid seen: 0.864700 Valid: 0.837900
04-20 18:15 INFO     Epoch: 8 Loss: 0.007793 Best Valid seen: 0.864700 Valid: 0.834000
04-20 18:16 INFO     Epoch: 9 Loss: 0.007741 Best Valid seen: 0.864700 Valid: 0.832100
04-20 18:17 INFO     Epoch: 10 Loss: 0.005679 Best Valid seen: 0.864700 Valid: 0.834900
04-20 18:17 INFO     Validation accuracy hasn't improved in 10 epochs. Stopping training.
04-20 18:17 INFO     Testing lr=0.01, optimizer=sgd, batch_size=64
04-20 18:17 INFO     Training network 2
04-20 18:17 INFO     n_training: 39
04-20 18:17 INFO     n_test: 313
04-20 18:18 INFO     Epoch: 0 Loss: 0.009879 Best Valid seen: 0.866100 Valid: 0.866100
04-20 18:19 INFO     Epoch: 1 Loss: 0.012277 Best Valid seen: 0.867200 Valid: 0.867200
04-20 18:20 INFO     Epoch: 2 Loss: 0.005635 Best Valid seen: 0.867200 Valid: 0.864300
04-20 18:20 INFO     Epoch: 3 Loss: 0.003253 Best Valid seen: 0.867200 Valid: 0.860600
04-20 18:21 INFO     Epoch: 4 Loss: 0.003803 Best Valid seen: 0.867200 Valid: 0.857100
04-20 18:22 INFO     Epoch: 5 Loss: 0.002504 Best Valid seen: 0.867200 Valid: 0.852800
04-20 18:23 INFO     Epoch: 6 Loss: 0.012311 Best Valid seen: 0.867200 Valid: 0.848400
04-20 18:24 INFO     Epoch: 7 Loss: 0.005736 Best Valid seen: 0.867200 Valid: 0.848500
04-20 18:25 INFO     Epoch: 8 Loss: 0.009808 Best Valid seen: 0.867200 Valid: 0.844600
04-20 18:26 INFO     Epoch: 9 Loss: 0.004776 Best Valid seen: 0.867200 Valid: 0.841300
04-20 18:27 INFO     Epoch: 10 Loss: 0.013925 Best Valid seen: 0.867200 Valid: 0.836500
04-20 18:28 INFO     Epoch: 11 Loss: 0.008236 Best Valid seen: 0.867200 Valid: 0.837000
04-20 18:28 INFO     Validation accuracy hasn't improved in 10 epochs. Stopping training.
04-20 18:28 INFO     New best score: 0.8672 found with params lr=0.001, optimizer=sgd, batch_size=64
04-20 18:28 INFO     Testing lr=0.1, optimizer=sgd, batch_size=32
04-20 18:28 INFO     Training network 2
04-20 18:28 INFO     n_training: 39
04-20 18:28 INFO     n_test: 313
04-20 18:29 INFO     Epoch: 0 Loss: 0.009288 Best Valid seen: 0.865400 Valid: 0.865400
04-20 18:30 INFO     Epoch: 1 Loss: 0.009208 Best Valid seen: 0.867000 Valid: 0.867000
04-20 18:31 INFO     Epoch: 2 Loss: 0.003980 Best Valid seen: 0.867000 Valid: 0.866500
04-20 18:32 INFO     Epoch: 3 Loss: 0.003755 Best Valid seen: 0.867000 Valid: 0.864300
04-20 18:32 INFO     Epoch: 4 Loss: 0.006583 Best Valid seen: 0.867000 Valid: 0.859900
04-20 18:33 INFO     Epoch: 5 Loss: 0.003602 Best Valid seen: 0.867000 Valid: 0.853800
04-20 18:34 INFO     Epoch: 6 Loss: 0.003936 Best Valid seen: 0.867000 Valid: 0.845500
04-20 18:35 INFO     Epoch: 7 Loss: 0.006468 Best Valid seen: 0.867000 Valid: 0.843800
04-20 18:36 INFO     Epoch: 8 Loss: 0.006261 Best Valid seen: 0.867000 Valid: 0.843100
04-20 18:37 INFO     Epoch: 9 Loss: 0.005403 Best Valid seen: 0.867000 Valid: 0.841900
04-23 17:38 INFO     Epoch: 10 Loss: 0.005709 Best Valid seen: 0.867000 Valid: 0.839400
