05-11 06:01 INFO     Testing lr=0.001, optimizer=sgd, batch_size=32
05-11 06:01 INFO     Training network 0
05-11 06:01 INFO     n_training: 51
05-11 06:01 INFO     n_test: 313
05-11 06:02 INFO     Epoch: 0 Loss: 0.003802 Best Valid seen: 0.828100 Valid: 0.828100
05-11 06:03 INFO     Epoch: 1 Loss: 0.004197 Best Valid seen: 0.828100 Valid: 0.828000
05-11 06:04 INFO     Epoch: 2 Loss: 0.003628 Best Valid seen: 0.828100 Valid: 0.826600
05-11 06:05 INFO     Epoch: 3 Loss: 0.001309 Best Valid seen: 0.828100 Valid: 0.823200
05-11 06:06 INFO     Epoch: 4 Loss: 0.003535 Best Valid seen: 0.828100 Valid: 0.821300
05-11 06:07 INFO     Epoch: 5 Loss: 0.020651 Best Valid seen: 0.828100 Valid: 0.822800
05-11 06:08 INFO     Epoch: 6 Loss: 0.009637 Best Valid seen: 0.828100 Valid: 0.812100
05-11 06:09 INFO     Epoch: 7 Loss: 0.018303 Best Valid seen: 0.828100 Valid: 0.803900
05-11 06:10 INFO     Epoch: 8 Loss: 0.021451 Best Valid seen: 0.828100 Valid: 0.800800
05-11 06:11 INFO     Epoch: 9 Loss: 0.019570 Best Valid seen: 0.828100 Valid: 0.791000
05-11 06:12 INFO     Epoch: 10 Loss: 0.023120 Best Valid seen: 0.828100 Valid: 0.795700
05-11 06:12 INFO     Validation accuracy hasn't improved in 10 epochs. Stopping training.
05-11 06:12 INFO     New best score: 0.8281 found with params lr=0.001, optimizer=sgd, batch_size=64
05-11 06:12 INFO     Testing lr=0.001, optimizer=sgd, batch_size=64
05-11 06:12 INFO     Training network 0
05-11 06:12 INFO     n_training: 51
05-11 06:12 INFO     n_test: 313
05-11 06:13 INFO     Epoch: 0 Loss: 0.005141 Best Valid seen: 0.828100 Valid: 0.828100
05-11 06:14 INFO     Epoch: 1 Loss: 0.002269 Best Valid seen: 0.828100 Valid: 0.824100
05-11 06:15 INFO     Epoch: 2 Loss: 0.002573 Best Valid seen: 0.828100 Valid: 0.825800
05-11 06:16 INFO     Epoch: 3 Loss: 0.002100 Best Valid seen: 0.828100 Valid: 0.825700
05-11 06:17 INFO     Epoch: 4 Loss: 0.013187 Best Valid seen: 0.828100 Valid: 0.825000
05-11 06:18 INFO     Epoch: 5 Loss: 0.004349 Best Valid seen: 0.828100 Valid: 0.811300
05-11 06:19 INFO     Epoch: 6 Loss: 0.016880 Best Valid seen: 0.828100 Valid: 0.800500
05-11 06:20 INFO     Epoch: 7 Loss: 0.024885 Best Valid seen: 0.828100 Valid: 0.803100
05-11 06:21 INFO     Epoch: 8 Loss: 0.019695 Best Valid seen: 0.828100 Valid: 0.793700
05-11 06:22 INFO     Epoch: 9 Loss: 0.035350 Best Valid seen: 0.828100 Valid: 0.784000
05-11 06:23 INFO     Epoch: 10 Loss: 0.032607 Best Valid seen: 0.828100 Valid: 0.786500
05-11 06:23 INFO     Validation accuracy hasn't improved in 10 epochs. Stopping training.
05-11 06:23 INFO     Testing lr=0.01, optimizer=sgd, batch_size=32
05-11 06:23 INFO     Training network 0
05-11 06:23 INFO     n_training: 51
05-11 06:23 INFO     n_test: 313
05-11 06:24 INFO     Epoch: 0 Loss: 0.002746 Best Valid seen: 0.826100 Valid: 0.826100
05-11 06:25 INFO     Epoch: 1 Loss: 0.001354 Best Valid seen: 0.827600 Valid: 0.827600
05-11 06:26 INFO     Epoch: 2 Loss: 0.002052 Best Valid seen: 0.827600 Valid: 0.825200
05-11 06:27 INFO     Epoch: 3 Loss: 0.001519 Best Valid seen: 0.829600 Valid: 0.829600
05-11 06:28 INFO     Epoch: 4 Loss: 0.001764 Best Valid seen: 0.829600 Valid: 0.826400
05-11 06:29 INFO     Epoch: 5 Loss: 0.001740 Best Valid seen: 0.829600 Valid: 0.826200
05-11 06:30 INFO     Epoch: 6 Loss: 0.008666 Best Valid seen: 0.829600 Valid: 0.826900
05-11 06:31 INFO     Epoch: 7 Loss: 0.014009 Best Valid seen: 0.829600 Valid: 0.815600
05-11 06:32 INFO     Epoch: 8 Loss: 0.027110 Best Valid seen: 0.829600 Valid: 0.796200
05-11 06:33 INFO     Epoch: 9 Loss: 0.037878 Best Valid seen: 0.829600 Valid: 0.798100
05-11 06:34 INFO     Epoch: 10 Loss: 0.054083 Best Valid seen: 0.829600 Valid: 0.781500
05-11 06:35 INFO     Epoch: 11 Loss: 0.042041 Best Valid seen: 0.829600 Valid: 0.785900
05-11 06:36 INFO     Epoch: 12 Loss: 0.107993 Best Valid seen: 0.829600 Valid: 0.790100
05-11 06:37 INFO     Epoch: 13 Loss: 0.086744 Best Valid seen: 0.829600 Valid: 0.773300
05-11 06:37 INFO     Validation accuracy hasn't improved in 10 epochs. Stopping training.
05-11 06:37 INFO     New best score: 0.8296 found with params lr=0.001, optimizer=sgd, batch_size=64
05-11 06:37 INFO     Testing lr=0.01, optimizer=sgd, batch_size=64
05-11 06:37 INFO     Training network 0
05-11 06:37 INFO     n_training: 51
05-11 06:37 INFO     n_test: 313
05-11 06:38 INFO     Epoch: 0 Loss: 0.002795 Best Valid seen: 0.827300 Valid: 0.827300
05-11 06:39 INFO     Epoch: 1 Loss: 0.001727 Best Valid seen: 0.827300 Valid: 0.826700
05-11 06:40 INFO     Epoch: 2 Loss: 0.001151 Best Valid seen: 0.827300 Valid: 0.824500
05-11 06:42 INFO     Epoch: 3 Loss: 0.002368 Best Valid seen: 0.827300 Valid: 0.825900
05-11 06:43 INFO     Epoch: 4 Loss: 0.002842 Best Valid seen: 0.827300 Valid: 0.825700
05-11 06:44 INFO     Epoch: 5 Loss: 0.001442 Best Valid seen: 0.827300 Valid: 0.822700
05-11 06:45 INFO     Epoch: 6 Loss: 0.003535 Best Valid seen: 0.827300 Valid: 0.823300
05-11 06:46 INFO     Epoch: 7 Loss: 0.002088 Best Valid seen: 0.827300 Valid: 0.820200
05-11 06:47 INFO     Epoch: 8 Loss: 0.002223 Best Valid seen: 0.827300 Valid: 0.813300
05-11 06:48 INFO     Epoch: 9 Loss: 0.002688 Best Valid seen: 0.827300 Valid: 0.808700
05-11 06:49 INFO     Epoch: 10 Loss: 0.005905 Best Valid seen: 0.827300 Valid: 0.810000
05-11 06:49 INFO     Validation accuracy hasn't improved in 10 epochs. Stopping training.
05-11 06:49 INFO     Testing lr=0.1, optimizer=sgd, batch_size=32
05-11 06:49 INFO     Training network 0
05-11 06:49 INFO     n_training: 51
05-11 06:49 INFO     n_test: 313
05-11 06:50 INFO     Epoch: 0 Loss: 0.003383 Best Valid seen: 0.826500 Valid: 0.826500
05-11 06:51 INFO     Epoch: 1 Loss: 0.002604 Best Valid seen: 0.826500 Valid: 0.825400
05-11 06:52 INFO     Epoch: 2 Loss: 0.001802 Best Valid seen: 0.826500 Valid: 0.824000
05-11 06:53 INFO     Epoch: 3 Loss: 0.002078 Best Valid seen: 0.826500 Valid: 0.825900
05-11 06:54 INFO     Epoch: 4 Loss: 0.003133 Best Valid seen: 0.826700 Valid: 0.826700
05-11 06:55 INFO     Epoch: 5 Loss: 0.001001 Best Valid seen: 0.826700 Valid: 0.821000
05-11 06:56 INFO     Epoch: 6 Loss: 0.002217 Best Valid seen: 0.826700 Valid: 0.816800
05-11 06:57 INFO     Epoch: 7 Loss: 0.007449 Best Valid seen: 0.826700 Valid: 0.816000
05-11 06:58 INFO     Epoch: 8 Loss: 0.006282 Best Valid seen: 0.826700 Valid: 0.814600
05-11 06:59 INFO     Epoch: 9 Loss: 0.005358 Best Valid seen: 0.826700 Valid: 0.808200
05-11 07:00 INFO     Epoch: 10 Loss: 0.007805 Best Valid seen: 0.826700 Valid: 0.809800
05-11 07:01 INFO     Epoch: 11 Loss: 0.018732 Best Valid seen: 0.826700 Valid: 0.799800
05-11 07:02 INFO     Epoch: 12 Loss: 0.023890 Best Valid seen: 0.826700 Valid: 0.803200
05-11 07:03 INFO     Epoch: 13 Loss: 0.022485 Best Valid seen: 0.826700 Valid: 0.787300
05-11 07:04 INFO     Epoch: 14 Loss: 0.041476 Best Valid seen: 0.826700 Valid: 0.778000
05-11 07:04 INFO     Validation accuracy hasn't improved in 10 epochs. Stopping training.
05-11 07:04 INFO     Testing lr=0.1, optimizer=sgd, batch_size=64
05-11 07:04 INFO     Training network 0
05-11 07:04 INFO     n_training: 51
05-11 07:04 INFO     n_test: 313
05-11 07:05 INFO     Epoch: 0 Loss: 0.002269 Best Valid seen: 0.825200 Valid: 0.825200
05-11 07:06 INFO     Epoch: 1 Loss: 0.001871 Best Valid seen: 0.825400 Valid: 0.825400
05-11 07:07 INFO     Epoch: 2 Loss: 0.002985 Best Valid seen: 0.826800 Valid: 0.826800
05-11 07:08 INFO     Epoch: 3 Loss: 0.004060 Best Valid seen: 0.827300 Valid: 0.827300
05-11 07:09 INFO     Epoch: 4 Loss: 0.001980 Best Valid seen: 0.830100 Valid: 0.830100
05-11 07:10 INFO     Epoch: 5 Loss: 0.002104 Best Valid seen: 0.830100 Valid: 0.825700
05-11 07:11 INFO     Epoch: 6 Loss: 0.001999 Best Valid seen: 0.830100 Valid: 0.828400
05-11 07:12 INFO     Epoch: 7 Loss: 0.001327 Best Valid seen: 0.830100 Valid: 0.822800
05-11 07:13 INFO     Epoch: 8 Loss: 0.002798 Best Valid seen: 0.830100 Valid: 0.821400
05-11 07:14 INFO     Epoch: 9 Loss: 0.002610 Best Valid seen: 0.830100 Valid: 0.822000
05-11 07:15 INFO     Epoch: 10 Loss: 0.001752 Best Valid seen: 0.830100 Valid: 0.819600
05-11 07:16 INFO     Epoch: 11 Loss: 0.002498 Best Valid seen: 0.830100 Valid: 0.816100
05-11 07:17 INFO     Epoch: 12 Loss: 0.003112 Best Valid seen: 0.830100 Valid: 0.809300
05-11 07:18 INFO     Epoch: 13 Loss: 0.003159 Best Valid seen: 0.830100 Valid: 0.809300
05-11 07:19 INFO     Epoch: 14 Loss: 0.005878 Best Valid seen: 0.830100 Valid: 0.808900
05-11 07:19 INFO     Validation accuracy hasn't improved in 10 epochs. Stopping training.
05-11 07:19 INFO     New best score: 0.8301 found with params lr=0.001, optimizer=sgd, batch_size=64
05-11 07:19 INFO     Testing lr=0.001, optimizer=sgd, batch_size=32
05-11 07:19 INFO     Training network 2
05-11 07:19 INFO     n_training: 35
05-11 07:19 INFO     n_test: 313
05-11 07:20 INFO     Epoch: 0 Loss: 0.011804 Best Valid seen: 0.825500 Valid: 0.825500
05-11 07:21 INFO     Epoch: 1 Loss: 0.011820 Best Valid seen: 0.825500 Valid: 0.825300
05-11 07:22 INFO     Epoch: 2 Loss: 0.007587 Best Valid seen: 0.825500 Valid: 0.823700
05-11 07:23 INFO     Epoch: 3 Loss: 0.005712 Best Valid seen: 0.825500 Valid: 0.822500
05-11 07:24 INFO     Epoch: 4 Loss: 0.006559 Best Valid seen: 0.825500 Valid: 0.821400
05-11 07:24 INFO     Epoch: 5 Loss: 0.009160 Best Valid seen: 0.825500 Valid: 0.819900
05-11 07:25 INFO     Epoch: 6 Loss: 0.005163 Best Valid seen: 0.825500 Valid: 0.816200
05-11 07:26 INFO     Epoch: 7 Loss: 0.006346 Best Valid seen: 0.825500 Valid: 0.817000
05-11 07:27 INFO     Epoch: 8 Loss: 0.005988 Best Valid seen: 0.825500 Valid: 0.811500
05-11 07:28 INFO     Epoch: 9 Loss: 0.007046 Best Valid seen: 0.825500 Valid: 0.806700
05-11 07:29 INFO     Epoch: 10 Loss: 0.009552 Best Valid seen: 0.825500 Valid: 0.808700
05-11 07:29 INFO     Validation accuracy hasn't improved in 10 epochs. Stopping training.
05-11 07:29 INFO     New best score: 0.8255 found with params lr=0.001, optimizer=sgd, batch_size=64
05-11 07:29 INFO     Testing lr=0.001, optimizer=sgd, batch_size=64
05-11 07:29 INFO     Training network 2
05-11 07:29 INFO     n_training: 35
05-11 07:29 INFO     n_test: 313
05-11 07:30 INFO     Epoch: 0 Loss: 0.011357 Best Valid seen: 0.824400 Valid: 0.824400
05-11 07:31 INFO     Epoch: 1 Loss: 0.009409 Best Valid seen: 0.825300 Valid: 0.825300
05-11 07:32 INFO     Epoch: 2 Loss: 0.008483 Best Valid seen: 0.826500 Valid: 0.826500
05-11 07:33 INFO     Epoch: 3 Loss: 0.005398 Best Valid seen: 0.826500 Valid: 0.824400
05-11 07:34 INFO     Epoch: 4 Loss: 0.007467 Best Valid seen: 0.826500 Valid: 0.820300
05-11 07:34 INFO     Epoch: 5 Loss: 0.003333 Best Valid seen: 0.826500 Valid: 0.816000
05-11 07:35 INFO     Epoch: 6 Loss: 0.004432 Best Valid seen: 0.826500 Valid: 0.815100
05-11 07:36 INFO     Epoch: 7 Loss: 0.007323 Best Valid seen: 0.826500 Valid: 0.814600
05-11 07:37 INFO     Epoch: 8 Loss: 0.004241 Best Valid seen: 0.826500 Valid: 0.816500
05-11 07:38 INFO     Epoch: 9 Loss: 0.004044 Best Valid seen: 0.826500 Valid: 0.813300
05-11 07:39 INFO     Epoch: 10 Loss: 0.006247 Best Valid seen: 0.826500 Valid: 0.813100
05-11 07:40 INFO     Epoch: 11 Loss: 0.006060 Best Valid seen: 0.826500 Valid: 0.807100
05-11 07:41 INFO     Epoch: 12 Loss: 0.006048 Best Valid seen: 0.826500 Valid: 0.804500
05-11 07:41 INFO     Validation accuracy hasn't improved in 10 epochs. Stopping training.
05-11 07:41 INFO     New best score: 0.8265 found with params lr=0.001, optimizer=sgd, batch_size=64
05-11 07:41 INFO     Testing lr=0.01, optimizer=sgd, batch_size=32
05-11 07:41 INFO     Training network 2
05-11 07:41 INFO     n_training: 35
05-11 07:41 INFO     n_test: 313
05-11 07:42 INFO     Epoch: 0 Loss: 0.009809 Best Valid seen: 0.825600 Valid: 0.825600
05-11 07:43 INFO     Epoch: 1 Loss: 0.011814 Best Valid seen: 0.825600 Valid: 0.824900
05-11 07:44 INFO     Epoch: 2 Loss: 0.004974 Best Valid seen: 0.825600 Valid: 0.825600
05-11 07:44 INFO     Epoch: 3 Loss: 0.005759 Best Valid seen: 0.825600 Valid: 0.820300
05-11 07:45 INFO     Epoch: 4 Loss: 0.006396 Best Valid seen: 0.825600 Valid: 0.817900
05-11 07:46 INFO     Epoch: 5 Loss: 0.004718 Best Valid seen: 0.825600 Valid: 0.819400
05-11 07:47 INFO     Epoch: 6 Loss: 0.007060 Best Valid seen: 0.825600 Valid: 0.819800
05-11 07:48 INFO     Epoch: 7 Loss: 0.007871 Best Valid seen: 0.825600 Valid: 0.820400
05-11 07:49 INFO     Epoch: 8 Loss: 0.006894 Best Valid seen: 0.825600 Valid: 0.816600
05-11 07:50 INFO     Epoch: 9 Loss: 0.005791 Best Valid seen: 0.825600 Valid: 0.814100
05-11 07:51 INFO     Epoch: 10 Loss: 0.007059 Best Valid seen: 0.825600 Valid: 0.810000
05-11 07:51 INFO     Validation accuracy hasn't improved in 10 epochs. Stopping training.
05-11 07:51 INFO     Testing lr=0.01, optimizer=sgd, batch_size=64
05-11 07:51 INFO     Training network 2
05-11 07:51 INFO     n_training: 35
05-11 07:51 INFO     n_test: 313
05-11 07:52 INFO     Epoch: 0 Loss: 0.014333 Best Valid seen: 0.826200 Valid: 0.826200
05-11 07:53 INFO     Epoch: 1 Loss: 0.005415 Best Valid seen: 0.826200 Valid: 0.825900
05-11 07:53 INFO     Epoch: 2 Loss: 0.004173 Best Valid seen: 0.826200 Valid: 0.825400
05-11 07:54 INFO     Epoch: 3 Loss: 0.005961 Best Valid seen: 0.826200 Valid: 0.823100
05-11 07:55 INFO     Epoch: 4 Loss: 0.008401 Best Valid seen: 0.826200 Valid: 0.820400
05-11 07:56 INFO     Epoch: 5 Loss: 0.005066 Best Valid seen: 0.826200 Valid: 0.819900
05-11 07:57 INFO     Epoch: 6 Loss: 0.006378 Best Valid seen: 0.826200 Valid: 0.817000
05-11 07:58 INFO     Epoch: 7 Loss: 0.010531 Best Valid seen: 0.826200 Valid: 0.816900
05-11 07:59 INFO     Epoch: 8 Loss: 0.004864 Best Valid seen: 0.826200 Valid: 0.816000
05-11 08:00 INFO     Epoch: 9 Loss: 0.004301 Best Valid seen: 0.826200 Valid: 0.810400
05-11 08:01 INFO     Epoch: 10 Loss: 0.005805 Best Valid seen: 0.826200 Valid: 0.807400
05-11 08:01 INFO     Validation accuracy hasn't improved in 10 epochs. Stopping training.
05-11 08:01 INFO     Testing lr=0.1, optimizer=sgd, batch_size=32
05-11 08:01 INFO     Training network 2
05-11 08:01 INFO     n_training: 35
05-11 08:01 INFO     n_test: 313
05-11 08:02 INFO     Epoch: 0 Loss: 0.008529 Best Valid seen: 0.825300 Valid: 0.825300
05-11 08:03 INFO     Epoch: 1 Loss: 0.011025 Best Valid seen: 0.825800 Valid: 0.825800
05-11 08:03 INFO     Epoch: 2 Loss: 0.008878 Best Valid seen: 0.827500 Valid: 0.827500
05-11 08:04 INFO     Epoch: 3 Loss: 0.005324 Best Valid seen: 0.827500 Valid: 0.824200
05-11 08:05 INFO     Epoch: 4 Loss: 0.006528 Best Valid seen: 0.827500 Valid: 0.819600
05-11 08:06 INFO     Epoch: 5 Loss: 0.003500 Best Valid seen: 0.827500 Valid: 0.816500
05-11 08:07 INFO     Epoch: 6 Loss: 0.005098 Best Valid seen: 0.827500 Valid: 0.815600
05-11 08:08 INFO     Epoch: 7 Loss: 0.004993 Best Valid seen: 0.827500 Valid: 0.813500
05-11 08:09 INFO     Epoch: 8 Loss: 0.007921 Best Valid seen: 0.827500 Valid: 0.812900
05-11 08:10 INFO     Epoch: 9 Loss: 0.008082 Best Valid seen: 0.827500 Valid: 0.810800
05-11 08:11 INFO     Epoch: 10 Loss: 0.006060 Best Valid seen: 0.827500 Valid: 0.808400
05-11 08:12 INFO     Epoch: 11 Loss: 0.008960 Best Valid seen: 0.827500 Valid: 0.807200
05-11 08:12 INFO     Epoch: 12 Loss: 0.006925 Best Valid seen: 0.827500 Valid: 0.804100
05-11 08:12 INFO     Validation accuracy hasn't improved in 10 epochs. Stopping training.
05-11 08:12 INFO     New best score: 0.8275 found with params lr=0.001, optimizer=sgd, batch_size=64
05-11 08:12 INFO     Testing lr=0.1, optimizer=sgd, batch_size=64
05-11 08:12 INFO     Training network 2
05-11 08:12 INFO     n_training: 35
05-11 08:12 INFO     n_test: 313
05-11 08:13 INFO     Epoch: 0 Loss: 0.012172 Best Valid seen: 0.827400 Valid: 0.827400
05-11 08:14 INFO     Epoch: 1 Loss: 0.006856 Best Valid seen: 0.827400 Valid: 0.825400
05-11 08:15 INFO     Epoch: 2 Loss: 0.004838 Best Valid seen: 0.827400 Valid: 0.826500
05-11 08:16 INFO     Epoch: 3 Loss: 0.005253 Best Valid seen: 0.827400 Valid: 0.823800
05-11 08:17 INFO     Epoch: 4 Loss: 0.004233 Best Valid seen: 0.827400 Valid: 0.820800
05-11 08:18 INFO     Epoch: 5 Loss: 0.004915 Best Valid seen: 0.827400 Valid: 0.818100
05-11 08:19 INFO     Epoch: 6 Loss: 0.002929 Best Valid seen: 0.827400 Valid: 0.815700
05-11 08:20 INFO     Epoch: 7 Loss: 0.007206 Best Valid seen: 0.827400 Valid: 0.815200
05-11 08:21 INFO     Epoch: 8 Loss: 0.001887 Best Valid seen: 0.827400 Valid: 0.815500
05-11 08:21 INFO     Epoch: 9 Loss: 0.006420 Best Valid seen: 0.827400 Valid: 0.814100
05-11 08:22 INFO     Epoch: 10 Loss: 0.004036 Best Valid seen: 0.827400 Valid: 0.815700
05-11 08:22 INFO     Validation accuracy hasn't improved in 10 epochs. Stopping training.
