04-13 15:11 INFO     Testing lr=0.001, optimizer=sgd, batch_size=32
04-13 15:11 INFO     Training network 0
04-13 15:11 INFO     n_training: 55
04-13 15:11 INFO     n_test: 313
04-13 15:12 INFO     Epoch: 0 Loss: 0.008257 Best Valid seen: 0.829500 Valid: 0.829500
04-13 15:13 INFO     Epoch: 1 Loss: 0.003110 Best Valid seen: 0.830100 Valid: 0.830100
04-13 15:14 INFO     Epoch: 2 Loss: 0.005620 Best Valid seen: 0.830100 Valid: 0.822400
04-13 15:15 INFO     Epoch: 3 Loss: 0.004218 Best Valid seen: 0.830100 Valid: 0.818500
04-13 15:16 INFO     Epoch: 4 Loss: 0.005319 Best Valid seen: 0.830100 Valid: 0.818200
04-13 15:17 INFO     Epoch: 5 Loss: 0.006386 Best Valid seen: 0.830100 Valid: 0.807200
04-13 15:18 INFO     Epoch: 6 Loss: 0.012534 Best Valid seen: 0.830100 Valid: 0.805400
04-13 15:19 INFO     Epoch: 7 Loss: 0.006310 Best Valid seen: 0.830100 Valid: 0.813000
04-13 15:20 INFO     Epoch: 8 Loss: 0.008743 Best Valid seen: 0.830100 Valid: 0.812000
04-13 15:21 INFO     Epoch: 9 Loss: 0.012391 Best Valid seen: 0.830100 Valid: 0.803700
04-13 15:22 INFO     Epoch: 10 Loss: 0.013295 Best Valid seen: 0.830100 Valid: 0.812900
04-13 15:23 INFO     Epoch: 11 Loss: 0.015964 Best Valid seen: 0.830100 Valid: 0.809900
04-13 15:23 INFO     Validation accuracy hasn't improved in 10 epochs. Stopping training.
04-13 15:23 INFO     New best score: 0.8301 found with params lr=0.001, optimizer=sgd, batch_size=64
04-13 15:23 INFO     Testing lr=0.001, optimizer=sgd, batch_size=64
04-13 15:23 INFO     Training network 0
04-13 15:23 INFO     n_training: 55
04-13 15:23 INFO     n_test: 313
04-13 15:24 INFO     Epoch: 0 Loss: 0.013548 Best Valid seen: 0.827100 Valid: 0.827100
04-13 15:25 INFO     Epoch: 1 Loss: 0.002868 Best Valid seen: 0.827100 Valid: 0.824200
04-13 15:26 INFO     Epoch: 2 Loss: 0.005720 Best Valid seen: 0.827100 Valid: 0.821700
04-13 15:27 INFO     Epoch: 3 Loss: 0.002999 Best Valid seen: 0.827100 Valid: 0.820100
04-13 15:28 INFO     Epoch: 4 Loss: 0.002410 Best Valid seen: 0.827100 Valid: 0.813000
04-13 15:29 INFO     Epoch: 5 Loss: 0.007588 Best Valid seen: 0.827100 Valid: 0.807100
04-13 15:30 INFO     Epoch: 6 Loss: 0.006490 Best Valid seen: 0.827100 Valid: 0.811900
04-13 15:31 INFO     Epoch: 7 Loss: 0.007396 Best Valid seen: 0.827100 Valid: 0.814100
04-13 15:32 INFO     Epoch: 8 Loss: 0.009450 Best Valid seen: 0.827100 Valid: 0.809700
04-13 15:33 INFO     Epoch: 9 Loss: 0.013529 Best Valid seen: 0.827100 Valid: 0.813200
04-13 15:34 INFO     Epoch: 10 Loss: 0.013319 Best Valid seen: 0.827100 Valid: 0.806300
04-13 15:34 INFO     Validation accuracy hasn't improved in 10 epochs. Stopping training.
04-13 15:34 INFO     Testing lr=0.01, optimizer=sgd, batch_size=32
04-13 15:34 INFO     Training network 0
04-13 15:34 INFO     n_training: 55
04-13 15:34 INFO     n_test: 313
04-13 15:35 INFO     Epoch: 0 Loss: 0.009631 Best Valid seen: 0.828400 Valid: 0.828400
04-13 15:36 INFO     Epoch: 1 Loss: 0.003159 Best Valid seen: 0.828400 Valid: 0.825600
04-13 15:37 INFO     Epoch: 2 Loss: 0.008587 Best Valid seen: 0.828400 Valid: 0.824300
04-13 15:38 INFO     Epoch: 3 Loss: 0.002912 Best Valid seen: 0.828400 Valid: 0.826300
04-13 15:39 INFO     Epoch: 4 Loss: 0.003640 Best Valid seen: 0.828400 Valid: 0.823400
04-13 15:40 INFO     Epoch: 5 Loss: 0.003499 Best Valid seen: 0.828400 Valid: 0.816600
04-13 15:41 INFO     Epoch: 6 Loss: 0.011355 Best Valid seen: 0.828400 Valid: 0.816100
04-13 15:42 INFO     Epoch: 7 Loss: 0.006745 Best Valid seen: 0.828400 Valid: 0.816900
04-13 15:43 INFO     Epoch: 8 Loss: 0.005721 Best Valid seen: 0.828400 Valid: 0.813300
04-13 15:44 INFO     Epoch: 9 Loss: 0.008771 Best Valid seen: 0.828400 Valid: 0.812800
04-13 15:45 INFO     Epoch: 10 Loss: 0.013258 Best Valid seen: 0.828400 Valid: 0.809500
04-13 15:45 INFO     Validation accuracy hasn't improved in 10 epochs. Stopping training.
04-13 15:45 INFO     Testing lr=0.01, optimizer=sgd, batch_size=64
04-13 15:45 INFO     Training network 0
04-13 15:45 INFO     n_training: 55
04-13 15:45 INFO     n_test: 313
04-13 15:46 INFO     Epoch: 0 Loss: 0.010810 Best Valid seen: 0.828500 Valid: 0.828500
04-13 15:47 INFO     Epoch: 1 Loss: 0.002749 Best Valid seen: 0.828500 Valid: 0.825800
04-13 15:48 INFO     Epoch: 2 Loss: 0.004913 Best Valid seen: 0.828500 Valid: 0.822400
04-13 15:49 INFO     Epoch: 3 Loss: 0.004750 Best Valid seen: 0.828500 Valid: 0.818300
04-13 15:50 INFO     Epoch: 4 Loss: 0.006461 Best Valid seen: 0.828500 Valid: 0.816500
04-13 15:51 INFO     Epoch: 5 Loss: 0.005383 Best Valid seen: 0.828500 Valid: 0.814300
04-13 15:52 INFO     Epoch: 6 Loss: 0.005008 Best Valid seen: 0.828500 Valid: 0.812700
04-13 15:53 INFO     Epoch: 7 Loss: 0.006867 Best Valid seen: 0.828500 Valid: 0.809300
04-13 15:55 INFO     Epoch: 8 Loss: 0.008768 Best Valid seen: 0.828500 Valid: 0.808000
04-13 15:56 INFO     Epoch: 9 Loss: 0.009298 Best Valid seen: 0.828500 Valid: 0.806700
04-13 15:57 INFO     Epoch: 10 Loss: 0.008783 Best Valid seen: 0.828500 Valid: 0.806700
04-13 15:57 INFO     Validation accuracy hasn't improved in 10 epochs. Stopping training.
04-13 15:57 INFO     Testing lr=0.1, optimizer=sgd, batch_size=32
04-13 15:57 INFO     Training network 0
04-13 15:57 INFO     n_training: 55
04-13 15:57 INFO     n_test: 313
04-13 15:58 INFO     Epoch: 0 Loss: 0.012048 Best Valid seen: 0.828200 Valid: 0.828200
04-13 15:59 INFO     Epoch: 1 Loss: 0.003642 Best Valid seen: 0.829600 Valid: 0.829600
04-13 16:00 INFO     Epoch: 2 Loss: 0.003230 Best Valid seen: 0.829600 Valid: 0.824100
04-13 16:01 INFO     Epoch: 3 Loss: 0.003262 Best Valid seen: 0.829600 Valid: 0.820700
04-13 16:02 INFO     Epoch: 4 Loss: 0.007762 Best Valid seen: 0.829600 Valid: 0.818900
04-13 16:03 INFO     Epoch: 5 Loss: 0.006688 Best Valid seen: 0.829600 Valid: 0.812700
04-13 16:04 INFO     Epoch: 6 Loss: 0.009579 Best Valid seen: 0.829600 Valid: 0.808900
04-13 16:05 INFO     Epoch: 7 Loss: 0.014980 Best Valid seen: 0.829600 Valid: 0.812900
04-13 16:06 INFO     Epoch: 8 Loss: 0.010544 Best Valid seen: 0.829600 Valid: 0.810100
04-13 16:07 INFO     Epoch: 9 Loss: 0.019068 Best Valid seen: 0.829600 Valid: 0.805100
04-13 16:08 INFO     Epoch: 10 Loss: 0.012575 Best Valid seen: 0.829600 Valid: 0.810400
04-13 16:09 INFO     Epoch: 11 Loss: 0.013350 Best Valid seen: 0.829600 Valid: 0.806600
04-13 16:09 INFO     Validation accuracy hasn't improved in 10 epochs. Stopping training.
04-13 16:09 INFO     Testing lr=0.1, optimizer=sgd, batch_size=64
04-13 16:09 INFO     Training network 0
04-13 16:09 INFO     n_training: 55
04-13 16:09 INFO     n_test: 313
04-13 16:10 INFO     Epoch: 0 Loss: 0.008826 Best Valid seen: 0.827200 Valid: 0.827200
04-13 16:11 INFO     Epoch: 1 Loss: 0.002442 Best Valid seen: 0.830100 Valid: 0.830100
04-13 16:12 INFO     Epoch: 2 Loss: 0.002910 Best Valid seen: 0.830100 Valid: 0.826500
04-13 16:13 INFO     Epoch: 3 Loss: 0.005237 Best Valid seen: 0.830100 Valid: 0.820500
04-13 16:14 INFO     Epoch: 4 Loss: 0.007845 Best Valid seen: 0.830100 Valid: 0.820400
04-13 16:15 INFO     Epoch: 5 Loss: 0.009021 Best Valid seen: 0.830100 Valid: 0.817600
04-13 16:16 INFO     Epoch: 6 Loss: 0.008797 Best Valid seen: 0.830100 Valid: 0.813600
04-13 16:17 INFO     Epoch: 7 Loss: 0.005069 Best Valid seen: 0.830100 Valid: 0.815200
04-13 16:18 INFO     Epoch: 8 Loss: 0.009403 Best Valid seen: 0.830100 Valid: 0.813400
04-13 16:19 INFO     Epoch: 9 Loss: 0.010531 Best Valid seen: 0.830100 Valid: 0.805700
04-13 16:20 INFO     Epoch: 10 Loss: 0.018751 Best Valid seen: 0.830100 Valid: 0.804400
04-13 16:21 INFO     Epoch: 11 Loss: 0.008846 Best Valid seen: 0.830100 Valid: 0.807100
04-13 16:21 INFO     Validation accuracy hasn't improved in 10 epochs. Stopping training.
04-13 16:21 INFO     Testing lr=0.001, optimizer=sgd, batch_size=32
04-13 16:21 INFO     Training network 2
04-13 16:21 INFO     n_training: 39
04-13 16:21 INFO     n_test: 313
04-13 16:22 INFO     Epoch: 0 Loss: 0.017513 Best Valid seen: 0.827100 Valid: 0.827100
04-13 16:23 INFO     Epoch: 1 Loss: 0.011145 Best Valid seen: 0.830400 Valid: 0.830400
04-13 16:24 INFO     Epoch: 2 Loss: 0.008160 Best Valid seen: 0.831100 Valid: 0.831100
04-13 16:25 INFO     Epoch: 3 Loss: 0.006357 Best Valid seen: 0.831100 Valid: 0.828100
04-13 16:26 INFO     Epoch: 4 Loss: 0.010519 Best Valid seen: 0.831100 Valid: 0.826500
04-13 16:27 INFO     Epoch: 5 Loss: 0.006264 Best Valid seen: 0.831100 Valid: 0.821500
04-13 16:28 INFO     Epoch: 6 Loss: 0.008094 Best Valid seen: 0.831100 Valid: 0.817700
04-13 16:29 INFO     Epoch: 7 Loss: 0.008798 Best Valid seen: 0.831100 Valid: 0.807800
04-13 16:30 INFO     Epoch: 8 Loss: 0.011054 Best Valid seen: 0.831100 Valid: 0.808600
04-13 16:31 INFO     Epoch: 9 Loss: 0.008612 Best Valid seen: 0.831100 Valid: 0.800300
04-13 16:32 INFO     Epoch: 10 Loss: 0.009751 Best Valid seen: 0.831100 Valid: 0.800200
04-13 16:32 INFO     Epoch: 11 Loss: 0.011488 Best Valid seen: 0.831100 Valid: 0.796400
04-13 16:33 INFO     Epoch: 12 Loss: 0.019693 Best Valid seen: 0.831100 Valid: 0.799400
04-13 16:33 INFO     Validation accuracy hasn't improved in 10 epochs. Stopping training.
04-13 16:33 INFO     New best score: 0.8311 found with params lr=0.001, optimizer=sgd, batch_size=64
04-13 16:33 INFO     Testing lr=0.001, optimizer=sgd, batch_size=64
04-13 16:33 INFO     Training network 2
04-13 16:33 INFO     n_training: 39
04-13 16:33 INFO     n_test: 313
04-13 16:34 INFO     Epoch: 0 Loss: 0.014264 Best Valid seen: 0.828100 Valid: 0.828100
04-13 16:35 INFO     Epoch: 1 Loss: 0.013862 Best Valid seen: 0.830300 Valid: 0.830300
04-13 16:36 INFO     Epoch: 2 Loss: 0.008869 Best Valid seen: 0.835900 Valid: 0.835900
04-13 16:37 INFO     Epoch: 3 Loss: 0.006883 Best Valid seen: 0.835900 Valid: 0.831600
04-13 16:38 INFO     Epoch: 4 Loss: 0.007623 Best Valid seen: 0.835900 Valid: 0.825600
04-13 16:39 INFO     Epoch: 5 Loss: 0.009085 Best Valid seen: 0.835900 Valid: 0.821200
04-13 16:40 INFO     Epoch: 6 Loss: 0.005639 Best Valid seen: 0.835900 Valid: 0.817200
04-13 16:41 INFO     Epoch: 7 Loss: 0.014979 Best Valid seen: 0.835900 Valid: 0.814100
04-13 16:42 INFO     Epoch: 8 Loss: 0.009740 Best Valid seen: 0.835900 Valid: 0.810100
04-13 16:42 INFO     Epoch: 9 Loss: 0.010804 Best Valid seen: 0.835900 Valid: 0.809000
04-13 16:43 INFO     Epoch: 10 Loss: 0.012419 Best Valid seen: 0.835900 Valid: 0.800800
04-13 16:44 INFO     Epoch: 11 Loss: 0.014024 Best Valid seen: 0.835900 Valid: 0.803900
04-13 16:45 INFO     Epoch: 12 Loss: 0.017920 Best Valid seen: 0.835900 Valid: 0.802600
04-13 16:45 INFO     Validation accuracy hasn't improved in 10 epochs. Stopping training.
04-13 16:45 INFO     New best score: 0.8359 found with params lr=0.001, optimizer=sgd, batch_size=64
04-13 16:45 INFO     Testing lr=0.01, optimizer=sgd, batch_size=32
04-13 16:45 INFO     Training network 2
04-13 16:45 INFO     n_training: 39
04-13 16:45 INFO     n_test: 313
04-13 16:46 INFO     Epoch: 0 Loss: 0.018149 Best Valid seen: 0.827600 Valid: 0.827600
04-13 16:47 INFO     Epoch: 1 Loss: 0.011863 Best Valid seen: 0.828700 Valid: 0.828700
04-13 16:48 INFO     Epoch: 2 Loss: 0.004239 Best Valid seen: 0.828900 Valid: 0.828900
04-13 16:49 INFO     Epoch: 3 Loss: 0.011254 Best Valid seen: 0.828900 Valid: 0.826300
04-13 16:50 INFO     Epoch: 4 Loss: 0.011287 Best Valid seen: 0.828900 Valid: 0.820500
04-13 16:51 INFO     Epoch: 5 Loss: 0.010834 Best Valid seen: 0.828900 Valid: 0.820500
04-13 16:52 INFO     Epoch: 6 Loss: 0.007977 Best Valid seen: 0.828900 Valid: 0.819200
04-13 16:52 INFO     Epoch: 7 Loss: 0.006496 Best Valid seen: 0.828900 Valid: 0.817000
04-13 16:53 INFO     Epoch: 8 Loss: 0.012839 Best Valid seen: 0.828900 Valid: 0.809100
04-13 16:54 INFO     Epoch: 9 Loss: 0.013342 Best Valid seen: 0.828900 Valid: 0.810600
04-13 16:55 INFO     Epoch: 10 Loss: 0.009039 Best Valid seen: 0.828900 Valid: 0.806800
04-13 16:56 INFO     Epoch: 11 Loss: 0.010289 Best Valid seen: 0.828900 Valid: 0.800100
04-13 16:57 INFO     Epoch: 12 Loss: 0.023129 Best Valid seen: 0.828900 Valid: 0.800100
04-13 16:57 INFO     Validation accuracy hasn't improved in 10 epochs. Stopping training.
04-13 16:57 INFO     Testing lr=0.01, optimizer=sgd, batch_size=64
04-13 16:57 INFO     Training network 2
04-13 16:57 INFO     n_training: 39
04-13 16:57 INFO     n_test: 313
04-13 16:58 INFO     Epoch: 0 Loss: 0.017361 Best Valid seen: 0.826600 Valid: 0.826600
04-13 16:59 INFO     Epoch: 1 Loss: 0.014757 Best Valid seen: 0.831600 Valid: 0.831600
04-13 17:00 INFO     Epoch: 2 Loss: 0.005521 Best Valid seen: 0.832900 Valid: 0.832900
04-13 17:01 INFO     Epoch: 3 Loss: 0.012530 Best Valid seen: 0.832900 Valid: 0.826600
04-13 17:02 INFO     Epoch: 4 Loss: 0.012269 Best Valid seen: 0.832900 Valid: 0.821800
04-13 17:02 INFO     Epoch: 5 Loss: 0.010219 Best Valid seen: 0.832900 Valid: 0.817900
04-13 17:03 INFO     Epoch: 6 Loss: 0.012169 Best Valid seen: 0.832900 Valid: 0.815300
04-13 17:04 INFO     Epoch: 7 Loss: 0.006113 Best Valid seen: 0.832900 Valid: 0.810100
04-13 17:05 INFO     Epoch: 8 Loss: 0.019046 Best Valid seen: 0.832900 Valid: 0.805400
04-13 17:06 INFO     Epoch: 9 Loss: 0.011010 Best Valid seen: 0.832900 Valid: 0.802700
04-13 17:07 INFO     Epoch: 10 Loss: 0.020673 Best Valid seen: 0.832900 Valid: 0.799900
04-13 17:08 INFO     Epoch: 11 Loss: 0.018873 Best Valid seen: 0.832900 Valid: 0.804600
04-13 17:09 INFO     Epoch: 12 Loss: 0.020250 Best Valid seen: 0.832900 Valid: 0.801600
04-13 17:09 INFO     Validation accuracy hasn't improved in 10 epochs. Stopping training.
04-13 17:09 INFO     Testing lr=0.1, optimizer=sgd, batch_size=32
04-13 17:09 INFO     Training network 2
04-13 17:09 INFO     n_training: 39
04-13 17:09 INFO     n_test: 313
04-13 17:10 INFO     Epoch: 0 Loss: 0.020169 Best Valid seen: 0.827000 Valid: 0.827000
04-13 17:11 INFO     Epoch: 1 Loss: 0.013414 Best Valid seen: 0.834500 Valid: 0.834500
04-13 17:11 INFO     Epoch: 2 Loss: 0.007260 Best Valid seen: 0.834500 Valid: 0.833900
04-13 17:12 INFO     Epoch: 3 Loss: 0.010824 Best Valid seen: 0.834500 Valid: 0.830000
04-13 17:13 INFO     Epoch: 4 Loss: 0.009224 Best Valid seen: 0.834500 Valid: 0.825600
04-13 17:14 INFO     Epoch: 5 Loss: 0.013944 Best Valid seen: 0.834500 Valid: 0.822500
04-13 17:15 INFO     Epoch: 6 Loss: 0.011169 Best Valid seen: 0.834500 Valid: 0.816000
04-13 17:16 INFO     Epoch: 7 Loss: 0.012418 Best Valid seen: 0.834500 Valid: 0.806300
04-13 17:17 INFO     Epoch: 8 Loss: 0.013155 Best Valid seen: 0.834500 Valid: 0.802700
04-13 17:18 INFO     Epoch: 9 Loss: 0.020658 Best Valid seen: 0.834500 Valid: 0.806900
04-13 17:19 INFO     Epoch: 10 Loss: 0.015962 Best Valid seen: 0.834500 Valid: 0.804600
04-13 17:20 INFO     Epoch: 11 Loss: 0.016933 Best Valid seen: 0.834500 Valid: 0.802700
04-13 17:20 INFO     Validation accuracy hasn't improved in 10 epochs. Stopping training.
04-13 17:20 INFO     Testing lr=0.1, optimizer=sgd, batch_size=64
04-13 17:20 INFO     Training network 2
04-13 17:20 INFO     n_training: 39
04-13 17:20 INFO     n_test: 313
04-13 17:21 INFO     Epoch: 0 Loss: 0.018640 Best Valid seen: 0.829200 Valid: 0.829200
04-13 17:21 INFO     Epoch: 1 Loss: 0.007790 Best Valid seen: 0.832600 Valid: 0.832600
04-13 17:22 INFO     Epoch: 2 Loss: 0.007260 Best Valid seen: 0.832600 Valid: 0.831700
04-13 17:23 INFO     Epoch: 3 Loss: 0.005475 Best Valid seen: 0.832600 Valid: 0.830100
04-13 17:24 INFO     Epoch: 4 Loss: 0.010202 Best Valid seen: 0.832600 Valid: 0.825600
04-13 17:25 INFO     Epoch: 5 Loss: 0.012902 Best Valid seen: 0.832600 Valid: 0.816800
04-13 17:26 INFO     Epoch: 6 Loss: 0.007708 Best Valid seen: 0.832600 Valid: 0.814100
04-13 17:27 INFO     Epoch: 7 Loss: 0.018084 Best Valid seen: 0.832600 Valid: 0.810400
04-13 17:28 INFO     Epoch: 8 Loss: 0.017640 Best Valid seen: 0.832600 Valid: 0.806300
04-13 17:29 INFO     Epoch: 9 Loss: 0.009390 Best Valid seen: 0.832600 Valid: 0.801600
04-13 17:30 INFO     Epoch: 10 Loss: 0.009671 Best Valid seen: 0.832600 Valid: 0.797600
04-13 17:31 INFO     Epoch: 11 Loss: 0.014147 Best Valid seen: 0.832600 Valid: 0.797700
04-13 17:31 INFO     Validation accuracy hasn't improved in 10 epochs. Stopping training.
