04-30 02:37 INFO     Testing lr=0.001, optimizer=sgd, batch_size=32
04-30 02:37 INFO     Training network 1
04-30 02:37 INFO     n_training: 47
04-30 02:37 INFO     n_test: 313
04-30 02:39 INFO     Epoch: 0 Loss: 0.029248 Best Valid seen: 0.862200 Valid: 0.862200
04-30 02:41 INFO     Epoch: 1 Loss: 0.018564 Best Valid seen: 0.862200 Valid: 0.862000
04-30 02:43 INFO     Epoch: 2 Loss: 0.026372 Best Valid seen: 0.862200 Valid: 0.857900
04-30 02:44 INFO     Epoch: 3 Loss: 0.025127 Best Valid seen: 0.862200 Valid: 0.851900
04-30 02:46 INFO     Epoch: 4 Loss: 0.023436 Best Valid seen: 0.862200 Valid: 0.848400
04-30 02:48 INFO     Epoch: 5 Loss: 0.030172 Best Valid seen: 0.862200 Valid: 0.838900
04-30 02:49 INFO     Epoch: 6 Loss: 0.040801 Best Valid seen: 0.862200 Valid: 0.831200
04-30 02:51 INFO     Epoch: 7 Loss: 0.048279 Best Valid seen: 0.862200 Valid: 0.830600
04-30 02:52 INFO     Epoch: 8 Loss: 0.040009 Best Valid seen: 0.862200 Valid: 0.827800
04-30 02:54 INFO     Epoch: 9 Loss: 0.060969 Best Valid seen: 0.862200 Valid: 0.829200
04-30 02:55 INFO     Epoch: 10 Loss: 0.066661 Best Valid seen: 0.862200 Valid: 0.818600
04-30 02:55 INFO     Validation accuracy hasn't improved in 10 epochs. Stopping training.
04-30 02:55 INFO     New best score: 0.8622 found with params lr=0.001, optimizer=sgd, batch_size=64
04-30 02:55 INFO     Testing lr=0.001, optimizer=sgd, batch_size=64
04-30 02:55 INFO     Training network 1
04-30 02:55 INFO     n_training: 47
04-30 02:55 INFO     n_test: 313
04-30 02:57 INFO     Epoch: 0 Loss: 0.033999 Best Valid seen: 0.862400 Valid: 0.862400
04-30 02:59 INFO     Epoch: 1 Loss: 0.025048 Best Valid seen: 0.862400 Valid: 0.858900
04-30 03:00 INFO     Epoch: 2 Loss: 0.043092 Best Valid seen: 0.862400 Valid: 0.846200
04-30 03:02 INFO     Epoch: 3 Loss: 0.028781 Best Valid seen: 0.862400 Valid: 0.844200
04-30 03:04 INFO     Epoch: 4 Loss: 0.033084 Best Valid seen: 0.862400 Valid: 0.839900
04-30 03:05 INFO     Epoch: 5 Loss: 0.030107 Best Valid seen: 0.862400 Valid: 0.836600
04-30 03:07 INFO     Epoch: 6 Loss: 0.046422 Best Valid seen: 0.862400 Valid: 0.828400
04-30 03:09 INFO     Epoch: 7 Loss: 0.045305 Best Valid seen: 0.862400 Valid: 0.823800
04-30 03:10 INFO     Epoch: 8 Loss: 0.043326 Best Valid seen: 0.862400 Valid: 0.822500
04-30 03:12 INFO     Epoch: 9 Loss: 0.065526 Best Valid seen: 0.862400 Valid: 0.822300
04-30 03:13 INFO     Epoch: 10 Loss: 0.052889 Best Valid seen: 0.862400 Valid: 0.823100
04-30 03:13 INFO     Validation accuracy hasn't improved in 10 epochs. Stopping training.
04-30 03:13 INFO     New best score: 0.8624 found with params lr=0.001, optimizer=sgd, batch_size=64
04-30 03:13 INFO     Testing lr=0.01, optimizer=sgd, batch_size=32
04-30 03:13 INFO     Training network 1
04-30 03:13 INFO     n_training: 47
04-30 03:13 INFO     n_test: 313
04-30 03:15 INFO     Epoch: 0 Loss: 0.034156 Best Valid seen: 0.861800 Valid: 0.861800
04-30 03:18 INFO     Epoch: 1 Loss: 0.026843 Best Valid seen: 0.861800 Valid: 0.855300
04-30 03:19 INFO     Epoch: 2 Loss: 0.035934 Best Valid seen: 0.861800 Valid: 0.844300
04-30 03:21 INFO     Epoch: 3 Loss: 0.031166 Best Valid seen: 0.861800 Valid: 0.842000
04-30 03:23 INFO     Epoch: 4 Loss: 0.033154 Best Valid seen: 0.861800 Valid: 0.840300
04-30 03:25 INFO     Epoch: 5 Loss: 0.047409 Best Valid seen: 0.861800 Valid: 0.831700
04-30 03:26 INFO     Epoch: 6 Loss: 0.042968 Best Valid seen: 0.861800 Valid: 0.819500
04-30 03:28 INFO     Epoch: 7 Loss: 0.067825 Best Valid seen: 0.861800 Valid: 0.822300
04-30 03:30 INFO     Epoch: 8 Loss: 0.061014 Best Valid seen: 0.861800 Valid: 0.815600
04-30 03:32 INFO     Epoch: 9 Loss: 0.095088 Best Valid seen: 0.861800 Valid: 0.816300
04-30 03:34 INFO     Epoch: 10 Loss: 0.085747 Best Valid seen: 0.861800 Valid: 0.823500
04-30 03:34 INFO     Validation accuracy hasn't improved in 10 epochs. Stopping training.
04-30 03:34 INFO     Testing lr=0.01, optimizer=sgd, batch_size=64
04-30 03:34 INFO     Training network 1
04-30 03:34 INFO     n_training: 47
04-30 03:34 INFO     n_test: 313
04-30 03:36 INFO     Epoch: 0 Loss: 0.038121 Best Valid seen: 0.861600 Valid: 0.861600
04-30 03:37 INFO     Epoch: 1 Loss: 0.031740 Best Valid seen: 0.861600 Valid: 0.856800
04-30 03:39 INFO     Epoch: 2 Loss: 0.029523 Best Valid seen: 0.861600 Valid: 0.848900
04-30 03:41 INFO     Epoch: 3 Loss: 0.028824 Best Valid seen: 0.861600 Valid: 0.843700
04-30 03:42 INFO     Epoch: 4 Loss: 0.032853 Best Valid seen: 0.861600 Valid: 0.839800
04-30 03:43 INFO     Epoch: 5 Loss: 0.042066 Best Valid seen: 0.861600 Valid: 0.828000
04-30 03:45 INFO     Epoch: 6 Loss: 0.044869 Best Valid seen: 0.861600 Valid: 0.829100
04-30 03:47 INFO     Epoch: 7 Loss: 0.043339 Best Valid seen: 0.861600 Valid: 0.826900
04-30 03:48 INFO     Epoch: 8 Loss: 0.063727 Best Valid seen: 0.861600 Valid: 0.823200
04-30 03:50 INFO     Epoch: 9 Loss: 0.077544 Best Valid seen: 0.861600 Valid: 0.817900
04-30 03:52 INFO     Epoch: 10 Loss: 0.075043 Best Valid seen: 0.861600 Valid: 0.824400
04-30 03:52 INFO     Validation accuracy hasn't improved in 10 epochs. Stopping training.
04-30 03:52 INFO     Testing lr=0.1, optimizer=sgd, batch_size=32
04-30 03:52 INFO     Training network 1
04-30 03:52 INFO     n_training: 47
04-30 03:52 INFO     n_test: 313
04-30 03:53 INFO     Epoch: 0 Loss: 0.038447 Best Valid seen: 0.861700 Valid: 0.861700
04-30 03:54 INFO     Epoch: 1 Loss: 0.023174 Best Valid seen: 0.861700 Valid: 0.851700
04-30 03:56 INFO     Epoch: 2 Loss: 0.030883 Best Valid seen: 0.861700 Valid: 0.843200
04-30 03:58 INFO     Epoch: 3 Loss: 0.033753 Best Valid seen: 0.861700 Valid: 0.837500
04-30 03:59 INFO     Epoch: 4 Loss: 0.041752 Best Valid seen: 0.861700 Valid: 0.833300
04-30 04:01 INFO     Epoch: 5 Loss: 0.051436 Best Valid seen: 0.861700 Valid: 0.838000
04-30 04:02 INFO     Epoch: 6 Loss: 0.050694 Best Valid seen: 0.861700 Valid: 0.828000
04-30 04:03 INFO     Epoch: 7 Loss: 0.074413 Best Valid seen: 0.861700 Valid: 0.821500
04-30 04:04 INFO     Epoch: 8 Loss: 0.068530 Best Valid seen: 0.861700 Valid: 0.824400
04-30 04:06 INFO     Epoch: 9 Loss: 0.072995 Best Valid seen: 0.861700 Valid: 0.829600
04-30 04:09 INFO     Epoch: 10 Loss: 0.070401 Best Valid seen: 0.861700 Valid: 0.811300
04-30 04:09 INFO     Validation accuracy hasn't improved in 10 epochs. Stopping training.
04-30 04:09 INFO     Testing lr=0.1, optimizer=sgd, batch_size=64
04-30 04:09 INFO     Training network 1
04-30 04:09 INFO     n_training: 47
04-30 04:09 INFO     n_test: 313
04-30 04:10 INFO     Epoch: 0 Loss: 0.034500 Best Valid seen: 0.861500 Valid: 0.861500
04-30 04:12 INFO     Epoch: 1 Loss: 0.025652 Best Valid seen: 0.861500 Valid: 0.857200
04-30 04:13 INFO     Epoch: 2 Loss: 0.028607 Best Valid seen: 0.861500 Valid: 0.849800
04-30 04:15 INFO     Epoch: 3 Loss: 0.032914 Best Valid seen: 0.861500 Valid: 0.846000
04-30 04:16 INFO     Epoch: 4 Loss: 0.029941 Best Valid seen: 0.861500 Valid: 0.842900
04-30 04:18 INFO     Epoch: 5 Loss: 0.036580 Best Valid seen: 0.861500 Valid: 0.833700
04-30 04:20 INFO     Epoch: 6 Loss: 0.039819 Best Valid seen: 0.861500 Valid: 0.831600
04-30 04:21 INFO     Epoch: 7 Loss: 0.042514 Best Valid seen: 0.861500 Valid: 0.827100
04-30 04:23 INFO     Epoch: 8 Loss: 0.062581 Best Valid seen: 0.861500 Valid: 0.819300
04-30 04:25 INFO     Epoch: 9 Loss: 0.059003 Best Valid seen: 0.861500 Valid: 0.824700
04-30 04:26 INFO     Epoch: 10 Loss: 0.061504 Best Valid seen: 0.861500 Valid: 0.816300
04-30 04:26 INFO     Validation accuracy hasn't improved in 10 epochs. Stopping training.
04-30 04:26 INFO     Testing lr=0.001, optimizer=sgd, batch_size=32
04-30 04:26 INFO     Training network 2
04-30 04:26 INFO     n_training: 94
04-30 04:26 INFO     n_test: 313
04-30 04:28 INFO     Epoch: 0 Loss: 0.002478 Best Valid seen: 0.859900 Valid: 0.859900
04-30 04:31 INFO     Epoch: 1 Loss: 0.001390 Best Valid seen: 0.861000 Valid: 0.861000
04-30 04:34 INFO     Epoch: 2 Loss: 0.002695 Best Valid seen: 0.861000 Valid: 0.860000
04-30 04:36 INFO     Epoch: 3 Loss: 0.001910 Best Valid seen: 0.861000 Valid: 0.854600
04-30 04:39 INFO     Epoch: 4 Loss: 0.002388 Best Valid seen: 0.861000 Valid: 0.845400
04-30 04:41 INFO     Epoch: 5 Loss: 0.004527 Best Valid seen: 0.861000 Valid: 0.846700
04-30 04:43 INFO     Epoch: 6 Loss: 0.004305 Best Valid seen: 0.861000 Valid: 0.844100
04-30 04:46 INFO     Epoch: 7 Loss: 0.006870 Best Valid seen: 0.861000 Valid: 0.845600
04-30 04:48 INFO     Epoch: 8 Loss: 0.008110 Best Valid seen: 0.861000 Valid: 0.838600
04-30 04:51 INFO     Epoch: 9 Loss: 0.014514 Best Valid seen: 0.861000 Valid: 0.828000
04-30 04:54 INFO     Epoch: 10 Loss: 0.024454 Best Valid seen: 0.861000 Valid: 0.832000
04-30 04:56 INFO     Epoch: 11 Loss: 0.032914 Best Valid seen: 0.861000 Valid: 0.825400
04-30 04:56 INFO     Validation accuracy hasn't improved in 10 epochs. Stopping training.
04-30 04:56 INFO     New best score: 0.861 found with params lr=0.001, optimizer=sgd, batch_size=64
04-30 04:56 INFO     Testing lr=0.001, optimizer=sgd, batch_size=64
04-30 04:56 INFO     Training network 2
04-30 04:56 INFO     n_training: 94
04-30 04:56 INFO     n_test: 313
04-30 04:59 INFO     Epoch: 0 Loss: 0.003176 Best Valid seen: 0.861700 Valid: 0.861700
04-30 05:01 INFO     Epoch: 1 Loss: 0.001858 Best Valid seen: 0.862000 Valid: 0.862000
04-30 05:04 INFO     Epoch: 2 Loss: 0.001466 Best Valid seen: 0.862000 Valid: 0.855200
04-30 05:06 INFO     Epoch: 3 Loss: 0.002620 Best Valid seen: 0.862000 Valid: 0.851400
04-30 05:08 INFO     Epoch: 4 Loss: 0.004377 Best Valid seen: 0.862000 Valid: 0.850400
04-30 05:11 INFO     Epoch: 5 Loss: 0.003140 Best Valid seen: 0.862000 Valid: 0.845200
04-30 05:13 INFO     Epoch: 6 Loss: 0.007175 Best Valid seen: 0.862000 Valid: 0.846400
04-30 05:16 INFO     Epoch: 7 Loss: 0.011523 Best Valid seen: 0.862000 Valid: 0.841600
04-30 05:18 INFO     Epoch: 8 Loss: 0.011118 Best Valid seen: 0.862000 Valid: 0.825900
04-30 05:21 INFO     Epoch: 9 Loss: 0.020175 Best Valid seen: 0.862000 Valid: 0.825200
04-30 05:24 INFO     Epoch: 10 Loss: 0.027568 Best Valid seen: 0.862000 Valid: 0.832900
04-30 05:26 INFO     Epoch: 11 Loss: 0.030324 Best Valid seen: 0.862000 Valid: 0.827800
04-30 05:26 INFO     Validation accuracy hasn't improved in 10 epochs. Stopping training.
04-30 05:26 INFO     New best score: 0.862 found with params lr=0.001, optimizer=sgd, batch_size=64
04-30 05:26 INFO     Testing lr=0.01, optimizer=sgd, batch_size=32
04-30 05:26 INFO     Training network 2
04-30 05:26 INFO     n_training: 94
04-30 05:26 INFO     n_test: 313
04-30 05:28 INFO     Epoch: 0 Loss: 0.003026 Best Valid seen: 0.860600 Valid: 0.860600
04-30 05:31 INFO     Epoch: 1 Loss: 0.001880 Best Valid seen: 0.860600 Valid: 0.860300
04-30 05:34 INFO     Epoch: 2 Loss: 0.003288 Best Valid seen: 0.860600 Valid: 0.856300
04-30 05:36 INFO     Epoch: 3 Loss: 0.003611 Best Valid seen: 0.860600 Valid: 0.846400
04-30 05:38 INFO     Epoch: 4 Loss: 0.004286 Best Valid seen: 0.860600 Valid: 0.848800
04-30 05:41 INFO     Epoch: 5 Loss: 0.004628 Best Valid seen: 0.860600 Valid: 0.850700
04-30 05:43 INFO     Epoch: 6 Loss: 0.006793 Best Valid seen: 0.860600 Valid: 0.848400
04-30 05:46 INFO     Epoch: 7 Loss: 0.011645 Best Valid seen: 0.860600 Valid: 0.839100
04-30 05:49 INFO     Epoch: 8 Loss: 0.016748 Best Valid seen: 0.860600 Valid: 0.832400
04-30 05:51 INFO     Epoch: 9 Loss: 0.028615 Best Valid seen: 0.860600 Valid: 0.829800
04-30 05:54 INFO     Epoch: 10 Loss: 0.032228 Best Valid seen: 0.860600 Valid: 0.830400
04-30 05:54 INFO     Validation accuracy hasn't improved in 10 epochs. Stopping training.
04-30 05:54 INFO     Testing lr=0.01, optimizer=sgd, batch_size=64
04-30 05:54 INFO     Training network 2
04-30 05:54 INFO     n_training: 94
04-30 05:54 INFO     n_test: 313
04-30 05:56 INFO     Epoch: 0 Loss: 0.002466 Best Valid seen: 0.862000 Valid: 0.862000
04-30 05:58 INFO     Epoch: 1 Loss: 0.001220 Best Valid seen: 0.862000 Valid: 0.860600
04-30 06:00 INFO     Epoch: 2 Loss: 0.003370 Best Valid seen: 0.862000 Valid: 0.860600
04-30 06:03 INFO     Epoch: 3 Loss: 0.001347 Best Valid seen: 0.862000 Valid: 0.856600
04-30 06:05 INFO     Epoch: 4 Loss: 0.004741 Best Valid seen: 0.862000 Valid: 0.849500
04-30 06:08 INFO     Epoch: 5 Loss: 0.004968 Best Valid seen: 0.862000 Valid: 0.851000
04-30 06:10 INFO     Epoch: 6 Loss: 0.007539 Best Valid seen: 0.862000 Valid: 0.842400
04-30 06:12 INFO     Epoch: 7 Loss: 0.008127 Best Valid seen: 0.862000 Valid: 0.845000
04-30 06:14 INFO     Epoch: 8 Loss: 0.013462 Best Valid seen: 0.862000 Valid: 0.839500
04-30 06:17 INFO     Epoch: 9 Loss: 0.021768 Best Valid seen: 0.862000 Valid: 0.832800
04-30 06:19 INFO     Epoch: 10 Loss: 0.030766 Best Valid seen: 0.862000 Valid: 0.824900
04-30 06:19 INFO     Validation accuracy hasn't improved in 10 epochs. Stopping training.
04-30 06:19 INFO     Testing lr=0.1, optimizer=sgd, batch_size=32
04-30 06:19 INFO     Training network 2
04-30 06:19 INFO     n_training: 94
04-30 06:19 INFO     n_test: 313
04-30 06:22 INFO     Epoch: 0 Loss: 0.002793 Best Valid seen: 0.860200 Valid: 0.860200
04-30 06:25 INFO     Epoch: 1 Loss: 0.002671 Best Valid seen: 0.860200 Valid: 0.859200
04-30 06:28 INFO     Epoch: 2 Loss: 0.003402 Best Valid seen: 0.860200 Valid: 0.849700
04-30 06:31 INFO     Epoch: 3 Loss: 0.004017 Best Valid seen: 0.860200 Valid: 0.846700
04-30 06:33 INFO     Epoch: 4 Loss: 0.004958 Best Valid seen: 0.860200 Valid: 0.845700
04-30 06:36 INFO     Epoch: 5 Loss: 0.006089 Best Valid seen: 0.860200 Valid: 0.846300
04-30 06:38 INFO     Epoch: 6 Loss: 0.010282 Best Valid seen: 0.860200 Valid: 0.841900
04-30 06:41 INFO     Epoch: 7 Loss: 0.013172 Best Valid seen: 0.860200 Valid: 0.841900
04-30 06:44 INFO     Epoch: 8 Loss: 0.016122 Best Valid seen: 0.860200 Valid: 0.839300
04-30 06:47 INFO     Epoch: 9 Loss: 0.026209 Best Valid seen: 0.860200 Valid: 0.820800
04-30 06:50 INFO     Epoch: 10 Loss: 0.037881 Best Valid seen: 0.860200 Valid: 0.823200
04-30 06:50 INFO     Validation accuracy hasn't improved in 10 epochs. Stopping training.
04-30 06:50 INFO     Testing lr=0.1, optimizer=sgd, batch_size=64
04-30 06:50 INFO     Training network 2
04-30 06:50 INFO     n_training: 94
04-30 06:50 INFO     n_test: 313
04-30 06:52 INFO     Epoch: 0 Loss: 0.002935 Best Valid seen: 0.861200 Valid: 0.861200
04-30 06:54 INFO     Epoch: 1 Loss: 0.002009 Best Valid seen: 0.861200 Valid: 0.861000
04-30 06:57 INFO     Epoch: 2 Loss: 0.002683 Best Valid seen: 0.861200 Valid: 0.858200
04-30 06:59 INFO     Epoch: 3 Loss: 0.002493 Best Valid seen: 0.861200 Valid: 0.852600
04-30 07:01 INFO     Epoch: 4 Loss: 0.005476 Best Valid seen: 0.861200 Valid: 0.848300
04-30 07:04 INFO     Epoch: 5 Loss: 0.004926 Best Valid seen: 0.861200 Valid: 0.842600
04-30 07:07 INFO     Epoch: 6 Loss: 0.009730 Best Valid seen: 0.861200 Valid: 0.839400
04-30 07:09 INFO     Epoch: 7 Loss: 0.011112 Best Valid seen: 0.861200 Valid: 0.834900
04-30 07:12 INFO     Epoch: 8 Loss: 0.015543 Best Valid seen: 0.861200 Valid: 0.830100
04-30 07:14 INFO     Epoch: 9 Loss: 0.026539 Best Valid seen: 0.861200 Valid: 0.819100
04-30 07:17 INFO     Epoch: 10 Loss: 0.035847 Best Valid seen: 0.861200 Valid: 0.819400
04-30 07:17 INFO     Validation accuracy hasn't improved in 10 epochs. Stopping training.
