05-04 03:27 INFO     Testing lr=0.001, optimizer=sgd, batch_size=32
05-04 03:27 INFO     Training network 1
05-04 03:27 INFO     n_training: 47
05-04 03:27 INFO     n_test: 313
05-04 03:28 INFO     Epoch: 0 Loss: 0.003636 Best Valid seen: 0.824000 Valid: 0.824000
05-04 03:28 INFO     Epoch: 1 Loss: 0.001179 Best Valid seen: 0.824600 Valid: 0.824600
05-04 03:29 INFO     Epoch: 2 Loss: 0.001854 Best Valid seen: 0.824600 Valid: 0.823900
05-04 03:30 INFO     Epoch: 3 Loss: 0.001049 Best Valid seen: 0.824600 Valid: 0.824000
05-04 03:31 INFO     Epoch: 4 Loss: 0.001979 Best Valid seen: 0.824600 Valid: 0.822700
05-04 03:32 INFO     Epoch: 5 Loss: 0.001513 Best Valid seen: 0.824600 Valid: 0.819400
05-04 03:33 INFO     Epoch: 6 Loss: 0.000874 Best Valid seen: 0.824600 Valid: 0.817500
05-04 03:34 INFO     Epoch: 7 Loss: 0.000956 Best Valid seen: 0.824600 Valid: 0.813900
05-04 03:35 INFO     Epoch: 8 Loss: 0.000869 Best Valid seen: 0.824600 Valid: 0.810600
05-04 03:36 INFO     Epoch: 9 Loss: 0.002679 Best Valid seen: 0.824600 Valid: 0.806400
05-04 03:37 INFO     Epoch: 10 Loss: 0.002110 Best Valid seen: 0.824600 Valid: 0.805400
05-04 03:38 INFO     Epoch: 11 Loss: 0.002621 Best Valid seen: 0.824600 Valid: 0.807400
05-04 03:38 INFO     Validation accuracy hasn't improved in 10 epochs. Stopping training.
05-04 03:38 INFO     New best score: 0.8246 found with params lr=0.001, optimizer=sgd, batch_size=64
05-04 03:38 INFO     Testing lr=0.001, optimizer=sgd, batch_size=64
05-04 03:38 INFO     Training network 1
05-04 03:38 INFO     n_training: 47
05-04 03:38 INFO     n_test: 313
05-04 03:39 INFO     Epoch: 0 Loss: 0.002117 Best Valid seen: 0.824700 Valid: 0.824700
05-04 03:40 INFO     Epoch: 1 Loss: 0.001201 Best Valid seen: 0.824700 Valid: 0.823800
05-04 03:41 INFO     Epoch: 2 Loss: 0.001133 Best Valid seen: 0.825400 Valid: 0.825400
05-04 03:42 INFO     Epoch: 3 Loss: 0.000923 Best Valid seen: 0.825400 Valid: 0.825400
05-04 03:43 INFO     Epoch: 4 Loss: 0.001657 Best Valid seen: 0.825400 Valid: 0.825200
05-04 03:44 INFO     Epoch: 5 Loss: 0.000987 Best Valid seen: 0.825400 Valid: 0.823800
05-04 03:45 INFO     Epoch: 6 Loss: 0.001563 Best Valid seen: 0.825400 Valid: 0.822500
05-04 03:46 INFO     Epoch: 7 Loss: 0.000807 Best Valid seen: 0.825400 Valid: 0.820900
05-04 03:47 INFO     Epoch: 8 Loss: 0.000719 Best Valid seen: 0.825400 Valid: 0.816900
05-04 03:48 INFO     Epoch: 9 Loss: 0.002024 Best Valid seen: 0.825400 Valid: 0.813600
05-04 03:49 INFO     Epoch: 10 Loss: 0.001658 Best Valid seen: 0.825400 Valid: 0.809200
05-04 03:50 INFO     Epoch: 11 Loss: 0.002802 Best Valid seen: 0.825400 Valid: 0.810500
05-04 03:51 INFO     Epoch: 12 Loss: 0.001162 Best Valid seen: 0.825400 Valid: 0.810500
05-04 03:51 INFO     Validation accuracy hasn't improved in 10 epochs. Stopping training.
05-04 03:51 INFO     New best score: 0.8254 found with params lr=0.001, optimizer=sgd, batch_size=64
05-04 03:51 INFO     Testing lr=0.01, optimizer=sgd, batch_size=32
05-04 03:51 INFO     Training network 1
05-04 03:51 INFO     n_training: 47
05-04 03:51 INFO     n_test: 313
05-04 03:52 INFO     Epoch: 0 Loss: 0.001513 Best Valid seen: 0.824800 Valid: 0.824800
05-04 03:53 INFO     Epoch: 1 Loss: 0.002272 Best Valid seen: 0.824800 Valid: 0.823800
05-04 03:53 INFO     Epoch: 2 Loss: 0.001295 Best Valid seen: 0.824800 Valid: 0.823700
05-04 03:54 INFO     Epoch: 3 Loss: 0.001522 Best Valid seen: 0.824800 Valid: 0.822000
05-04 03:55 INFO     Epoch: 4 Loss: 0.001300 Best Valid seen: 0.824800 Valid: 0.821600
05-04 03:56 INFO     Epoch: 5 Loss: 0.001175 Best Valid seen: 0.824800 Valid: 0.819400
05-04 03:57 INFO     Epoch: 6 Loss: 0.001557 Best Valid seen: 0.824800 Valid: 0.816800
05-04 03:58 INFO     Epoch: 7 Loss: 0.000747 Best Valid seen: 0.824800 Valid: 0.815600
05-04 03:59 INFO     Epoch: 8 Loss: 0.001992 Best Valid seen: 0.824800 Valid: 0.812900
05-04 04:00 INFO     Epoch: 9 Loss: 0.001779 Best Valid seen: 0.824800 Valid: 0.811000
05-04 04:01 INFO     Epoch: 10 Loss: 0.001447 Best Valid seen: 0.824800 Valid: 0.809600
05-04 04:01 INFO     Validation accuracy hasn't improved in 10 epochs. Stopping training.
05-04 04:01 INFO     Testing lr=0.01, optimizer=sgd, batch_size=64
05-04 04:01 INFO     Training network 1
05-04 04:01 INFO     n_training: 47
05-04 04:01 INFO     n_test: 313
05-04 04:02 INFO     Epoch: 0 Loss: 0.002639 Best Valid seen: 0.823600 Valid: 0.823600
05-04 04:03 INFO     Epoch: 1 Loss: 0.000746 Best Valid seen: 0.825000 Valid: 0.825000
05-04 04:04 INFO     Epoch: 2 Loss: 0.002125 Best Valid seen: 0.825000 Valid: 0.824700
05-04 04:05 INFO     Epoch: 3 Loss: 0.001005 Best Valid seen: 0.826000 Valid: 0.826000
05-04 04:06 INFO     Epoch: 4 Loss: 0.001274 Best Valid seen: 0.826000 Valid: 0.824600
05-04 04:07 INFO     Epoch: 5 Loss: 0.000896 Best Valid seen: 0.826000 Valid: 0.823500
05-04 04:08 INFO     Epoch: 6 Loss: 0.001208 Best Valid seen: 0.826000 Valid: 0.824700
05-04 04:09 INFO     Epoch: 7 Loss: 0.001021 Best Valid seen: 0.826000 Valid: 0.821200
05-04 04:10 INFO     Epoch: 8 Loss: 0.001179 Best Valid seen: 0.826000 Valid: 0.819000
05-04 04:11 INFO     Epoch: 9 Loss: 0.001313 Best Valid seen: 0.826000 Valid: 0.820700
05-04 04:12 INFO     Epoch: 10 Loss: 0.001621 Best Valid seen: 0.826000 Valid: 0.820300
05-04 04:13 INFO     Epoch: 11 Loss: 0.003972 Best Valid seen: 0.826000 Valid: 0.819300
05-04 04:14 INFO     Epoch: 12 Loss: 0.002552 Best Valid seen: 0.826000 Valid: 0.816800
05-04 04:15 INFO     Epoch: 13 Loss: 0.001517 Best Valid seen: 0.826000 Valid: 0.816100
05-04 04:15 INFO     Validation accuracy hasn't improved in 10 epochs. Stopping training.
05-04 04:15 INFO     New best score: 0.826 found with params lr=0.001, optimizer=sgd, batch_size=64
05-04 04:15 INFO     Testing lr=0.1, optimizer=sgd, batch_size=32
05-04 04:15 INFO     Training network 1
05-04 04:15 INFO     n_training: 47
05-04 04:15 INFO     n_test: 313
05-04 04:16 INFO     Epoch: 0 Loss: 0.001715 Best Valid seen: 0.823800 Valid: 0.823800
05-04 04:17 INFO     Epoch: 1 Loss: 0.000978 Best Valid seen: 0.823800 Valid: 0.823400
05-04 04:18 INFO     Epoch: 2 Loss: 0.001043 Best Valid seen: 0.823800 Valid: 0.823000
05-04 04:18 INFO     Epoch: 3 Loss: 0.001606 Best Valid seen: 0.823800 Valid: 0.823600
05-04 04:19 INFO     Epoch: 4 Loss: 0.000694 Best Valid seen: 0.823800 Valid: 0.822500
05-04 04:20 INFO     Epoch: 5 Loss: 0.000610 Best Valid seen: 0.823800 Valid: 0.821000
05-04 04:21 INFO     Epoch: 6 Loss: 0.000952 Best Valid seen: 0.823800 Valid: 0.820900
05-04 04:22 INFO     Epoch: 7 Loss: 0.000798 Best Valid seen: 0.823800 Valid: 0.820900
05-04 04:23 INFO     Epoch: 8 Loss: 0.000822 Best Valid seen: 0.823800 Valid: 0.821400
05-04 04:24 INFO     Epoch: 9 Loss: 0.000771 Best Valid seen: 0.823800 Valid: 0.819200
05-04 04:25 INFO     Epoch: 10 Loss: 0.000719 Best Valid seen: 0.823800 Valid: 0.818800
05-04 04:25 INFO     Validation accuracy hasn't improved in 10 epochs. Stopping training.
05-04 04:25 INFO     Testing lr=0.1, optimizer=sgd, batch_size=64
05-04 04:25 INFO     Training network 1
05-04 04:25 INFO     n_training: 47
05-04 04:25 INFO     n_test: 313
05-04 04:26 INFO     Epoch: 0 Loss: 0.001803 Best Valid seen: 0.823400 Valid: 0.823400
05-04 04:27 INFO     Epoch: 1 Loss: 0.002127 Best Valid seen: 0.823600 Valid: 0.823600
05-04 04:28 INFO     Epoch: 2 Loss: 0.002660 Best Valid seen: 0.825000 Valid: 0.825000
05-04 04:29 INFO     Epoch: 3 Loss: 0.000866 Best Valid seen: 0.825000 Valid: 0.823800
05-04 04:30 INFO     Epoch: 4 Loss: 0.001009 Best Valid seen: 0.825000 Valid: 0.822000
05-04 04:31 INFO     Epoch: 5 Loss: 0.001717 Best Valid seen: 0.825000 Valid: 0.822100
05-04 04:32 INFO     Epoch: 6 Loss: 0.001274 Best Valid seen: 0.825000 Valid: 0.821900
05-04 04:33 INFO     Epoch: 7 Loss: 0.000840 Best Valid seen: 0.825000 Valid: 0.819400
05-04 04:34 INFO     Epoch: 8 Loss: 0.000930 Best Valid seen: 0.825000 Valid: 0.817700
05-04 04:35 INFO     Epoch: 9 Loss: 0.001435 Best Valid seen: 0.825000 Valid: 0.818900
05-04 04:36 INFO     Epoch: 10 Loss: 0.001957 Best Valid seen: 0.825000 Valid: 0.816500
05-04 04:37 INFO     Epoch: 11 Loss: 0.000954 Best Valid seen: 0.825000 Valid: 0.816300
05-04 04:38 INFO     Epoch: 12 Loss: 0.001419 Best Valid seen: 0.825000 Valid: 0.810900
05-04 04:38 INFO     Validation accuracy hasn't improved in 10 epochs. Stopping training.
05-04 04:38 INFO     Testing lr=0.001, optimizer=sgd, batch_size=32
