04-15 01:46 INFO     Testing lr=0.001, optimizer=sgd, batch_size=32
04-15 01:46 INFO     Training network 1
04-15 01:46 INFO     n_training: 47
04-15 01:46 INFO     n_test: 313
04-15 01:47 INFO     Epoch: 0 Loss: 0.098477 Best Valid seen: 0.872200 Valid: 0.872200
04-15 01:48 INFO     Epoch: 1 Loss: 0.063830 Best Valid seen: 0.872200 Valid: 0.859900
04-15 01:49 INFO     Epoch: 2 Loss: 0.066215 Best Valid seen: 0.872200 Valid: 0.854200
04-15 01:50 INFO     Epoch: 3 Loss: 0.079774 Best Valid seen: 0.872200 Valid: 0.841300
04-15 01:51 INFO     Epoch: 4 Loss: 0.081143 Best Valid seen: 0.872200 Valid: 0.837300
04-15 01:52 INFO     Epoch: 5 Loss: 0.111658 Best Valid seen: 0.872200 Valid: 0.826700
04-15 01:53 INFO     Epoch: 6 Loss: 0.101944 Best Valid seen: 0.872200 Valid: 0.829100
04-15 01:54 INFO     Epoch: 7 Loss: 0.131852 Best Valid seen: 0.872200 Valid: 0.822800
04-15 01:55 INFO     Epoch: 8 Loss: 0.109195 Best Valid seen: 0.872200 Valid: 0.831300
04-15 01:56 INFO     Epoch: 9 Loss: 0.116595 Best Valid seen: 0.872200 Valid: 0.828400
04-15 01:57 INFO     Epoch: 10 Loss: 0.131157 Best Valid seen: 0.872200 Valid: 0.828700
04-15 01:57 INFO     Validation accuracy hasn't improved in 10 epochs. Stopping training.
04-15 01:57 INFO     New best score: 0.8722 found with params lr=0.001, optimizer=sgd, batch_size=64
04-15 01:57 INFO     Testing lr=0.001, optimizer=sgd, batch_size=64
04-15 01:57 INFO     Training network 1
04-15 01:57 INFO     n_training: 47
04-15 01:57 INFO     n_test: 313
04-15 01:58 INFO     Epoch: 0 Loss: 0.081469 Best Valid seen: 0.868800 Valid: 0.868800
04-15 01:59 INFO     Epoch: 1 Loss: 0.062980 Best Valid seen: 0.868800 Valid: 0.857600
04-15 02:00 INFO     Epoch: 2 Loss: 0.066033 Best Valid seen: 0.868800 Valid: 0.858200
04-15 02:01 INFO     Epoch: 3 Loss: 0.075988 Best Valid seen: 0.868800 Valid: 0.851200
04-15 02:02 INFO     Epoch: 4 Loss: 0.083291 Best Valid seen: 0.868800 Valid: 0.836100
04-15 02:03 INFO     Epoch: 5 Loss: 0.082879 Best Valid seen: 0.868800 Valid: 0.835100
04-15 02:04 INFO     Epoch: 6 Loss: 0.091495 Best Valid seen: 0.868800 Valid: 0.831300
04-15 02:05 INFO     Epoch: 7 Loss: 0.094890 Best Valid seen: 0.868800 Valid: 0.827900
04-15 02:06 INFO     Epoch: 8 Loss: 0.111681 Best Valid seen: 0.868800 Valid: 0.837000
04-15 02:08 INFO     Epoch: 9 Loss: 0.099401 Best Valid seen: 0.868800 Valid: 0.829100
04-15 02:09 INFO     Epoch: 10 Loss: 0.092933 Best Valid seen: 0.868800 Valid: 0.821000
04-15 02:09 INFO     Validation accuracy hasn't improved in 10 epochs. Stopping training.
04-15 02:09 INFO     Testing lr=0.01, optimizer=sgd, batch_size=32
04-15 02:09 INFO     Training network 1
04-15 02:09 INFO     n_training: 47
04-15 02:09 INFO     n_test: 313
04-15 02:10 INFO     Epoch: 0 Loss: 0.093272 Best Valid seen: 0.868600 Valid: 0.868600
04-15 02:11 INFO     Epoch: 1 Loss: 0.067062 Best Valid seen: 0.868600 Valid: 0.862500
04-15 02:12 INFO     Epoch: 2 Loss: 0.056108 Best Valid seen: 0.868600 Valid: 0.853000
04-15 02:13 INFO     Epoch: 3 Loss: 0.071655 Best Valid seen: 0.868600 Valid: 0.849200
04-15 02:14 INFO     Epoch: 4 Loss: 0.075958 Best Valid seen: 0.868600 Valid: 0.829500
04-15 02:15 INFO     Epoch: 5 Loss: 0.100013 Best Valid seen: 0.868600 Valid: 0.839000
04-15 02:16 INFO     Epoch: 6 Loss: 0.093275 Best Valid seen: 0.868600 Valid: 0.832400
04-15 02:16 INFO     Epoch: 7 Loss: 0.118330 Best Valid seen: 0.868600 Valid: 0.822300
04-15 02:17 INFO     Epoch: 8 Loss: 0.126624 Best Valid seen: 0.868600 Valid: 0.830000
04-15 02:18 INFO     Epoch: 9 Loss: 0.134134 Best Valid seen: 0.868600 Valid: 0.820900
04-15 02:19 INFO     Epoch: 10 Loss: 0.154895 Best Valid seen: 0.868600 Valid: 0.821300
04-15 02:19 INFO     Validation accuracy hasn't improved in 10 epochs. Stopping training.
04-15 02:19 INFO     Testing lr=0.01, optimizer=sgd, batch_size=64
04-15 02:19 INFO     Training network 1
04-15 02:19 INFO     n_training: 47
04-15 02:19 INFO     n_test: 313
04-15 02:20 INFO     Epoch: 0 Loss: 0.089190 Best Valid seen: 0.873200 Valid: 0.873200
04-15 02:21 INFO     Epoch: 1 Loss: 0.059030 Best Valid seen: 0.873200 Valid: 0.860000
04-15 02:21 INFO     Epoch: 2 Loss: 0.069037 Best Valid seen: 0.873200 Valid: 0.853600
04-15 02:22 INFO     Epoch: 3 Loss: 0.072744 Best Valid seen: 0.873200 Valid: 0.844500
04-15 02:23 INFO     Epoch: 4 Loss: 0.082144 Best Valid seen: 0.873200 Valid: 0.834700
04-15 02:24 INFO     Epoch: 5 Loss: 0.094124 Best Valid seen: 0.873200 Valid: 0.835600
04-15 02:25 INFO     Epoch: 6 Loss: 0.107905 Best Valid seen: 0.873200 Valid: 0.836900
04-15 02:26 INFO     Epoch: 7 Loss: 0.105721 Best Valid seen: 0.873200 Valid: 0.821800
04-15 02:26 INFO     Epoch: 8 Loss: 0.128912 Best Valid seen: 0.873200 Valid: 0.836800
04-15 02:27 INFO     Epoch: 9 Loss: 0.129464 Best Valid seen: 0.873200 Valid: 0.825800
04-15 02:28 INFO     Epoch: 10 Loss: 0.119350 Best Valid seen: 0.873200 Valid: 0.835500
04-15 02:28 INFO     Validation accuracy hasn't improved in 10 epochs. Stopping training.
04-15 02:28 INFO     New best score: 0.8732 found with params lr=0.001, optimizer=sgd, batch_size=64
04-15 02:28 INFO     Testing lr=0.1, optimizer=sgd, batch_size=32
04-15 02:28 INFO     Training network 1
04-15 02:28 INFO     n_training: 47
04-15 02:28 INFO     n_test: 313
04-15 02:29 INFO     Epoch: 0 Loss: 0.095794 Best Valid seen: 0.861800 Valid: 0.861800
04-15 02:30 INFO     Epoch: 1 Loss: 0.067318 Best Valid seen: 0.861800 Valid: 0.859800
04-15 02:31 INFO     Epoch: 2 Loss: 0.088122 Best Valid seen: 0.861800 Valid: 0.855400
04-15 02:31 INFO     Epoch: 3 Loss: 0.095163 Best Valid seen: 0.861800 Valid: 0.834800
04-15 02:32 INFO     Epoch: 4 Loss: 0.076958 Best Valid seen: 0.861800 Valid: 0.830500
04-15 02:33 INFO     Epoch: 5 Loss: 0.095045 Best Valid seen: 0.861800 Valid: 0.829000
04-15 02:34 INFO     Epoch: 6 Loss: 0.115286 Best Valid seen: 0.861800 Valid: 0.826300
04-15 02:35 INFO     Epoch: 7 Loss: 0.120822 Best Valid seen: 0.861800 Valid: 0.823800
04-15 02:36 INFO     Epoch: 8 Loss: 0.140110 Best Valid seen: 0.861800 Valid: 0.834500
04-15 02:36 INFO     Epoch: 9 Loss: 0.129169 Best Valid seen: 0.861800 Valid: 0.826300
04-15 02:37 INFO     Epoch: 10 Loss: 0.143086 Best Valid seen: 0.861800 Valid: 0.816100
04-15 02:37 INFO     Validation accuracy hasn't improved in 10 epochs. Stopping training.
04-15 02:37 INFO     Testing lr=0.1, optimizer=sgd, batch_size=64
04-15 02:37 INFO     Training network 1
04-15 02:37 INFO     n_training: 47
04-15 02:37 INFO     n_test: 313
04-15 02:38 INFO     Epoch: 0 Loss: 0.096150 Best Valid seen: 0.868700 Valid: 0.868700
04-15 02:39 INFO     Epoch: 1 Loss: 0.068985 Best Valid seen: 0.868700 Valid: 0.865100
04-15 02:40 INFO     Epoch: 2 Loss: 0.062566 Best Valid seen: 0.868700 Valid: 0.851400
04-15 02:41 INFO     Epoch: 3 Loss: 0.068499 Best Valid seen: 0.868700 Valid: 0.846400
04-15 02:41 INFO     Epoch: 4 Loss: 0.081069 Best Valid seen: 0.868700 Valid: 0.834400
04-15 02:42 INFO     Epoch: 5 Loss: 0.087460 Best Valid seen: 0.868700 Valid: 0.838700
04-15 02:43 INFO     Epoch: 6 Loss: 0.104195 Best Valid seen: 0.868700 Valid: 0.833600
04-15 02:44 INFO     Epoch: 7 Loss: 0.121786 Best Valid seen: 0.868700 Valid: 0.836300
04-15 02:45 INFO     Epoch: 8 Loss: 0.105022 Best Valid seen: 0.868700 Valid: 0.833900
04-15 02:45 INFO     Epoch: 9 Loss: 0.120182 Best Valid seen: 0.868700 Valid: 0.831700
04-15 02:46 INFO     Epoch: 10 Loss: 0.102743 Best Valid seen: 0.868700 Valid: 0.828500
04-15 02:46 INFO     Validation accuracy hasn't improved in 10 epochs. Stopping training.
04-15 02:46 INFO     Testing lr=0.001, optimizer=sgd, batch_size=32
04-15 02:46 INFO     Training network 2
04-15 02:46 INFO     n_training: 125
04-15 02:46 INFO     n_test: 313
04-15 02:48 INFO     Epoch: 0 Loss: 0.002439 Best Valid seen: 0.876200 Valid: 0.876200
04-15 02:49 INFO     Epoch: 1 Loss: 0.002387 Best Valid seen: 0.876200 Valid: 0.872400
04-15 02:50 INFO     Epoch: 2 Loss: 0.003988 Best Valid seen: 0.876200 Valid: 0.868500
04-15 02:52 INFO     Epoch: 3 Loss: 0.009528 Best Valid seen: 0.876200 Valid: 0.860600
04-15 02:53 INFO     Epoch: 4 Loss: 0.012696 Best Valid seen: 0.876200 Valid: 0.853000
04-15 02:54 INFO     Epoch: 5 Loss: 0.022216 Best Valid seen: 0.876200 Valid: 0.848200
04-15 02:55 INFO     Epoch: 6 Loss: 0.036057 Best Valid seen: 0.876200 Valid: 0.841400
04-15 02:57 INFO     Epoch: 7 Loss: 0.065906 Best Valid seen: 0.876200 Valid: 0.829700
04-15 02:58 INFO     Epoch: 8 Loss: 0.085575 Best Valid seen: 0.876200 Valid: 0.824700
04-15 02:59 INFO     Epoch: 9 Loss: 0.118764 Best Valid seen: 0.876200 Valid: 0.821300
04-15 03:01 INFO     Epoch: 10 Loss: 0.156438 Best Valid seen: 0.876200 Valid: 0.810900
04-15 03:01 INFO     Validation accuracy hasn't improved in 10 epochs. Stopping training.
04-15 03:01 INFO     New best score: 0.8762 found with params lr=0.001, optimizer=sgd, batch_size=64
04-15 03:01 INFO     Testing lr=0.001, optimizer=sgd, batch_size=64
04-15 03:01 INFO     Training network 2
04-15 03:01 INFO     n_training: 125
04-15 03:01 INFO     n_test: 313
04-15 03:02 INFO     Epoch: 0 Loss: 0.003231 Best Valid seen: 0.874600 Valid: 0.874600
04-15 03:03 INFO     Epoch: 1 Loss: 0.003700 Best Valid seen: 0.874600 Valid: 0.868400
04-15 03:05 INFO     Epoch: 2 Loss: 0.004181 Best Valid seen: 0.874600 Valid: 0.864800
04-15 03:06 INFO     Epoch: 3 Loss: 0.008802 Best Valid seen: 0.874600 Valid: 0.858000
04-15 03:07 INFO     Epoch: 4 Loss: 0.014386 Best Valid seen: 0.874600 Valid: 0.850600
04-15 03:09 INFO     Epoch: 5 Loss: 0.024394 Best Valid seen: 0.874600 Valid: 0.847600
04-15 03:10 INFO     Epoch: 6 Loss: 0.042658 Best Valid seen: 0.874600 Valid: 0.842800
04-15 03:11 INFO     Epoch: 7 Loss: 0.082264 Best Valid seen: 0.874600 Valid: 0.836100
04-15 03:13 INFO     Epoch: 8 Loss: 0.095478 Best Valid seen: 0.874600 Valid: 0.822800
04-15 03:14 INFO     Epoch: 9 Loss: 0.123640 Best Valid seen: 0.874600 Valid: 0.817100
04-15 03:15 INFO     Epoch: 10 Loss: 0.144032 Best Valid seen: 0.874600 Valid: 0.819500
04-15 03:15 INFO     Validation accuracy hasn't improved in 10 epochs. Stopping training.
04-15 03:15 INFO     Testing lr=0.01, optimizer=sgd, batch_size=32
04-15 03:15 INFO     Training network 2
04-15 03:15 INFO     n_training: 125
04-15 03:15 INFO     n_test: 313
04-15 03:16 INFO     Epoch: 0 Loss: 0.003593 Best Valid seen: 0.872300 Valid: 0.872300
04-15 03:18 INFO     Epoch: 1 Loss: 0.004972 Best Valid seen: 0.872300 Valid: 0.867400
04-15 03:19 INFO     Epoch: 2 Loss: 0.006585 Best Valid seen: 0.872300 Valid: 0.857900
04-15 03:20 INFO     Epoch: 3 Loss: 0.010457 Best Valid seen: 0.872300 Valid: 0.850500
04-15 03:22 INFO     Epoch: 4 Loss: 0.012541 Best Valid seen: 0.872300 Valid: 0.850000
04-15 03:23 INFO     Epoch: 5 Loss: 0.034899 Best Valid seen: 0.872300 Valid: 0.843200
04-15 03:24 INFO     Epoch: 6 Loss: 0.037435 Best Valid seen: 0.872300 Valid: 0.839200
04-15 03:26 INFO     Epoch: 7 Loss: 0.063229 Best Valid seen: 0.872300 Valid: 0.842500
04-15 03:27 INFO     Epoch: 8 Loss: 0.088731 Best Valid seen: 0.872300 Valid: 0.819700
04-15 03:28 INFO     Epoch: 9 Loss: 0.106217 Best Valid seen: 0.872300 Valid: 0.818800
04-15 03:30 INFO     Epoch: 10 Loss: 0.139238 Best Valid seen: 0.872300 Valid: 0.818000
04-15 03:30 INFO     Validation accuracy hasn't improved in 10 epochs. Stopping training.
04-15 03:30 INFO     Testing lr=0.01, optimizer=sgd, batch_size=64
04-15 03:30 INFO     Training network 2
04-15 03:30 INFO     n_training: 125
04-15 03:30 INFO     n_test: 313
04-15 03:31 INFO     Epoch: 0 Loss: 0.003250 Best Valid seen: 0.874200 Valid: 0.874200
04-15 03:32 INFO     Epoch: 1 Loss: 0.002693 Best Valid seen: 0.874200 Valid: 0.869300
04-15 03:33 INFO     Epoch: 2 Loss: 0.003583 Best Valid seen: 0.874200 Valid: 0.865400
04-15 03:35 INFO     Epoch: 3 Loss: 0.004389 Best Valid seen: 0.874200 Valid: 0.862600
04-15 03:36 INFO     Epoch: 4 Loss: 0.010258 Best Valid seen: 0.874200 Valid: 0.854800
04-15 03:37 INFO     Epoch: 5 Loss: 0.013370 Best Valid seen: 0.874200 Valid: 0.855000
04-15 03:39 INFO     Epoch: 6 Loss: 0.034732 Best Valid seen: 0.874200 Valid: 0.839800
04-15 03:40 INFO     Epoch: 7 Loss: 0.047904 Best Valid seen: 0.874200 Valid: 0.832800
04-15 03:41 INFO     Epoch: 8 Loss: 0.076927 Best Valid seen: 0.874200 Valid: 0.811900
04-15 03:43 INFO     Epoch: 9 Loss: 0.114658 Best Valid seen: 0.874200 Valid: 0.818900
04-15 03:44 INFO     Epoch: 10 Loss: 0.125383 Best Valid seen: 0.874200 Valid: 0.817400
04-15 03:44 INFO     Validation accuracy hasn't improved in 10 epochs. Stopping training.
04-15 03:44 INFO     Testing lr=0.1, optimizer=sgd, batch_size=32
04-15 03:44 INFO     Training network 2
04-15 03:44 INFO     n_training: 125
04-15 03:44 INFO     n_test: 313
04-15 03:45 INFO     Epoch: 0 Loss: 0.003277 Best Valid seen: 0.875100 Valid: 0.875100
04-15 03:47 INFO     Epoch: 1 Loss: 0.002905 Best Valid seen: 0.875100 Valid: 0.870800
04-15 03:48 INFO     Epoch: 2 Loss: 0.004537 Best Valid seen: 0.875100 Valid: 0.868900
04-15 03:49 INFO     Epoch: 3 Loss: 0.007759 Best Valid seen: 0.875100 Valid: 0.855900
04-15 03:51 INFO     Epoch: 4 Loss: 0.013383 Best Valid seen: 0.875100 Valid: 0.850900
04-15 03:52 INFO     Epoch: 5 Loss: 0.021595 Best Valid seen: 0.875100 Valid: 0.848800
04-15 03:53 INFO     Epoch: 6 Loss: 0.042512 Best Valid seen: 0.875100 Valid: 0.843000
04-15 03:54 INFO     Epoch: 7 Loss: 0.062917 Best Valid seen: 0.875100 Valid: 0.836100
04-15 03:56 INFO     Epoch: 8 Loss: 0.086582 Best Valid seen: 0.875100 Valid: 0.810300
04-15 03:57 INFO     Epoch: 9 Loss: 0.130372 Best Valid seen: 0.875100 Valid: 0.814400
04-15 03:58 INFO     Epoch: 10 Loss: 0.150769 Best Valid seen: 0.875100 Valid: 0.826200
04-15 03:58 INFO     Validation accuracy hasn't improved in 10 epochs. Stopping training.
04-15 03:58 INFO     Testing lr=0.1, optimizer=sgd, batch_size=64
04-15 03:58 INFO     Training network 2
04-15 03:58 INFO     n_training: 125
04-15 03:58 INFO     n_test: 313
04-15 04:00 INFO     Epoch: 0 Loss: 0.003125 Best Valid seen: 0.871500 Valid: 0.871500
04-15 04:01 INFO     Epoch: 1 Loss: 0.003895 Best Valid seen: 0.871500 Valid: 0.863400
04-15 04:02 INFO     Epoch: 2 Loss: 0.005721 Best Valid seen: 0.871500 Valid: 0.864400
04-15 04:04 INFO     Epoch: 3 Loss: 0.008236 Best Valid seen: 0.871500 Valid: 0.856500
04-15 04:05 INFO     Epoch: 4 Loss: 0.016964 Best Valid seen: 0.871500 Valid: 0.852600
04-15 04:06 INFO     Epoch: 5 Loss: 0.031126 Best Valid seen: 0.871500 Valid: 0.853300
04-15 04:08 INFO     Epoch: 6 Loss: 0.041033 Best Valid seen: 0.871500 Valid: 0.843200
04-15 04:09 INFO     Epoch: 7 Loss: 0.057682 Best Valid seen: 0.871500 Valid: 0.831300
04-15 04:10 INFO     Epoch: 8 Loss: 0.089070 Best Valid seen: 0.871500 Valid: 0.825700
04-15 04:11 INFO     Epoch: 9 Loss: 0.107711 Best Valid seen: 0.871500 Valid: 0.822900
04-15 04:13 INFO     Epoch: 10 Loss: 0.130556 Best Valid seen: 0.871500 Valid: 0.818700
04-15 04:13 INFO     Validation accuracy hasn't improved in 10 epochs. Stopping training.
