05-30 05:41 INFO     Testing lr=0.001, optimizer=sgd, batch_size=32
05-30 05:41 INFO     Training network 1
05-30 05:41 INFO     n_training: 29
05-30 05:41 INFO     n_test: 313
05-30 05:42 INFO     Epoch: 0 Loss: 0.083294 Best Valid seen: 0.832300 Valid: 0.832300
05-30 05:43 INFO     Epoch: 1 Loss: 0.044777 Best Valid seen: 0.832300 Valid: 0.822800
05-30 05:44 INFO     Epoch: 2 Loss: 0.055571 Best Valid seen: 0.832300 Valid: 0.814900
05-30 05:45 INFO     Epoch: 3 Loss: 0.063673 Best Valid seen: 0.832300 Valid: 0.809500
05-30 05:45 INFO     Epoch: 4 Loss: 0.075936 Best Valid seen: 0.832300 Valid: 0.809300
05-30 05:46 INFO     Epoch: 5 Loss: 0.055346 Best Valid seen: 0.832300 Valid: 0.798100
05-30 05:47 INFO     Epoch: 6 Loss: 0.084660 Best Valid seen: 0.832300 Valid: 0.791800
05-30 05:48 INFO     Epoch: 7 Loss: 0.075172 Best Valid seen: 0.832300 Valid: 0.776300
05-30 05:49 INFO     Epoch: 8 Loss: 0.132523 Best Valid seen: 0.832300 Valid: 0.780300
05-30 05:49 INFO     Epoch: 9 Loss: 0.098371 Best Valid seen: 0.832300 Valid: 0.786100
05-30 05:50 INFO     Epoch: 10 Loss: 0.103829 Best Valid seen: 0.832300 Valid: 0.786500
05-30 05:50 INFO     Validation accuracy hasn't improved in 10 epochs. Stopping training.
05-30 05:50 INFO     New best score: 0.8323 found with params lr=0.001, optimizer=sgd, batch_size=64
05-30 05:50 INFO     Testing lr=0.001, optimizer=sgd, batch_size=64
05-30 05:50 INFO     Training network 1
05-30 05:50 INFO     n_training: 29
05-30 05:50 INFO     n_test: 313
05-30 05:51 INFO     Epoch: 0 Loss: 0.081869 Best Valid seen: 0.836100 Valid: 0.836100
05-30 05:52 INFO     Epoch: 1 Loss: 0.051103 Best Valid seen: 0.836100 Valid: 0.829200
05-30 05:53 INFO     Epoch: 2 Loss: 0.048511 Best Valid seen: 0.836100 Valid: 0.819000
05-30 05:53 INFO     Epoch: 3 Loss: 0.034649 Best Valid seen: 0.836100 Valid: 0.811200
05-30 05:54 INFO     Epoch: 4 Loss: 0.066843 Best Valid seen: 0.836100 Valid: 0.808700
05-30 05:55 INFO     Epoch: 5 Loss: 0.042172 Best Valid seen: 0.836100 Valid: 0.801400
05-30 05:56 INFO     Epoch: 6 Loss: 0.060535 Best Valid seen: 0.836100 Valid: 0.797500
05-30 05:57 INFO     Epoch: 7 Loss: 0.063814 Best Valid seen: 0.836100 Valid: 0.797000
05-30 05:57 INFO     Epoch: 8 Loss: 0.065069 Best Valid seen: 0.836100 Valid: 0.792300
05-30 05:58 INFO     Epoch: 9 Loss: 0.064393 Best Valid seen: 0.836100 Valid: 0.788700
05-30 05:59 INFO     Epoch: 10 Loss: 0.061651 Best Valid seen: 0.836100 Valid: 0.792700
05-30 05:59 INFO     Validation accuracy hasn't improved in 10 epochs. Stopping training.
05-30 05:59 INFO     New best score: 0.8361 found with params lr=0.001, optimizer=sgd, batch_size=64
05-30 05:59 INFO     Testing lr=0.01, optimizer=sgd, batch_size=32
05-30 05:59 INFO     Training network 1
05-30 05:59 INFO     n_training: 29
05-30 05:59 INFO     n_test: 313
05-30 06:00 INFO     Epoch: 0 Loss: 0.080688 Best Valid seen: 0.835700 Valid: 0.835700
05-30 06:00 INFO     Epoch: 1 Loss: 0.054370 Best Valid seen: 0.835700 Valid: 0.829600
05-30 06:01 INFO     Epoch: 2 Loss: 0.049358 Best Valid seen: 0.835700 Valid: 0.814100
05-30 06:02 INFO     Epoch: 3 Loss: 0.049110 Best Valid seen: 0.835700 Valid: 0.811000
05-30 06:03 INFO     Epoch: 4 Loss: 0.036499 Best Valid seen: 0.835700 Valid: 0.808700
05-30 06:04 INFO     Epoch: 5 Loss: 0.063527 Best Valid seen: 0.835700 Valid: 0.806100
05-30 06:04 INFO     Epoch: 6 Loss: 0.064433 Best Valid seen: 0.835700 Valid: 0.801100
05-30 06:05 INFO     Epoch: 7 Loss: 0.067345 Best Valid seen: 0.835700 Valid: 0.791300
05-30 06:06 INFO     Epoch: 8 Loss: 0.075203 Best Valid seen: 0.835700 Valid: 0.789400
05-30 06:07 INFO     Epoch: 9 Loss: 0.092914 Best Valid seen: 0.835700 Valid: 0.789600
05-30 06:08 INFO     Epoch: 10 Loss: 0.072552 Best Valid seen: 0.835700 Valid: 0.781800
05-30 06:08 INFO     Validation accuracy hasn't improved in 10 epochs. Stopping training.
05-30 06:08 INFO     Testing lr=0.01, optimizer=sgd, batch_size=64
05-30 06:08 INFO     Training network 1
05-30 06:08 INFO     n_training: 29
05-30 06:08 INFO     n_test: 313
05-30 06:08 INFO     Epoch: 0 Loss: 0.085098 Best Valid seen: 0.834500 Valid: 0.834500
05-30 06:09 INFO     Epoch: 1 Loss: 0.037522 Best Valid seen: 0.834500 Valid: 0.823800
05-30 06:10 INFO     Epoch: 2 Loss: 0.126458 Best Valid seen: 0.834500 Valid: 0.814700
05-30 06:11 INFO     Epoch: 3 Loss: 0.084741 Best Valid seen: 0.834500 Valid: 0.804600
05-30 06:12 INFO     Epoch: 4 Loss: 0.093573 Best Valid seen: 0.834500 Valid: 0.791600
05-30 06:12 INFO     Epoch: 5 Loss: 0.100004 Best Valid seen: 0.834500 Valid: 0.788500
05-30 06:13 INFO     Epoch: 6 Loss: 0.099087 Best Valid seen: 0.834500 Valid: 0.789000
05-30 06:14 INFO     Epoch: 7 Loss: 0.123028 Best Valid seen: 0.834500 Valid: 0.787300
05-30 06:15 INFO     Epoch: 8 Loss: 0.138702 Best Valid seen: 0.834500 Valid: 0.783300
05-30 06:16 INFO     Epoch: 9 Loss: 0.164854 Best Valid seen: 0.834500 Valid: 0.774100
05-30 06:16 INFO     Epoch: 10 Loss: 0.152796 Best Valid seen: 0.834500 Valid: 0.766100
05-30 06:16 INFO     Validation accuracy hasn't improved in 10 epochs. Stopping training.
05-30 06:16 INFO     Testing lr=0.1, optimizer=sgd, batch_size=32
05-30 06:16 INFO     Training network 1
05-30 06:16 INFO     n_training: 29
05-30 06:16 INFO     n_test: 313
05-30 06:17 INFO     Epoch: 0 Loss: 0.088531 Best Valid seen: 0.836300 Valid: 0.836300
05-30 06:18 INFO     Epoch: 1 Loss: 0.047253 Best Valid seen: 0.836300 Valid: 0.830500
05-30 06:19 INFO     Epoch: 2 Loss: 0.042218 Best Valid seen: 0.836300 Valid: 0.826100
05-30 06:20 INFO     Epoch: 3 Loss: 0.029562 Best Valid seen: 0.836300 Valid: 0.818000
05-30 06:20 INFO     Epoch: 4 Loss: 0.054356 Best Valid seen: 0.836300 Valid: 0.814300
05-30 06:21 INFO     Epoch: 5 Loss: 0.038016 Best Valid seen: 0.836300 Valid: 0.803700
05-30 06:22 INFO     Epoch: 6 Loss: 0.129549 Best Valid seen: 0.836300 Valid: 0.789600
05-30 06:23 INFO     Epoch: 7 Loss: 0.107357 Best Valid seen: 0.836300 Valid: 0.788000
05-30 06:23 INFO     Epoch: 8 Loss: 0.070616 Best Valid seen: 0.836300 Valid: 0.784800
05-30 06:24 INFO     Epoch: 9 Loss: 0.109080 Best Valid seen: 0.836300 Valid: 0.785100
05-30 06:25 INFO     Epoch: 10 Loss: 0.086434 Best Valid seen: 0.836300 Valid: 0.773500
05-30 06:25 INFO     Validation accuracy hasn't improved in 10 epochs. Stopping training.
05-30 06:25 INFO     New best score: 0.8363 found with params lr=0.001, optimizer=sgd, batch_size=64
05-30 06:25 INFO     Testing lr=0.1, optimizer=sgd, batch_size=64
05-30 06:25 INFO     Training network 1
05-30 06:25 INFO     n_training: 29
05-30 06:25 INFO     n_test: 313
05-30 06:26 INFO     Epoch: 0 Loss: 0.093545 Best Valid seen: 0.836500 Valid: 0.836500
05-30 06:27 INFO     Epoch: 1 Loss: 0.076809 Best Valid seen: 0.836500 Valid: 0.829300
05-30 06:27 INFO     Epoch: 2 Loss: 0.038835 Best Valid seen: 0.836500 Valid: 0.819000
05-30 06:28 INFO     Epoch: 3 Loss: 0.060546 Best Valid seen: 0.836500 Valid: 0.812500
05-30 06:29 INFO     Epoch: 4 Loss: 0.106077 Best Valid seen: 0.836500 Valid: 0.809500
05-30 06:30 INFO     Epoch: 5 Loss: 0.070554 Best Valid seen: 0.836500 Valid: 0.805000
05-30 06:31 INFO     Epoch: 6 Loss: 0.061403 Best Valid seen: 0.836500 Valid: 0.796500
05-30 06:31 INFO     Epoch: 7 Loss: 0.073001 Best Valid seen: 0.836500 Valid: 0.784600
05-30 06:32 INFO     Epoch: 8 Loss: 0.085204 Best Valid seen: 0.836500 Valid: 0.781900
05-30 06:33 INFO     Epoch: 9 Loss: 0.093863 Best Valid seen: 0.836500 Valid: 0.783500
05-30 06:34 INFO     Epoch: 10 Loss: 0.093287 Best Valid seen: 0.836500 Valid: 0.779200
05-30 06:34 INFO     Validation accuracy hasn't improved in 10 epochs. Stopping training.
05-30 06:34 INFO     New best score: 0.8365 found with params lr=0.001, optimizer=sgd, batch_size=64
05-30 06:34 INFO     Testing lr=0.001, optimizer=sgd, batch_size=32
05-30 06:34 INFO     Training network 2
05-30 06:34 INFO     n_training: 71
05-30 06:34 INFO     n_test: 313
05-30 06:35 INFO     Epoch: 0 Loss: 0.002528 Best Valid seen: 0.833700 Valid: 0.833700
05-30 06:36 INFO     Epoch: 1 Loss: 0.002210 Best Valid seen: 0.834400 Valid: 0.834400
05-30 06:37 INFO     Epoch: 2 Loss: 0.001376 Best Valid seen: 0.835000 Valid: 0.835000
05-30 06:38 INFO     Epoch: 3 Loss: 0.001982 Best Valid seen: 0.835000 Valid: 0.831000
05-30 06:39 INFO     Epoch: 4 Loss: 0.001542 Best Valid seen: 0.835000 Valid: 0.827200
05-30 06:40 INFO     Epoch: 5 Loss: 0.002319 Best Valid seen: 0.835000 Valid: 0.826600
05-30 06:42 INFO     Epoch: 6 Loss: 0.003432 Best Valid seen: 0.835000 Valid: 0.825200
05-30 06:43 INFO     Epoch: 7 Loss: 0.002071 Best Valid seen: 0.835000 Valid: 0.823000
05-30 06:44 INFO     Epoch: 8 Loss: 0.004507 Best Valid seen: 0.835000 Valid: 0.818600
05-30 06:45 INFO     Epoch: 9 Loss: 0.004191 Best Valid seen: 0.835000 Valid: 0.823000
05-30 06:46 INFO     Epoch: 10 Loss: 0.004531 Best Valid seen: 0.835000 Valid: 0.820900
05-30 06:47 INFO     Epoch: 11 Loss: 0.006204 Best Valid seen: 0.835000 Valid: 0.815300
05-30 06:48 INFO     Epoch: 12 Loss: 0.009436 Best Valid seen: 0.835000 Valid: 0.812400
05-30 06:48 INFO     Validation accuracy hasn't improved in 10 epochs. Stopping training.
05-30 06:48 INFO     New best score: 0.835 found with params lr=0.001, optimizer=sgd, batch_size=64
05-30 06:48 INFO     Testing lr=0.001, optimizer=sgd, batch_size=64
05-30 06:48 INFO     Training network 2
05-30 06:48 INFO     n_training: 71
05-30 06:48 INFO     n_test: 313
05-30 06:49 INFO     Epoch: 0 Loss: 0.001665 Best Valid seen: 0.833800 Valid: 0.833800
05-30 06:50 INFO     Epoch: 1 Loss: 0.001213 Best Valid seen: 0.833800 Valid: 0.833200
05-30 06:51 INFO     Epoch: 2 Loss: 0.001158 Best Valid seen: 0.835200 Valid: 0.835200
05-30 06:52 INFO     Epoch: 3 Loss: 0.001063 Best Valid seen: 0.835200 Valid: 0.834600
05-30 06:54 INFO     Epoch: 4 Loss: 0.001045 Best Valid seen: 0.835200 Valid: 0.833100
05-30 06:55 INFO     Epoch: 5 Loss: 0.000545 Best Valid seen: 0.835600 Valid: 0.835600
05-30 06:56 INFO     Epoch: 6 Loss: 0.000557 Best Valid seen: 0.835600 Valid: 0.834400
05-30 06:57 INFO     Epoch: 7 Loss: 0.000972 Best Valid seen: 0.835600 Valid: 0.831700
05-30 06:58 INFO     Epoch: 8 Loss: 0.000678 Best Valid seen: 0.835600 Valid: 0.827400
05-30 06:59 INFO     Epoch: 9 Loss: 0.002220 Best Valid seen: 0.835600 Valid: 0.825500
05-30 07:00 INFO     Epoch: 10 Loss: 0.001444 Best Valid seen: 0.835600 Valid: 0.824600
05-30 07:01 INFO     Epoch: 11 Loss: 0.002274 Best Valid seen: 0.835600 Valid: 0.824400
05-30 07:02 INFO     Epoch: 12 Loss: 0.002122 Best Valid seen: 0.835600 Valid: 0.819400
05-30 07:03 INFO     Epoch: 13 Loss: 0.002825 Best Valid seen: 0.835600 Valid: 0.819000
05-30 07:05 INFO     Epoch: 14 Loss: 0.005379 Best Valid seen: 0.835600 Valid: 0.817500
05-30 07:06 INFO     Epoch: 15 Loss: 0.006906 Best Valid seen: 0.835600 Valid: 0.810000
05-30 07:06 INFO     Validation accuracy hasn't improved in 10 epochs. Stopping training.
05-30 07:06 INFO     New best score: 0.8356 found with params lr=0.001, optimizer=sgd, batch_size=64
05-30 07:06 INFO     Testing lr=0.01, optimizer=sgd, batch_size=32
05-30 07:06 INFO     Training network 2
05-30 07:06 INFO     n_training: 71
05-30 07:06 INFO     n_test: 313
05-30 07:07 INFO     Epoch: 0 Loss: 0.001780 Best Valid seen: 0.833500 Valid: 0.833500
05-30 07:08 INFO     Epoch: 1 Loss: 0.000912 Best Valid seen: 0.834600 Valid: 0.834600
05-30 07:09 INFO     Epoch: 2 Loss: 0.001247 Best Valid seen: 0.834600 Valid: 0.833400
05-30 07:10 INFO     Epoch: 3 Loss: 0.000798 Best Valid seen: 0.835600 Valid: 0.835600
05-30 07:11 INFO     Epoch: 4 Loss: 0.000857 Best Valid seen: 0.835600 Valid: 0.832800
05-30 07:12 INFO     Epoch: 5 Loss: 0.000836 Best Valid seen: 0.835600 Valid: 0.829200
05-30 07:13 INFO     Epoch: 6 Loss: 0.001187 Best Valid seen: 0.835600 Valid: 0.828700
05-30 07:14 INFO     Epoch: 7 Loss: 0.002015 Best Valid seen: 0.835600 Valid: 0.830900
05-30 07:16 INFO     Epoch: 8 Loss: 0.001592 Best Valid seen: 0.835600 Valid: 0.831400
05-30 07:17 INFO     Epoch: 9 Loss: 0.004134 Best Valid seen: 0.835600 Valid: 0.824800
05-30 07:18 INFO     Epoch: 10 Loss: 0.002081 Best Valid seen: 0.835600 Valid: 0.820400
05-30 07:19 INFO     Epoch: 11 Loss: 0.003402 Best Valid seen: 0.835600 Valid: 0.816200
05-30 07:20 INFO     Epoch: 12 Loss: 0.003954 Best Valid seen: 0.835600 Valid: 0.810100
05-30 07:21 INFO     Epoch: 13 Loss: 0.009521 Best Valid seen: 0.835600 Valid: 0.809900
05-30 07:21 INFO     Validation accuracy hasn't improved in 10 epochs. Stopping training.
05-30 07:21 INFO     Testing lr=0.01, optimizer=sgd, batch_size=64
05-30 07:21 INFO     Training network 2
05-30 07:21 INFO     n_training: 71
05-30 07:21 INFO     n_test: 313
05-30 07:22 INFO     Epoch: 0 Loss: 0.003394 Best Valid seen: 0.834600 Valid: 0.834600
05-30 07:23 INFO     Epoch: 1 Loss: 0.001581 Best Valid seen: 0.835100 Valid: 0.835100
05-30 07:24 INFO     Epoch: 2 Loss: 0.001711 Best Valid seen: 0.835100 Valid: 0.830000
05-30 07:25 INFO     Epoch: 3 Loss: 0.002866 Best Valid seen: 0.835100 Valid: 0.828700
05-30 07:27 INFO     Epoch: 4 Loss: 0.003265 Best Valid seen: 0.835100 Valid: 0.828600
05-30 07:28 INFO     Epoch: 5 Loss: 0.005162 Best Valid seen: 0.835100 Valid: 0.820900
05-30 07:29 INFO     Epoch: 6 Loss: 0.003231 Best Valid seen: 0.835100 Valid: 0.824800
05-30 07:30 INFO     Epoch: 7 Loss: 0.003708 Best Valid seen: 0.835100 Valid: 0.820500
05-30 07:31 INFO     Epoch: 8 Loss: 0.007517 Best Valid seen: 0.835100 Valid: 0.820500
05-30 07:32 INFO     Epoch: 9 Loss: 0.008506 Best Valid seen: 0.835100 Valid: 0.815400
05-30 07:33 INFO     Epoch: 10 Loss: 0.010225 Best Valid seen: 0.835100 Valid: 0.812000
05-30 07:34 INFO     Epoch: 11 Loss: 0.012482 Best Valid seen: 0.835100 Valid: 0.810700
05-30 07:34 INFO     Validation accuracy hasn't improved in 10 epochs. Stopping training.
05-30 07:34 INFO     Testing lr=0.1, optimizer=sgd, batch_size=32
05-30 07:34 INFO     Training network 2
05-30 07:34 INFO     n_training: 71
05-30 07:34 INFO     n_test: 313
05-30 07:35 INFO     Epoch: 0 Loss: 0.002545 Best Valid seen: 0.835700 Valid: 0.835700
05-30 07:36 INFO     Epoch: 1 Loss: 0.001520 Best Valid seen: 0.835700 Valid: 0.834900
05-30 07:38 INFO     Epoch: 2 Loss: 0.000994 Best Valid seen: 0.838100 Valid: 0.838100
05-30 07:39 INFO     Epoch: 3 Loss: 0.000935 Best Valid seen: 0.838100 Valid: 0.836600
05-30 07:40 INFO     Epoch: 4 Loss: 0.001062 Best Valid seen: 0.838100 Valid: 0.836200
05-30 07:41 INFO     Epoch: 5 Loss: 0.000942 Best Valid seen: 0.838100 Valid: 0.834600
05-30 07:42 INFO     Epoch: 6 Loss: 0.001423 Best Valid seen: 0.838100 Valid: 0.831800
05-30 07:43 INFO     Epoch: 7 Loss: 0.002166 Best Valid seen: 0.838100 Valid: 0.831500
05-30 07:44 INFO     Epoch: 8 Loss: 0.001265 Best Valid seen: 0.838100 Valid: 0.825600
05-30 07:45 INFO     Epoch: 9 Loss: 0.003083 Best Valid seen: 0.838100 Valid: 0.820900
05-30 07:46 INFO     Epoch: 10 Loss: 0.003834 Best Valid seen: 0.838100 Valid: 0.824100
05-30 07:47 INFO     Epoch: 11 Loss: 0.004897 Best Valid seen: 0.838100 Valid: 0.825600
05-30 07:48 INFO     Epoch: 12 Loss: 0.005824 Best Valid seen: 0.838100 Valid: 0.823200
05-30 07:48 INFO     Validation accuracy hasn't improved in 10 epochs. Stopping training.
05-30 07:48 INFO     New best score: 0.8381 found with params lr=0.001, optimizer=sgd, batch_size=64
05-30 07:48 INFO     Testing lr=0.1, optimizer=sgd, batch_size=64
05-30 07:48 INFO     Training network 2
05-30 07:48 INFO     n_training: 71
05-30 07:48 INFO     n_test: 313
05-30 07:50 INFO     Epoch: 0 Loss: 0.002274 Best Valid seen: 0.833800 Valid: 0.833800
05-30 07:51 INFO     Epoch: 1 Loss: 0.001633 Best Valid seen: 0.834700 Valid: 0.834700
05-30 07:52 INFO     Epoch: 2 Loss: 0.000762 Best Valid seen: 0.835100 Valid: 0.835100
05-30 07:53 INFO     Epoch: 3 Loss: 0.001584 Best Valid seen: 0.835200 Valid: 0.835200
05-30 07:54 INFO     Epoch: 4 Loss: 0.001113 Best Valid seen: 0.835200 Valid: 0.832500
05-30 07:55 INFO     Epoch: 5 Loss: 0.001840 Best Valid seen: 0.835200 Valid: 0.827900
05-30 07:56 INFO     Epoch: 6 Loss: 0.002217 Best Valid seen: 0.835200 Valid: 0.826800
05-30 07:57 INFO     Epoch: 7 Loss: 0.002913 Best Valid seen: 0.835200 Valid: 0.826300
05-30 07:58 INFO     Epoch: 8 Loss: 0.003046 Best Valid seen: 0.835200 Valid: 0.828100
05-30 07:59 INFO     Epoch: 9 Loss: 0.001202 Best Valid seen: 0.835200 Valid: 0.823800
05-30 08:01 INFO     Epoch: 10 Loss: 0.005732 Best Valid seen: 0.835200 Valid: 0.820200
05-30 08:02 INFO     Epoch: 11 Loss: 0.002628 Best Valid seen: 0.835200 Valid: 0.822900
05-30 08:03 INFO     Epoch: 12 Loss: 0.006923 Best Valid seen: 0.835200 Valid: 0.817300
05-30 08:04 INFO     Epoch: 13 Loss: 0.007097 Best Valid seen: 0.835200 Valid: 0.806800
05-30 08:04 INFO     Validation accuracy hasn't improved in 10 epochs. Stopping training.
